-- Found ament_cmake: 0.9.12 (/opt/ros/foxy/share/ament_cmake/cmake)
-- Using PYTHON_EXECUTABLE: /usr/bin/python3
-- Override CMake install command with custom implementation using symlinks instead of copying resources
-- Found rosidl_default_generators: 1.0.1 (/opt/ros/foxy/share/rosidl_default_generators/cmake)
-- Using all available rosidl_typesupport_c: rosidl_typesupport_fastrtps_c;rosidl_typesupport_introspection_c
-- Found rosidl_adapter: 1.3.1 (/opt/ros/foxy/share/rosidl_adapter/cmake)
-- Using all available rosidl_typesupport_cpp: rosidl_typesupport_fastrtps_cpp;rosidl_typesupport_introspection_cpp
-- Found PythonInterp: /usr/bin/python3 (found version "3.8.10") 
-- Found ament_cmake_ros: 0.9.2 (/opt/ros/foxy/share/ament_cmake_ros/cmake)
-- Using all available rosidl_typesupport_c: rosidl_typesupport_fastrtps_c;rosidl_typesupport_introspection_c
-- Using all available rosidl_typesupport_cpp: rosidl_typesupport_fastrtps_cpp;rosidl_typesupport_introspection_cpp
-- Found PythonInterp: /usr/bin/python3 (found suitable version "3.8.10", minimum required is "3.5") 
-- Found python_cmake_module: 0.8.1 (/opt/ros/foxy/share/python_cmake_module/cmake)
-- Found PythonLibs: /usr/lib/x86_64-linux-gnu/libpython3.8.so (found suitable version "3.8.10", minimum required is "3.5") 
-- Using PYTHON_EXECUTABLE: /usr/bin/python3
-- Using PYTHON_INCLUDE_DIRS: /usr/include/python3.8
-- Using PYTHON_LIBRARIES: /usr/lib/x86_64-linux-gnu/libpython3.8.so
-- Found PythonExtra: .so  
-- Found ament_lint_auto: 0.9.8 (/opt/ros/foxy/share/ament_lint_auto/cmake)
-- Added test 'copyright' to check source files copyright and LICENSE
-- Added test 'lint_cmake' to check CMake code style
-- Added test 'xmllint' to check XML markup files
-- Configuring done
-- Generating done
-- Build files have been written to: /ros_ws/joy_motion_ws/ros2_ws/build/ros1_msgs_srvs
[35m[1mScanning dependencies of target ros1_msgs_srvs__cpp[0m
[  2%] [34m[1mGenerating C code for ROS interfaces[0m
[  5%] [34m[1mGenerating C++ code for ROS interfaces[0m
[  5%] Built target ros1_msgs_srvs__cpp
[35m[1mScanning dependencies of target ros1_msgs_srvs__rosidl_generator_c[0m
[  7%] [34m[1mGenerating C++ type support for eProsima Fast-RTPS[0m
[ 12%] [34m[1mGenerating C++ type support dispatch for ROS interfaces[0m
[ 12%] [34m[1mGenerating C++ introspection for ROS interfaces[0m
[ 15%] [32mBuilding C object CMakeFiles/ros1_msgs_srvs__rosidl_generator_c.dir/rosidl_generator_c/ros1_msgs_srvs/msg/detail/int8__functions.c.o[0m
[ 17%] [32mBuilding C object CMakeFiles/ros1_msgs_srvs__rosidl_generator_c.dir/rosidl_generator_c/ros1_msgs_srvs/msg/detail/int16__functions.c.o[0m
[ 20%] [32m[1mLinking C shared library libros1_msgs_srvs__rosidl_generator_c.so[0m
[ 20%] Built target ros1_msgs_srvs__rosidl_generator_c
[ 23%] [34m[1mGenerating C introspection for ROS interfaces[0m
[ 25%] [34m[1mGenerating C type support dispatch for ROS interfaces[0m
[35m[1mScanning dependencies of target ros1_msgs_srvs__rosidl_typesupport_cpp[0m
[35m[1mScanning dependencies of target ros1_msgs_srvs__rosidl_typesupport_introspection_cpp[0m
[ 28%] [32mBuilding CXX object CMakeFiles/ros1_msgs_srvs__rosidl_typesupport_cpp.dir/rosidl_typesupport_cpp/ros1_msgs_srvs/msg/int8__type_support.cpp.o[0m
[ 30%] [32mBuilding CXX object CMakeFiles/ros1_msgs_srvs__rosidl_typesupport_cpp.dir/rosidl_typesupport_cpp/ros1_msgs_srvs/msg/int16__type_support.cpp.o[0m
[35m[1mScanning dependencies of target ros1_msgs_srvs__rosidl_typesupport_fastrtps_cpp[0m
[ 35%] [32mBuilding CXX object CMakeFiles/ros1_msgs_srvs__rosidl_typesupport_introspection_cpp.dir/rosidl_typesupport_introspection_cpp/ros1_msgs_srvs/msg/detail/int8__type_support.cpp.o[0m
[ 35%] [32mBuilding CXX object CMakeFiles/ros1_msgs_srvs__rosidl_typesupport_introspection_cpp.dir/rosidl_typesupport_introspection_cpp/ros1_msgs_srvs/msg/detail/int16__type_support.cpp.o[0m
[ 38%] [32mBuilding CXX object CMakeFiles/ros1_msgs_srvs__rosidl_typesupport_fastrtps_cpp.dir/rosidl_typesupport_fastrtps_cpp/ros1_msgs_srvs/msg/detail/dds_fastrtps/int8__type_support.cpp.o[0m
[ 41%] [32mBuilding CXX object CMakeFiles/ros1_msgs_srvs__rosidl_typesupport_fastrtps_cpp.dir/rosidl_typesupport_fastrtps_cpp/ros1_msgs_srvs/msg/detail/dds_fastrtps/int16__type_support.cpp.o[0m
[35m[1mScanning dependencies of target ros1_msgs_srvs__rosidl_typesupport_c[0m
[ 43%] [32mBuilding CXX object CMakeFiles/ros1_msgs_srvs__rosidl_typesupport_c.dir/rosidl_typesupport_c/ros1_msgs_srvs/msg/int8__type_support.cpp.o[0m
[ 46%] [32mBuilding CXX object CMakeFiles/ros1_msgs_srvs__rosidl_typesupport_c.dir/rosidl_typesupport_c/ros1_msgs_srvs/msg/int16__type_support.cpp.o[0m
[35m[1mScanning dependencies of target ros1_msgs_srvs__rosidl_typesupport_introspection_c[0m
[ 48%] [32mBuilding C object CMakeFiles/ros1_msgs_srvs__rosidl_typesupport_introspection_c.dir/rosidl_typesupport_introspection_c/ros1_msgs_srvs/msg/detail/int16__type_support.c.o[0m
[ 51%] [32mBuilding C object CMakeFiles/ros1_msgs_srvs__rosidl_typesupport_introspection_c.dir/rosidl_typesupport_introspection_c/ros1_msgs_srvs/msg/detail/int8__type_support.c.o[0m
[ 53%] [32m[1mLinking CXX shared library libros1_msgs_srvs__rosidl_typesupport_c.so[0m
[ 56%] [32m[1mLinking C shared library libros1_msgs_srvs__rosidl_typesupport_introspection_c.so[0m
[ 56%] Built target ros1_msgs_srvs__rosidl_typesupport_c
[ 56%] Built target ros1_msgs_srvs__rosidl_typesupport_introspection_c
[ 58%] [32m[1mLinking CXX shared library libros1_msgs_srvs__rosidl_typesupport_introspection_cpp.so[0m
[ 58%] Built target ros1_msgs_srvs__rosidl_typesupport_introspection_cpp
[ 61%] [32m[1mLinking CXX shared library libros1_msgs_srvs__rosidl_typesupport_cpp.so[0m
[ 61%] Built target ros1_msgs_srvs__rosidl_typesupport_cpp
[ 64%] [32m[1mLinking CXX shared library libros1_msgs_srvs__rosidl_typesupport_fastrtps_cpp.so[0m
[ 64%] Built target ros1_msgs_srvs__rosidl_typesupport_fastrtps_cpp
[ 66%] [34m[1mGenerating C type support for eProsima Fast-RTPS[0m
[35m[1mScanning dependencies of target ros1_msgs_srvs__rosidl_typesupport_fastrtps_c[0m
[ 69%] [32mBuilding CXX object CMakeFiles/ros1_msgs_srvs__rosidl_typesupport_fastrtps_c.dir/rosidl_typesupport_fastrtps_c/ros1_msgs_srvs/msg/detail/int16__type_support_c.cpp.o[0m
[ 71%] [32mBuilding CXX object CMakeFiles/ros1_msgs_srvs__rosidl_typesupport_fastrtps_c.dir/rosidl_typesupport_fastrtps_c/ros1_msgs_srvs/msg/detail/int8__type_support_c.cpp.o[0m
[ 74%] [32m[1mLinking CXX shared library libros1_msgs_srvs__rosidl_typesupport_fastrtps_c.so[0m
[ 74%] Built target ros1_msgs_srvs__rosidl_typesupport_fastrtps_c
[35m[1mScanning dependencies of target ros1_msgs_srvs[0m
[ 74%] Built target ros1_msgs_srvs
[35m[1mScanning dependencies of target ros1_msgs_srvs__py[0m
[ 76%] [34m[1mGenerating Python code for ROS interfaces[0m
[ 76%] Built target ros1_msgs_srvs__py
[35m[1mScanning dependencies of target ros1_msgs_srvs__python[0m
[ 79%] [32mBuilding C object CMakeFiles/ros1_msgs_srvs__python.dir/rosidl_generator_py/ros1_msgs_srvs/msg/_int8_s.c.o[0m
[ 82%] [32mBuilding C object CMakeFiles/ros1_msgs_srvs__python.dir/rosidl_generator_py/ros1_msgs_srvs/msg/_int16_s.c.o[0m
[ 84%] [32m[1mLinking C shared library rosidl_generator_py/ros1_msgs_srvs/libros1_msgs_srvs__python.so[0m
[ 84%] Built target ros1_msgs_srvs__python
[35m[1mScanning dependencies of target ros1_msgs_srvs__rosidl_typesupport_introspection_c__pyext[0m
[35m[1mScanning dependencies of target ros1_msgs_srvs__rosidl_typesupport_c__pyext[0m
[35m[1mScanning dependencies of target ros1_msgs_srvs__rosidl_typesupport_fastrtps_c__pyext[0m
[ 89%] [32mBuilding C object CMakeFiles/ros1_msgs_srvs__rosidl_typesupport_introspection_c__pyext.dir/rosidl_generator_py/ros1_msgs_srvs/_ros1_msgs_srvs_s.ep.rosidl_typesupport_introspection_c.c.o[0m
[ 89%] [32mBuilding C object CMakeFiles/ros1_msgs_srvs__rosidl_typesupport_c__pyext.dir/rosidl_generator_py/ros1_msgs_srvs/_ros1_msgs_srvs_s.ep.rosidl_typesupport_c.c.o[0m
[ 92%] [32mBuilding C object CMakeFiles/ros1_msgs_srvs__rosidl_typesupport_fastrtps_c__pyext.dir/rosidl_generator_py/ros1_msgs_srvs/_ros1_msgs_srvs_s.ep.rosidl_typesupport_fastrtps_c.c.o[0m
[ 94%] [32m[1mLinking C shared library rosidl_generator_py/ros1_msgs_srvs/ros1_msgs_srvs_s__rosidl_typesupport_introspection_c.cpython-38-x86_64-linux-gnu.so[0m
[ 97%] [32m[1mLinking C shared library rosidl_generator_py/ros1_msgs_srvs/ros1_msgs_srvs_s__rosidl_typesupport_c.cpython-38-x86_64-linux-gnu.so[0m
[100%] [32m[1mLinking CXX shared library rosidl_generator_py/ros1_msgs_srvs/ros1_msgs_srvs_s__rosidl_typesupport_fastrtps_c.cpython-38-x86_64-linux-gnu.so[0m
[100%] Built target ros1_msgs_srvs__rosidl_typesupport_c__pyext
[100%] Built target ros1_msgs_srvs__rosidl_typesupport_introspection_c__pyext
[100%] Built target ros1_msgs_srvs__rosidl_typesupport_fastrtps_c__pyext
-- Install configuration: ""
-- Execute custom install script
-- Symlinking: /ros_ws/joy_motion_ws/ros2_ws/install/ros1_msgs_srvs/share/ament_index/resource_index/rosidl_interfaces/ros1_msgs_srvs
-- Symlinking: /ros_ws/joy_motion_ws/ros2_ws/install/ros1_msgs_srvs/include/ros1_msgs_srvs/msg/detail/int16__functions.h
-- Symlinking: /ros_ws/joy_motion_ws/ros2_ws/install/ros1_msgs_srvs/include/ros1_msgs_srvs/msg/detail/int16__struct.h
-- Symlinking: /ros_ws/joy_motion_ws/ros2_ws/install/ros1_msgs_srvs/include/ros1_msgs_srvs/msg/detail/int16__type_support.h
-- Symlinking: /ros_ws/joy_motion_ws/ros2_ws/install/ros1_msgs_srvs/include/ros1_msgs_srvs/msg/detail/int8__functions.h
-- Symlinking: /ros_ws/joy_motion_ws/ros2_ws/install/ros1_msgs_srvs/include/ros1_msgs_srvs/msg/detail/int8__struct.h
-- Symlinking: /ros_ws/joy_motion_ws/ros2_ws/install/ros1_msgs_srvs/include/ros1_msgs_srvs/msg/detail/int8__type_support.h
-- Symlinking: /ros_ws/joy_motion_ws/ros2_ws/install/ros1_msgs_srvs/include/ros1_msgs_srvs/msg/int16.h
-- Symlinking: /ros_ws/joy_motion_ws/ros2_ws/install/ros1_msgs_srvs/include/ros1_msgs_srvs/msg/int8.h
-- Symlinking: /ros_ws/joy_motion_ws/ros2_ws/install/ros1_msgs_srvs/include/ros1_msgs_srvs/msg/rosidl_generator_c__visibility_control.h
-- Symlinking: /ros_ws/joy_motion_ws/ros2_ws/install/ros1_msgs_srvs/share/ros1_msgs_srvs/environment/library_path.sh
-- Symlinking: /ros_ws/joy_motion_ws/ros2_ws/install/ros1_msgs_srvs/share/ros1_msgs_srvs/environment/library_path.dsv
-- Symlinking: /ros_ws/joy_motion_ws/ros2_ws/install/ros1_msgs_srvs/include/ros1_msgs_srvs/msg/detail/int16__rosidl_typesupport_fastrtps_c.h
-- Symlinking: /ros_ws/joy_motion_ws/ros2_ws/install/ros1_msgs_srvs/include/ros1_msgs_srvs/msg/detail/int8__rosidl_typesupport_fastrtps_c.h
-- Symlinking: /ros_ws/joy_motion_ws/ros2_ws/install/ros1_msgs_srvs/include/ros1_msgs_srvs/msg/rosidl_typesupport_fastrtps_c__visibility_control.h
-- Symlinking: /ros_ws/joy_motion_ws/ros2_ws/install/ros1_msgs_srvs/lib/libros1_msgs_srvs__rosidl_typesupport_fastrtps_c.so
-- Symlinking: /ros_ws/joy_motion_ws/ros2_ws/install/ros1_msgs_srvs/include/ros1_msgs_srvs/msg/detail/int16__rosidl_typesupport_fastrtps_cpp.hpp
-- Symlinking: /ros_ws/joy_motion_ws/ros2_ws/install/ros1_msgs_srvs/include/ros1_msgs_srvs/msg/detail/int8__rosidl_typesupport_fastrtps_cpp.hpp
-- Symlinking: /ros_ws/joy_motion_ws/ros2_ws/install/ros1_msgs_srvs/include/ros1_msgs_srvs/msg/rosidl_typesupport_fastrtps_cpp__visibility_control.h
-- Symlinking: /ros_ws/joy_motion_ws/ros2_ws/install/ros1_msgs_srvs/lib/libros1_msgs_srvs__rosidl_typesupport_fastrtps_cpp.so
-- Symlinking: /ros_ws/joy_motion_ws/ros2_ws/install/ros1_msgs_srvs/include/ros1_msgs_srvs/msg/detail/int16__rosidl_typesupport_introspection_c.h
-- Symlinking: /ros_ws/joy_motion_ws/ros2_ws/install/ros1_msgs_srvs/include/ros1_msgs_srvs/msg/detail/int8__rosidl_typesupport_introspection_c.h
-- Symlinking: /ros_ws/joy_motion_ws/ros2_ws/install/ros1_msgs_srvs/include/ros1_msgs_srvs/msg/rosidl_typesupport_introspection_c__visibility_control.h
-- Symlinking: /ros_ws/joy_motion_ws/ros2_ws/install/ros1_msgs_srvs/include/ros1_msgs_srvs/msg/detail/int16__builder.hpp
-- Symlinking: /ros_ws/joy_motion_ws/ros2_ws/install/ros1_msgs_srvs/include/ros1_msgs_srvs/msg/detail/int16__struct.hpp
-- Symlinking: /ros_ws/joy_motion_ws/ros2_ws/install/ros1_msgs_srvs/include/ros1_msgs_srvs/msg/detail/int16__traits.hpp
-- Symlinking: /ros_ws/joy_motion_ws/ros2_ws/install/ros1_msgs_srvs/include/ros1_msgs_srvs/msg/detail/int16__type_support.hpp
-- Symlinking: /ros_ws/joy_motion_ws/ros2_ws/install/ros1_msgs_srvs/include/ros1_msgs_srvs/msg/detail/int8__builder.hpp
-- Symlinking: /ros_ws/joy_motion_ws/ros2_ws/install/ros1_msgs_srvs/include/ros1_msgs_srvs/msg/detail/int8__struct.hpp
-- Symlinking: /ros_ws/joy_motion_ws/ros2_ws/install/ros1_msgs_srvs/include/ros1_msgs_srvs/msg/detail/int8__traits.hpp
-- Symlinking: /ros_ws/joy_motion_ws/ros2_ws/install/ros1_msgs_srvs/include/ros1_msgs_srvs/msg/detail/int8__type_support.hpp
-- Symlinking: /ros_ws/joy_motion_ws/ros2_ws/install/ros1_msgs_srvs/include/ros1_msgs_srvs/msg/int16.hpp
-- Symlinking: /ros_ws/joy_motion_ws/ros2_ws/install/ros1_msgs_srvs/include/ros1_msgs_srvs/msg/int8.hpp
-- Symlinking: /ros_ws/joy_motion_ws/ros2_ws/install/ros1_msgs_srvs/include/ros1_msgs_srvs/msg/rosidl_generator_cpp__visibility_control.hpp
-- Symlinking: /ros_ws/joy_motion_ws/ros2_ws/install/ros1_msgs_srvs/include/ros1_msgs_srvs/msg/detail/int16__rosidl_typesupport_introspection_cpp.hpp
-- Symlinking: /ros_ws/joy_motion_ws/ros2_ws/install/ros1_msgs_srvs/include/ros1_msgs_srvs/msg/detail/int8__rosidl_typesupport_introspection_cpp.hpp
-- Symlinking: /ros_ws/joy_motion_ws/ros2_ws/install/ros1_msgs_srvs/share/ros1_msgs_srvs/environment/pythonpath.sh
-- Symlinking: /ros_ws/joy_motion_ws/ros2_ws/install/ros1_msgs_srvs/share/ros1_msgs_srvs/environment/pythonpath.dsv
-- Symlinking: /ros_ws/joy_motion_ws/ros2_ws/install/ros1_msgs_srvs/lib/python3.8/site-packages/ros1_msgs_srvs/__init__.py
-- Symlinking: /ros_ws/joy_motion_ws/ros2_ws/install/ros1_msgs_srvs/lib/python3.8/site-packages/ros1_msgs_srvs/msg/__init__.py
-- Symlinking: /ros_ws/joy_motion_ws/ros2_ws/install/ros1_msgs_srvs/lib/python3.8/site-packages/ros1_msgs_srvs/msg/_int16.py
-- Symlinking: /ros_ws/joy_motion_ws/ros2_ws/install/ros1_msgs_srvs/lib/python3.8/site-packages/ros1_msgs_srvs/msg/_int8.py
-- Symlinking: /ros_ws/joy_motion_ws/ros2_ws/install/ros1_msgs_srvs/lib/python3.8/site-packages/ros1_msgs_srvs/ros1_msgs_srvs_s__rosidl_typesupport_fastrtps_c.cpython-38-x86_64-linux-gnu.so
-- Symlinking: /ros_ws/joy_motion_ws/ros2_ws/install/ros1_msgs_srvs/lib/python3.8/site-packages/ros1_msgs_srvs/ros1_msgs_srvs_s__rosidl_typesupport_introspection_c.cpython-38-x86_64-linux-gnu.so
-- Symlinking: /ros_ws/joy_motion_ws/ros2_ws/install/ros1_msgs_srvs/lib/python3.8/site-packages/ros1_msgs_srvs/ros1_msgs_srvs_s__rosidl_typesupport_c.cpython-38-x86_64-linux-gnu.so
-- Symlinking: /ros_ws/joy_motion_ws/ros2_ws/install/ros1_msgs_srvs/lib/libros1_msgs_srvs__python.so
-- Symlinking: /ros_ws/joy_motion_ws/ros2_ws/install/ros1_msgs_srvs/share/ros1_msgs_srvs/msg/Int8.idl
-- Symlinking: /ros_ws/joy_motion_ws/ros2_ws/install/ros1_msgs_srvs/share/ros1_msgs_srvs/msg/Int16.idl
-- Symlinking: /ros_ws/joy_motion_ws/ros2_ws/install/ros1_msgs_srvs/share/ros1_msgs_srvs/msg/Int8.msg
-- Symlinking: /ros_ws/joy_motion_ws/ros2_ws/install/ros1_msgs_srvs/share/ros1_msgs_srvs/msg/Int16.msg
-- Symlinking: /ros_ws/joy_motion_ws/ros2_ws/install/ros1_msgs_srvs/share/ament_index/resource_index/package_run_dependencies/ros1_msgs_srvs
-- Symlinking: /ros_ws/joy_motion_ws/ros2_ws/install/ros1_msgs_srvs/share/ament_index/resource_index/parent_prefix_path/ros1_msgs_srvs
-- Symlinking: /ros_ws/joy_motion_ws/ros2_ws/install/ros1_msgs_srvs/share/ros1_msgs_srvs/environment/ament_prefix_path.sh
-- Symlinking: /ros_ws/joy_motion_ws/ros2_ws/install/ros1_msgs_srvs/share/ros1_msgs_srvs/environment/ament_prefix_path.dsv
-- Symlinking: /ros_ws/joy_motion_ws/ros2_ws/install/ros1_msgs_srvs/share/ros1_msgs_srvs/environment/path.sh
-- Symlinking: /ros_ws/joy_motion_ws/ros2_ws/install/ros1_msgs_srvs/share/ros1_msgs_srvs/environment/path.dsv
-- Symlinking: /ros_ws/joy_motion_ws/ros2_ws/install/ros1_msgs_srvs/share/ros1_msgs_srvs/local_setup.bash
-- Symlinking: /ros_ws/joy_motion_ws/ros2_ws/install/ros1_msgs_srvs/share/ros1_msgs_srvs/local_setup.sh
-- Symlinking: /ros_ws/joy_motion_ws/ros2_ws/install/ros1_msgs_srvs/share/ros1_msgs_srvs/local_setup.zsh
-- Symlinking: /ros_ws/joy_motion_ws/ros2_ws/install/ros1_msgs_srvs/share/ros1_msgs_srvs/local_setup.dsv
-- Symlinking: /ros_ws/joy_motion_ws/ros2_ws/install/ros1_msgs_srvs/share/ros1_msgs_srvs/package.dsv
-- Symlinking: /ros_ws/joy_motion_ws/ros2_ws/install/ros1_msgs_srvs/share/ament_index/resource_index/packages/ros1_msgs_srvs
-- Symlinking: /ros_ws/joy_motion_ws/ros2_ws/install/ros1_msgs_srvs/share/ros1_msgs_srvs/cmake/rosidl_cmake-extras.cmake
-- Symlinking: /ros_ws/joy_motion_ws/ros2_ws/install/ros1_msgs_srvs/share/ros1_msgs_srvs/cmake/ament_cmake_export_dependencies-extras.cmake
-- Symlinking: /ros_ws/joy_motion_ws/ros2_ws/install/ros1_msgs_srvs/share/ros1_msgs_srvs/cmake/ament_cmake_export_libraries-extras.cmake
-- Symlinking: /ros_ws/joy_motion_ws/ros2_ws/install/ros1_msgs_srvs/share/ros1_msgs_srvs/cmake/ament_cmake_export_targets-extras.cmake
-- Symlinking: /ros_ws/joy_motion_ws/ros2_ws/install/ros1_msgs_srvs/share/ros1_msgs_srvs/cmake/ament_cmake_export_include_directories-extras.cmake
-- Symlinking: /ros_ws/joy_motion_ws/ros2_ws/install/ros1_msgs_srvs/share/ros1_msgs_srvs/cmake/rosidl_cmake_export_typesupport_libraries-extras.cmake
-- Symlinking: /ros_ws/joy_motion_ws/ros2_ws/install/ros1_msgs_srvs/share/ros1_msgs_srvs/cmake/rosidl_cmake_export_typesupport_targets-extras.cmake
-- Symlinking: /ros_ws/joy_motion_ws/ros2_ws/install/ros1_msgs_srvs/share/ros1_msgs_srvs/cmake/ros1_msgs_srvsConfig.cmake
-- Symlinking: /ros_ws/joy_motion_ws/ros2_ws/install/ros1_msgs_srvs/share/ros1_msgs_srvs/cmake/ros1_msgs_srvsConfig-version.cmake
-- Symlinking: /ros_ws/joy_motion_ws/ros2_ws/install/ros1_msgs_srvs/share/ros1_msgs_srvs/package.xml
-- Installing: /ros_ws/joy_motion_ws/ros2_ws/install/ros1_msgs_srvs/lib/libros1_msgs_srvs__rosidl_generator_c.so
-- Set runtime path of "/ros_ws/joy_motion_ws/ros2_ws/install/ros1_msgs_srvs/lib/libros1_msgs_srvs__rosidl_generator_c.so" to ""
-- Installing: /ros_ws/joy_motion_ws/ros2_ws/install/ros1_msgs_srvs/lib/libros1_msgs_srvs__rosidl_typesupport_introspection_c.so
-- Set runtime path of "/ros_ws/joy_motion_ws/ros2_ws/install/ros1_msgs_srvs/lib/libros1_msgs_srvs__rosidl_typesupport_introspection_c.so" to ""
-- Installing: /ros_ws/joy_motion_ws/ros2_ws/install/ros1_msgs_srvs/lib/libros1_msgs_srvs__rosidl_typesupport_c.so
-- Set runtime path of "/ros_ws/joy_motion_ws/ros2_ws/install/ros1_msgs_srvs/lib/libros1_msgs_srvs__rosidl_typesupport_c.so" to ""
-- Installing: /ros_ws/joy_motion_ws/ros2_ws/install/ros1_msgs_srvs/lib/libros1_msgs_srvs__rosidl_typesupport_introspection_cpp.so
-- Set runtime path of "/ros_ws/joy_motion_ws/ros2_ws/install/ros1_msgs_srvs/lib/libros1_msgs_srvs__rosidl_typesupport_introspection_cpp.so" to ""
-- Installing: /ros_ws/joy_motion_ws/ros2_ws/install/ros1_msgs_srvs/lib/libros1_msgs_srvs__rosidl_typesupport_cpp.so
-- Set runtime path of "/ros_ws/joy_motion_ws/ros2_ws/install/ros1_msgs_srvs/lib/libros1_msgs_srvs__rosidl_typesupport_cpp.so" to ""
Compiling '/ros_ws/joy_motion_ws/ros2_ws/install/ros1_msgs_srvs/lib/python3.8/site-packages/ros1_msgs_srvs/__init__.py'...
-- Installing: /ros_ws/joy_motion_ws/ros2_ws/install/ros1_msgs_srvs/share/ros1_msgs_srvs/cmake/ros1_msgs_srvs__rosidl_generator_cExport.cmake
-- Installing: /ros_ws/joy_motion_ws/ros2_ws/install/ros1_msgs_srvs/share/ros1_msgs_srvs/cmake/ros1_msgs_srvs__rosidl_generator_cExport-noconfig.cmake
-- Installing: /ros_ws/joy_motion_ws/ros2_ws/install/ros1_msgs_srvs/share/ros1_msgs_srvs/cmake/ros1_msgs_srvs__rosidl_typesupport_introspection_cExport.cmake
-- Installing: /ros_ws/joy_motion_ws/ros2_ws/install/ros1_msgs_srvs/share/ros1_msgs_srvs/cmake/ros1_msgs_srvs__rosidl_typesupport_introspection_cExport-noconfig.cmake
-- Installing: /ros_ws/joy_motion_ws/ros2_ws/install/ros1_msgs_srvs/share/ros1_msgs_srvs/cmake/ros1_msgs_srvs__rosidl_typesupport_cExport.cmake
-- Installing: /ros_ws/joy_motion_ws/ros2_ws/install/ros1_msgs_srvs/share/ros1_msgs_srvs/cmake/ros1_msgs_srvs__rosidl_typesupport_cExport-noconfig.cmake
-- Installing: /ros_ws/joy_motion_ws/ros2_ws/install/ros1_msgs_srvs/share/ros1_msgs_srvs/cmake/ros1_msgs_srvs__rosidl_generator_cppExport.cmake
-- Installing: /ros_ws/joy_motion_ws/ros2_ws/install/ros1_msgs_srvs/share/ros1_msgs_srvs/cmake/ros1_msgs_srvs__rosidl_typesupport_introspection_cppExport.cmake
-- Installing: /ros_ws/joy_motion_ws/ros2_ws/install/ros1_msgs_srvs/share/ros1_msgs_srvs/cmake/ros1_msgs_srvs__rosidl_typesupport_introspection_cppExport-noconfig.cmake
-- Installing: /ros_ws/joy_motion_ws/ros2_ws/install/ros1_msgs_srvs/share/ros1_msgs_srvs/cmake/ros1_msgs_srvs__rosidl_typesupport_cppExport.cmake
-- Installing: /ros_ws/joy_motion_ws/ros2_ws/install/ros1_msgs_srvs/share/ros1_msgs_srvs/cmake/ros1_msgs_srvs__rosidl_typesupport_cppExport-noconfig.cmake
