[2.195s] Invoking command in '/ros_ws/joy_motion_ws/ros2_ws/build/examples_rclpy_minimal_client': PYTHONPATH=/ros_ws/joy_motion_ws/ros2_ws/build/examples_rclpy_minimal_client/prefix_override:/usr/lib/python3/dist-packages/colcon_core/task/python/colcon_distutils_commands:/ros_ws/joy_motion_ws/ros2_ws/install/examples_rclpy_minimal_client/lib/python3.8/site-packages:${PYTHONPATH} /usr/bin/python3 -W ignore:setup.py install is deprecated -W ignore:easy_install command is deprecated setup.py develop --editable --build-directory /ros_ws/joy_motion_ws/ros2_ws/build/examples_rclpy_minimal_client/build --no-deps symlink_data
[2.765s] running develop
[2.765s] running egg_info
[2.766s] creating examples_rclpy_minimal_client.egg-info
[2.769s] writing examples_rclpy_minimal_client.egg-info/PKG-INFO
[2.769s] writing dependency_links to examples_rclpy_minimal_client.egg-info/dependency_links.txt
[2.769s] writing entry points to examples_rclpy_minimal_client.egg-info/entry_points.txt
[2.769s] writing requirements to examples_rclpy_minimal_client.egg-info/requires.txt
[2.769s] writing top-level names to examples_rclpy_minimal_client.egg-info/top_level.txt
[2.770s] writing manifest file 'examples_rclpy_minimal_client.egg-info/SOURCES.txt'
[2.800s] reading manifest file 'examples_rclpy_minimal_client.egg-info/SOURCES.txt'
[2.801s] writing manifest file 'examples_rclpy_minimal_client.egg-info/SOURCES.txt'
[2.841s] running build_ext
[2.841s] Creating /ros_ws/joy_motion_ws/ros2_ws/install/examples_rclpy_minimal_client/lib/python3.8/site-packages/site.py
[2.843s] Creating /ros_ws/joy_motion_ws/ros2_ws/install/examples_rclpy_minimal_client/lib/python3.8/site-packages/examples-rclpy-minimal-client.egg-link (link to .)
[2.844s] Installing client script to /ros_ws/joy_motion_ws/ros2_ws/install/examples_rclpy_minimal_client/lib/examples_rclpy_minimal_client
[2.845s] Installing client_async script to /ros_ws/joy_motion_ws/ros2_ws/install/examples_rclpy_minimal_client/lib/examples_rclpy_minimal_client
[2.845s] Installing client_async_callback script to /ros_ws/joy_motion_ws/ros2_ws/install/examples_rclpy_minimal_client/lib/examples_rclpy_minimal_client
[2.845s] Installing client_async_member_function script to /ros_ws/joy_motion_ws/ros2_ws/install/examples_rclpy_minimal_client/lib/examples_rclpy_minimal_client
[2.846s] 
[2.849s] Installed /ros_ws/joy_motion_ws/ros2_ws/build/examples_rclpy_minimal_client
[2.849s] running symlink_data
[2.849s] creating /ros_ws/joy_motion_ws/ros2_ws/install/examples_rclpy_minimal_client/share/ament_index
[2.849s] creating /ros_ws/joy_motion_ws/ros2_ws/install/examples_rclpy_minimal_client/share/ament_index/resource_index
[2.850s] creating /ros_ws/joy_motion_ws/ros2_ws/install/examples_rclpy_minimal_client/share/ament_index/resource_index/packages
[2.850s] symbolically linking /ros_ws/joy_motion_ws/ros2_ws/build/examples_rclpy_minimal_client/resource/examples_rclpy_minimal_client -> /ros_ws/joy_motion_ws/ros2_ws/install/examples_rclpy_minimal_client/share/ament_index/resource_index/packages
[2.850s] symbolically linking /ros_ws/joy_motion_ws/ros2_ws/build/examples_rclpy_minimal_client/package.xml -> /ros_ws/joy_motion_ws/ros2_ws/install/examples_rclpy_minimal_client/share/examples_rclpy_minimal_client
[2.896s] Invoked command in '/ros_ws/joy_motion_ws/ros2_ws/build/examples_rclpy_minimal_client' returned '0': PYTHONPATH=/ros_ws/joy_motion_ws/ros2_ws/build/examples_rclpy_minimal_client/prefix_override:/usr/lib/python3/dist-packages/colcon_core/task/python/colcon_distutils_commands:/ros_ws/joy_motion_ws/ros2_ws/install/examples_rclpy_minimal_client/lib/python3.8/site-packages:${PYTHONPATH} /usr/bin/python3 -W ignore:setup.py install is deprecated -W ignore:easy_install command is deprecated setup.py develop --editable --build-directory /ros_ws/joy_motion_ws/ros2_ws/build/examples_rclpy_minimal_client/build --no-deps symlink_data
