[1.094s] Invoking command in '/ros_ws/joy_motion_ws/ros2_ws/build/ros1_to_ros2_package': CMAKE_PREFIX_PATH=${CMAKE_PREFIX_PATH}:/ros_ws/joy_motion_ws/ros2_ws/install/ros1_to_ros2_package:/ros_ws/joy_motion_ws/ros2_ws/install/joy_to_motion:/ros_ws/joy_motion_ws/ros2_ws/install/examples_rclpy_minimal_subscriber:/ros_ws/joy_motion_ws/ros2_ws/install/examples_rclpy_minimal_service:/ros_ws/joy_motion_ws/ros2_ws/install/examples_rclpy_minimal_publisher:/ros_ws/joy_motion_ws/ros2_ws/install/examples_rclpy_minimal_client:/ros_ws/joy_motion_ws/ros2_ws/install/examples_rclpy_minimal_action_server:/ros_ws/joy_motion_ws/ros2_ws/install/examples_rclpy_minimal_action_client:/ros_ws/joy_motion_ws/ros2_ws/install/examples_rclpy_executors:/opt/ros/foxy /usr/bin/cmake /ros_ws/joy_motion_ws/ros2_ws/src/ros1_to_ros2_package -DAMENT_CMAKE_SYMLINK_INSTALL=1 -DCMAKE_INSTALL_PREFIX=/ros_ws/joy_motion_ws/ros2_ws/install/ros1_to_ros2_package
[1.139s] -- The C compiler identification is GNU 9.4.0
[1.202s] -- The CXX compiler identification is GNU 9.4.0
[1.203s] -- Check for working C compiler: /usr/bin/cc
[1.249s] -- Check for working C compiler: /usr/bin/cc -- works
[1.249s] -- Detecting C compiler ABI info
[1.305s] -- Detecting C compiler ABI info - done
[1.312s] -- Detecting C compile features
[1.312s] -- Detecting C compile features - done
[1.314s] -- Check for working CXX compiler: /usr/bin/c++
[1.383s] -- Check for working CXX compiler: /usr/bin/c++ -- works
[1.384s] -- Detecting CXX compiler ABI info
[1.468s] -- Detecting CXX compiler ABI info - done
[1.476s] -- Detecting CXX compile features
[1.476s] -- Detecting CXX compile features - done
[1.481s] -- Found ament_cmake: 0.9.12 (/opt/ros/foxy/share/ament_cmake/cmake)
[1.508s] -- Found PythonInterp: /usr/bin/python3 (found suitable version "3.8.10", minimum required is "3") 
[1.508s] -- Using PYTHON_EXECUTABLE: /usr/bin/python3
[1.627s] -- Override CMake install command with custom implementation using symlinks instead of copying resources
[1.651s] -- Found rosidl_default_generators: 1.0.1 (/opt/ros/foxy/share/rosidl_default_generators/cmake)
[1.658s] -- Using all available rosidl_typesupport_c: rosidl_typesupport_fastrtps_c;rosidl_typesupport_introspection_c
[1.667s] -- Found rosidl_adapter: 1.3.1 (/opt/ros/foxy/share/rosidl_adapter/cmake)
[1.778s] -- Found OpenSSL: /usr/lib/x86_64-linux-gnu/libcrypto.so (found version "1.1.1f")  
[1.799s] -- Found FastRTPS: /opt/ros/foxy/include  
[1.854s] -- Using all available rosidl_typesupport_cpp: rosidl_typesupport_fastrtps_cpp;rosidl_typesupport_introspection_cpp
[1.892s] -- Found PythonInterp: /usr/bin/python3 (found version "3.8.10") 
[1.993s] -- Found ament_cmake_ros: 0.9.2 (/opt/ros/foxy/share/ament_cmake_ros/cmake)
[2.072s] -- Using all available rosidl_typesupport_c: rosidl_typesupport_fastrtps_c;rosidl_typesupport_introspection_c
[2.079s] -- Using all available rosidl_typesupport_cpp: rosidl_typesupport_fastrtps_cpp;rosidl_typesupport_introspection_cpp
[2.103s] -- Found PythonInterp: /usr/bin/python3 (found suitable version "3.8.10", minimum required is "3.5") 
[2.105s] -- Found python_cmake_module: 0.8.1 (/opt/ros/foxy/share/python_cmake_module/cmake)
[2.130s] -- Found PythonLibs: /usr/lib/x86_64-linux-gnu/libpython3.8.so (found suitable version "3.8.10", minimum required is "3.5") 
[2.130s] -- Using PYTHON_EXECUTABLE: /usr/bin/python3
[2.130s] -- Using PYTHON_INCLUDE_DIRS: /usr/include/python3.8
[2.130s] -- Using PYTHON_LIBRARIES: /usr/lib/x86_64-linux-gnu/libpython3.8.so
[2.150s] -- Found PythonExtra: .so  
[2.183s] -- Found ament_lint_auto: 0.9.8 (/opt/ros/foxy/share/ament_lint_auto/cmake)
[2.200s] -- Added test 'copyright' to check source files copyright and LICENSE
[2.200s] -- Added test 'cppcheck' to perform static code analysis on C / C++ code
[2.201s] -- Configured cppcheck include dirs: $<BUILD_INTERFACE:/ros_ws/joy_motion_ws/ros2_ws/src/ros1_to_ros2_package/include>
[2.201s] -- Configured cppcheck exclude dirs and/or files: 
[2.202s] -- Added test 'cpplint' to check C / C++ code against the Google style
[2.202s] -- Configured cpplint exclude dirs and/or files: 
[2.202s] -- Added test 'lint_cmake' to check CMake code style
[2.203s] -- Added test 'uncrustify' to check C / C++ code style
[2.203s] -- Configured uncrustify additional arguments: 
[2.203s] -- Added test 'xmllint' to check XML markup files
[2.206s] -- Configuring done
[2.223s] -- Generating done
[2.229s] -- Build files have been written to: /ros_ws/joy_motion_ws/ros2_ws/build/ros1_to_ros2_package
[2.234s] Invoked command in '/ros_ws/joy_motion_ws/ros2_ws/build/ros1_to_ros2_package' returned '0': CMAKE_PREFIX_PATH=${CMAKE_PREFIX_PATH}:/ros_ws/joy_motion_ws/ros2_ws/install/ros1_to_ros2_package:/ros_ws/joy_motion_ws/ros2_ws/install/joy_to_motion:/ros_ws/joy_motion_ws/ros2_ws/install/examples_rclpy_minimal_subscriber:/ros_ws/joy_motion_ws/ros2_ws/install/examples_rclpy_minimal_service:/ros_ws/joy_motion_ws/ros2_ws/install/examples_rclpy_minimal_publisher:/ros_ws/joy_motion_ws/ros2_ws/install/examples_rclpy_minimal_client:/ros_ws/joy_motion_ws/ros2_ws/install/examples_rclpy_minimal_action_server:/ros_ws/joy_motion_ws/ros2_ws/install/examples_rclpy_minimal_action_client:/ros_ws/joy_motion_ws/ros2_ws/install/examples_rclpy_executors:/opt/ros/foxy /usr/bin/cmake /ros_ws/joy_motion_ws/ros2_ws/src/ros1_to_ros2_package -DAMENT_CMAKE_SYMLINK_INSTALL=1 -DCMAKE_INSTALL_PREFIX=/ros_ws/joy_motion_ws/ros2_ws/install/ros1_to_ros2_package
[2.234s] Invoking command in '/ros_ws/joy_motion_ws/ros2_ws/build/ros1_to_ros2_package': CMAKE_PREFIX_PATH=${CMAKE_PREFIX_PATH}:/ros_ws/joy_motion_ws/ros2_ws/install/ros1_to_ros2_package:/ros_ws/joy_motion_ws/ros2_ws/install/joy_to_motion:/ros_ws/joy_motion_ws/ros2_ws/install/examples_rclpy_minimal_subscriber:/ros_ws/joy_motion_ws/ros2_ws/install/examples_rclpy_minimal_service:/ros_ws/joy_motion_ws/ros2_ws/install/examples_rclpy_minimal_publisher:/ros_ws/joy_motion_ws/ros2_ws/install/examples_rclpy_minimal_client:/ros_ws/joy_motion_ws/ros2_ws/install/examples_rclpy_minimal_action_server:/ros_ws/joy_motion_ws/ros2_ws/install/examples_rclpy_minimal_action_client:/ros_ws/joy_motion_ws/ros2_ws/install/examples_rclpy_executors:/opt/ros/foxy /usr/bin/cmake --build /ros_ws/joy_motion_ws/ros2_ws/build/ros1_to_ros2_package -- -j20 -l20
[2.267s] [  2%] [34m[1mGenerating C code for ROS interfaces[0m
[2.268s] [35m[1mScanning dependencies of target ros1_ros2[0m
[2.268s] [35m[1mScanning dependencies of target ros1_to_ros2_package__cpp[0m
[2.275s] [  4%] [32mBuilding CXX object CMakeFiles/ros1_ros2.dir/src/ros1_ros2.cpp.o[0m
[2.276s] [  7%] [34m[1mGenerating C++ code for ROS interfaces[0m
[2.296s] [  9%] [32m[1mLinking CXX executable ros1_ros2[0m
[2.326s] [  9%] Built target ros1_ros2
[2.415s] [  9%] Built target ros1_to_ros2_package__cpp
[2.422s] [ 12%] [34m[1mGenerating C++ type support dispatch for ROS interfaces[0m
[2.425s] [ 14%] [34m[1mGenerating C++ type support for eProsima Fast-RTPS[0m
[2.425s] [ 17%] [34m[1mGenerating C++ introspection for ROS interfaces[0m
[2.431s] [35m[1mScanning dependencies of target ros1_to_ros2_package__rosidl_generator_c[0m
[2.442s] [ 19%] [32mBuilding C object CMakeFiles/ros1_to_ros2_package__rosidl_generator_c.dir/rosidl_generator_c/ros1_to_ros2_package/msg/detail/int8__functions.c.o[0m
[2.442s] [ 21%] [32mBuilding C object CMakeFiles/ros1_to_ros2_package__rosidl_generator_c.dir/rosidl_generator_c/ros1_to_ros2_package/msg/detail/int16__functions.c.o[0m
[2.476s] [ 24%] [32m[1mLinking C shared library libros1_to_ros2_package__rosidl_generator_c.so[0m
[2.504s] [ 24%] Built target ros1_to_ros2_package__rosidl_generator_c
[2.511s] [ 26%] [34m[1mGenerating C introspection for ROS interfaces[0m
[2.513s] [ 29%] [34m[1mGenerating C type support dispatch for ROS interfaces[0m
[2.548s] [35m[1mScanning dependencies of target ros1_to_ros2_package__rosidl_typesupport_cpp[0m
[2.557s] [ 31%] [32mBuilding CXX object CMakeFiles/ros1_to_ros2_package__rosidl_typesupport_cpp.dir/rosidl_typesupport_cpp/ros1_to_ros2_package/msg/int16__type_support.cpp.o[0m
[2.559s] [ 34%] [32mBuilding CXX object CMakeFiles/ros1_to_ros2_package__rosidl_typesupport_cpp.dir/rosidl_typesupport_cpp/ros1_to_ros2_package/msg/int8__type_support.cpp.o[0m
[2.563s] [35m[1mScanning dependencies of target ros1_to_ros2_package__rosidl_typesupport_introspection_cpp[0m
[2.573s] [35m[1mScanning dependencies of target ros1_to_ros2_package__rosidl_typesupport_fastrtps_cpp[0m
[2.574s] [ 36%] [32mBuilding CXX object CMakeFiles/ros1_to_ros2_package__rosidl_typesupport_introspection_cpp.dir/rosidl_typesupport_introspection_cpp/ros1_to_ros2_package/msg/detail/int8__type_support.cpp.o[0m
[2.574s] [ 39%] [32mBuilding CXX object CMakeFiles/ros1_to_ros2_package__rosidl_typesupport_introspection_cpp.dir/rosidl_typesupport_introspection_cpp/ros1_to_ros2_package/msg/detail/int16__type_support.cpp.o[0m
[2.586s] [ 41%] [32mBuilding CXX object CMakeFiles/ros1_to_ros2_package__rosidl_typesupport_fastrtps_cpp.dir/rosidl_typesupport_fastrtps_cpp/ros1_to_ros2_package/msg/detail/dds_fastrtps/int16__type_support.cpp.o[0m
[2.587s] [ 43%] [32mBuilding CXX object CMakeFiles/ros1_to_ros2_package__rosidl_typesupport_fastrtps_cpp.dir/rosidl_typesupport_fastrtps_cpp/ros1_to_ros2_package/msg/detail/dds_fastrtps/int8__type_support.cpp.o[0m
[2.646s] [35m[1mScanning dependencies of target ros1_to_ros2_package__rosidl_typesupport_c[0m
[2.657s] [ 48%] [32mBuilding CXX object CMakeFiles/ros1_to_ros2_package__rosidl_typesupport_c.dir/rosidl_typesupport_c/ros1_to_ros2_package/msg/int16__type_support.cpp.o[0m
[2.657s] [ 48%] [32mBuilding CXX object CMakeFiles/ros1_to_ros2_package__rosidl_typesupport_c.dir/rosidl_typesupport_c/ros1_to_ros2_package/msg/int8__type_support.cpp.o[0m
[2.657s] [35m[1mScanning dependencies of target ros1_to_ros2_package__rosidl_typesupport_introspection_c[0m
[2.671s] [ 53%] [32mBuilding C object CMakeFiles/ros1_to_ros2_package__rosidl_typesupport_introspection_c.dir/rosidl_typesupport_introspection_c/ros1_to_ros2_package/msg/detail/int8__type_support.c.o[0m
[2.671s] [ 53%] [32mBuilding C object CMakeFiles/ros1_to_ros2_package__rosidl_typesupport_introspection_c.dir/rosidl_typesupport_introspection_c/ros1_to_ros2_package/msg/detail/int16__type_support.c.o[0m
[2.687s] [ 56%] [32m[1mLinking CXX shared library libros1_to_ros2_package__rosidl_typesupport_c.so[0m
[2.699s] [ 58%] [32m[1mLinking C shared library libros1_to_ros2_package__rosidl_typesupport_introspection_c.so[0m
[2.706s] [ 60%] [32m[1mLinking CXX shared library libros1_to_ros2_package__rosidl_typesupport_cpp.so[0m
[2.721s] [ 60%] Built target ros1_to_ros2_package__rosidl_typesupport_c
[2.726s] [ 60%] Built target ros1_to_ros2_package__rosidl_typesupport_introspection_c
[2.738s] [ 60%] Built target ros1_to_ros2_package__rosidl_typesupport_cpp
[2.785s] [ 63%] [32m[1mLinking CXX shared library libros1_to_ros2_package__rosidl_typesupport_introspection_cpp.so[0m
[2.798s] [ 65%] [32m[1mLinking CXX shared library libros1_to_ros2_package__rosidl_typesupport_fastrtps_cpp.so[0m
[2.814s] [ 65%] Built target ros1_to_ros2_package__rosidl_typesupport_introspection_cpp
[2.855s] [ 65%] Built target ros1_to_ros2_package__rosidl_typesupport_fastrtps_cpp
[2.865s] [ 68%] [34m[1mGenerating C type support for eProsima Fast-RTPS[0m
[2.994s] [35m[1mScanning dependencies of target ros1_to_ros2_package__rosidl_typesupport_fastrtps_c[0m
[3.006s] [ 70%] [32mBuilding CXX object CMakeFiles/ros1_to_ros2_package__rosidl_typesupport_fastrtps_c.dir/rosidl_typesupport_fastrtps_c/ros1_to_ros2_package/msg/detail/int16__type_support_c.cpp.o[0m
[3.007s] [ 73%] [32mBuilding CXX object CMakeFiles/ros1_to_ros2_package__rosidl_typesupport_fastrtps_c.dir/rosidl_typesupport_fastrtps_c/ros1_to_ros2_package/msg/detail/int8__type_support_c.cpp.o[0m
[3.169s] [ 75%] [32m[1mLinking CXX shared library libros1_to_ros2_package__rosidl_typesupport_fastrtps_c.so[0m
[3.227s] [ 75%] Built target ros1_to_ros2_package__rosidl_typesupport_fastrtps_c
[3.234s] [35m[1mScanning dependencies of target ros1_to_ros2_package[0m
[3.246s] [ 75%] Built target ros1_to_ros2_package
[3.258s] [35m[1mScanning dependencies of target ros1_to_ros2_package__py[0m
[3.271s] [ 78%] [34m[1mGenerating Python code for ROS interfaces[0m
[3.508s] [ 78%] Built target ros1_to_ros2_package__py
[3.518s] [35m[1mScanning dependencies of target ros1_to_ros2_package__python[0m
[3.561s] [ 80%] [32mBuilding C object CMakeFiles/ros1_to_ros2_package__python.dir/rosidl_generator_py/ros1_to_ros2_package/msg/_int8_s.c.o[0m
[3.561s] [ 82%] [32mBuilding C object CMakeFiles/ros1_to_ros2_package__python.dir/rosidl_generator_py/ros1_to_ros2_package/msg/_int16_s.c.o[0m
[3.619s] [ 85%] [32m[1mLinking C shared library rosidl_generator_py/ros1_to_ros2_package/libros1_to_ros2_package__python.so[0m
[3.662s] [ 85%] Built target ros1_to_ros2_package__python
[3.675s] [35m[1mScanning dependencies of target ros1_to_ros2_package__rosidl_typesupport_fastrtps_c__pyext[0m
[3.676s] [35m[1mScanning dependencies of target ros1_to_ros2_package__rosidl_typesupport_c__pyext[0m
[3.676s] [35m[1mScanning dependencies of target ros1_to_ros2_package__rosidl_typesupport_introspection_c__pyext[0m
[3.687s] [ 87%] [32mBuilding C object CMakeFiles/ros1_to_ros2_package__rosidl_typesupport_fastrtps_c__pyext.dir/rosidl_generator_py/ros1_to_ros2_package/_ros1_to_ros2_package_s.ep.rosidl_typesupport_fastrtps_c.c.o[0m
[3.689s] [ 90%] [32mBuilding C object CMakeFiles/ros1_to_ros2_package__rosidl_typesupport_c__pyext.dir/rosidl_generator_py/ros1_to_ros2_package/_ros1_to_ros2_package_s.ep.rosidl_typesupport_c.c.o[0m
[3.690s] [ 92%] [32mBuilding C object CMakeFiles/ros1_to_ros2_package__rosidl_typesupport_introspection_c__pyext.dir/rosidl_generator_py/ros1_to_ros2_package/_ros1_to_ros2_package_s.ep.rosidl_typesupport_introspection_c.c.o[0m
[3.734s] [ 95%] [32m[1mLinking CXX shared library rosidl_generator_py/ros1_to_ros2_package/ros1_to_ros2_package_s__rosidl_typesupport_fastrtps_c.cpython-38-x86_64-linux-gnu.so[0m
[3.738s] [ 97%] [32m[1mLinking C shared library rosidl_generator_py/ros1_to_ros2_package/ros1_to_ros2_package_s__rosidl_typesupport_introspection_c.cpython-38-x86_64-linux-gnu.so[0m
[3.742s] [100%] [32m[1mLinking C shared library rosidl_generator_py/ros1_to_ros2_package/ros1_to_ros2_package_s__rosidl_typesupport_c.cpython-38-x86_64-linux-gnu.so[0m
[3.768s] [100%] Built target ros1_to_ros2_package__rosidl_typesupport_c__pyext
[3.768s] [100%] Built target ros1_to_ros2_package__rosidl_typesupport_introspection_c__pyext
[3.777s] [100%] Built target ros1_to_ros2_package__rosidl_typesupport_fastrtps_c__pyext
[3.786s] Invoked command in '/ros_ws/joy_motion_ws/ros2_ws/build/ros1_to_ros2_package' returned '0': CMAKE_PREFIX_PATH=${CMAKE_PREFIX_PATH}:/ros_ws/joy_motion_ws/ros2_ws/install/ros1_to_ros2_package:/ros_ws/joy_motion_ws/ros2_ws/install/joy_to_motion:/ros_ws/joy_motion_ws/ros2_ws/install/examples_rclpy_minimal_subscriber:/ros_ws/joy_motion_ws/ros2_ws/install/examples_rclpy_minimal_service:/ros_ws/joy_motion_ws/ros2_ws/install/examples_rclpy_minimal_publisher:/ros_ws/joy_motion_ws/ros2_ws/install/examples_rclpy_minimal_client:/ros_ws/joy_motion_ws/ros2_ws/install/examples_rclpy_minimal_action_server:/ros_ws/joy_motion_ws/ros2_ws/install/examples_rclpy_minimal_action_client:/ros_ws/joy_motion_ws/ros2_ws/install/examples_rclpy_executors:/opt/ros/foxy /usr/bin/cmake --build /ros_ws/joy_motion_ws/ros2_ws/build/ros1_to_ros2_package -- -j20 -l20
[3.788s] Invoking command in '/ros_ws/joy_motion_ws/ros2_ws/build/ros1_to_ros2_package': CMAKE_PREFIX_PATH=${CMAKE_PREFIX_PATH}:/ros_ws/joy_motion_ws/ros2_ws/install/ros1_to_ros2_package:/ros_ws/joy_motion_ws/ros2_ws/install/joy_to_motion:/ros_ws/joy_motion_ws/ros2_ws/install/examples_rclpy_minimal_subscriber:/ros_ws/joy_motion_ws/ros2_ws/install/examples_rclpy_minimal_service:/ros_ws/joy_motion_ws/ros2_ws/install/examples_rclpy_minimal_publisher:/ros_ws/joy_motion_ws/ros2_ws/install/examples_rclpy_minimal_client:/ros_ws/joy_motion_ws/ros2_ws/install/examples_rclpy_minimal_action_server:/ros_ws/joy_motion_ws/ros2_ws/install/examples_rclpy_minimal_action_client:/ros_ws/joy_motion_ws/ros2_ws/install/examples_rclpy_executors:/opt/ros/foxy /usr/bin/cmake --install /ros_ws/joy_motion_ws/ros2_ws/build/ros1_to_ros2_package
[3.795s] -- Install configuration: ""
[3.796s] -- Execute custom install script
[3.796s] -- Symlinking: /ros_ws/joy_motion_ws/ros2_ws/install/ros1_to_ros2_package/share/ament_index/resource_index/rosidl_interfaces/ros1_to_ros2_package
[3.804s] -- Symlinking: /ros_ws/joy_motion_ws/ros2_ws/install/ros1_to_ros2_package/include/ros1_to_ros2_package/msg/detail/int16__functions.h
[3.811s] -- Symlinking: /ros_ws/joy_motion_ws/ros2_ws/install/ros1_to_ros2_package/include/ros1_to_ros2_package/msg/detail/int16__struct.h
[3.819s] -- Symlinking: /ros_ws/joy_motion_ws/ros2_ws/install/ros1_to_ros2_package/include/ros1_to_ros2_package/msg/detail/int16__type_support.h
[3.825s] -- Symlinking: /ros_ws/joy_motion_ws/ros2_ws/install/ros1_to_ros2_package/include/ros1_to_ros2_package/msg/detail/int8__functions.h
[3.833s] -- Symlinking: /ros_ws/joy_motion_ws/ros2_ws/install/ros1_to_ros2_package/include/ros1_to_ros2_package/msg/detail/int8__struct.h
[3.843s] -- Symlinking: /ros_ws/joy_motion_ws/ros2_ws/install/ros1_to_ros2_package/include/ros1_to_ros2_package/msg/detail/int8__type_support.h
[3.855s] -- Symlinking: /ros_ws/joy_motion_ws/ros2_ws/install/ros1_to_ros2_package/include/ros1_to_ros2_package/msg/int16.h
[3.865s] -- Symlinking: /ros_ws/joy_motion_ws/ros2_ws/install/ros1_to_ros2_package/include/ros1_to_ros2_package/msg/int8.h
[3.872s] -- Symlinking: /ros_ws/joy_motion_ws/ros2_ws/install/ros1_to_ros2_package/include/ros1_to_ros2_package/msg/rosidl_generator_c__visibility_control.h
[3.880s] -- Symlinking: /ros_ws/joy_motion_ws/ros2_ws/install/ros1_to_ros2_package/share/ros1_to_ros2_package/environment/library_path.sh
[3.887s] -- Symlinking: /ros_ws/joy_motion_ws/ros2_ws/install/ros1_to_ros2_package/share/ros1_to_ros2_package/environment/library_path.dsv
[3.894s] -- Symlinking: /ros_ws/joy_motion_ws/ros2_ws/install/ros1_to_ros2_package/include/ros1_to_ros2_package/msg/detail/int16__rosidl_typesupport_fastrtps_c.h
[3.901s] -- Symlinking: /ros_ws/joy_motion_ws/ros2_ws/install/ros1_to_ros2_package/include/ros1_to_ros2_package/msg/detail/int8__rosidl_typesupport_fastrtps_c.h
[3.909s] -- Symlinking: /ros_ws/joy_motion_ws/ros2_ws/install/ros1_to_ros2_package/include/ros1_to_ros2_package/msg/rosidl_typesupport_fastrtps_c__visibility_control.h
[3.918s] -- Symlinking: /ros_ws/joy_motion_ws/ros2_ws/install/ros1_to_ros2_package/lib/libros1_to_ros2_package__rosidl_typesupport_fastrtps_c.so
[3.926s] -- Symlinking: /ros_ws/joy_motion_ws/ros2_ws/install/ros1_to_ros2_package/include/ros1_to_ros2_package/msg/detail/int16__rosidl_typesupport_fastrtps_cpp.hpp
[3.935s] -- Symlinking: /ros_ws/joy_motion_ws/ros2_ws/install/ros1_to_ros2_package/include/ros1_to_ros2_package/msg/detail/int8__rosidl_typesupport_fastrtps_cpp.hpp
[3.944s] -- Symlinking: /ros_ws/joy_motion_ws/ros2_ws/install/ros1_to_ros2_package/include/ros1_to_ros2_package/msg/rosidl_typesupport_fastrtps_cpp__visibility_control.h
[3.952s] -- Symlinking: /ros_ws/joy_motion_ws/ros2_ws/install/ros1_to_ros2_package/lib/libros1_to_ros2_package__rosidl_typesupport_fastrtps_cpp.so
[3.960s] -- Symlinking: /ros_ws/joy_motion_ws/ros2_ws/install/ros1_to_ros2_package/include/ros1_to_ros2_package/msg/detail/int16__rosidl_typesupport_introspection_c.h
[3.965s] -- Symlinking: /ros_ws/joy_motion_ws/ros2_ws/install/ros1_to_ros2_package/include/ros1_to_ros2_package/msg/detail/int8__rosidl_typesupport_introspection_c.h
[3.971s] -- Symlinking: /ros_ws/joy_motion_ws/ros2_ws/install/ros1_to_ros2_package/include/ros1_to_ros2_package/msg/rosidl_typesupport_introspection_c__visibility_control.h
[3.979s] -- Symlinking: /ros_ws/joy_motion_ws/ros2_ws/install/ros1_to_ros2_package/include/ros1_to_ros2_package/msg/detail/int16__builder.hpp
[3.985s] -- Symlinking: /ros_ws/joy_motion_ws/ros2_ws/install/ros1_to_ros2_package/include/ros1_to_ros2_package/msg/detail/int16__struct.hpp
[3.991s] -- Symlinking: /ros_ws/joy_motion_ws/ros2_ws/install/ros1_to_ros2_package/include/ros1_to_ros2_package/msg/detail/int16__traits.hpp
[3.998s] -- Symlinking: /ros_ws/joy_motion_ws/ros2_ws/install/ros1_to_ros2_package/include/ros1_to_ros2_package/msg/detail/int16__type_support.hpp
[4.006s] -- Symlinking: /ros_ws/joy_motion_ws/ros2_ws/install/ros1_to_ros2_package/include/ros1_to_ros2_package/msg/detail/int8__builder.hpp
[4.011s] -- Symlinking: /ros_ws/joy_motion_ws/ros2_ws/install/ros1_to_ros2_package/include/ros1_to_ros2_package/msg/detail/int8__struct.hpp
[4.019s] -- Symlinking: /ros_ws/joy_motion_ws/ros2_ws/install/ros1_to_ros2_package/include/ros1_to_ros2_package/msg/detail/int8__traits.hpp
[4.025s] -- Symlinking: /ros_ws/joy_motion_ws/ros2_ws/install/ros1_to_ros2_package/include/ros1_to_ros2_package/msg/detail/int8__type_support.hpp
[4.031s] -- Symlinking: /ros_ws/joy_motion_ws/ros2_ws/install/ros1_to_ros2_package/include/ros1_to_ros2_package/msg/int16.hpp
[4.038s] -- Symlinking: /ros_ws/joy_motion_ws/ros2_ws/install/ros1_to_ros2_package/include/ros1_to_ros2_package/msg/int8.hpp
[4.045s] -- Symlinking: /ros_ws/joy_motion_ws/ros2_ws/install/ros1_to_ros2_package/include/ros1_to_ros2_package/msg/rosidl_generator_cpp__visibility_control.hpp
[4.052s] -- Symlinking: /ros_ws/joy_motion_ws/ros2_ws/install/ros1_to_ros2_package/include/ros1_to_ros2_package/msg/detail/int16__rosidl_typesupport_introspection_cpp.hpp
[4.059s] -- Symlinking: /ros_ws/joy_motion_ws/ros2_ws/install/ros1_to_ros2_package/include/ros1_to_ros2_package/msg/detail/int8__rosidl_typesupport_introspection_cpp.hpp
[4.067s] -- Symlinking: /ros_ws/joy_motion_ws/ros2_ws/install/ros1_to_ros2_package/share/ros1_to_ros2_package/environment/pythonpath.sh
[4.074s] -- Symlinking: /ros_ws/joy_motion_ws/ros2_ws/install/ros1_to_ros2_package/share/ros1_to_ros2_package/environment/pythonpath.dsv
[4.084s] -- Symlinking: /ros_ws/joy_motion_ws/ros2_ws/install/ros1_to_ros2_package/lib/python3.8/site-packages/ros1_to_ros2_package/__init__.py
[4.092s] -- Symlinking: /ros_ws/joy_motion_ws/ros2_ws/install/ros1_to_ros2_package/lib/python3.8/site-packages/ros1_to_ros2_package/msg/__init__.py
[4.103s] -- Symlinking: /ros_ws/joy_motion_ws/ros2_ws/install/ros1_to_ros2_package/lib/python3.8/site-packages/ros1_to_ros2_package/msg/_int16.py
[4.112s] -- Symlinking: /ros_ws/joy_motion_ws/ros2_ws/install/ros1_to_ros2_package/lib/python3.8/site-packages/ros1_to_ros2_package/msg/_int8.py
[4.123s] -- Symlinking: /ros_ws/joy_motion_ws/ros2_ws/install/ros1_to_ros2_package/lib/python3.8/site-packages/ros1_to_ros2_package/ros1_to_ros2_package_s__rosidl_typesupport_fastrtps_c.cpython-38-x86_64-linux-gnu.so
[4.131s] -- Symlinking: /ros_ws/joy_motion_ws/ros2_ws/install/ros1_to_ros2_package/lib/python3.8/site-packages/ros1_to_ros2_package/ros1_to_ros2_package_s__rosidl_typesupport_introspection_c.cpython-38-x86_64-linux-gnu.so
[4.143s] -- Symlinking: /ros_ws/joy_motion_ws/ros2_ws/install/ros1_to_ros2_package/lib/python3.8/site-packages/ros1_to_ros2_package/ros1_to_ros2_package_s__rosidl_typesupport_c.cpython-38-x86_64-linux-gnu.so
[4.152s] -- Symlinking: /ros_ws/joy_motion_ws/ros2_ws/install/ros1_to_ros2_package/lib/libros1_to_ros2_package__python.so
[4.163s] -- Symlinking: /ros_ws/joy_motion_ws/ros2_ws/install/ros1_to_ros2_package/share/ros1_to_ros2_package/msg/Int8.idl
[4.171s] -- Symlinking: /ros_ws/joy_motion_ws/ros2_ws/install/ros1_to_ros2_package/share/ros1_to_ros2_package/msg/Int16.idl
[4.180s] -- Symlinking: /ros_ws/joy_motion_ws/ros2_ws/install/ros1_to_ros2_package/share/ros1_to_ros2_package/msg/Int8.msg
[4.185s] -- Symlinking: /ros_ws/joy_motion_ws/ros2_ws/install/ros1_to_ros2_package/share/ros1_to_ros2_package/msg/Int16.msg
[4.192s] -- Symlinking: /ros_ws/joy_motion_ws/ros2_ws/install/ros1_to_ros2_package/lib/ros1_to_ros2_package/ros1_ros2
[4.199s] -- Symlinking: /ros_ws/joy_motion_ws/ros2_ws/install/ros1_to_ros2_package/share/ament_index/resource_index/package_run_dependencies/ros1_to_ros2_package
[4.205s] -- Symlinking: /ros_ws/joy_motion_ws/ros2_ws/install/ros1_to_ros2_package/share/ament_index/resource_index/parent_prefix_path/ros1_to_ros2_package
[4.211s] -- Symlinking: /ros_ws/joy_motion_ws/ros2_ws/install/ros1_to_ros2_package/share/ros1_to_ros2_package/environment/ament_prefix_path.sh
[4.219s] -- Symlinking: /ros_ws/joy_motion_ws/ros2_ws/install/ros1_to_ros2_package/share/ros1_to_ros2_package/environment/ament_prefix_path.dsv
[4.226s] -- Symlinking: /ros_ws/joy_motion_ws/ros2_ws/install/ros1_to_ros2_package/share/ros1_to_ros2_package/environment/path.sh
[4.233s] -- Symlinking: /ros_ws/joy_motion_ws/ros2_ws/install/ros1_to_ros2_package/share/ros1_to_ros2_package/environment/path.dsv
[4.240s] -- Symlinking: /ros_ws/joy_motion_ws/ros2_ws/install/ros1_to_ros2_package/share/ros1_to_ros2_package/local_setup.bash
[4.246s] -- Symlinking: /ros_ws/joy_motion_ws/ros2_ws/install/ros1_to_ros2_package/share/ros1_to_ros2_package/local_setup.sh
[4.252s] -- Symlinking: /ros_ws/joy_motion_ws/ros2_ws/install/ros1_to_ros2_package/share/ros1_to_ros2_package/local_setup.zsh
[4.258s] -- Symlinking: /ros_ws/joy_motion_ws/ros2_ws/install/ros1_to_ros2_package/share/ros1_to_ros2_package/local_setup.dsv
[4.263s] -- Symlinking: /ros_ws/joy_motion_ws/ros2_ws/install/ros1_to_ros2_package/share/ros1_to_ros2_package/package.dsv
[4.270s] -- Symlinking: /ros_ws/joy_motion_ws/ros2_ws/install/ros1_to_ros2_package/share/ament_index/resource_index/packages/ros1_to_ros2_package
[4.277s] -- Symlinking: /ros_ws/joy_motion_ws/ros2_ws/install/ros1_to_ros2_package/share/ros1_to_ros2_package/cmake/rosidl_cmake-extras.cmake
[4.285s] -- Symlinking: /ros_ws/joy_motion_ws/ros2_ws/install/ros1_to_ros2_package/share/ros1_to_ros2_package/cmake/ament_cmake_export_dependencies-extras.cmake
[4.291s] -- Symlinking: /ros_ws/joy_motion_ws/ros2_ws/install/ros1_to_ros2_package/share/ros1_to_ros2_package/cmake/ament_cmake_export_libraries-extras.cmake
[4.298s] -- Symlinking: /ros_ws/joy_motion_ws/ros2_ws/install/ros1_to_ros2_package/share/ros1_to_ros2_package/cmake/ament_cmake_export_targets-extras.cmake
[4.304s] -- Symlinking: /ros_ws/joy_motion_ws/ros2_ws/install/ros1_to_ros2_package/share/ros1_to_ros2_package/cmake/ament_cmake_export_include_directories-extras.cmake
[4.311s] -- Symlinking: /ros_ws/joy_motion_ws/ros2_ws/install/ros1_to_ros2_package/share/ros1_to_ros2_package/cmake/rosidl_cmake_export_typesupport_libraries-extras.cmake
[4.318s] -- Symlinking: /ros_ws/joy_motion_ws/ros2_ws/install/ros1_to_ros2_package/share/ros1_to_ros2_package/cmake/rosidl_cmake_export_typesupport_targets-extras.cmake
[4.325s] -- Symlinking: /ros_ws/joy_motion_ws/ros2_ws/install/ros1_to_ros2_package/share/ros1_to_ros2_package/cmake/ros1_to_ros2_packageConfig.cmake
[4.334s] -- Symlinking: /ros_ws/joy_motion_ws/ros2_ws/install/ros1_to_ros2_package/share/ros1_to_ros2_package/cmake/ros1_to_ros2_packageConfig-version.cmake
[4.344s] -- Up-to-date symlink: /ros_ws/joy_motion_ws/ros2_ws/install/ros1_to_ros2_package/share/ros1_to_ros2_package/package.xml
[4.344s] -- Installing: /ros_ws/joy_motion_ws/ros2_ws/install/ros1_to_ros2_package/lib/libros1_to_ros2_package__rosidl_generator_c.so
[4.353s] -- Set runtime path of "/ros_ws/joy_motion_ws/ros2_ws/install/ros1_to_ros2_package/lib/libros1_to_ros2_package__rosidl_generator_c.so" to ""
[4.353s] -- Installing: /ros_ws/joy_motion_ws/ros2_ws/install/ros1_to_ros2_package/lib/libros1_to_ros2_package__rosidl_typesupport_introspection_c.so
[4.354s] -- Set runtime path of "/ros_ws/joy_motion_ws/ros2_ws/install/ros1_to_ros2_package/lib/libros1_to_ros2_package__rosidl_typesupport_introspection_c.so" to ""
[4.354s] -- Installing: /ros_ws/joy_motion_ws/ros2_ws/install/ros1_to_ros2_package/lib/libros1_to_ros2_package__rosidl_typesupport_c.so
[4.355s] -- Set runtime path of "/ros_ws/joy_motion_ws/ros2_ws/install/ros1_to_ros2_package/lib/libros1_to_ros2_package__rosidl_typesupport_c.so" to ""
[4.356s] -- Installing: /ros_ws/joy_motion_ws/ros2_ws/install/ros1_to_ros2_package/lib/libros1_to_ros2_package__rosidl_typesupport_introspection_cpp.so
[4.357s] -- Set runtime path of "/ros_ws/joy_motion_ws/ros2_ws/install/ros1_to_ros2_package/lib/libros1_to_ros2_package__rosidl_typesupport_introspection_cpp.so" to ""
[4.357s] -- Installing: /ros_ws/joy_motion_ws/ros2_ws/install/ros1_to_ros2_package/lib/libros1_to_ros2_package__rosidl_typesupport_cpp.so
[4.358s] -- Set runtime path of "/ros_ws/joy_motion_ws/ros2_ws/install/ros1_to_ros2_package/lib/libros1_to_ros2_package__rosidl_typesupport_cpp.so" to ""
[4.388s] Compiling '/ros_ws/joy_motion_ws/ros2_ws/install/ros1_to_ros2_package/lib/python3.8/site-packages/ros1_to_ros2_package/__init__.py'...
[4.390s] -- Installing: /ros_ws/joy_motion_ws/ros2_ws/install/ros1_to_ros2_package/share/ros1_to_ros2_package/cmake/ros1_to_ros2_package__rosidl_generator_cExport.cmake
[4.390s] -- Installing: /ros_ws/joy_motion_ws/ros2_ws/install/ros1_to_ros2_package/share/ros1_to_ros2_package/cmake/ros1_to_ros2_package__rosidl_generator_cExport-noconfig.cmake
[4.391s] -- Installing: /ros_ws/joy_motion_ws/ros2_ws/install/ros1_to_ros2_package/share/ros1_to_ros2_package/cmake/ros1_to_ros2_package__rosidl_typesupport_introspection_cExport.cmake
[4.391s] -- Installing: /ros_ws/joy_motion_ws/ros2_ws/install/ros1_to_ros2_package/share/ros1_to_ros2_package/cmake/ros1_to_ros2_package__rosidl_typesupport_introspection_cExport-noconfig.cmake
[4.391s] -- Installing: /ros_ws/joy_motion_ws/ros2_ws/install/ros1_to_ros2_package/share/ros1_to_ros2_package/cmake/ros1_to_ros2_package__rosidl_typesupport_cExport.cmake
[4.391s] -- Installing: /ros_ws/joy_motion_ws/ros2_ws/install/ros1_to_ros2_package/share/ros1_to_ros2_package/cmake/ros1_to_ros2_package__rosidl_typesupport_cExport-noconfig.cmake
[4.391s] -- Installing: /ros_ws/joy_motion_ws/ros2_ws/install/ros1_to_ros2_package/share/ros1_to_ros2_package/cmake/ros1_to_ros2_package__rosidl_generator_cppExport.cmake
[4.392s] -- Installing: /ros_ws/joy_motion_ws/ros2_ws/install/ros1_to_ros2_package/share/ros1_to_ros2_package/cmake/ros1_to_ros2_package__rosidl_typesupport_introspection_cppExport.cmake
[4.392s] -- Installing: /ros_ws/joy_motion_ws/ros2_ws/install/ros1_to_ros2_package/share/ros1_to_ros2_package/cmake/ros1_to_ros2_package__rosidl_typesupport_introspection_cppExport-noconfig.cmake
[4.392s] -- Installing: /ros_ws/joy_motion_ws/ros2_ws/install/ros1_to_ros2_package/share/ros1_to_ros2_package/cmake/ros1_to_ros2_package__rosidl_typesupport_cppExport.cmake
[4.392s] -- Installing: /ros_ws/joy_motion_ws/ros2_ws/install/ros1_to_ros2_package/share/ros1_to_ros2_package/cmake/ros1_to_ros2_package__rosidl_typesupport_cppExport-noconfig.cmake
[4.394s] Invoked command in '/ros_ws/joy_motion_ws/ros2_ws/build/ros1_to_ros2_package' returned '0': CMAKE_PREFIX_PATH=${CMAKE_PREFIX_PATH}:/ros_ws/joy_motion_ws/ros2_ws/install/ros1_to_ros2_package:/ros_ws/joy_motion_ws/ros2_ws/install/joy_to_motion:/ros_ws/joy_motion_ws/ros2_ws/install/examples_rclpy_minimal_subscriber:/ros_ws/joy_motion_ws/ros2_ws/install/examples_rclpy_minimal_service:/ros_ws/joy_motion_ws/ros2_ws/install/examples_rclpy_minimal_publisher:/ros_ws/joy_motion_ws/ros2_ws/install/examples_rclpy_minimal_client:/ros_ws/joy_motion_ws/ros2_ws/install/examples_rclpy_minimal_action_server:/ros_ws/joy_motion_ws/ros2_ws/install/examples_rclpy_minimal_action_client:/ros_ws/joy_motion_ws/ros2_ws/install/examples_rclpy_executors:/opt/ros/foxy /usr/bin/cmake --install /ros_ws/joy_motion_ws/ros2_ws/build/ros1_to_ros2_package
