[0.026s] Invoking command in '/ros_ws/Aruco_tag_localization/build/turtlebot3_description': CMAKE_PREFIX_PATH=/opt/ros/foxy /usr/bin/cmake /ros_ws/Aruco_tag_localization/src/turtlebot3/turtlebot3_description -DAMENT_CMAKE_SYMLINK_INSTALL=1 -DCMAKE_INSTALL_PREFIX=/ros_ws/Aruco_tag_localization/install/turtlebot3_description
[0.049s] -- Found ament_cmake: 0.9.12 (/opt/ros/foxy/share/ament_cmake/cmake)
[0.078s] -- Found PythonInterp: /usr/bin/python3 (found suitable version "3.8.10", minimum required is "3") 
[0.078s] -- Using PYTHON_EXECUTABLE: /usr/bin/python3
[0.213s] -- Override CMake install command with custom implementation using symlinks instead of copying resources
[0.242s] -- Found urdf: 2.4.0 (/opt/ros/foxy/share/urdf/cmake)
[0.324s] -- Configuring done
[0.325s] -- Generating done
[0.327s] -- Build files have been written to: /ros_ws/Aruco_tag_localization/build/turtlebot3_description
[0.330s] Invoked command in '/ros_ws/Aruco_tag_localization/build/turtlebot3_description' returned '0': CMAKE_PREFIX_PATH=/opt/ros/foxy /usr/bin/cmake /ros_ws/Aruco_tag_localization/src/turtlebot3/turtlebot3_description -DAMENT_CMAKE_SYMLINK_INSTALL=1 -DCMAKE_INSTALL_PREFIX=/ros_ws/Aruco_tag_localization/install/turtlebot3_description
[0.334s] Invoking command in '/ros_ws/Aruco_tag_localization/build/turtlebot3_description': CMAKE_PREFIX_PATH=/opt/ros/foxy /usr/bin/cmake --build /ros_ws/Aruco_tag_localization/build/turtlebot3_description -- -j20 -l20
[0.378s] Invoked command in '/ros_ws/Aruco_tag_localization/build/turtlebot3_description' returned '0': CMAKE_PREFIX_PATH=/opt/ros/foxy /usr/bin/cmake --build /ros_ws/Aruco_tag_localization/build/turtlebot3_description -- -j20 -l20
[0.379s] Invoking command in '/ros_ws/Aruco_tag_localization/build/turtlebot3_description': CMAKE_PREFIX_PATH=/opt/ros/foxy /usr/bin/cmake --install /ros_ws/Aruco_tag_localization/build/turtlebot3_description
[0.388s] -- Install configuration: ""
[0.388s] -- Execute custom install script
[0.389s] -- Symlinking: /ros_ws/Aruco_tag_localization/install/turtlebot3_description/share/turtlebot3_description/meshes/bases/burger_base.stl
[0.396s] -- Symlinking: /ros_ws/Aruco_tag_localization/install/turtlebot3_description/share/turtlebot3_description/meshes/bases/waffle_base.stl
[0.403s] -- Symlinking: /ros_ws/Aruco_tag_localization/install/turtlebot3_description/share/turtlebot3_description/meshes/bases/waffle_pi_base.stl
[0.411s] -- Symlinking: /ros_ws/Aruco_tag_localization/install/turtlebot3_description/share/turtlebot3_description/meshes/sensors/astra.dae
[0.419s] -- Symlinking: /ros_ws/Aruco_tag_localization/install/turtlebot3_description/share/turtlebot3_description/meshes/sensors/astra.jpg
[0.426s] -- Symlinking: /ros_ws/Aruco_tag_localization/install/turtlebot3_description/share/turtlebot3_description/meshes/sensors/lds.stl
[0.435s] -- Symlinking: /ros_ws/Aruco_tag_localization/install/turtlebot3_description/share/turtlebot3_description/meshes/sensors/r200.dae
[0.445s] -- Symlinking: /ros_ws/Aruco_tag_localization/install/turtlebot3_description/share/turtlebot3_description/meshes/sensors/r200.jpg
[0.453s] -- Symlinking: /ros_ws/Aruco_tag_localization/install/turtlebot3_description/share/turtlebot3_description/meshes/wheels/left_tire.stl
[0.463s] -- Symlinking: /ros_ws/Aruco_tag_localization/install/turtlebot3_description/share/turtlebot3_description/meshes/wheels/right_tire.stl
[0.474s] -- Symlinking: /ros_ws/Aruco_tag_localization/install/turtlebot3_description/share/turtlebot3_description/rviz/model.rviz
[0.484s] -- Symlinking: /ros_ws/Aruco_tag_localization/install/turtlebot3_description/share/turtlebot3_description/urdf/common_properties.urdf
[0.493s] -- Symlinking: /ros_ws/Aruco_tag_localization/install/turtlebot3_description/share/turtlebot3_description/urdf/turtlebot3_burger.urdf
[0.507s] -- Symlinking: /ros_ws/Aruco_tag_localization/install/turtlebot3_description/share/turtlebot3_description/urdf/turtlebot3_waffle.urdf
[0.517s] -- Symlinking: /ros_ws/Aruco_tag_localization/install/turtlebot3_description/share/turtlebot3_description/urdf/turtlebot3_waffle_pi.urdf
[0.526s] -- Symlinking: /ros_ws/Aruco_tag_localization/install/turtlebot3_description/share/ament_index/resource_index/package_run_dependencies/turtlebot3_description
[0.535s] -- Symlinking: /ros_ws/Aruco_tag_localization/install/turtlebot3_description/share/ament_index/resource_index/parent_prefix_path/turtlebot3_description
[0.543s] -- Symlinking: /ros_ws/Aruco_tag_localization/install/turtlebot3_description/share/turtlebot3_description/environment/ament_prefix_path.sh
[0.552s] -- Symlinking: /ros_ws/Aruco_tag_localization/install/turtlebot3_description/share/turtlebot3_description/environment/ament_prefix_path.dsv
[0.560s] -- Symlinking: /ros_ws/Aruco_tag_localization/install/turtlebot3_description/share/turtlebot3_description/environment/path.sh
[0.568s] -- Symlinking: /ros_ws/Aruco_tag_localization/install/turtlebot3_description/share/turtlebot3_description/environment/path.dsv
[0.577s] -- Symlinking: /ros_ws/Aruco_tag_localization/install/turtlebot3_description/share/turtlebot3_description/local_setup.bash
[0.588s] -- Symlinking: /ros_ws/Aruco_tag_localization/install/turtlebot3_description/share/turtlebot3_description/local_setup.sh
[0.596s] -- Symlinking: /ros_ws/Aruco_tag_localization/install/turtlebot3_description/share/turtlebot3_description/local_setup.zsh
[0.604s] -- Symlinking: /ros_ws/Aruco_tag_localization/install/turtlebot3_description/share/turtlebot3_description/local_setup.dsv
[0.613s] -- Symlinking: /ros_ws/Aruco_tag_localization/install/turtlebot3_description/share/turtlebot3_description/package.dsv
[0.623s] -- Symlinking: /ros_ws/Aruco_tag_localization/install/turtlebot3_description/share/ament_index/resource_index/packages/turtlebot3_description
[0.629s] -- Symlinking: /ros_ws/Aruco_tag_localization/install/turtlebot3_description/share/turtlebot3_description/cmake/turtlebot3_descriptionConfig.cmake
[0.635s] -- Symlinking: /ros_ws/Aruco_tag_localization/install/turtlebot3_description/share/turtlebot3_description/cmake/turtlebot3_descriptionConfig-version.cmake
[0.645s] -- Symlinking: /ros_ws/Aruco_tag_localization/install/turtlebot3_description/share/turtlebot3_description/package.xml
[0.655s] Invoked command in '/ros_ws/Aruco_tag_localization/build/turtlebot3_description' returned '0': CMAKE_PREFIX_PATH=/opt/ros/foxy /usr/bin/cmake --install /ros_ws/Aruco_tag_localization/build/turtlebot3_description
