[2.082s] Invoking command in '/ros_ws/joy_motion_ws/ros2_ws/build/joy_to_motion': PYTHONPATH=/ros_ws/joy_motion_ws/ros2_ws/build/joy_to_motion/prefix_override:/usr/lib/python3/dist-packages/colcon_core/task/python/colcon_distutils_commands:/ros_ws/joy_motion_ws/ros2_ws/install/joy_to_motion/lib/python3.8/site-packages:${PYTHONPATH} /usr/bin/python3 -W ignore:setup.py install is deprecated -W ignore:easy_install command is deprecated setup.py develop --editable --build-directory /ros_ws/joy_motion_ws/ros2_ws/build/joy_to_motion/build --no-deps symlink_data
[2.417s] running develop
[2.518s] running egg_info
[2.518s] creating joy_to_motion.egg-info
[2.518s] writing joy_to_motion.egg-info/PKG-INFO
[2.518s] writing dependency_links to joy_to_motion.egg-info/dependency_links.txt
[2.518s] writing entry points to joy_to_motion.egg-info/entry_points.txt
[2.518s] writing requirements to joy_to_motion.egg-info/requires.txt
[2.518s] writing top-level names to joy_to_motion.egg-info/top_level.txt
[2.537s] writing manifest file 'joy_to_motion.egg-info/SOURCES.txt'
[2.580s] reading manifest file 'joy_to_motion.egg-info/SOURCES.txt'
[2.580s] writing manifest file 'joy_to_motion.egg-info/SOURCES.txt'
[2.620s] running build_ext
[2.627s] Creating /ros_ws/joy_motion_ws/ros2_ws/install/joy_to_motion/lib/python3.8/site-packages/site.py
[2.630s] Creating /ros_ws/joy_motion_ws/ros2_ws/install/joy_to_motion/lib/python3.8/site-packages/joy-to-motion.egg-link (link to .)
[2.631s] Installing joy_to_motion script to /ros_ws/joy_motion_ws/ros2_ws/install/joy_to_motion/lib/joy_to_motion
[2.631s] 
[2.634s] Installed /ros_ws/joy_motion_ws/ros2_ws/build/joy_to_motion
[2.634s] running symlink_data
[2.634s] creating /ros_ws/joy_motion_ws/ros2_ws/install/joy_to_motion/share/ament_index
[2.634s] creating /ros_ws/joy_motion_ws/ros2_ws/install/joy_to_motion/share/ament_index/resource_index
[2.634s] creating /ros_ws/joy_motion_ws/ros2_ws/install/joy_to_motion/share/ament_index/resource_index/packages
[2.634s] symbolically linking /ros_ws/joy_motion_ws/ros2_ws/build/joy_to_motion/resource/joy_to_motion -> /ros_ws/joy_motion_ws/ros2_ws/install/joy_to_motion/share/ament_index/resource_index/packages
[2.634s] symbolically linking /ros_ws/joy_motion_ws/ros2_ws/build/joy_to_motion/package.xml -> /ros_ws/joy_motion_ws/ros2_ws/install/joy_to_motion/share/joy_to_motion
[2.751s] Invoked command in '/ros_ws/joy_motion_ws/ros2_ws/build/joy_to_motion' returned '0': PYTHONPATH=/ros_ws/joy_motion_ws/ros2_ws/build/joy_to_motion/prefix_override:/usr/lib/python3/dist-packages/colcon_core/task/python/colcon_distutils_commands:/ros_ws/joy_motion_ws/ros2_ws/install/joy_to_motion/lib/python3.8/site-packages:${PYTHONPATH} /usr/bin/python3 -W ignore:setup.py install is deprecated -W ignore:easy_install command is deprecated setup.py develop --editable --build-directory /ros_ws/joy_motion_ws/ros2_ws/build/joy_to_motion/build --no-deps symlink_data
