[2.206s] Invoking command in '/ros_ws/joy_motion_ws/ros2_ws/build/examples_rclpy_minimal_action_server': PYTHONPATH=/ros_ws/joy_motion_ws/ros2_ws/build/examples_rclpy_minimal_action_server/prefix_override:/usr/lib/python3/dist-packages/colcon_core/task/python/colcon_distutils_commands:/ros_ws/joy_motion_ws/ros2_ws/install/examples_rclpy_minimal_action_server/lib/python3.8/site-packages:${PYTHONPATH} /usr/bin/python3 -W ignore:setup.py install is deprecated -W ignore:easy_install command is deprecated setup.py develop --editable --build-directory /ros_ws/joy_motion_ws/ros2_ws/build/examples_rclpy_minimal_action_server/build --no-deps symlink_data
[2.898s] running develop
[2.924s] running egg_info
[2.924s] creating examples_rclpy_minimal_action_server.egg-info
[2.925s] writing examples_rclpy_minimal_action_server.egg-info/PKG-INFO
[2.925s] writing dependency_links to examples_rclpy_minimal_action_server.egg-info/dependency_links.txt
[2.925s] writing entry points to examples_rclpy_minimal_action_server.egg-info/entry_points.txt
[2.925s] writing requirements to examples_rclpy_minimal_action_server.egg-info/requires.txt
[2.925s] writing top-level names to examples_rclpy_minimal_action_server.egg-info/top_level.txt
[2.925s] writing manifest file 'examples_rclpy_minimal_action_server.egg-info/SOURCES.txt'
[2.980s] reading manifest file 'examples_rclpy_minimal_action_server.egg-info/SOURCES.txt'
[2.991s] writing manifest file 'examples_rclpy_minimal_action_server.egg-info/SOURCES.txt'
[3.065s] running build_ext
[3.066s] Creating /ros_ws/joy_motion_ws/ros2_ws/install/examples_rclpy_minimal_action_server/lib/python3.8/site-packages/site.py
[3.069s] Creating /ros_ws/joy_motion_ws/ros2_ws/install/examples_rclpy_minimal_action_server/lib/python3.8/site-packages/examples-rclpy-minimal-action-server.egg-link (link to .)
[3.081s] Installing server script to /ros_ws/joy_motion_ws/ros2_ws/install/examples_rclpy_minimal_action_server/lib/examples_rclpy_minimal_action_server
[3.081s] Installing server_defer script to /ros_ws/joy_motion_ws/ros2_ws/install/examples_rclpy_minimal_action_server/lib/examples_rclpy_minimal_action_server
[3.081s] Installing server_not_composable script to /ros_ws/joy_motion_ws/ros2_ws/install/examples_rclpy_minimal_action_server/lib/examples_rclpy_minimal_action_server
[3.081s] Installing server_queue_goals script to /ros_ws/joy_motion_ws/ros2_ws/install/examples_rclpy_minimal_action_server/lib/examples_rclpy_minimal_action_server
[3.081s] Installing server_single_goal script to /ros_ws/joy_motion_ws/ros2_ws/install/examples_rclpy_minimal_action_server/lib/examples_rclpy_minimal_action_server
[3.081s] 
[3.081s] Installed /ros_ws/joy_motion_ws/ros2_ws/build/examples_rclpy_minimal_action_server
[3.081s] running symlink_data
[3.081s] creating /ros_ws/joy_motion_ws/ros2_ws/install/examples_rclpy_minimal_action_server/share/ament_index
[3.081s] creating /ros_ws/joy_motion_ws/ros2_ws/install/examples_rclpy_minimal_action_server/share/ament_index/resource_index
[3.081s] creating /ros_ws/joy_motion_ws/ros2_ws/install/examples_rclpy_minimal_action_server/share/ament_index/resource_index/packages
[3.081s] symbolically linking /ros_ws/joy_motion_ws/ros2_ws/build/examples_rclpy_minimal_action_server/resource/examples_rclpy_minimal_action_server -> /ros_ws/joy_motion_ws/ros2_ws/install/examples_rclpy_minimal_action_server/share/ament_index/resource_index/packages
[3.081s] symbolically linking /ros_ws/joy_motion_ws/ros2_ws/build/examples_rclpy_minimal_action_server/package.xml -> /ros_ws/joy_motion_ws/ros2_ws/install/examples_rclpy_minimal_action_server/share/examples_rclpy_minimal_action_server
[3.157s] Invoked command in '/ros_ws/joy_motion_ws/ros2_ws/build/examples_rclpy_minimal_action_server' returned '0': PYTHONPATH=/ros_ws/joy_motion_ws/ros2_ws/build/examples_rclpy_minimal_action_server/prefix_override:/usr/lib/python3/dist-packages/colcon_core/task/python/colcon_distutils_commands:/ros_ws/joy_motion_ws/ros2_ws/install/examples_rclpy_minimal_action_server/lib/python3.8/site-packages:${PYTHONPATH} /usr/bin/python3 -W ignore:setup.py install is deprecated -W ignore:easy_install command is deprecated setup.py develop --editable --build-directory /ros_ws/joy_motion_ws/ros2_ws/build/examples_rclpy_minimal_action_server/build --no-deps symlink_data
