[0.009s] Invoking command in '/ros_ws/Aruco_tag_localization/build/turtlebot3_gazebo': AMENT_PREFIX_PATH=/ros_ws/Aruco_tag_localization/install/turtlebot3_description:${AMENT_PREFIX_PATH} CMAKE_PREFIX_PATH=/ros_ws/Aruco_tag_localization/install/turtlebot3_description:/opt/ros/foxy /usr/bin/cmake /ros_ws/Aruco_tag_localization/src/turtlebot3_simulations/turtlebot3_gazebo -DAMENT_CMAKE_SYMLINK_INSTALL=1 -DCMAKE_INSTALL_PREFIX=/ros_ws/Aruco_tag_localization/install/turtlebot3_gazebo
[0.056s] -- The C compiler identification is GNU 9.4.0
[0.094s] -- The CXX compiler identification is GNU 9.4.0
[0.098s] -- Check for working C compiler: /usr/bin/cc
[0.163s] -- Check for working C compiler: /usr/bin/cc -- works
[0.164s] -- Detecting C compiler ABI info
[0.224s] -- Detecting C compiler ABI info - done
[0.233s] -- Detecting C compile features
[0.233s] -- Detecting C compile features - done
[0.236s] -- Check for working CXX compiler: /usr/bin/c++
[0.297s] -- Check for working CXX compiler: /usr/bin/c++ -- works
[0.298s] -- Detecting CXX compiler ABI info
[0.360s] -- Detecting CXX compiler ABI info - done
[0.369s] -- Detecting CXX compile features
[0.369s] -- Detecting CXX compile features - done
[0.372s] -- Found ament_cmake: 0.9.12 (/opt/ros/foxy/share/ament_cmake/cmake)
[0.391s] -- Found PythonInterp: /usr/bin/python3 (found suitable version "3.8.10", minimum required is "3") 
[0.391s] -- Using PYTHON_EXECUTABLE: /usr/bin/python3
[0.485s] -- Override CMake install command with custom implementation using symlinks instead of copying resources
[0.505s] -- Found PkgConfig: /usr/bin/pkg-config (found version "0.29.1") 
[0.509s] -- Checking for module 'bullet>=2.82'
[0.523s] --   Found bullet, version 2.88
[0.647s] -- Found ccd: /usr/include (found suitable version "2.0", minimum required is "2.0") 
[0.715s] -- Found fcl: /usr/include (found suitable version "0.5.0", minimum required is "0.3.2") 
[0.778s] -- Found assimp: /usr/include (found version "5.0.0") 
[0.804s] -- Found DART: /usr/include (Required is at least version "6.6") found components: dart 
[1.136s] -- Found Boost: /usr/lib/x86_64-linux-gnu/cmake/Boost-1.71.0/BoostConfig.cmake (found suitable version "1.71.0", minimum required is "1.40.0") found components: thread system filesystem program_options regex iostreams date_time 
[1.180s] -- Found Protobuf: /usr/lib/x86_64-linux-gnu/libprotobuf.so;-lpthread (found version "3.6.1") 
[1.189s] -- Looking for ignition-math6 -- found version 6.15.1
[1.204s] -- Searching for dependencies of ignition-math6
[1.207s] -- Looking for OGRE...
[1.208s] -- OGRE_PREFIX_WATCH changed.
[1.214s] -- Checking for module 'OGRE'
[1.233s] --   Found OGRE, version 1.9.0
[1.285s] -- Found Ogre Ghadamon (1.9.0)
[1.290s] -- Found OGRE: optimized;/usr/lib/x86_64-linux-gnu/libOgreMain.so;debug;/usr/lib/x86_64-linux-gnu/libOgreMain.so
[1.298s] -- Looking for OGRE_Paging...
[1.302s] -- Found OGRE_Paging: optimized;/usr/lib/x86_64-linux-gnu/libOgrePaging.so;debug;/usr/lib/x86_64-linux-gnu/libOgrePaging.so
[1.302s] -- Looking for OGRE_Terrain...
[1.306s] -- Found OGRE_Terrain: optimized;/usr/lib/x86_64-linux-gnu/libOgreTerrain.so;debug;/usr/lib/x86_64-linux-gnu/libOgreTerrain.so
[1.306s] -- Looking for OGRE_Property...
[1.310s] -- Found OGRE_Property: optimized;/usr/lib/x86_64-linux-gnu/libOgreProperty.so;debug;/usr/lib/x86_64-linux-gnu/libOgreProperty.so
[1.310s] -- Looking for OGRE_RTShaderSystem...
[1.314s] -- Found OGRE_RTShaderSystem: optimized;/usr/lib/x86_64-linux-gnu/libOgreRTShaderSystem.so;debug;/usr/lib/x86_64-linux-gnu/libOgreRTShaderSystem.so
[1.314s] -- Looking for OGRE_Volume...
[1.319s] -- Found OGRE_Volume: optimized;/usr/lib/x86_64-linux-gnu/libOgreVolume.so;debug;/usr/lib/x86_64-linux-gnu/libOgreVolume.so
[1.319s] -- Looking for OGRE_Overlay...
[1.323s] -- Found OGRE_Overlay: optimized;/usr/lib/x86_64-linux-gnu/libOgreOverlay.so;debug;/usr/lib/x86_64-linux-gnu/libOgreOverlay.so
[1.410s] -- Looking for ignition-math6 -- found version 6.15.1
[1.412s] -- Looking for ignition-transport8 -- found version 8.3.0
[1.412s] -- Searching for dependencies of ignition-transport8
[1.432s] -- Found Protobuf: /usr/lib/x86_64-linux-gnu/libprotobuf.so;-lpthread (found suitable version "3.6.1", minimum required is "3") 
[1.447s] -- Config-file not installed for ZeroMQ -- checking for pkg-config
[1.453s] -- Checking for module 'libzmq >= 4'
[1.475s] --   Found libzmq , version 4.3.2
[1.534s] -- Found ZeroMQ: TRUE (Required is at least version "4") 
[1.544s] -- Checking for module 'uuid'
[1.566s] --   Found uuid, version 2.34.0
[1.642s] -- Found UUID: TRUE  
[1.646s] -- Looking for ignition-msgs5 -- found version 5.10.0
[1.647s] -- Searching for dependencies of ignition-msgs5
[1.685s] -- Looking for ignition-math6 -- found version 6.15.1
[1.695s] -- Checking for module 'tinyxml2'
[1.756s] --   Found tinyxml2, version 6.2.0
[1.873s] -- Looking for ignition-msgs5 -- found version 5.10.0
[1.877s] -- Looking for ignition-common3 -- found version 3.14.2
[1.878s] -- Searching for dependencies of ignition-common3
[1.880s] -- Looking for dlfcn.h - found
[1.881s] -- Looking for libdl - found
[1.884s] -- Found DL: TRUE  
[1.903s] -- Searching for <ignition-common3> component [graphics]
[1.904s] -- Looking for ignition-common3-graphics -- found version 3.14.2
[1.906s] -- Searching for dependencies of ignition-common3-graphics
[1.907s] -- Looking for ignition-math6 -- found version 6.15.1
[1.915s] -- Looking for ignition-fuel_tools4 -- found version 4.6.0
[1.916s] -- Searching for dependencies of ignition-fuel_tools4
[2.057s] -- Found CURL: /usr/lib/x86_64-linux-gnu/libcurl.so (found version "7.68.0")  
[2.068s] -- Checking for module 'jsoncpp'
[2.093s] --   Found jsoncpp, version 1.7.4
[2.159s] -- Found JSONCPP: TRUE  
[2.170s] -- Checking for module 'libzip'
[2.198s] --   Found libzip, version 1.5.1
[2.266s] -- Found ZIP: TRUE  
[2.266s] -- Looking for ignition-common3 -- found version 3.14.2
[2.266s] -- Looking for ignition-math6 -- found version 6.15.1
[2.267s] -- Looking for ignition-msgs5 -- found version 5.10.0
[2.271s] -- Found gazebo_ros_pkgs: 3.5.3 (/opt/ros/foxy/share/gazebo_ros_pkgs/cmake)
[2.272s] -- Found geometry_msgs: 2.0.5 (/opt/ros/foxy/share/geometry_msgs/cmake)
[2.292s] -- Using all available rosidl_typesupport_c: rosidl_typesupport_fastrtps_c;rosidl_typesupport_introspection_c
[2.297s] -- Found rosidl_adapter: 1.3.1 (/opt/ros/foxy/share/rosidl_adapter/cmake)
[2.377s] -- Found OpenSSL: /usr/lib/x86_64-linux-gnu/libcrypto.so (found version "1.1.1f")  
[2.395s] -- Found FastRTPS: /opt/ros/foxy/include  
[2.456s] -- Using all available rosidl_typesupport_cpp: rosidl_typesupport_fastrtps_cpp;rosidl_typesupport_introspection_cpp
[2.520s] -- Found nav_msgs: 2.0.5 (/opt/ros/foxy/share/nav_msgs/cmake)
[2.570s] -- Found rclcpp: 2.4.3 (/opt/ros/foxy/share/rclcpp/cmake)
[2.614s] -- Found rmw_implementation_cmake: 1.0.4 (/opt/ros/foxy/share/rmw_implementation_cmake/cmake)
[2.617s] -- Using RMW implementation 'rmw_fastrtps_cpp' as default
[2.618s] -- Found Threads: TRUE  
[2.725s] -- Found sensor_msgs: 2.0.5 (/opt/ros/foxy/share/sensor_msgs/cmake)
[2.777s] -- Found tf2: 0.13.14 (/opt/ros/foxy/share/tf2/cmake)
[2.861s] -- Configuring done
[2.933s] -- Generating done
[2.947s] -- Build files have been written to: /ros_ws/Aruco_tag_localization/build/turtlebot3_gazebo
[2.960s] Invoked command in '/ros_ws/Aruco_tag_localization/build/turtlebot3_gazebo' returned '0': AMENT_PREFIX_PATH=/ros_ws/Aruco_tag_localization/install/turtlebot3_description:${AMENT_PREFIX_PATH} CMAKE_PREFIX_PATH=/ros_ws/Aruco_tag_localization/install/turtlebot3_description:/opt/ros/foxy /usr/bin/cmake /ros_ws/Aruco_tag_localization/src/turtlebot3_simulations/turtlebot3_gazebo -DAMENT_CMAKE_SYMLINK_INSTALL=1 -DCMAKE_INSTALL_PREFIX=/ros_ws/Aruco_tag_localization/install/turtlebot3_gazebo
[2.963s] Invoking command in '/ros_ws/Aruco_tag_localization/build/turtlebot3_gazebo': AMENT_PREFIX_PATH=/ros_ws/Aruco_tag_localization/install/turtlebot3_description:${AMENT_PREFIX_PATH} CMAKE_PREFIX_PATH=/ros_ws/Aruco_tag_localization/install/turtlebot3_description:/opt/ros/foxy /usr/bin/cmake --build /ros_ws/Aruco_tag_localization/build/turtlebot3_gazebo -- -j20 -l20
[3.023s] [35m[1mScanning dependencies of target obstacles[0m
[3.023s] [35m[1mScanning dependencies of target obstacle1[0m
[3.023s] [35m[1mScanning dependencies of target obstacle2[0m
[3.023s] [35m[1mScanning dependencies of target turtlebot3_drive[0m
[3.134s] [ 12%] [32mBuilding CXX object CMakeFiles/turtlebot3_drive.dir/src/turtlebot3_drive.cpp.o[0m
[3.232s] [ 25%] [32mBuilding CXX object CMakeFiles/obstacle1.dir/models/turtlebot3_dqn_world/obstacle_plugin/obstacle1.cc.o[0m
[3.232s] [ 37%] [32mBuilding CXX object CMakeFiles/obstacle2.dir/models/turtlebot3_dqn_world/obstacle_plugin/obstacle2.cc.o[0m
[3.234s] [ 50%] [32mBuilding CXX object CMakeFiles/obstacles.dir/models/turtlebot3_dqn_world/obstacle_plugin/obstacles.cc.o[0m
[8.521s] [ 62%] [32m[1mLinking CXX executable turtlebot3_drive[0m
[8.822s] [ 62%] Built target turtlebot3_drive
[11.557s] [ 75%] [32m[1mLinking CXX shared library libobstacle2.so[0m
[11.579s] [ 87%] [32m[1mLinking CXX shared library libobstacles.so[0m
[12.038s] [ 87%] Built target obstacles
[12.038s] [ 87%] Built target obstacle2
[12.141s] [100%] [32m[1mLinking CXX shared library libobstacle1.so[0m
[12.452s] [100%] Built target obstacle1
[12.465s] Invoked command in '/ros_ws/Aruco_tag_localization/build/turtlebot3_gazebo' returned '0': AMENT_PREFIX_PATH=/ros_ws/Aruco_tag_localization/install/turtlebot3_description:${AMENT_PREFIX_PATH} CMAKE_PREFIX_PATH=/ros_ws/Aruco_tag_localization/install/turtlebot3_description:/opt/ros/foxy /usr/bin/cmake --build /ros_ws/Aruco_tag_localization/build/turtlebot3_gazebo -- -j20 -l20
[12.470s] Invoking command in '/ros_ws/Aruco_tag_localization/build/turtlebot3_gazebo': AMENT_PREFIX_PATH=/ros_ws/Aruco_tag_localization/install/turtlebot3_description:${AMENT_PREFIX_PATH} CMAKE_PREFIX_PATH=/ros_ws/Aruco_tag_localization/install/turtlebot3_description:/opt/ros/foxy /usr/bin/cmake --install /ros_ws/Aruco_tag_localization/build/turtlebot3_gazebo
[12.483s] -- Install configuration: ""
[12.485s] -- Execute custom install script
[12.486s] -- Symlinking: /ros_ws/Aruco_tag_localization/install/turtlebot3_gazebo/lib/turtlebot3_gazebo/turtlebot3_drive
[12.499s] -- Symlinking: /ros_ws/Aruco_tag_localization/install/turtlebot3_gazebo/share/turtlebot3_gazebo//launch/empty_world.launch.py
[12.508s] -- Symlinking: /ros_ws/Aruco_tag_localization/install/turtlebot3_gazebo/share/turtlebot3_gazebo//launch/robot_state_publisher.launch.py
[12.521s] -- Symlinking: /ros_ws/Aruco_tag_localization/install/turtlebot3_gazebo/share/turtlebot3_gazebo//launch/turtlebot3_autorace.launch.py
[12.535s] -- Symlinking: /ros_ws/Aruco_tag_localization/install/turtlebot3_gazebo/share/turtlebot3_gazebo//launch/turtlebot3_dqn_stage1.launch.py
[12.545s] -- Symlinking: /ros_ws/Aruco_tag_localization/install/turtlebot3_gazebo/share/turtlebot3_gazebo//launch/turtlebot3_dqn_stage2.launch.py
[12.557s] -- Symlinking: /ros_ws/Aruco_tag_localization/install/turtlebot3_gazebo/share/turtlebot3_gazebo//launch/turtlebot3_dqn_stage3.launch.py
[12.569s] -- Symlinking: /ros_ws/Aruco_tag_localization/install/turtlebot3_gazebo/share/turtlebot3_gazebo//launch/turtlebot3_dqn_stage4.launch.py
[12.584s] -- Symlinking: /ros_ws/Aruco_tag_localization/install/turtlebot3_gazebo/share/turtlebot3_gazebo//launch/turtlebot3_house.launch.py
[12.595s] -- Symlinking: /ros_ws/Aruco_tag_localization/install/turtlebot3_gazebo/share/turtlebot3_gazebo//launch/turtlebot3_world.launch.py
[12.608s] -- Symlinking: /ros_ws/Aruco_tag_localization/install/turtlebot3_gazebo/share/turtlebot3_gazebo//models/turtlebot3_autorace/course/materials/scripts/course.material
[12.621s] -- Symlinking: /ros_ws/Aruco_tag_localization/install/turtlebot3_gazebo/share/turtlebot3_gazebo//models/turtlebot3_autorace/course/materials/textures/course.png
[12.634s] -- Symlinking: /ros_ws/Aruco_tag_localization/install/turtlebot3_gazebo/share/turtlebot3_gazebo//models/turtlebot3_autorace/course/model.config
[12.647s] -- Symlinking: /ros_ws/Aruco_tag_localization/install/turtlebot3_gazebo/share/turtlebot3_gazebo//models/turtlebot3_autorace/course/model.sdf
[12.660s] -- Symlinking: /ros_ws/Aruco_tag_localization/install/turtlebot3_gazebo/share/turtlebot3_gazebo//models/turtlebot3_autorace/ground/model.config
[12.671s] -- Symlinking: /ros_ws/Aruco_tag_localization/install/turtlebot3_gazebo/share/turtlebot3_gazebo//models/turtlebot3_autorace/ground/model.sdf
[12.687s] -- Symlinking: /ros_ws/Aruco_tag_localization/install/turtlebot3_gazebo/share/turtlebot3_gazebo//models/turtlebot3_autorace/lights/model.config
[12.696s] -- Symlinking: /ros_ws/Aruco_tag_localization/install/turtlebot3_gazebo/share/turtlebot3_gazebo//models/turtlebot3_autorace/lights/model.sdf
[12.705s] -- Symlinking: /ros_ws/Aruco_tag_localization/install/turtlebot3_gazebo/share/turtlebot3_gazebo//models/turtlebot3_autorace/model.config
[12.715s] -- Symlinking: /ros_ws/Aruco_tag_localization/install/turtlebot3_gazebo/share/turtlebot3_gazebo//models/turtlebot3_autorace/traffic_bar_down/materials/scripts/traffic_bar.material
[12.724s] -- Symlinking: /ros_ws/Aruco_tag_localization/install/turtlebot3_gazebo/share/turtlebot3_gazebo//models/turtlebot3_autorace/traffic_bar_down/materials/textures/traffic_bar.png
[12.733s] -- Symlinking: /ros_ws/Aruco_tag_localization/install/turtlebot3_gazebo/share/turtlebot3_gazebo//models/turtlebot3_autorace/traffic_bar_down/model.config
[12.743s] -- Symlinking: /ros_ws/Aruco_tag_localization/install/turtlebot3_gazebo/share/turtlebot3_gazebo//models/turtlebot3_autorace/traffic_bar_down/model.sdf
[12.753s] -- Symlinking: /ros_ws/Aruco_tag_localization/install/turtlebot3_gazebo/share/turtlebot3_gazebo//models/turtlebot3_autorace/traffic_bar_up/materials/scripts/traffic_bar.material
[12.766s] -- Symlinking: /ros_ws/Aruco_tag_localization/install/turtlebot3_gazebo/share/turtlebot3_gazebo//models/turtlebot3_autorace/traffic_bar_up/materials/textures/traffic_bar.png
[12.779s] -- Symlinking: /ros_ws/Aruco_tag_localization/install/turtlebot3_gazebo/share/turtlebot3_gazebo//models/turtlebot3_autorace/traffic_bar_up/model.config
[12.792s] -- Symlinking: /ros_ws/Aruco_tag_localization/install/turtlebot3_gazebo/share/turtlebot3_gazebo//models/turtlebot3_autorace/traffic_bar_up/model.sdf
[12.804s] -- Symlinking: /ros_ws/Aruco_tag_localization/install/turtlebot3_gazebo/share/turtlebot3_gazebo//models/turtlebot3_autorace/traffic_light_green/model.config
[12.815s] -- Symlinking: /ros_ws/Aruco_tag_localization/install/turtlebot3_gazebo/share/turtlebot3_gazebo//models/turtlebot3_autorace/traffic_light_green/model.sdf
[12.827s] -- Symlinking: /ros_ws/Aruco_tag_localization/install/turtlebot3_gazebo/share/turtlebot3_gazebo//models/turtlebot3_autorace/traffic_light_red/model.config
[12.837s] -- Symlinking: /ros_ws/Aruco_tag_localization/install/turtlebot3_gazebo/share/turtlebot3_gazebo//models/turtlebot3_autorace/traffic_light_red/model.sdf
[12.849s] -- Symlinking: /ros_ws/Aruco_tag_localization/install/turtlebot3_gazebo/share/turtlebot3_gazebo//models/turtlebot3_autorace/traffic_light_yellow/model.config
[12.861s] -- Symlinking: /ros_ws/Aruco_tag_localization/install/turtlebot3_gazebo/share/turtlebot3_gazebo//models/turtlebot3_autorace/traffic_light_yellow/model.sdf
[12.873s] -- Symlinking: /ros_ws/Aruco_tag_localization/install/turtlebot3_gazebo/share/turtlebot3_gazebo//models/turtlebot3_autorace/traffic_parking/materials/scripts/traffic_parking.material
[12.887s] -- Symlinking: /ros_ws/Aruco_tag_localization/install/turtlebot3_gazebo/share/turtlebot3_gazebo//models/turtlebot3_autorace/traffic_parking/materials/textures/traffic_parking.png
[12.897s] -- Symlinking: /ros_ws/Aruco_tag_localization/install/turtlebot3_gazebo/share/turtlebot3_gazebo//models/turtlebot3_autorace/traffic_parking/model.config
[12.909s] -- Symlinking: /ros_ws/Aruco_tag_localization/install/turtlebot3_gazebo/share/turtlebot3_gazebo//models/turtlebot3_autorace/traffic_parking/model.sdf
[12.918s] -- Symlinking: /ros_ws/Aruco_tag_localization/install/turtlebot3_gazebo/share/turtlebot3_gazebo//models/turtlebot3_autorace/traffic_stop/materials/scripts/traffic_stop.material
[12.930s] -- Symlinking: /ros_ws/Aruco_tag_localization/install/turtlebot3_gazebo/share/turtlebot3_gazebo//models/turtlebot3_autorace/traffic_stop/materials/textures/traffic_stop.png
[12.942s] -- Symlinking: /ros_ws/Aruco_tag_localization/install/turtlebot3_gazebo/share/turtlebot3_gazebo//models/turtlebot3_autorace/traffic_stop/model.config
[12.953s] -- Symlinking: /ros_ws/Aruco_tag_localization/install/turtlebot3_gazebo/share/turtlebot3_gazebo//models/turtlebot3_autorace/traffic_stop/model.sdf
[12.965s] -- Symlinking: /ros_ws/Aruco_tag_localization/install/turtlebot3_gazebo/share/turtlebot3_gazebo//models/turtlebot3_autorace/traffic_tunnel/materials/scripts/tunnel.material
[12.975s] -- Symlinking: /ros_ws/Aruco_tag_localization/install/turtlebot3_gazebo/share/turtlebot3_gazebo//models/turtlebot3_autorace/traffic_tunnel/materials/textures/tunnel.png
[12.989s] -- Symlinking: /ros_ws/Aruco_tag_localization/install/turtlebot3_gazebo/share/turtlebot3_gazebo//models/turtlebot3_autorace/traffic_tunnel/model.config
[12.998s] -- Symlinking: /ros_ws/Aruco_tag_localization/install/turtlebot3_gazebo/share/turtlebot3_gazebo//models/turtlebot3_autorace/traffic_tunnel/model.sdf
[13.012s] -- Symlinking: /ros_ws/Aruco_tag_localization/install/turtlebot3_gazebo/share/turtlebot3_gazebo//models/turtlebot3_autorace/tunnel_obstacles/model.config
[13.022s] -- Symlinking: /ros_ws/Aruco_tag_localization/install/turtlebot3_gazebo/share/turtlebot3_gazebo//models/turtlebot3_autorace/tunnel_obstacles/model.sdf
[13.034s] -- Symlinking: /ros_ws/Aruco_tag_localization/install/turtlebot3_gazebo/share/turtlebot3_gazebo//models/turtlebot3_autorace/tunnel_wall/model.config
[13.046s] -- Symlinking: /ros_ws/Aruco_tag_localization/install/turtlebot3_gazebo/share/turtlebot3_gazebo//models/turtlebot3_autorace/tunnel_wall/model.sdf
[13.057s] -- Symlinking: /ros_ws/Aruco_tag_localization/install/turtlebot3_gazebo/share/turtlebot3_gazebo//models/turtlebot3_burger/meshes/burger_base.dae
[13.068s] -- Symlinking: /ros_ws/Aruco_tag_localization/install/turtlebot3_gazebo/share/turtlebot3_gazebo//models/turtlebot3_burger/meshes/lds.dae
[13.082s] -- Symlinking: /ros_ws/Aruco_tag_localization/install/turtlebot3_gazebo/share/turtlebot3_gazebo//models/turtlebot3_burger/meshes/tire.dae
[13.095s] -- Symlinking: /ros_ws/Aruco_tag_localization/install/turtlebot3_gazebo/share/turtlebot3_gazebo//models/turtlebot3_burger/model-1_4.sdf
[13.108s] -- Symlinking: /ros_ws/Aruco_tag_localization/install/turtlebot3_gazebo/share/turtlebot3_gazebo//models/turtlebot3_burger/model.config
[13.120s] -- Symlinking: /ros_ws/Aruco_tag_localization/install/turtlebot3_gazebo/share/turtlebot3_gazebo//models/turtlebot3_burger/model.sdf
[13.133s] -- Symlinking: /ros_ws/Aruco_tag_localization/install/turtlebot3_gazebo/share/turtlebot3_gazebo//models/turtlebot3_dqn_world/goal_box/model.config
[13.145s] -- Symlinking: /ros_ws/Aruco_tag_localization/install/turtlebot3_gazebo/share/turtlebot3_gazebo//models/turtlebot3_dqn_world/goal_box/model.sdf
[13.158s] -- Symlinking: /ros_ws/Aruco_tag_localization/install/turtlebot3_gazebo/share/turtlebot3_gazebo//models/turtlebot3_dqn_world/inner_walls/model.config
[13.171s] -- Symlinking: /ros_ws/Aruco_tag_localization/install/turtlebot3_gazebo/share/turtlebot3_gazebo//models/turtlebot3_dqn_world/inner_walls/model.sdf
[13.182s] -- Symlinking: /ros_ws/Aruco_tag_localization/install/turtlebot3_gazebo/share/turtlebot3_gazebo//models/turtlebot3_dqn_world/model.config
[13.196s] -- Symlinking: /ros_ws/Aruco_tag_localization/install/turtlebot3_gazebo/share/turtlebot3_gazebo//models/turtlebot3_dqn_world/model.sdf
[13.208s] -- Symlinking: /ros_ws/Aruco_tag_localization/install/turtlebot3_gazebo/share/turtlebot3_gazebo//models/turtlebot3_dqn_world/obstacle1/model.config
[13.221s] -- Symlinking: /ros_ws/Aruco_tag_localization/install/turtlebot3_gazebo/share/turtlebot3_gazebo//models/turtlebot3_dqn_world/obstacle1/model.sdf
[13.233s] -- Symlinking: /ros_ws/Aruco_tag_localization/install/turtlebot3_gazebo/share/turtlebot3_gazebo//models/turtlebot3_dqn_world/obstacle2/model.config
[13.246s] -- Symlinking: /ros_ws/Aruco_tag_localization/install/turtlebot3_gazebo/share/turtlebot3_gazebo//models/turtlebot3_dqn_world/obstacle2/model.sdf
[13.258s] -- Symlinking: /ros_ws/Aruco_tag_localization/install/turtlebot3_gazebo/share/turtlebot3_gazebo//models/turtlebot3_dqn_world/obstacle_plugin/CMakeLists.txt
[13.270s] -- Symlinking: /ros_ws/Aruco_tag_localization/install/turtlebot3_gazebo/share/turtlebot3_gazebo//models/turtlebot3_dqn_world/obstacle_plugin/obstacle1.cc
[13.284s] -- Symlinking: /ros_ws/Aruco_tag_localization/install/turtlebot3_gazebo/share/turtlebot3_gazebo//models/turtlebot3_dqn_world/obstacle_plugin/obstacle2.cc
[13.296s] -- Symlinking: /ros_ws/Aruco_tag_localization/install/turtlebot3_gazebo/share/turtlebot3_gazebo//models/turtlebot3_dqn_world/obstacle_plugin/obstacles.cc
[13.306s] -- Symlinking: /ros_ws/Aruco_tag_localization/install/turtlebot3_gazebo/share/turtlebot3_gazebo//models/turtlebot3_dqn_world/obstacles/model.config
[13.317s] -- Symlinking: /ros_ws/Aruco_tag_localization/install/turtlebot3_gazebo/share/turtlebot3_gazebo//models/turtlebot3_dqn_world/obstacles/model.sdf
[13.327s] -- Symlinking: /ros_ws/Aruco_tag_localization/install/turtlebot3_gazebo/share/turtlebot3_gazebo//models/turtlebot3_house/model.config
[13.336s] -- Symlinking: /ros_ws/Aruco_tag_localization/install/turtlebot3_gazebo/share/turtlebot3_gazebo//models/turtlebot3_house/model.sdf
[13.346s] -- Symlinking: /ros_ws/Aruco_tag_localization/install/turtlebot3_gazebo/share/turtlebot3_gazebo//models/turtlebot3_waffle/meshes/lds.dae
[13.357s] -- Symlinking: /ros_ws/Aruco_tag_localization/install/turtlebot3_gazebo/share/turtlebot3_gazebo//models/turtlebot3_waffle/meshes/r200.dae
[13.368s] -- Symlinking: /ros_ws/Aruco_tag_localization/install/turtlebot3_gazebo/share/turtlebot3_gazebo//models/turtlebot3_waffle/meshes/tire.dae
[13.377s] -- Symlinking: /ros_ws/Aruco_tag_localization/install/turtlebot3_gazebo/share/turtlebot3_gazebo//models/turtlebot3_waffle/meshes/waffle_base.dae
[13.392s] -- Symlinking: /ros_ws/Aruco_tag_localization/install/turtlebot3_gazebo/share/turtlebot3_gazebo//models/turtlebot3_waffle/model-1_4.sdf
[13.402s] -- Symlinking: /ros_ws/Aruco_tag_localization/install/turtlebot3_gazebo/share/turtlebot3_gazebo//models/turtlebot3_waffle/model.config
[13.413s] -- Symlinking: /ros_ws/Aruco_tag_localization/install/turtlebot3_gazebo/share/turtlebot3_gazebo//models/turtlebot3_waffle/model.sdf
[13.423s] -- Symlinking: /ros_ws/Aruco_tag_localization/install/turtlebot3_gazebo/share/turtlebot3_gazebo//models/turtlebot3_waffle_pi/meshes/lds.dae
[13.432s] -- Symlinking: /ros_ws/Aruco_tag_localization/install/turtlebot3_gazebo/share/turtlebot3_gazebo//models/turtlebot3_waffle_pi/meshes/tire.dae
[13.443s] -- Symlinking: /ros_ws/Aruco_tag_localization/install/turtlebot3_gazebo/share/turtlebot3_gazebo//models/turtlebot3_waffle_pi/meshes/waffle_pi_base.dae
[13.454s] -- Symlinking: /ros_ws/Aruco_tag_localization/install/turtlebot3_gazebo/share/turtlebot3_gazebo//models/turtlebot3_waffle_pi/model-1_4_.sdf
[13.466s] -- Symlinking: /ros_ws/Aruco_tag_localization/install/turtlebot3_gazebo/share/turtlebot3_gazebo//models/turtlebot3_waffle_pi/model.config
[13.476s] -- Symlinking: /ros_ws/Aruco_tag_localization/install/turtlebot3_gazebo/share/turtlebot3_gazebo//models/turtlebot3_waffle_pi/model.sdf
[13.489s] -- Symlinking: /ros_ws/Aruco_tag_localization/install/turtlebot3_gazebo/share/turtlebot3_gazebo//models/turtlebot3_world/meshes/hexagon.dae
[13.500s] -- Symlinking: /ros_ws/Aruco_tag_localization/install/turtlebot3_gazebo/share/turtlebot3_gazebo//models/turtlebot3_world/meshes/wall.dae
[13.509s] -- Symlinking: /ros_ws/Aruco_tag_localization/install/turtlebot3_gazebo/share/turtlebot3_gazebo//models/turtlebot3_world/model-1_4.sdf
[13.521s] -- Symlinking: /ros_ws/Aruco_tag_localization/install/turtlebot3_gazebo/share/turtlebot3_gazebo//models/turtlebot3_world/model.config
[13.530s] -- Symlinking: /ros_ws/Aruco_tag_localization/install/turtlebot3_gazebo/share/turtlebot3_gazebo//models/turtlebot3_world/model.sdf
[13.540s] -- Symlinking: /ros_ws/Aruco_tag_localization/install/turtlebot3_gazebo/share/turtlebot3_gazebo//rviz/tb3_gazebo.rviz
[13.559s] -- Symlinking: /ros_ws/Aruco_tag_localization/install/turtlebot3_gazebo/share/turtlebot3_gazebo//worlds/empty_worlds/burger.model
[13.570s] -- Symlinking: /ros_ws/Aruco_tag_localization/install/turtlebot3_gazebo/share/turtlebot3_gazebo//worlds/empty_worlds/waffle.model
[13.583s] -- Symlinking: /ros_ws/Aruco_tag_localization/install/turtlebot3_gazebo/share/turtlebot3_gazebo//worlds/empty_worlds/waffle_pi.model
[13.593s] -- Symlinking: /ros_ws/Aruco_tag_localization/install/turtlebot3_gazebo/share/turtlebot3_gazebo//worlds/turtlebot3_autoraces/burger.model
[13.603s] -- Symlinking: /ros_ws/Aruco_tag_localization/install/turtlebot3_gazebo/share/turtlebot3_gazebo//worlds/turtlebot3_autoraces/waffle.model
[13.612s] -- Symlinking: /ros_ws/Aruco_tag_localization/install/turtlebot3_gazebo/share/turtlebot3_gazebo//worlds/turtlebot3_autoraces/waffle_pi.model
[13.622s] -- Symlinking: /ros_ws/Aruco_tag_localization/install/turtlebot3_gazebo/share/turtlebot3_gazebo//worlds/turtlebot3_dqn_stage1/burger.model
[13.633s] -- Symlinking: /ros_ws/Aruco_tag_localization/install/turtlebot3_gazebo/share/turtlebot3_gazebo//worlds/turtlebot3_dqn_stage1/waffle.model
[13.644s] -- Symlinking: /ros_ws/Aruco_tag_localization/install/turtlebot3_gazebo/share/turtlebot3_gazebo//worlds/turtlebot3_dqn_stage1/waffle_pi.model
[13.655s] -- Symlinking: /ros_ws/Aruco_tag_localization/install/turtlebot3_gazebo/share/turtlebot3_gazebo//worlds/turtlebot3_dqn_stage2/burger.model
[13.665s] -- Symlinking: /ros_ws/Aruco_tag_localization/install/turtlebot3_gazebo/share/turtlebot3_gazebo//worlds/turtlebot3_dqn_stage2/waffle.model
[13.675s] -- Symlinking: /ros_ws/Aruco_tag_localization/install/turtlebot3_gazebo/share/turtlebot3_gazebo//worlds/turtlebot3_dqn_stage2/waffle_pi.model
[13.688s] -- Symlinking: /ros_ws/Aruco_tag_localization/install/turtlebot3_gazebo/share/turtlebot3_gazebo//worlds/turtlebot3_dqn_stage3/burger.model
[13.699s] -- Symlinking: /ros_ws/Aruco_tag_localization/install/turtlebot3_gazebo/share/turtlebot3_gazebo//worlds/turtlebot3_dqn_stage3/waffle.model
[13.708s] -- Symlinking: /ros_ws/Aruco_tag_localization/install/turtlebot3_gazebo/share/turtlebot3_gazebo//worlds/turtlebot3_dqn_stage3/waffle_pi.model
[13.720s] -- Symlinking: /ros_ws/Aruco_tag_localization/install/turtlebot3_gazebo/share/turtlebot3_gazebo//worlds/turtlebot3_dqn_stage4/burger.model
[13.729s] -- Symlinking: /ros_ws/Aruco_tag_localization/install/turtlebot3_gazebo/share/turtlebot3_gazebo//worlds/turtlebot3_dqn_stage4/waffle.model
[13.740s] -- Symlinking: /ros_ws/Aruco_tag_localization/install/turtlebot3_gazebo/share/turtlebot3_gazebo//worlds/turtlebot3_dqn_stage4/waffle_pi.model
[13.750s] -- Symlinking: /ros_ws/Aruco_tag_localization/install/turtlebot3_gazebo/share/turtlebot3_gazebo//worlds/turtlebot3_houses/burger.model
[13.761s] -- Symlinking: /ros_ws/Aruco_tag_localization/install/turtlebot3_gazebo/share/turtlebot3_gazebo//worlds/turtlebot3_houses/waffle.model
[13.770s] -- Symlinking: /ros_ws/Aruco_tag_localization/install/turtlebot3_gazebo/share/turtlebot3_gazebo//worlds/turtlebot3_houses/waffle_pi.model
[13.780s] -- Symlinking: /ros_ws/Aruco_tag_localization/install/turtlebot3_gazebo/share/turtlebot3_gazebo//worlds/turtlebot3_worlds/burger.model
[13.790s] -- Symlinking: /ros_ws/Aruco_tag_localization/install/turtlebot3_gazebo/share/turtlebot3_gazebo//worlds/turtlebot3_worlds/waffle.model
[13.800s] -- Symlinking: /ros_ws/Aruco_tag_localization/install/turtlebot3_gazebo/share/turtlebot3_gazebo//worlds/turtlebot3_worlds/waffle_pi.model
[13.812s] -- Symlinking: /ros_ws/Aruco_tag_localization/install/turtlebot3_gazebo/include//turtlebot3_gazebo/turtlebot3_drive.hpp
[13.821s] -- Symlinking: /ros_ws/Aruco_tag_localization/install/turtlebot3_gazebo/share/ament_index/resource_index/package_run_dependencies/turtlebot3_gazebo
[13.832s] -- Symlinking: /ros_ws/Aruco_tag_localization/install/turtlebot3_gazebo/share/ament_index/resource_index/parent_prefix_path/turtlebot3_gazebo
[13.841s] -- Symlinking: /ros_ws/Aruco_tag_localization/install/turtlebot3_gazebo/share/turtlebot3_gazebo/environment/ament_prefix_path.sh
[13.851s] -- Symlinking: /ros_ws/Aruco_tag_localization/install/turtlebot3_gazebo/share/turtlebot3_gazebo/environment/ament_prefix_path.dsv
[13.861s] -- Symlinking: /ros_ws/Aruco_tag_localization/install/turtlebot3_gazebo/share/turtlebot3_gazebo/environment/path.sh
[13.870s] -- Symlinking: /ros_ws/Aruco_tag_localization/install/turtlebot3_gazebo/share/turtlebot3_gazebo/environment/path.dsv
[13.882s] -- Symlinking: /ros_ws/Aruco_tag_localization/install/turtlebot3_gazebo/share/turtlebot3_gazebo/local_setup.bash
[13.892s] -- Symlinking: /ros_ws/Aruco_tag_localization/install/turtlebot3_gazebo/share/turtlebot3_gazebo/local_setup.sh
[13.901s] -- Symlinking: /ros_ws/Aruco_tag_localization/install/turtlebot3_gazebo/share/turtlebot3_gazebo/local_setup.zsh
[13.910s] -- Symlinking: /ros_ws/Aruco_tag_localization/install/turtlebot3_gazebo/share/turtlebot3_gazebo/local_setup.dsv
[13.920s] -- Symlinking: /ros_ws/Aruco_tag_localization/install/turtlebot3_gazebo/share/turtlebot3_gazebo/package.dsv
[13.928s] -- Symlinking: /ros_ws/Aruco_tag_localization/install/turtlebot3_gazebo/share/ament_index/resource_index/packages/turtlebot3_gazebo
[13.938s] -- Symlinking: /ros_ws/Aruco_tag_localization/install/turtlebot3_gazebo/share/turtlebot3_gazebo/cmake/ament_cmake_export_include_directories-extras.cmake
[13.947s] -- Symlinking: /ros_ws/Aruco_tag_localization/install/turtlebot3_gazebo/share/turtlebot3_gazebo/cmake/ament_cmake_export_dependencies-extras.cmake
[13.957s] -- Symlinking: /ros_ws/Aruco_tag_localization/install/turtlebot3_gazebo/share/turtlebot3_gazebo/cmake/turtlebot3_gazeboConfig.cmake
[13.965s] -- Symlinking: /ros_ws/Aruco_tag_localization/install/turtlebot3_gazebo/share/turtlebot3_gazebo/cmake/turtlebot3_gazeboConfig-version.cmake
[13.975s] -- Symlinking: /ros_ws/Aruco_tag_localization/install/turtlebot3_gazebo/share/turtlebot3_gazebo/package.xml
[13.990s] Invoked command in '/ros_ws/Aruco_tag_localization/build/turtlebot3_gazebo' returned '0': AMENT_PREFIX_PATH=/ros_ws/Aruco_tag_localization/install/turtlebot3_description:${AMENT_PREFIX_PATH} CMAKE_PREFIX_PATH=/ros_ws/Aruco_tag_localization/install/turtlebot3_description:/opt/ros/foxy /usr/bin/cmake --install /ros_ws/Aruco_tag_localization/build/turtlebot3_gazebo
