[2.225s] Invoking command in '/ros_ws/joy_motion_ws/ros2_ws/build/examples_rclpy_minimal_service': PYTHONPATH=/ros_ws/joy_motion_ws/ros2_ws/build/examples_rclpy_minimal_service/prefix_override:/usr/lib/python3/dist-packages/colcon_core/task/python/colcon_distutils_commands:/ros_ws/joy_motion_ws/ros2_ws/install/examples_rclpy_minimal_service/lib/python3.8/site-packages:${PYTHONPATH} /usr/bin/python3 -W ignore:setup.py install is deprecated -W ignore:easy_install command is deprecated setup.py develop --editable --build-directory /ros_ws/joy_motion_ws/ros2_ws/build/examples_rclpy_minimal_service/build --no-deps symlink_data
[3.012s] running develop
[3.012s] running egg_info
[3.012s] creating examples_rclpy_minimal_service.egg-info
[3.012s] writing examples_rclpy_minimal_service.egg-info/PKG-INFO
[3.012s] writing dependency_links to examples_rclpy_minimal_service.egg-info/dependency_links.txt
[3.013s] writing entry points to examples_rclpy_minimal_service.egg-info/entry_points.txt
[3.013s] writing requirements to examples_rclpy_minimal_service.egg-info/requires.txt
[3.013s] writing top-level names to examples_rclpy_minimal_service.egg-info/top_level.txt
[3.013s] writing manifest file 'examples_rclpy_minimal_service.egg-info/SOURCES.txt'
[3.013s] reading manifest file 'examples_rclpy_minimal_service.egg-info/SOURCES.txt'
[3.013s] writing manifest file 'examples_rclpy_minimal_service.egg-info/SOURCES.txt'
[3.055s] running build_ext
[3.055s] Creating /ros_ws/joy_motion_ws/ros2_ws/install/examples_rclpy_minimal_service/lib/python3.8/site-packages/site.py
[3.058s] Creating /ros_ws/joy_motion_ws/ros2_ws/install/examples_rclpy_minimal_service/lib/python3.8/site-packages/examples-rclpy-minimal-service.egg-link (link to .)
[3.059s] Installing service script to /ros_ws/joy_motion_ws/ros2_ws/install/examples_rclpy_minimal_service/lib/examples_rclpy_minimal_service
[3.060s] Installing service_member_function script to /ros_ws/joy_motion_ws/ros2_ws/install/examples_rclpy_minimal_service/lib/examples_rclpy_minimal_service
[3.060s] 
[3.060s] Installed /ros_ws/joy_motion_ws/ros2_ws/build/examples_rclpy_minimal_service
[3.060s] running symlink_data
[3.066s] creating /ros_ws/joy_motion_ws/ros2_ws/install/examples_rclpy_minimal_service/share/ament_index
[3.066s] creating /ros_ws/joy_motion_ws/ros2_ws/install/examples_rclpy_minimal_service/share/ament_index/resource_index
[3.066s] creating /ros_ws/joy_motion_ws/ros2_ws/install/examples_rclpy_minimal_service/share/ament_index/resource_index/packages
[3.066s] symbolically linking /ros_ws/joy_motion_ws/ros2_ws/build/examples_rclpy_minimal_service/resource/examples_rclpy_minimal_service -> /ros_ws/joy_motion_ws/ros2_ws/install/examples_rclpy_minimal_service/share/ament_index/resource_index/packages
[3.066s] symbolically linking /ros_ws/joy_motion_ws/ros2_ws/build/examples_rclpy_minimal_service/package.xml -> /ros_ws/joy_motion_ws/ros2_ws/install/examples_rclpy_minimal_service/share/examples_rclpy_minimal_service
[3.134s] Invoked command in '/ros_ws/joy_motion_ws/ros2_ws/build/examples_rclpy_minimal_service' returned '0': PYTHONPATH=/ros_ws/joy_motion_ws/ros2_ws/build/examples_rclpy_minimal_service/prefix_override:/usr/lib/python3/dist-packages/colcon_core/task/python/colcon_distutils_commands:/ros_ws/joy_motion_ws/ros2_ws/install/examples_rclpy_minimal_service/lib/python3.8/site-packages:${PYTHONPATH} /usr/bin/python3 -W ignore:setup.py install is deprecated -W ignore:easy_install command is deprecated setup.py develop --editable --build-directory /ros_ws/joy_motion_ws/ros2_ws/build/examples_rclpy_minimal_service/build --no-deps symlink_data
