[1.568s] Invoking command in '/ros_ws/joy_motion_ws/ros2_ws/build/examples_rclpy_minimal_client': PYTHONPATH=/ros_ws/joy_motion_ws/ros2_ws/build/examples_rclpy_minimal_client/prefix_override:/usr/lib/python3/dist-packages/colcon_core/task/python/colcon_distutils_commands:/ros_ws/joy_motion_ws/ros2_ws/install/examples_rclpy_minimal_client/lib/python3.8/site-packages:${PYTHONPATH} /usr/bin/python3 -W ignore:setup.py install is deprecated -W ignore:easy_install command is deprecated setup.py develop --editable --build-directory /ros_ws/joy_motion_ws/ros2_ws/build/examples_rclpy_minimal_client/build --no-deps symlink_data
[1.724s] running develop
[1.791s] running egg_info
[1.791s] writing examples_rclpy_minimal_client.egg-info/PKG-INFO
[1.791s] writing dependency_links to examples_rclpy_minimal_client.egg-info/dependency_links.txt
[1.791s] writing entry points to examples_rclpy_minimal_client.egg-info/entry_points.txt
[1.791s] writing requirements to examples_rclpy_minimal_client.egg-info/requires.txt
[1.791s] writing top-level names to examples_rclpy_minimal_client.egg-info/top_level.txt
[1.810s] reading manifest file 'examples_rclpy_minimal_client.egg-info/SOURCES.txt'
[1.810s] writing manifest file 'examples_rclpy_minimal_client.egg-info/SOURCES.txt'
[1.830s] running build_ext
[1.831s] Creating /ros_ws/joy_motion_ws/ros2_ws/install/examples_rclpy_minimal_client/lib/python3.8/site-packages/examples-rclpy-minimal-client.egg-link (link to .)
[1.831s] Installing client script to /ros_ws/joy_motion_ws/ros2_ws/install/examples_rclpy_minimal_client/lib/examples_rclpy_minimal_client
[1.832s] Installing client_async script to /ros_ws/joy_motion_ws/ros2_ws/install/examples_rclpy_minimal_client/lib/examples_rclpy_minimal_client
[1.832s] Installing client_async_callback script to /ros_ws/joy_motion_ws/ros2_ws/install/examples_rclpy_minimal_client/lib/examples_rclpy_minimal_client
[1.832s] Installing client_async_member_function script to /ros_ws/joy_motion_ws/ros2_ws/install/examples_rclpy_minimal_client/lib/examples_rclpy_minimal_client
[1.832s] 
[1.832s] Installed /ros_ws/joy_motion_ws/ros2_ws/build/examples_rclpy_minimal_client
[1.832s] running symlink_data
[1.848s] Invoked command in '/ros_ws/joy_motion_ws/ros2_ws/build/examples_rclpy_minimal_client' returned '0': PYTHONPATH=/ros_ws/joy_motion_ws/ros2_ws/build/examples_rclpy_minimal_client/prefix_override:/usr/lib/python3/dist-packages/colcon_core/task/python/colcon_distutils_commands:/ros_ws/joy_motion_ws/ros2_ws/install/examples_rclpy_minimal_client/lib/python3.8/site-packages:${PYTHONPATH} /usr/bin/python3 -W ignore:setup.py install is deprecated -W ignore:easy_install command is deprecated setup.py develop --editable --build-directory /ros_ws/joy_motion_ws/ros2_ws/build/examples_rclpy_minimal_client/build --no-deps symlink_data
