[2.225s] Invoking command in '/ros_ws/joy_motion_ws/ros2_ws/build/examples_rclpy_minimal_action_client': PYTHONPATH=/ros_ws/joy_motion_ws/ros2_ws/build/examples_rclpy_minimal_action_client/prefix_override:/usr/lib/python3/dist-packages/colcon_core/task/python/colcon_distutils_commands:/ros_ws/joy_motion_ws/ros2_ws/install/examples_rclpy_minimal_action_client/lib/python3.8/site-packages:${PYTHONPATH} /usr/bin/python3 -W ignore:setup.py install is deprecated -W ignore:easy_install command is deprecated setup.py develop --editable --build-directory /ros_ws/joy_motion_ws/ros2_ws/build/examples_rclpy_minimal_action_client/build --no-deps symlink_data
[2.985s] running develop
[2.985s] running egg_info
[2.985s] creating examples_rclpy_minimal_action_client.egg-info
[2.985s] writing examples_rclpy_minimal_action_client.egg-info/PKG-INFO
[2.985s] writing dependency_links to examples_rclpy_minimal_action_client.egg-info/dependency_links.txt
[2.985s] writing entry points to examples_rclpy_minimal_action_client.egg-info/entry_points.txt
[2.985s] writing requirements to examples_rclpy_minimal_action_client.egg-info/requires.txt
[2.985s] writing top-level names to examples_rclpy_minimal_action_client.egg-info/top_level.txt
[2.985s] writing manifest file 'examples_rclpy_minimal_action_client.egg-info/SOURCES.txt'
[3.006s] reading manifest file 'examples_rclpy_minimal_action_client.egg-info/SOURCES.txt'
[3.011s] writing manifest file 'examples_rclpy_minimal_action_client.egg-info/SOURCES.txt'
[3.103s] running build_ext
[3.103s] Creating /ros_ws/joy_motion_ws/ros2_ws/install/examples_rclpy_minimal_action_client/lib/python3.8/site-packages/site.py
[3.110s] Creating /ros_ws/joy_motion_ws/ros2_ws/install/examples_rclpy_minimal_action_client/lib/python3.8/site-packages/examples-rclpy-minimal-action-client.egg-link (link to .)
[3.111s] Installing client script to /ros_ws/joy_motion_ws/ros2_ws/install/examples_rclpy_minimal_action_client/lib/examples_rclpy_minimal_action_client
[3.111s] Installing client_cancel script to /ros_ws/joy_motion_ws/ros2_ws/install/examples_rclpy_minimal_action_client/lib/examples_rclpy_minimal_action_client
[3.111s] Installing client_not_composable script to /ros_ws/joy_motion_ws/ros2_ws/install/examples_rclpy_minimal_action_client/lib/examples_rclpy_minimal_action_client
[3.111s] 
[3.111s] Installed /ros_ws/joy_motion_ws/ros2_ws/build/examples_rclpy_minimal_action_client
[3.111s] running symlink_data
[3.112s] creating /ros_ws/joy_motion_ws/ros2_ws/install/examples_rclpy_minimal_action_client/share/ament_index
[3.112s] creating /ros_ws/joy_motion_ws/ros2_ws/install/examples_rclpy_minimal_action_client/share/ament_index/resource_index
[3.112s] creating /ros_ws/joy_motion_ws/ros2_ws/install/examples_rclpy_minimal_action_client/share/ament_index/resource_index/packages
[3.115s] symbolically linking /ros_ws/joy_motion_ws/ros2_ws/build/examples_rclpy_minimal_action_client/resource/examples_rclpy_minimal_action_client -> /ros_ws/joy_motion_ws/ros2_ws/install/examples_rclpy_minimal_action_client/share/ament_index/resource_index/packages
[3.116s] symbolically linking /ros_ws/joy_motion_ws/ros2_ws/build/examples_rclpy_minimal_action_client/package.xml -> /ros_ws/joy_motion_ws/ros2_ws/install/examples_rclpy_minimal_action_client/share/examples_rclpy_minimal_action_client
[3.213s] Invoked command in '/ros_ws/joy_motion_ws/ros2_ws/build/examples_rclpy_minimal_action_client' returned '0': PYTHONPATH=/ros_ws/joy_motion_ws/ros2_ws/build/examples_rclpy_minimal_action_client/prefix_override:/usr/lib/python3/dist-packages/colcon_core/task/python/colcon_distutils_commands:/ros_ws/joy_motion_ws/ros2_ws/install/examples_rclpy_minimal_action_client/lib/python3.8/site-packages:${PYTHONPATH} /usr/bin/python3 -W ignore:setup.py install is deprecated -W ignore:easy_install command is deprecated setup.py develop --editable --build-directory /ros_ws/joy_motion_ws/ros2_ws/build/examples_rclpy_minimal_action_client/build --no-deps symlink_data
