[0.071s] Invoking command in '/ros_ws/joy_motion_ws/ros2_ws/build/examples_rclcpp_minimal_publisher': CMAKE_PREFIX_PATH=/opt/ros/foxy /usr/bin/cmake /ros_ws/joy_motion_ws/ros2_ws/src/src/examples/rclcpp/topics/minimal_publisher -DAMENT_CMAKE_SYMLINK_INSTALL=1 -DCMAKE_INSTALL_PREFIX=/ros_ws/joy_motion_ws/ros2_ws/install/examples_rclcpp_minimal_publisher
[1.363s] -- The C compiler identification is GNU 9.4.0
[1.363s] -- The CXX compiler identification is GNU 9.4.0
[1.363s] -- Check for working C compiler: /usr/bin/cc
[1.363s] -- Check for working C compiler: /usr/bin/cc -- works
[1.363s] -- Detecting C compiler ABI info
[1.363s] -- Detecting C compiler ABI info - done
[1.363s] -- Detecting C compile features
[1.363s] -- Detecting C compile features - done
[1.364s] -- Check for working CXX compiler: /usr/bin/c++
[1.364s] -- Check for working CXX compiler: /usr/bin/c++ -- works
[1.364s] -- Detecting CXX compiler ABI info
[1.364s] -- Detecting CXX compiler ABI info - done
[1.364s] -- Detecting CXX compile features
[1.364s] -- Detecting CXX compile features - done
[1.364s] -- Found ament_cmake: 0.9.12 (/opt/ros/foxy/share/ament_cmake/cmake)
[1.364s] -- Found PythonInterp: /usr/bin/python3 (found suitable version "3.8.10", minimum required is "3") 
[1.364s] -- Using PYTHON_EXECUTABLE: /usr/bin/python3
[1.364s] -- Override CMake install command with custom implementation using symlinks instead of copying resources
[1.364s] -- Found rclcpp: 2.4.3 (/opt/ros/foxy/share/rclcpp/cmake)
[1.364s] -- Using all available rosidl_typesupport_c: rosidl_typesupport_fastrtps_c;rosidl_typesupport_introspection_c
[1.364s] -- Found rosidl_adapter: 1.3.1 (/opt/ros/foxy/share/rosidl_adapter/cmake)
[1.364s] -- Found OpenSSL: /usr/lib/x86_64-linux-gnu/libcrypto.so (found version "1.1.1f")  
[1.364s] -- Found FastRTPS: /opt/ros/foxy/include  
[1.364s] -- Using all available rosidl_typesupport_cpp: rosidl_typesupport_fastrtps_cpp;rosidl_typesupport_introspection_cpp
[1.364s] -- Found rmw_implementation_cmake: 1.0.4 (/opt/ros/foxy/share/rmw_implementation_cmake/cmake)
[1.364s] -- Using RMW implementation 'rmw_fastrtps_cpp' as default
[1.364s] -- Looking for pthread.h
[1.364s] -- Looking for pthread.h - found
[1.364s] -- Performing Test CMAKE_HAVE_LIBC_PTHREAD
[1.364s] -- Performing Test CMAKE_HAVE_LIBC_PTHREAD - Failed
[1.364s] -- Looking for pthread_create in pthreads
[1.364s] -- Looking for pthread_create in pthreads - not found
[1.364s] -- Looking for pthread_create in pthread
[1.364s] -- Looking for pthread_create in pthread - found
[1.364s] -- Found Threads: TRUE  
[1.364s] -- Found ament_lint_auto: 0.9.8 (/opt/ros/foxy/share/ament_lint_auto/cmake)
[1.364s] -- Added test 'copyright' to check source files copyright and LICENSE
[1.364s] -- Added test 'cppcheck' to perform static code analysis on C / C++ code
[1.364s] -- Configured cppcheck include dirs: 
[1.364s] -- Configured cppcheck exclude dirs and/or files: 
[1.364s] -- Added test 'cpplint' to check C / C++ code against the Google style
[1.364s] -- Configured cpplint exclude dirs and/or files: 
[1.364s] -- Added test 'lint_cmake' to check CMake code style
[1.364s] -- Added test 'uncrustify' to check C / C++ code style
[1.365s] -- Configured uncrustify additional arguments: 
[1.365s] -- Added test 'xmllint' to check XML markup files
[1.365s] -- Configuring done
[1.365s] -- Generating done
[1.365s] -- Build files have been written to: /ros_ws/joy_motion_ws/ros2_ws/build/examples_rclcpp_minimal_publisher
[1.384s] Invoked command in '/ros_ws/joy_motion_ws/ros2_ws/build/examples_rclcpp_minimal_publisher' returned '0': CMAKE_PREFIX_PATH=/opt/ros/foxy /usr/bin/cmake /ros_ws/joy_motion_ws/ros2_ws/src/src/examples/rclcpp/topics/minimal_publisher -DAMENT_CMAKE_SYMLINK_INSTALL=1 -DCMAKE_INSTALL_PREFIX=/ros_ws/joy_motion_ws/ros2_ws/install/examples_rclcpp_minimal_publisher
[1.385s] Invoking command in '/ros_ws/joy_motion_ws/ros2_ws/build/examples_rclcpp_minimal_publisher': CMAKE_PREFIX_PATH=/opt/ros/foxy /usr/bin/cmake --build /ros_ws/joy_motion_ws/ros2_ws/build/examples_rclcpp_minimal_publisher -- -j20 -l20
[1.400s] [35m[1mScanning dependencies of target publisher_member_function[0m
[1.400s] [35m[1mScanning dependencies of target publisher_lambda[0m
[1.400s] [35m[1mScanning dependencies of target publisher_not_composable[0m
[1.511s] [ 16%] [32mBuilding CXX object CMakeFiles/publisher_not_composable.dir/not_composable.cpp.o[0m
[1.516s] [ 33%] [32mBuilding CXX object CMakeFiles/publisher_lambda.dir/lambda.cpp.o[0m
[1.517s] [ 50%] [32mBuilding CXX object CMakeFiles/publisher_member_function.dir/member_function.cpp.o[0m
[4.799s] [ 66%] [32m[1mLinking CXX executable publisher_not_composable[0m
[4.911s] [ 66%] Built target publisher_not_composable
[5.084s] [ 83%] [32m[1mLinking CXX executable publisher_member_function[0m
[5.207s] [ 83%] Built target publisher_member_function
[5.286s] [100%] [32m[1mLinking CXX executable publisher_lambda[0m
[5.395s] [100%] Built target publisher_lambda
[5.406s] Invoked command in '/ros_ws/joy_motion_ws/ros2_ws/build/examples_rclcpp_minimal_publisher' returned '0': CMAKE_PREFIX_PATH=/opt/ros/foxy /usr/bin/cmake --build /ros_ws/joy_motion_ws/ros2_ws/build/examples_rclcpp_minimal_publisher -- -j20 -l20
[5.410s] Invoking command in '/ros_ws/joy_motion_ws/ros2_ws/build/examples_rclcpp_minimal_publisher': CMAKE_PREFIX_PATH=/opt/ros/foxy /usr/bin/cmake --install /ros_ws/joy_motion_ws/ros2_ws/build/examples_rclcpp_minimal_publisher
[5.417s] -- Install configuration: ""
[5.417s] -- Execute custom install script
[5.418s] -- Symlinking: /ros_ws/joy_motion_ws/ros2_ws/install/examples_rclcpp_minimal_publisher/lib/examples_rclcpp_minimal_publisher/publisher_lambda
[5.425s] -- Symlinking: /ros_ws/joy_motion_ws/ros2_ws/install/examples_rclcpp_minimal_publisher/lib/examples_rclcpp_minimal_publisher/publisher_member_function
[5.433s] -- Symlinking: /ros_ws/joy_motion_ws/ros2_ws/install/examples_rclcpp_minimal_publisher/lib/examples_rclcpp_minimal_publisher/publisher_not_composable
[5.440s] -- Symlinking: /ros_ws/joy_motion_ws/ros2_ws/install/examples_rclcpp_minimal_publisher/share/ament_index/resource_index/package_run_dependencies/examples_rclcpp_minimal_publisher
[5.449s] -- Symlinking: /ros_ws/joy_motion_ws/ros2_ws/install/examples_rclcpp_minimal_publisher/share/ament_index/resource_index/parent_prefix_path/examples_rclcpp_minimal_publisher
[5.456s] -- Symlinking: /ros_ws/joy_motion_ws/ros2_ws/install/examples_rclcpp_minimal_publisher/share/examples_rclcpp_minimal_publisher/environment/ament_prefix_path.sh
[5.464s] -- Symlinking: /ros_ws/joy_motion_ws/ros2_ws/install/examples_rclcpp_minimal_publisher/share/examples_rclcpp_minimal_publisher/environment/ament_prefix_path.dsv
[5.472s] -- Symlinking: /ros_ws/joy_motion_ws/ros2_ws/install/examples_rclcpp_minimal_publisher/share/examples_rclcpp_minimal_publisher/environment/path.sh
[5.479s] -- Symlinking: /ros_ws/joy_motion_ws/ros2_ws/install/examples_rclcpp_minimal_publisher/share/examples_rclcpp_minimal_publisher/environment/path.dsv
[5.487s] -- Symlinking: /ros_ws/joy_motion_ws/ros2_ws/install/examples_rclcpp_minimal_publisher/share/examples_rclcpp_minimal_publisher/local_setup.bash
[5.496s] -- Symlinking: /ros_ws/joy_motion_ws/ros2_ws/install/examples_rclcpp_minimal_publisher/share/examples_rclcpp_minimal_publisher/local_setup.sh
[5.503s] -- Symlinking: /ros_ws/joy_motion_ws/ros2_ws/install/examples_rclcpp_minimal_publisher/share/examples_rclcpp_minimal_publisher/local_setup.zsh
[5.511s] -- Symlinking: /ros_ws/joy_motion_ws/ros2_ws/install/examples_rclcpp_minimal_publisher/share/examples_rclcpp_minimal_publisher/local_setup.dsv
[5.518s] -- Symlinking: /ros_ws/joy_motion_ws/ros2_ws/install/examples_rclcpp_minimal_publisher/share/examples_rclcpp_minimal_publisher/package.dsv
[5.527s] -- Symlinking: /ros_ws/joy_motion_ws/ros2_ws/install/examples_rclcpp_minimal_publisher/share/ament_index/resource_index/packages/examples_rclcpp_minimal_publisher
[5.536s] -- Symlinking: /ros_ws/joy_motion_ws/ros2_ws/install/examples_rclcpp_minimal_publisher/share/examples_rclcpp_minimal_publisher/cmake/examples_rclcpp_minimal_publisherConfig.cmake
[5.544s] -- Symlinking: /ros_ws/joy_motion_ws/ros2_ws/install/examples_rclcpp_minimal_publisher/share/examples_rclcpp_minimal_publisher/cmake/examples_rclcpp_minimal_publisherConfig-version.cmake
[5.550s] -- Symlinking: /ros_ws/joy_motion_ws/ros2_ws/install/examples_rclcpp_minimal_publisher/share/examples_rclcpp_minimal_publisher/package.xml
[5.561s] Invoked command in '/ros_ws/joy_motion_ws/ros2_ws/build/examples_rclcpp_minimal_publisher' returned '0': CMAKE_PREFIX_PATH=/opt/ros/foxy /usr/bin/cmake --install /ros_ws/joy_motion_ws/ros2_ws/build/examples_rclcpp_minimal_publisher
