-- Found ament_cmake: 0.9.12 (/opt/ros/foxy/share/ament_cmake/cmake)
-- Found PythonInterp: /usr/bin/python3 (found suitable version "3.8.10", minimum required is "3") 
-- Using PYTHON_EXECUTABLE: /usr/bin/python3
-- Override CMake install command with custom implementation using symlinks instead of copying resources
-- Configuring done
-- Generating done
-- Build files have been written to: /ros_ws/Aruco_tag_localization/build/turtlebot3_cartographer
-- Install configuration: ""
-- Execute custom install script
-- Symlinking: /ros_ws/Aruco_tag_localization/install/turtlebot3_cartographer/share/turtlebot3_cartographer/config/turtlebot3_lds_2d.lua
-- Symlinking: /ros_ws/Aruco_tag_localization/install/turtlebot3_cartographer/share/turtlebot3_cartographer/launch/cartographer.launch.py
-- Symlinking: /ros_ws/Aruco_tag_localization/install/turtlebot3_cartographer/share/turtlebot3_cartographer/launch/occupancy_grid.launch.py
-- Symlinking: /ros_ws/Aruco_tag_localization/install/turtlebot3_cartographer/share/turtlebot3_cartographer/rviz/tb3_cartographer.rviz
-- Symlinking: /ros_ws/Aruco_tag_localization/install/turtlebot3_cartographer/share/ament_index/resource_index/package_run_dependencies/turtlebot3_cartographer
-- Symlinking: /ros_ws/Aruco_tag_localization/install/turtlebot3_cartographer/share/ament_index/resource_index/parent_prefix_path/turtlebot3_cartographer
-- Symlinking: /ros_ws/Aruco_tag_localization/install/turtlebot3_cartographer/share/turtlebot3_cartographer/environment/ament_prefix_path.sh
-- Symlinking: /ros_ws/Aruco_tag_localization/install/turtlebot3_cartographer/share/turtlebot3_cartographer/environment/ament_prefix_path.dsv
-- Symlinking: /ros_ws/Aruco_tag_localization/install/turtlebot3_cartographer/share/turtlebot3_cartographer/environment/path.sh
-- Symlinking: /ros_ws/Aruco_tag_localization/install/turtlebot3_cartographer/share/turtlebot3_cartographer/environment/path.dsv
-- Symlinking: /ros_ws/Aruco_tag_localization/install/turtlebot3_cartographer/share/turtlebot3_cartographer/local_setup.bash
-- Symlinking: /ros_ws/Aruco_tag_localization/install/turtlebot3_cartographer/share/turtlebot3_cartographer/local_setup.sh
-- Symlinking: /ros_ws/Aruco_tag_localization/install/turtlebot3_cartographer/share/turtlebot3_cartographer/local_setup.zsh
-- Symlinking: /ros_ws/Aruco_tag_localization/install/turtlebot3_cartographer/share/turtlebot3_cartographer/local_setup.dsv
-- Symlinking: /ros_ws/Aruco_tag_localization/install/turtlebot3_cartographer/share/turtlebot3_cartographer/package.dsv
-- Symlinking: /ros_ws/Aruco_tag_localization/install/turtlebot3_cartographer/share/ament_index/resource_index/packages/turtlebot3_cartographer
-- Symlinking: /ros_ws/Aruco_tag_localization/install/turtlebot3_cartographer/share/turtlebot3_cartographer/cmake/turtlebot3_cartographerConfig.cmake
-- Symlinking: /ros_ws/Aruco_tag_localization/install/turtlebot3_cartographer/share/turtlebot3_cartographer/cmake/turtlebot3_cartographerConfig-version.cmake
-- Symlinking: /ros_ws/Aruco_tag_localization/install/turtlebot3_cartographer/share/turtlebot3_cartographer/package.xml
