[0.018s] Invoking command in '/ros_ws/Aruco_tag_localization/build/turtlebot3_description': /usr/bin/cmake /ros_ws/Aruco_tag_localization/src/turtlebot3/turtlebot3_description -DAMENT_CMAKE_SYMLINK_INSTALL=1 -DCMAKE_INSTALL_PREFIX=/ros_ws/Aruco_tag_localization/install/turtlebot3_description
[0.072s] -- The C compiler identification is GNU 9.4.0
[0.118s] -- The CXX compiler identification is GNU 9.4.0
[0.122s] -- Check for working C compiler: /usr/bin/cc
[0.190s] -- Check for working C compiler: /usr/bin/cc -- works
[0.191s] -- Detecting C compiler ABI info
[0.256s] -- Detecting C compiler ABI info - done
[0.266s] -- Detecting C compile features
[0.266s] -- Detecting C compile features - done
[0.269s] -- Check for working CXX compiler: /usr/bin/c++
[0.342s] -- Check for working CXX compiler: /usr/bin/c++ -- works
[0.343s] -- Detecting CXX compiler ABI info
[0.420s] -- Detecting CXX compiler ABI info - done
[0.432s] -- Detecting CXX compile features
[0.432s] -- Detecting CXX compile features - done
[0.443s] CMake Error at CMakeLists.txt:18 (find_package):
[0.443s]   By not providing "Findament_cmake.cmake" in CMAKE_MODULE_PATH this project
[0.443s]   has asked CMake to find a package configuration file provided by
[0.443s]   "ament_cmake", but CMake did not find one.
[0.444s] 
[0.444s]   Could not find a package configuration file provided by "ament_cmake" with
[0.444s]   any of the following names:
[0.444s] 
[0.444s]     ament_cmakeConfig.cmake
[0.444s]     ament_cmake-config.cmake
[0.444s] 
[0.444s]   Add the installation prefix of "ament_cmake" to CMAKE_PREFIX_PATH or set
[0.444s]   "ament_cmake_DIR" to a directory containing one of the above files.  If
[0.444s]   "ament_cmake" provides a separate development package or SDK, be sure it
[0.444s]   has been installed.
[0.444s] 
[0.444s] 
[0.444s] -- Configuring incomplete, errors occurred!
[0.444s] See also "/ros_ws/Aruco_tag_localization/build/turtlebot3_description/CMakeFiles/CMakeOutput.log".
[0.447s] Invoked command in '/ros_ws/Aruco_tag_localization/build/turtlebot3_description' returned '1': /usr/bin/cmake /ros_ws/Aruco_tag_localization/src/turtlebot3/turtlebot3_description -DAMENT_CMAKE_SYMLINK_INSTALL=1 -DCMAKE_INSTALL_PREFIX=/ros_ws/Aruco_tag_localization/install/turtlebot3_description
