[0.114s] Invoking command in '/ros_ws/joy_motion_ws/ros2_ws/build/examples_rclcpp_multithreaded_executor': CMAKE_PREFIX_PATH=${CMAKE_PREFIX_PATH}:/ros_ws/joy_motion_ws/ros2_ws/install/ros1_to_ros2_package:/ros_ws/joy_motion_ws/ros2_ws/install/joy_to_motion:/ros_ws/joy_motion_ws/ros2_ws/install/examples_rclpy_minimal_subscriber:/ros_ws/joy_motion_ws/ros2_ws/install/examples_rclpy_minimal_service:/ros_ws/joy_motion_ws/ros2_ws/install/examples_rclpy_minimal_publisher:/ros_ws/joy_motion_ws/ros2_ws/install/examples_rclpy_minimal_client:/ros_ws/joy_motion_ws/ros2_ws/install/examples_rclpy_minimal_action_server:/ros_ws/joy_motion_ws/ros2_ws/install/examples_rclpy_minimal_action_client:/ros_ws/joy_motion_ws/ros2_ws/install/examples_rclpy_executors:/opt/ros/foxy /usr/bin/cmake --build /ros_ws/joy_motion_ws/ros2_ws/build/examples_rclcpp_multithreaded_executor -- -j20 -l20
[1.261s] [100%] Built target multithreaded_executor
[1.291s] Invoked command in '/ros_ws/joy_motion_ws/ros2_ws/build/examples_rclcpp_multithreaded_executor' returned '0': CMAKE_PREFIX_PATH=${CMAKE_PREFIX_PATH}:/ros_ws/joy_motion_ws/ros2_ws/install/ros1_to_ros2_package:/ros_ws/joy_motion_ws/ros2_ws/install/joy_to_motion:/ros_ws/joy_motion_ws/ros2_ws/install/examples_rclpy_minimal_subscriber:/ros_ws/joy_motion_ws/ros2_ws/install/examples_rclpy_minimal_service:/ros_ws/joy_motion_ws/ros2_ws/install/examples_rclpy_minimal_publisher:/ros_ws/joy_motion_ws/ros2_ws/install/examples_rclpy_minimal_client:/ros_ws/joy_motion_ws/ros2_ws/install/examples_rclpy_minimal_action_server:/ros_ws/joy_motion_ws/ros2_ws/install/examples_rclpy_minimal_action_client:/ros_ws/joy_motion_ws/ros2_ws/install/examples_rclpy_executors:/opt/ros/foxy /usr/bin/cmake --build /ros_ws/joy_motion_ws/ros2_ws/build/examples_rclcpp_multithreaded_executor -- -j20 -l20
[1.294s] Invoking command in '/ros_ws/joy_motion_ws/ros2_ws/build/examples_rclcpp_multithreaded_executor': CMAKE_PREFIX_PATH=${CMAKE_PREFIX_PATH}:/ros_ws/joy_motion_ws/ros2_ws/install/ros1_to_ros2_package:/ros_ws/joy_motion_ws/ros2_ws/install/joy_to_motion:/ros_ws/joy_motion_ws/ros2_ws/install/examples_rclpy_minimal_subscriber:/ros_ws/joy_motion_ws/ros2_ws/install/examples_rclpy_minimal_service:/ros_ws/joy_motion_ws/ros2_ws/install/examples_rclpy_minimal_publisher:/ros_ws/joy_motion_ws/ros2_ws/install/examples_rclpy_minimal_client:/ros_ws/joy_motion_ws/ros2_ws/install/examples_rclpy_minimal_action_server:/ros_ws/joy_motion_ws/ros2_ws/install/examples_rclpy_minimal_action_client:/ros_ws/joy_motion_ws/ros2_ws/install/examples_rclpy_executors:/opt/ros/foxy /usr/bin/cmake --install /ros_ws/joy_motion_ws/ros2_ws/build/examples_rclcpp_multithreaded_executor
[1.323s] -- Install configuration: ""
[1.324s] -- Execute custom install script
[1.324s] -- Up-to-date symlink: /ros_ws/joy_motion_ws/ros2_ws/install/examples_rclcpp_multithreaded_executor/lib/examples_rclcpp_multithreaded_executor/multithreaded_executor
[1.332s] -- Up-to-date symlink: /ros_ws/joy_motion_ws/ros2_ws/install/examples_rclcpp_multithreaded_executor/share/ament_index/resource_index/package_run_dependencies/examples_rclcpp_multithreaded_executor
[1.332s] -- Up-to-date symlink: /ros_ws/joy_motion_ws/ros2_ws/install/examples_rclcpp_multithreaded_executor/share/ament_index/resource_index/parent_prefix_path/examples_rclcpp_multithreaded_executor
[1.332s] -- Up-to-date symlink: /ros_ws/joy_motion_ws/ros2_ws/install/examples_rclcpp_multithreaded_executor/share/examples_rclcpp_multithreaded_executor/environment/ament_prefix_path.sh
[1.333s] -- Up-to-date symlink: /ros_ws/joy_motion_ws/ros2_ws/install/examples_rclcpp_multithreaded_executor/share/examples_rclcpp_multithreaded_executor/environment/ament_prefix_path.dsv
[1.333s] -- Up-to-date symlink: /ros_ws/joy_motion_ws/ros2_ws/install/examples_rclcpp_multithreaded_executor/share/examples_rclcpp_multithreaded_executor/environment/path.sh
[1.334s] -- Up-to-date symlink: /ros_ws/joy_motion_ws/ros2_ws/install/examples_rclcpp_multithreaded_executor/share/examples_rclcpp_multithreaded_executor/environment/path.dsv
[1.335s] -- Up-to-date symlink: /ros_ws/joy_motion_ws/ros2_ws/install/examples_rclcpp_multithreaded_executor/share/examples_rclcpp_multithreaded_executor/local_setup.bash
[1.335s] -- Up-to-date symlink: /ros_ws/joy_motion_ws/ros2_ws/install/examples_rclcpp_multithreaded_executor/share/examples_rclcpp_multithreaded_executor/local_setup.sh
[1.336s] -- Up-to-date symlink: /ros_ws/joy_motion_ws/ros2_ws/install/examples_rclcpp_multithreaded_executor/share/examples_rclcpp_multithreaded_executor/local_setup.zsh
[1.336s] -- Up-to-date symlink: /ros_ws/joy_motion_ws/ros2_ws/install/examples_rclcpp_multithreaded_executor/share/examples_rclcpp_multithreaded_executor/local_setup.dsv
[1.336s] -- Symlinking: /ros_ws/joy_motion_ws/ros2_ws/install/examples_rclcpp_multithreaded_executor/share/examples_rclcpp_multithreaded_executor/package.dsv
[1.336s] -- Up-to-date symlink: /ros_ws/joy_motion_ws/ros2_ws/install/examples_rclcpp_multithreaded_executor/share/ament_index/resource_index/packages/examples_rclcpp_multithreaded_executor
[1.337s] -- Up-to-date symlink: /ros_ws/joy_motion_ws/ros2_ws/install/examples_rclcpp_multithreaded_executor/share/examples_rclcpp_multithreaded_executor/cmake/examples_rclcpp_multithreaded_executorConfig.cmake
[1.337s] -- Up-to-date symlink: /ros_ws/joy_motion_ws/ros2_ws/install/examples_rclcpp_multithreaded_executor/share/examples_rclcpp_multithreaded_executor/cmake/examples_rclcpp_multithreaded_executorConfig-version.cmake
[1.337s] -- Up-to-date symlink: /ros_ws/joy_motion_ws/ros2_ws/install/examples_rclcpp_multithreaded_executor/share/examples_rclcpp_multithreaded_executor/package.xml
[1.432s] Invoked command in '/ros_ws/joy_motion_ws/ros2_ws/build/examples_rclcpp_multithreaded_executor' returned '0': CMAKE_PREFIX_PATH=${CMAKE_PREFIX_PATH}:/ros_ws/joy_motion_ws/ros2_ws/install/ros1_to_ros2_package:/ros_ws/joy_motion_ws/ros2_ws/install/joy_to_motion:/ros_ws/joy_motion_ws/ros2_ws/install/examples_rclpy_minimal_subscriber:/ros_ws/joy_motion_ws/ros2_ws/install/examples_rclpy_minimal_service:/ros_ws/joy_motion_ws/ros2_ws/install/examples_rclpy_minimal_publisher:/ros_ws/joy_motion_ws/ros2_ws/install/examples_rclpy_minimal_client:/ros_ws/joy_motion_ws/ros2_ws/install/examples_rclpy_minimal_action_server:/ros_ws/joy_motion_ws/ros2_ws/install/examples_rclpy_minimal_action_client:/ros_ws/joy_motion_ws/ros2_ws/install/examples_rclpy_executors:/opt/ros/foxy /usr/bin/cmake --install /ros_ws/joy_motion_ws/ros2_ws/build/examples_rclcpp_multithreaded_executor
