[0.027s] Invoking command in '/ros_ws/Aruco_tag_localization/build/turtlebot3_msgs': CMAKE_PREFIX_PATH=/opt/ros/foxy /usr/bin/cmake /ros_ws/Aruco_tag_localization/src/turtlebot3_msgs -DAMENT_CMAKE_SYMLINK_INSTALL=1 -DCMAKE_INSTALL_PREFIX=/ros_ws/Aruco_tag_localization/install/turtlebot3_msgs
[0.053s] -- Found action_msgs: 1.0.0 (/opt/ros/foxy/share/action_msgs/cmake)
[0.079s] -- Found PythonInterp: /usr/bin/python3 (found suitable version "3.8.10", minimum required is "3") 
[0.079s] -- Using PYTHON_EXECUTABLE: /usr/bin/python3
[0.217s] -- Override CMake install command with custom implementation using symlinks instead of copying resources
[0.265s] -- Using all available rosidl_typesupport_c: rosidl_typesupport_fastrtps_c;rosidl_typesupport_introspection_c
[0.271s] -- Found rosidl_adapter: 1.3.1 (/opt/ros/foxy/share/rosidl_adapter/cmake)
[0.417s] -- Found OpenSSL: /usr/lib/x86_64-linux-gnu/libcrypto.so (found version "1.1.1f")  
[0.449s] -- Found FastRTPS: /opt/ros/foxy/include  
[0.534s] -- Using all available rosidl_typesupport_cpp: rosidl_typesupport_fastrtps_cpp;rosidl_typesupport_introspection_cpp
[0.618s] -- Found rosidl_default_generators: 1.0.1 (/opt/ros/foxy/share/rosidl_default_generators/cmake)
[0.629s] -- Found std_msgs: 2.0.5 (/opt/ros/foxy/share/std_msgs/cmake)
[0.660s] -- Found PythonInterp: /usr/bin/python3 (found version "3.8.10") 
[0.799s] -- Found ament_cmake_cppcheck: 0.9.8 (/opt/ros/foxy/share/ament_cmake_cppcheck/cmake)
[0.802s] -- Found ament_cmake_cpplint: 0.9.8 (/opt/ros/foxy/share/ament_cmake_cpplint/cmake)
[0.804s] -- Found ament_cmake_uncrustify: 0.9.8 (/opt/ros/foxy/share/ament_cmake_uncrustify/cmake)
[0.807s] -- Found ament_cmake_ros: 0.9.2 (/opt/ros/foxy/share/ament_cmake_ros/cmake)
[0.943s] -- Using all available rosidl_typesupport_c: rosidl_typesupport_fastrtps_c;rosidl_typesupport_introspection_c
[0.986s] -- Using all available rosidl_typesupport_cpp: rosidl_typesupport_fastrtps_cpp;rosidl_typesupport_introspection_cpp
[1.003s] -- Found PythonInterp: /usr/bin/python3 (found suitable version "3.8.10", minimum required is "3.5") 
[1.005s] -- Found python_cmake_module: 0.8.1 (/opt/ros/foxy/share/python_cmake_module/cmake)
[1.029s] -- Found PythonLibs: /usr/lib/x86_64-linux-gnu/libpython3.8.so (found suitable version "3.8.10", minimum required is "3.5") 
[1.029s] -- Using PYTHON_EXECUTABLE: /usr/bin/python3
[1.029s] -- Using PYTHON_INCLUDE_DIRS: /usr/include/python3.8
[1.029s] -- Using PYTHON_LIBRARIES: /usr/lib/x86_64-linux-gnu/libpython3.8.so
[1.045s] -- Found PythonExtra: .so  
[1.089s] -- Found ament_cmake_flake8: 0.9.8 (/opt/ros/foxy/share/ament_cmake_flake8/cmake)
[1.090s] -- Found ament_cmake_pep257: 0.9.8 (/opt/ros/foxy/share/ament_cmake_pep257/cmake)
[1.101s] -- Configuring done
[1.150s] -- Generating done
[1.163s] -- Build files have been written to: /ros_ws/Aruco_tag_localization/build/turtlebot3_msgs
[1.167s] Invoked command in '/ros_ws/Aruco_tag_localization/build/turtlebot3_msgs' returned '0': CMAKE_PREFIX_PATH=/opt/ros/foxy /usr/bin/cmake /ros_ws/Aruco_tag_localization/src/turtlebot3_msgs -DAMENT_CMAKE_SYMLINK_INSTALL=1 -DCMAKE_INSTALL_PREFIX=/ros_ws/Aruco_tag_localization/install/turtlebot3_msgs
[1.169s] Invoking command in '/ros_ws/Aruco_tag_localization/build/turtlebot3_msgs': CMAKE_PREFIX_PATH=/opt/ros/foxy /usr/bin/cmake --build /ros_ws/Aruco_tag_localization/build/turtlebot3_msgs -- -j20 -l20
[1.205s] [  1%] [34m[1mGenerating C code for ROS interfaces[0m
[1.206s] [35m[1mScanning dependencies of target turtlebot3_msgs__cpp[0m
[1.219s] [  2%] [34m[1mGenerating C++ code for ROS interfaces[0m
[1.692s] [  2%] Built target turtlebot3_msgs__cpp
[1.706s] [  4%] [34m[1mGenerating C++ type support dispatch for ROS interfaces[0m
[1.706s] [  5%] [34m[1mGenerating C++ type support for eProsima Fast-RTPS[0m
[1.707s] [  7%] [34m[1mGenerating C++ introspection for ROS interfaces[0m
[1.735s] [35m[1mScanning dependencies of target turtlebot3_msgs__rosidl_generator_c[0m
[1.762s] [  8%] [32mBuilding C object CMakeFiles/turtlebot3_msgs__rosidl_generator_c.dir/rosidl_generator_c/turtlebot3_msgs/msg/detail/sound__functions.c.o[0m
[1.763s] [  9%] [32mBuilding C object CMakeFiles/turtlebot3_msgs__rosidl_generator_c.dir/rosidl_generator_c/turtlebot3_msgs/srv/detail/sound__functions.c.o[0m
[1.763s] [ 11%] [32mBuilding C object CMakeFiles/turtlebot3_msgs__rosidl_generator_c.dir/rosidl_generator_c/turtlebot3_msgs/action/detail/patrol__functions.c.o[0m
[1.764s] [ 12%] [32mBuilding C object CMakeFiles/turtlebot3_msgs__rosidl_generator_c.dir/rosidl_generator_c/turtlebot3_msgs/srv/detail/dqn__functions.c.o[0m
[1.765s] [ 14%] [32mBuilding C object CMakeFiles/turtlebot3_msgs__rosidl_generator_c.dir/rosidl_generator_c/turtlebot3_msgs/msg/detail/sensor_state__functions.c.o[0m
[1.766s] [ 15%] [32mBuilding C object CMakeFiles/turtlebot3_msgs__rosidl_generator_c.dir/rosidl_generator_c/turtlebot3_msgs/msg/detail/version_info__functions.c.o[0m
[1.911s] [ 16%] [32m[1mLinking C shared library libturtlebot3_msgs__rosidl_generator_c.so[0m
[1.960s] [ 16%] Built target turtlebot3_msgs__rosidl_generator_c
[1.973s] [ 18%] [34m[1mGenerating C type support dispatch for ROS interfaces[0m
[1.973s] [ 19%] [34m[1mGenerating C introspection for ROS interfaces[0m
[2.176s] [35m[1mScanning dependencies of target turtlebot3_msgs__rosidl_typesupport_cpp[0m
[2.202s] [ 21%] [32mBuilding CXX object CMakeFiles/turtlebot3_msgs__rosidl_typesupport_cpp.dir/rosidl_typesupport_cpp/turtlebot3_msgs/msg/sound__type_support.cpp.o[0m
[2.202s] [ 23%] [32mBuilding CXX object CMakeFiles/turtlebot3_msgs__rosidl_typesupport_cpp.dir/rosidl_typesupport_cpp/turtlebot3_msgs/srv/dqn__type_support.cpp.o[0m
[2.202s] [ 23%] [32mBuilding CXX object CMakeFiles/turtlebot3_msgs__rosidl_typesupport_cpp.dir/rosidl_typesupport_cpp/turtlebot3_msgs/srv/sound__type_support.cpp.o[0m
[2.203s] [ 25%] [32mBuilding CXX object CMakeFiles/turtlebot3_msgs__rosidl_typesupport_cpp.dir/rosidl_typesupport_cpp/turtlebot3_msgs/action/patrol__type_support.cpp.o[0m
[2.205s] [ 26%] [32mBuilding CXX object CMakeFiles/turtlebot3_msgs__rosidl_typesupport_cpp.dir/rosidl_typesupport_cpp/turtlebot3_msgs/msg/sensor_state__type_support.cpp.o[0m
[2.205s] [ 28%] [32mBuilding CXX object CMakeFiles/turtlebot3_msgs__rosidl_typesupport_cpp.dir/rosidl_typesupport_cpp/turtlebot3_msgs/msg/version_info__type_support.cpp.o[0m
[2.206s] [35m[1mScanning dependencies of target turtlebot3_msgs__rosidl_typesupport_introspection_cpp[0m
[2.233s] [ 29%] [32mBuilding CXX object CMakeFiles/turtlebot3_msgs__rosidl_typesupport_introspection_cpp.dir/rosidl_typesupport_introspection_cpp/turtlebot3_msgs/msg/detail/version_info__type_support.cpp.o[0m
[2.237s] [ 30%] [32mBuilding CXX object CMakeFiles/turtlebot3_msgs__rosidl_typesupport_introspection_cpp.dir/rosidl_typesupport_introspection_cpp/turtlebot3_msgs/msg/detail/sound__type_support.cpp.o[0m
[2.238s] [ 32%] [32mBuilding CXX object CMakeFiles/turtlebot3_msgs__rosidl_typesupport_introspection_cpp.dir/rosidl_typesupport_introspection_cpp/turtlebot3_msgs/srv/detail/sound__type_support.cpp.o[0m
[2.238s] [ 35%] [32mBuilding CXX object CMakeFiles/turtlebot3_msgs__rosidl_typesupport_introspection_cpp.dir/rosidl_typesupport_introspection_cpp/turtlebot3_msgs/action/detail/patrol__type_support.cpp.o[0m
[2.238s] [ 35%] [32mBuilding CXX object CMakeFiles/turtlebot3_msgs__rosidl_typesupport_introspection_cpp.dir/rosidl_typesupport_introspection_cpp/turtlebot3_msgs/msg/detail/sensor_state__type_support.cpp.o[0m
[2.238s] [ 36%] [32mBuilding CXX object CMakeFiles/turtlebot3_msgs__rosidl_typesupport_introspection_cpp.dir/rosidl_typesupport_introspection_cpp/turtlebot3_msgs/srv/detail/dqn__type_support.cpp.o[0m
[2.331s] [35m[1mScanning dependencies of target turtlebot3_msgs__rosidl_typesupport_fastrtps_cpp[0m
[2.382s] [ 38%] [32mBuilding CXX object CMakeFiles/turtlebot3_msgs__rosidl_typesupport_fastrtps_cpp.dir/rosidl_typesupport_fastrtps_cpp/turtlebot3_msgs/msg/detail/dds_fastrtps/version_info__type_support.cpp.o[0m
[2.383s] [ 39%] [32mBuilding CXX object CMakeFiles/turtlebot3_msgs__rosidl_typesupport_fastrtps_cpp.dir/rosidl_typesupport_fastrtps_cpp/turtlebot3_msgs/msg/detail/dds_fastrtps/sound__type_support.cpp.o[0m
[2.384s] [ 40%] [32mBuilding CXX object CMakeFiles/turtlebot3_msgs__rosidl_typesupport_fastrtps_cpp.dir/rosidl_typesupport_fastrtps_cpp/turtlebot3_msgs/srv/detail/dds_fastrtps/dqn__type_support.cpp.o[0m
[2.385s] [ 42%] [32mBuilding CXX object CMakeFiles/turtlebot3_msgs__rosidl_typesupport_fastrtps_cpp.dir/rosidl_typesupport_fastrtps_cpp/turtlebot3_msgs/srv/detail/dds_fastrtps/sound__type_support.cpp.o[0m
[2.386s] [ 43%] [32mBuilding CXX object CMakeFiles/turtlebot3_msgs__rosidl_typesupport_fastrtps_cpp.dir/rosidl_typesupport_fastrtps_cpp/turtlebot3_msgs/msg/detail/dds_fastrtps/sensor_state__type_support.cpp.o[0m
[2.389s] [ 45%] [32mBuilding CXX object CMakeFiles/turtlebot3_msgs__rosidl_typesupport_fastrtps_cpp.dir/rosidl_typesupport_fastrtps_cpp/turtlebot3_msgs/action/detail/dds_fastrtps/patrol__type_support.cpp.o[0m
[2.646s] [35m[1mScanning dependencies of target turtlebot3_msgs__rosidl_typesupport_c[0m
[2.670s] [ 49%] [32mBuilding CXX object CMakeFiles/turtlebot3_msgs__rosidl_typesupport_c.dir/rosidl_typesupport_c/turtlebot3_msgs/srv/sound__type_support.cpp.o[0m
[2.670s] [ 49%] [32mBuilding CXX object CMakeFiles/turtlebot3_msgs__rosidl_typesupport_c.dir/rosidl_typesupport_c/turtlebot3_msgs/msg/sound__type_support.cpp.o[0m
[2.671s] [ 49%] [32mBuilding CXX object CMakeFiles/turtlebot3_msgs__rosidl_typesupport_c.dir/rosidl_typesupport_c/turtlebot3_msgs/msg/version_info__type_support.cpp.o[0m
[2.672s] [ 52%] [32mBuilding CXX object CMakeFiles/turtlebot3_msgs__rosidl_typesupport_c.dir/rosidl_typesupport_c/turtlebot3_msgs/srv/dqn__type_support.cpp.o[0m
[2.672s] [ 52%] [32mBuilding CXX object CMakeFiles/turtlebot3_msgs__rosidl_typesupport_c.dir/rosidl_typesupport_c/turtlebot3_msgs/msg/sensor_state__type_support.cpp.o[0m
[2.674s] [ 53%] [32mBuilding CXX object CMakeFiles/turtlebot3_msgs__rosidl_typesupport_c.dir/rosidl_typesupport_c/turtlebot3_msgs/action/patrol__type_support.cpp.o[0m
[2.737s] [ 54%] [32m[1mLinking CXX shared library libturtlebot3_msgs__rosidl_typesupport_c.so[0m
[2.748s] [ 56%] [32m[1mLinking CXX shared library libturtlebot3_msgs__rosidl_typesupport_cpp.so[0m
[2.783s] [ 56%] Built target turtlebot3_msgs__rosidl_typesupport_c
[2.797s] [ 57%] [32m[1mLinking CXX shared library libturtlebot3_msgs__rosidl_typesupport_introspection_cpp.so[0m
[2.798s] [ 57%] Built target turtlebot3_msgs__rosidl_typesupport_cpp
[2.884s] [35m[1mScanning dependencies of target turtlebot3_msgs__rosidl_typesupport_introspection_c[0m
[2.906s] [ 57%] Built target turtlebot3_msgs__rosidl_typesupport_introspection_cpp
[2.906s] [ 59%] [32mBuilding C object CMakeFiles/turtlebot3_msgs__rosidl_typesupport_introspection_c.dir/rosidl_typesupport_introspection_c/turtlebot3_msgs/msg/detail/sensor_state__type_support.c.o[0m
[2.911s] [ 60%] [32mBuilding C object CMakeFiles/turtlebot3_msgs__rosidl_typesupport_introspection_c.dir/rosidl_typesupport_introspection_c/turtlebot3_msgs/srv/detail/sound__type_support.c.o[0m
[2.911s] [ 61%] [32mBuilding C object CMakeFiles/turtlebot3_msgs__rosidl_typesupport_introspection_c.dir/rosidl_typesupport_introspection_c/turtlebot3_msgs/action/detail/patrol__type_support.c.o[0m
[2.911s] [ 66%] [32mBuilding C object CMakeFiles/turtlebot3_msgs__rosidl_typesupport_introspection_c.dir/rosidl_typesupport_introspection_c/turtlebot3_msgs/msg/detail/sound__type_support.c.o[0m
[2.911s] [ 66%] [32mBuilding C object CMakeFiles/turtlebot3_msgs__rosidl_typesupport_introspection_c.dir/rosidl_typesupport_introspection_c/turtlebot3_msgs/srv/detail/dqn__type_support.c.o[0m
[2.911s] [ 66%] [32mBuilding C object CMakeFiles/turtlebot3_msgs__rosidl_typesupport_introspection_c.dir/rosidl_typesupport_introspection_c/turtlebot3_msgs/msg/detail/version_info__type_support.c.o[0m
[2.962s] [ 67%] [32m[1mLinking C shared library libturtlebot3_msgs__rosidl_typesupport_introspection_c.so[0m
[2.989s] [ 69%] [32m[1mLinking CXX shared library libturtlebot3_msgs__rosidl_typesupport_fastrtps_cpp.so[0m
[2.994s] [ 69%] Built target turtlebot3_msgs__rosidl_typesupport_introspection_c
[3.063s] [ 69%] Built target turtlebot3_msgs__rosidl_typesupport_fastrtps_cpp
[3.073s] [ 70%] [34m[1mGenerating C type support for eProsima Fast-RTPS[0m
[3.478s] [35m[1mScanning dependencies of target turtlebot3_msgs__rosidl_typesupport_fastrtps_c[0m
[3.497s] [ 73%] [32mBuilding CXX object CMakeFiles/turtlebot3_msgs__rosidl_typesupport_fastrtps_c.dir/rosidl_typesupport_fastrtps_c/turtlebot3_msgs/srv/detail/sound__type_support_c.cpp.o[0m
[3.497s] [ 73%] [32mBuilding CXX object CMakeFiles/turtlebot3_msgs__rosidl_typesupport_fastrtps_c.dir/rosidl_typesupport_fastrtps_c/turtlebot3_msgs/msg/detail/version_info__type_support_c.cpp.o[0m
[3.498s] [ 74%] [32mBuilding CXX object CMakeFiles/turtlebot3_msgs__rosidl_typesupport_fastrtps_c.dir/rosidl_typesupport_fastrtps_c/turtlebot3_msgs/srv/detail/dqn__type_support_c.cpp.o[0m
[3.498s] [ 76%] [32mBuilding CXX object CMakeFiles/turtlebot3_msgs__rosidl_typesupport_fastrtps_c.dir/rosidl_typesupport_fastrtps_c/turtlebot3_msgs/msg/detail/sensor_state__type_support_c.cpp.o[0m
[3.498s] [ 77%] [32mBuilding CXX object CMakeFiles/turtlebot3_msgs__rosidl_typesupport_fastrtps_c.dir/rosidl_typesupport_fastrtps_c/turtlebot3_msgs/action/detail/patrol__type_support_c.cpp.o[0m
[3.500s] [ 78%] [32mBuilding CXX object CMakeFiles/turtlebot3_msgs__rosidl_typesupport_fastrtps_c.dir/rosidl_typesupport_fastrtps_c/turtlebot3_msgs/msg/detail/sound__type_support_c.cpp.o[0m
[3.788s] [ 80%] [32m[1mLinking CXX shared library libturtlebot3_msgs__rosidl_typesupport_fastrtps_c.so[0m
[3.874s] [ 80%] Built target turtlebot3_msgs__rosidl_typesupport_fastrtps_c
[3.884s] [35m[1mScanning dependencies of target turtlebot3_msgs[0m
[3.897s] [ 80%] Built target turtlebot3_msgs
[3.909s] [35m[1mScanning dependencies of target turtlebot3_msgs__py[0m
[3.925s] [ 81%] [34m[1mGenerating Python code for ROS interfaces[0m
[5.208s] [ 81%] Built target turtlebot3_msgs__py
[5.222s] [35m[1mScanning dependencies of target turtlebot3_msgs__python[0m
[5.264s] [ 83%] [32mBuilding C object CMakeFiles/turtlebot3_msgs__python.dir/rosidl_generator_py/turtlebot3_msgs/msg/_version_info_s.c.o[0m
[5.266s] [ 85%] [32mBuilding C object CMakeFiles/turtlebot3_msgs__python.dir/rosidl_generator_py/turtlebot3_msgs/msg/_sound_s.c.o[0m
[5.267s] [ 85%] [32mBuilding C object CMakeFiles/turtlebot3_msgs__python.dir/rosidl_generator_py/turtlebot3_msgs/msg/_sensor_state_s.c.o[0m
[5.267s] [ 87%] [32mBuilding C object CMakeFiles/turtlebot3_msgs__python.dir/rosidl_generator_py/turtlebot3_msgs/srv/_sound_s.c.o[0m
[5.268s] [ 88%] [32mBuilding C object CMakeFiles/turtlebot3_msgs__python.dir/rosidl_generator_py/turtlebot3_msgs/srv/_dqn_s.c.o[0m
[5.269s] [ 90%] [32mBuilding C object CMakeFiles/turtlebot3_msgs__python.dir/rosidl_generator_py/turtlebot3_msgs/action/_patrol_s.c.o[0m
[5.417s] [ 91%] [32m[1mLinking C shared library rosidl_generator_py/turtlebot3_msgs/libturtlebot3_msgs__python.so[0m
[5.472s] [ 91%] Built target turtlebot3_msgs__python
[5.485s] [35m[1mScanning dependencies of target turtlebot3_msgs__rosidl_typesupport_fastrtps_c__pyext[0m
[5.486s] [35m[1mScanning dependencies of target turtlebot3_msgs__rosidl_typesupport_c__pyext[0m
[5.486s] [35m[1mScanning dependencies of target turtlebot3_msgs__rosidl_typesupport_introspection_c__pyext[0m
[5.508s] [ 92%] [32mBuilding C object CMakeFiles/turtlebot3_msgs__rosidl_typesupport_fastrtps_c__pyext.dir/rosidl_generator_py/turtlebot3_msgs/_turtlebot3_msgs_s.ep.rosidl_typesupport_fastrtps_c.c.o[0m
[5.512s] [ 95%] [32mBuilding C object CMakeFiles/turtlebot3_msgs__rosidl_typesupport_introspection_c__pyext.dir/rosidl_generator_py/turtlebot3_msgs/_turtlebot3_msgs_s.ep.rosidl_typesupport_introspection_c.c.o[0m
[5.513s] [ 95%] [32mBuilding C object CMakeFiles/turtlebot3_msgs__rosidl_typesupport_c__pyext.dir/rosidl_generator_py/turtlebot3_msgs/_turtlebot3_msgs_s.ep.rosidl_typesupport_c.c.o[0m
[5.625s] [ 97%] [32m[1mLinking C shared library rosidl_generator_py/turtlebot3_msgs/turtlebot3_msgs_s__rosidl_typesupport_c.cpython-38-x86_64-linux-gnu.so[0m
[5.653s] [ 98%] [32m[1mLinking CXX shared library rosidl_generator_py/turtlebot3_msgs/turtlebot3_msgs_s__rosidl_typesupport_fastrtps_c.cpython-38-x86_64-linux-gnu.so[0m
[5.672s] [ 98%] Built target turtlebot3_msgs__rosidl_typesupport_c__pyext
[5.679s] [100%] [32m[1mLinking C shared library rosidl_generator_py/turtlebot3_msgs/turtlebot3_msgs_s__rosidl_typesupport_introspection_c.cpython-38-x86_64-linux-gnu.so[0m
[5.721s] [100%] Built target turtlebot3_msgs__rosidl_typesupport_introspection_c__pyext
[5.740s] [100%] Built target turtlebot3_msgs__rosidl_typesupport_fastrtps_c__pyext
[5.756s] Invoked command in '/ros_ws/Aruco_tag_localization/build/turtlebot3_msgs' returned '0': CMAKE_PREFIX_PATH=/opt/ros/foxy /usr/bin/cmake --build /ros_ws/Aruco_tag_localization/build/turtlebot3_msgs -- -j20 -l20
[5.759s] Invoking command in '/ros_ws/Aruco_tag_localization/build/turtlebot3_msgs': CMAKE_PREFIX_PATH=/opt/ros/foxy /usr/bin/cmake --install /ros_ws/Aruco_tag_localization/build/turtlebot3_msgs
[5.767s] -- Install configuration: ""
[5.774s] -- Execute custom install script
[5.774s] -- Symlinking: /ros_ws/Aruco_tag_localization/install/turtlebot3_msgs/share/ament_index/resource_index/rosidl_interfaces/turtlebot3_msgs
[5.785s] -- Symlinking: /ros_ws/Aruco_tag_localization/install/turtlebot3_msgs/include/turtlebot3_msgs/action/detail/patrol__functions.h
[5.796s] -- Symlinking: /ros_ws/Aruco_tag_localization/install/turtlebot3_msgs/include/turtlebot3_msgs/action/detail/patrol__struct.h
[5.804s] -- Symlinking: /ros_ws/Aruco_tag_localization/install/turtlebot3_msgs/include/turtlebot3_msgs/action/detail/patrol__type_support.h
[5.812s] -- Symlinking: /ros_ws/Aruco_tag_localization/install/turtlebot3_msgs/include/turtlebot3_msgs/action/patrol.h
[5.823s] -- Symlinking: /ros_ws/Aruco_tag_localization/install/turtlebot3_msgs/include/turtlebot3_msgs/msg/detail/sensor_state__functions.h
[5.833s] -- Symlinking: /ros_ws/Aruco_tag_localization/install/turtlebot3_msgs/include/turtlebot3_msgs/msg/detail/sensor_state__struct.h
[5.845s] -- Symlinking: /ros_ws/Aruco_tag_localization/install/turtlebot3_msgs/include/turtlebot3_msgs/msg/detail/sensor_state__type_support.h
[5.855s] -- Symlinking: /ros_ws/Aruco_tag_localization/install/turtlebot3_msgs/include/turtlebot3_msgs/msg/detail/sound__functions.h
[5.862s] -- Symlinking: /ros_ws/Aruco_tag_localization/install/turtlebot3_msgs/include/turtlebot3_msgs/msg/detail/sound__struct.h
[5.872s] -- Symlinking: /ros_ws/Aruco_tag_localization/install/turtlebot3_msgs/include/turtlebot3_msgs/msg/detail/sound__type_support.h
[5.883s] -- Symlinking: /ros_ws/Aruco_tag_localization/install/turtlebot3_msgs/include/turtlebot3_msgs/msg/detail/version_info__functions.h
[5.893s] -- Symlinking: /ros_ws/Aruco_tag_localization/install/turtlebot3_msgs/include/turtlebot3_msgs/msg/detail/version_info__struct.h
[5.903s] -- Symlinking: /ros_ws/Aruco_tag_localization/install/turtlebot3_msgs/include/turtlebot3_msgs/msg/detail/version_info__type_support.h
[5.914s] -- Symlinking: /ros_ws/Aruco_tag_localization/install/turtlebot3_msgs/include/turtlebot3_msgs/msg/rosidl_generator_c__visibility_control.h
[5.926s] -- Symlinking: /ros_ws/Aruco_tag_localization/install/turtlebot3_msgs/include/turtlebot3_msgs/msg/sensor_state.h
[5.938s] -- Symlinking: /ros_ws/Aruco_tag_localization/install/turtlebot3_msgs/include/turtlebot3_msgs/msg/sound.h
[5.948s] -- Symlinking: /ros_ws/Aruco_tag_localization/install/turtlebot3_msgs/include/turtlebot3_msgs/msg/version_info.h
[5.961s] -- Symlinking: /ros_ws/Aruco_tag_localization/install/turtlebot3_msgs/include/turtlebot3_msgs/srv/detail/dqn__functions.h
[5.971s] -- Symlinking: /ros_ws/Aruco_tag_localization/install/turtlebot3_msgs/include/turtlebot3_msgs/srv/detail/dqn__struct.h
[5.981s] -- Symlinking: /ros_ws/Aruco_tag_localization/install/turtlebot3_msgs/include/turtlebot3_msgs/srv/detail/dqn__type_support.h
[5.991s] -- Symlinking: /ros_ws/Aruco_tag_localization/install/turtlebot3_msgs/include/turtlebot3_msgs/srv/detail/sound__functions.h
[6.000s] -- Symlinking: /ros_ws/Aruco_tag_localization/install/turtlebot3_msgs/include/turtlebot3_msgs/srv/detail/sound__struct.h
[6.011s] -- Symlinking: /ros_ws/Aruco_tag_localization/install/turtlebot3_msgs/include/turtlebot3_msgs/srv/detail/sound__type_support.h
[6.020s] -- Symlinking: /ros_ws/Aruco_tag_localization/install/turtlebot3_msgs/include/turtlebot3_msgs/srv/dqn.h
[6.032s] -- Symlinking: /ros_ws/Aruco_tag_localization/install/turtlebot3_msgs/include/turtlebot3_msgs/srv/sound.h
[6.043s] -- Symlinking: /ros_ws/Aruco_tag_localization/install/turtlebot3_msgs/share/turtlebot3_msgs/environment/library_path.sh
[6.053s] -- Symlinking: /ros_ws/Aruco_tag_localization/install/turtlebot3_msgs/share/turtlebot3_msgs/environment/library_path.dsv
[6.062s] -- Symlinking: /ros_ws/Aruco_tag_localization/install/turtlebot3_msgs/include/turtlebot3_msgs/action/detail/patrol__rosidl_typesupport_fastrtps_c.h
[6.072s] -- Symlinking: /ros_ws/Aruco_tag_localization/install/turtlebot3_msgs/include/turtlebot3_msgs/msg/detail/sensor_state__rosidl_typesupport_fastrtps_c.h
[6.081s] -- Symlinking: /ros_ws/Aruco_tag_localization/install/turtlebot3_msgs/include/turtlebot3_msgs/msg/detail/sound__rosidl_typesupport_fastrtps_c.h
[6.091s] -- Symlinking: /ros_ws/Aruco_tag_localization/install/turtlebot3_msgs/include/turtlebot3_msgs/msg/detail/version_info__rosidl_typesupport_fastrtps_c.h
[6.101s] -- Symlinking: /ros_ws/Aruco_tag_localization/install/turtlebot3_msgs/include/turtlebot3_msgs/msg/rosidl_typesupport_fastrtps_c__visibility_control.h
[6.111s] -- Symlinking: /ros_ws/Aruco_tag_localization/install/turtlebot3_msgs/include/turtlebot3_msgs/srv/detail/dqn__rosidl_typesupport_fastrtps_c.h
[6.120s] -- Symlinking: /ros_ws/Aruco_tag_localization/install/turtlebot3_msgs/include/turtlebot3_msgs/srv/detail/sound__rosidl_typesupport_fastrtps_c.h
[6.133s] -- Symlinking: /ros_ws/Aruco_tag_localization/install/turtlebot3_msgs/lib/libturtlebot3_msgs__rosidl_typesupport_fastrtps_c.so
[6.143s] -- Symlinking: /ros_ws/Aruco_tag_localization/install/turtlebot3_msgs/include/turtlebot3_msgs/action/detail/patrol__rosidl_typesupport_fastrtps_cpp.hpp
[6.153s] -- Symlinking: /ros_ws/Aruco_tag_localization/install/turtlebot3_msgs/include/turtlebot3_msgs/msg/detail/sensor_state__rosidl_typesupport_fastrtps_cpp.hpp
[6.162s] -- Symlinking: /ros_ws/Aruco_tag_localization/install/turtlebot3_msgs/include/turtlebot3_msgs/msg/detail/sound__rosidl_typesupport_fastrtps_cpp.hpp
[6.172s] -- Symlinking: /ros_ws/Aruco_tag_localization/install/turtlebot3_msgs/include/turtlebot3_msgs/msg/detail/version_info__rosidl_typesupport_fastrtps_cpp.hpp
[6.183s] -- Symlinking: /ros_ws/Aruco_tag_localization/install/turtlebot3_msgs/include/turtlebot3_msgs/msg/rosidl_typesupport_fastrtps_cpp__visibility_control.h
[6.193s] -- Symlinking: /ros_ws/Aruco_tag_localization/install/turtlebot3_msgs/include/turtlebot3_msgs/srv/detail/dqn__rosidl_typesupport_fastrtps_cpp.hpp
[6.202s] -- Symlinking: /ros_ws/Aruco_tag_localization/install/turtlebot3_msgs/include/turtlebot3_msgs/srv/detail/sound__rosidl_typesupport_fastrtps_cpp.hpp
[6.212s] -- Symlinking: /ros_ws/Aruco_tag_localization/install/turtlebot3_msgs/lib/libturtlebot3_msgs__rosidl_typesupport_fastrtps_cpp.so
[6.222s] -- Symlinking: /ros_ws/Aruco_tag_localization/install/turtlebot3_msgs/include/turtlebot3_msgs/action/detail/patrol__rosidl_typesupport_introspection_c.h
[6.233s] -- Symlinking: /ros_ws/Aruco_tag_localization/install/turtlebot3_msgs/include/turtlebot3_msgs/msg/detail/sensor_state__rosidl_typesupport_introspection_c.h
[6.242s] -- Symlinking: /ros_ws/Aruco_tag_localization/install/turtlebot3_msgs/include/turtlebot3_msgs/msg/detail/sound__rosidl_typesupport_introspection_c.h
[6.250s] -- Symlinking: /ros_ws/Aruco_tag_localization/install/turtlebot3_msgs/include/turtlebot3_msgs/msg/detail/version_info__rosidl_typesupport_introspection_c.h
[6.258s] -- Symlinking: /ros_ws/Aruco_tag_localization/install/turtlebot3_msgs/include/turtlebot3_msgs/msg/rosidl_typesupport_introspection_c__visibility_control.h
[6.269s] -- Symlinking: /ros_ws/Aruco_tag_localization/install/turtlebot3_msgs/include/turtlebot3_msgs/srv/detail/dqn__rosidl_typesupport_introspection_c.h
[6.278s] -- Symlinking: /ros_ws/Aruco_tag_localization/install/turtlebot3_msgs/include/turtlebot3_msgs/srv/detail/sound__rosidl_typesupport_introspection_c.h
[6.290s] -- Symlinking: /ros_ws/Aruco_tag_localization/install/turtlebot3_msgs/include/turtlebot3_msgs/action/detail/patrol__builder.hpp
[6.299s] -- Symlinking: /ros_ws/Aruco_tag_localization/install/turtlebot3_msgs/include/turtlebot3_msgs/action/detail/patrol__struct.hpp
[6.310s] -- Symlinking: /ros_ws/Aruco_tag_localization/install/turtlebot3_msgs/include/turtlebot3_msgs/action/detail/patrol__traits.hpp
[6.319s] -- Symlinking: /ros_ws/Aruco_tag_localization/install/turtlebot3_msgs/include/turtlebot3_msgs/action/detail/patrol__type_support.hpp
[6.332s] -- Symlinking: /ros_ws/Aruco_tag_localization/install/turtlebot3_msgs/include/turtlebot3_msgs/action/patrol.hpp
[6.341s] -- Symlinking: /ros_ws/Aruco_tag_localization/install/turtlebot3_msgs/include/turtlebot3_msgs/msg/detail/sensor_state__builder.hpp
[6.353s] -- Symlinking: /ros_ws/Aruco_tag_localization/install/turtlebot3_msgs/include/turtlebot3_msgs/msg/detail/sensor_state__struct.hpp
[6.361s] -- Symlinking: /ros_ws/Aruco_tag_localization/install/turtlebot3_msgs/include/turtlebot3_msgs/msg/detail/sensor_state__traits.hpp
[6.372s] -- Symlinking: /ros_ws/Aruco_tag_localization/install/turtlebot3_msgs/include/turtlebot3_msgs/msg/detail/sensor_state__type_support.hpp
[6.381s] -- Symlinking: /ros_ws/Aruco_tag_localization/install/turtlebot3_msgs/include/turtlebot3_msgs/msg/detail/sound__builder.hpp
[6.392s] -- Symlinking: /ros_ws/Aruco_tag_localization/install/turtlebot3_msgs/include/turtlebot3_msgs/msg/detail/sound__struct.hpp
[6.401s] -- Symlinking: /ros_ws/Aruco_tag_localization/install/turtlebot3_msgs/include/turtlebot3_msgs/msg/detail/sound__traits.hpp
[6.411s] -- Symlinking: /ros_ws/Aruco_tag_localization/install/turtlebot3_msgs/include/turtlebot3_msgs/msg/detail/sound__type_support.hpp
[6.422s] -- Symlinking: /ros_ws/Aruco_tag_localization/install/turtlebot3_msgs/include/turtlebot3_msgs/msg/detail/version_info__builder.hpp
[6.433s] -- Symlinking: /ros_ws/Aruco_tag_localization/install/turtlebot3_msgs/include/turtlebot3_msgs/msg/detail/version_info__struct.hpp
[6.443s] -- Symlinking: /ros_ws/Aruco_tag_localization/install/turtlebot3_msgs/include/turtlebot3_msgs/msg/detail/version_info__traits.hpp
[6.454s] -- Symlinking: /ros_ws/Aruco_tag_localization/install/turtlebot3_msgs/include/turtlebot3_msgs/msg/detail/version_info__type_support.hpp
[6.462s] -- Symlinking: /ros_ws/Aruco_tag_localization/install/turtlebot3_msgs/include/turtlebot3_msgs/msg/rosidl_generator_cpp__visibility_control.hpp
[6.473s] -- Symlinking: /ros_ws/Aruco_tag_localization/install/turtlebot3_msgs/include/turtlebot3_msgs/msg/sensor_state.hpp
[6.483s] -- Symlinking: /ros_ws/Aruco_tag_localization/install/turtlebot3_msgs/include/turtlebot3_msgs/msg/sound.hpp
[6.494s] -- Symlinking: /ros_ws/Aruco_tag_localization/install/turtlebot3_msgs/include/turtlebot3_msgs/msg/version_info.hpp
[6.504s] -- Symlinking: /ros_ws/Aruco_tag_localization/install/turtlebot3_msgs/include/turtlebot3_msgs/srv/detail/dqn__builder.hpp
[6.516s] -- Symlinking: /ros_ws/Aruco_tag_localization/install/turtlebot3_msgs/include/turtlebot3_msgs/srv/detail/dqn__struct.hpp
[6.524s] -- Symlinking: /ros_ws/Aruco_tag_localization/install/turtlebot3_msgs/include/turtlebot3_msgs/srv/detail/dqn__traits.hpp
[6.538s] -- Symlinking: /ros_ws/Aruco_tag_localization/install/turtlebot3_msgs/include/turtlebot3_msgs/srv/detail/dqn__type_support.hpp
[6.547s] -- Symlinking: /ros_ws/Aruco_tag_localization/install/turtlebot3_msgs/include/turtlebot3_msgs/srv/detail/sound__builder.hpp
[6.558s] -- Symlinking: /ros_ws/Aruco_tag_localization/install/turtlebot3_msgs/include/turtlebot3_msgs/srv/detail/sound__struct.hpp
[6.568s] -- Symlinking: /ros_ws/Aruco_tag_localization/install/turtlebot3_msgs/include/turtlebot3_msgs/srv/detail/sound__traits.hpp
[6.579s] -- Symlinking: /ros_ws/Aruco_tag_localization/install/turtlebot3_msgs/include/turtlebot3_msgs/srv/detail/sound__type_support.hpp
[6.588s] -- Symlinking: /ros_ws/Aruco_tag_localization/install/turtlebot3_msgs/include/turtlebot3_msgs/srv/dqn.hpp
[6.599s] -- Symlinking: /ros_ws/Aruco_tag_localization/install/turtlebot3_msgs/include/turtlebot3_msgs/srv/sound.hpp
[6.608s] -- Symlinking: /ros_ws/Aruco_tag_localization/install/turtlebot3_msgs/include/turtlebot3_msgs/action/detail/patrol__rosidl_typesupport_introspection_cpp.hpp
[6.618s] -- Symlinking: /ros_ws/Aruco_tag_localization/install/turtlebot3_msgs/include/turtlebot3_msgs/msg/detail/sensor_state__rosidl_typesupport_introspection_cpp.hpp
[6.627s] -- Symlinking: /ros_ws/Aruco_tag_localization/install/turtlebot3_msgs/include/turtlebot3_msgs/msg/detail/sound__rosidl_typesupport_introspection_cpp.hpp
[6.637s] -- Symlinking: /ros_ws/Aruco_tag_localization/install/turtlebot3_msgs/include/turtlebot3_msgs/msg/detail/version_info__rosidl_typesupport_introspection_cpp.hpp
[6.647s] -- Symlinking: /ros_ws/Aruco_tag_localization/install/turtlebot3_msgs/include/turtlebot3_msgs/srv/detail/dqn__rosidl_typesupport_introspection_cpp.hpp
[6.656s] -- Symlinking: /ros_ws/Aruco_tag_localization/install/turtlebot3_msgs/include/turtlebot3_msgs/srv/detail/sound__rosidl_typesupport_introspection_cpp.hpp
[6.665s] -- Symlinking: /ros_ws/Aruco_tag_localization/install/turtlebot3_msgs/share/turtlebot3_msgs/environment/pythonpath.sh
[6.677s] -- Symlinking: /ros_ws/Aruco_tag_localization/install/turtlebot3_msgs/share/turtlebot3_msgs/environment/pythonpath.dsv
[6.688s] -- Symlinking: /ros_ws/Aruco_tag_localization/install/turtlebot3_msgs/lib/python3.8/site-packages/turtlebot3_msgs/__init__.py
[6.698s] -- Symlinking: /ros_ws/Aruco_tag_localization/install/turtlebot3_msgs/lib/python3.8/site-packages/turtlebot3_msgs/msg/__init__.py
[6.707s] -- Symlinking: /ros_ws/Aruco_tag_localization/install/turtlebot3_msgs/lib/python3.8/site-packages/turtlebot3_msgs/msg/_sensor_state.py
[6.716s] -- Symlinking: /ros_ws/Aruco_tag_localization/install/turtlebot3_msgs/lib/python3.8/site-packages/turtlebot3_msgs/msg/_sound.py
[6.726s] -- Symlinking: /ros_ws/Aruco_tag_localization/install/turtlebot3_msgs/lib/python3.8/site-packages/turtlebot3_msgs/msg/_version_info.py
[6.739s] -- Symlinking: /ros_ws/Aruco_tag_localization/install/turtlebot3_msgs/lib/python3.8/site-packages/turtlebot3_msgs/srv/__init__.py
[6.749s] -- Symlinking: /ros_ws/Aruco_tag_localization/install/turtlebot3_msgs/lib/python3.8/site-packages/turtlebot3_msgs/srv/_dqn.py
[6.758s] -- Symlinking: /ros_ws/Aruco_tag_localization/install/turtlebot3_msgs/lib/python3.8/site-packages/turtlebot3_msgs/srv/_sound.py
[6.769s] -- Symlinking: /ros_ws/Aruco_tag_localization/install/turtlebot3_msgs/lib/python3.8/site-packages/turtlebot3_msgs/action/__init__.py
[6.778s] -- Symlinking: /ros_ws/Aruco_tag_localization/install/turtlebot3_msgs/lib/python3.8/site-packages/turtlebot3_msgs/action/_patrol.py
[6.792s] -- Symlinking: /ros_ws/Aruco_tag_localization/install/turtlebot3_msgs/lib/python3.8/site-packages/turtlebot3_msgs/turtlebot3_msgs_s__rosidl_typesupport_fastrtps_c.cpython-38-x86_64-linux-gnu.so
[6.801s] -- Symlinking: /ros_ws/Aruco_tag_localization/install/turtlebot3_msgs/lib/python3.8/site-packages/turtlebot3_msgs/turtlebot3_msgs_s__rosidl_typesupport_introspection_c.cpython-38-x86_64-linux-gnu.so
[6.815s] -- Symlinking: /ros_ws/Aruco_tag_localization/install/turtlebot3_msgs/lib/python3.8/site-packages/turtlebot3_msgs/turtlebot3_msgs_s__rosidl_typesupport_c.cpython-38-x86_64-linux-gnu.so
[6.826s] -- Symlinking: /ros_ws/Aruco_tag_localization/install/turtlebot3_msgs/lib/libturtlebot3_msgs__python.so
[6.838s] -- Symlinking: /ros_ws/Aruco_tag_localization/install/turtlebot3_msgs/share/turtlebot3_msgs/msg/SensorState.idl
[6.854s] -- Symlinking: /ros_ws/Aruco_tag_localization/install/turtlebot3_msgs/share/turtlebot3_msgs/msg/Sound.idl
[6.865s] -- Symlinking: /ros_ws/Aruco_tag_localization/install/turtlebot3_msgs/share/turtlebot3_msgs/msg/VersionInfo.idl
[6.875s] -- Symlinking: /ros_ws/Aruco_tag_localization/install/turtlebot3_msgs/share/turtlebot3_msgs/srv/Sound.idl
[6.883s] -- Symlinking: /ros_ws/Aruco_tag_localization/install/turtlebot3_msgs/share/turtlebot3_msgs/srv/Dqn.idl
[6.893s] -- Symlinking: /ros_ws/Aruco_tag_localization/install/turtlebot3_msgs/share/turtlebot3_msgs/action/Patrol.idl
[6.901s] -- Symlinking: /ros_ws/Aruco_tag_localization/install/turtlebot3_msgs/share/turtlebot3_msgs/msg/SensorState.msg
[6.910s] -- Symlinking: /ros_ws/Aruco_tag_localization/install/turtlebot3_msgs/share/turtlebot3_msgs/msg/Sound.msg
[6.922s] -- Symlinking: /ros_ws/Aruco_tag_localization/install/turtlebot3_msgs/share/turtlebot3_msgs/msg/VersionInfo.msg
[6.935s] -- Symlinking: /ros_ws/Aruco_tag_localization/install/turtlebot3_msgs/share/turtlebot3_msgs/srv/Sound.srv
[6.944s] -- Symlinking: /ros_ws/Aruco_tag_localization/install/turtlebot3_msgs/share/turtlebot3_msgs/srv/Sound_Request.msg
[6.955s] -- Symlinking: /ros_ws/Aruco_tag_localization/install/turtlebot3_msgs/share/turtlebot3_msgs/srv/Sound_Response.msg
[6.964s] -- Symlinking: /ros_ws/Aruco_tag_localization/install/turtlebot3_msgs/share/turtlebot3_msgs/srv/Dqn.srv
[6.972s] -- Symlinking: /ros_ws/Aruco_tag_localization/install/turtlebot3_msgs/share/turtlebot3_msgs/srv/Dqn_Request.msg
[6.981s] -- Symlinking: /ros_ws/Aruco_tag_localization/install/turtlebot3_msgs/share/turtlebot3_msgs/srv/Dqn_Response.msg
[6.990s] -- Symlinking: /ros_ws/Aruco_tag_localization/install/turtlebot3_msgs/share/turtlebot3_msgs/action/Patrol.action
[7.001s] -- Symlinking: /ros_ws/Aruco_tag_localization/install/turtlebot3_msgs/share/ament_index/resource_index/package_run_dependencies/turtlebot3_msgs
[7.010s] -- Symlinking: /ros_ws/Aruco_tag_localization/install/turtlebot3_msgs/share/ament_index/resource_index/parent_prefix_path/turtlebot3_msgs
[7.019s] -- Symlinking: /ros_ws/Aruco_tag_localization/install/turtlebot3_msgs/share/turtlebot3_msgs/environment/ament_prefix_path.sh
[7.028s] -- Symlinking: /ros_ws/Aruco_tag_localization/install/turtlebot3_msgs/share/turtlebot3_msgs/environment/ament_prefix_path.dsv
[7.040s] -- Symlinking: /ros_ws/Aruco_tag_localization/install/turtlebot3_msgs/share/turtlebot3_msgs/environment/path.sh
[7.049s] -- Symlinking: /ros_ws/Aruco_tag_localization/install/turtlebot3_msgs/share/turtlebot3_msgs/environment/path.dsv
[7.060s] -- Symlinking: /ros_ws/Aruco_tag_localization/install/turtlebot3_msgs/share/turtlebot3_msgs/local_setup.bash
[7.073s] -- Symlinking: /ros_ws/Aruco_tag_localization/install/turtlebot3_msgs/share/turtlebot3_msgs/local_setup.sh
[7.083s] -- Symlinking: /ros_ws/Aruco_tag_localization/install/turtlebot3_msgs/share/turtlebot3_msgs/local_setup.zsh
[7.092s] -- Symlinking: /ros_ws/Aruco_tag_localization/install/turtlebot3_msgs/share/turtlebot3_msgs/local_setup.dsv
[7.104s] -- Symlinking: /ros_ws/Aruco_tag_localization/install/turtlebot3_msgs/share/turtlebot3_msgs/package.dsv
[7.113s] -- Symlinking: /ros_ws/Aruco_tag_localization/install/turtlebot3_msgs/share/ament_index/resource_index/packages/turtlebot3_msgs
[7.126s] -- Symlinking: /ros_ws/Aruco_tag_localization/install/turtlebot3_msgs/share/turtlebot3_msgs/cmake/rosidl_cmake-extras.cmake
[7.139s] -- Symlinking: /ros_ws/Aruco_tag_localization/install/turtlebot3_msgs/share/turtlebot3_msgs/cmake/ament_cmake_export_dependencies-extras.cmake
[7.294s] -- Symlinking: /ros_ws/Aruco_tag_localization/install/turtlebot3_msgs/share/turtlebot3_msgs/cmake/ament_cmake_export_libraries-extras.cmake
[7.306s] -- Symlinking: /ros_ws/Aruco_tag_localization/install/turtlebot3_msgs/share/turtlebot3_msgs/cmake/ament_cmake_export_targets-extras.cmake
[7.316s] -- Symlinking: /ros_ws/Aruco_tag_localization/install/turtlebot3_msgs/share/turtlebot3_msgs/cmake/ament_cmake_export_include_directories-extras.cmake
[7.325s] -- Symlinking: /ros_ws/Aruco_tag_localization/install/turtlebot3_msgs/share/turtlebot3_msgs/cmake/rosidl_cmake_export_typesupport_libraries-extras.cmake
[7.339s] -- Symlinking: /ros_ws/Aruco_tag_localization/install/turtlebot3_msgs/share/turtlebot3_msgs/cmake/rosidl_cmake_export_typesupport_targets-extras.cmake
[7.351s] -- Symlinking: /ros_ws/Aruco_tag_localization/install/turtlebot3_msgs/share/turtlebot3_msgs/cmake/turtlebot3_msgsConfig.cmake
[7.362s] -- Symlinking: /ros_ws/Aruco_tag_localization/install/turtlebot3_msgs/share/turtlebot3_msgs/cmake/turtlebot3_msgsConfig-version.cmake
[7.373s] -- Symlinking: /ros_ws/Aruco_tag_localization/install/turtlebot3_msgs/share/turtlebot3_msgs/package.xml
[7.381s] -- Installing: /ros_ws/Aruco_tag_localization/install/turtlebot3_msgs/lib/libturtlebot3_msgs__rosidl_generator_c.so
[7.389s] -- Set runtime path of "/ros_ws/Aruco_tag_localization/install/turtlebot3_msgs/lib/libturtlebot3_msgs__rosidl_generator_c.so" to ""
[7.389s] -- Installing: /ros_ws/Aruco_tag_localization/install/turtlebot3_msgs/lib/libturtlebot3_msgs__rosidl_typesupport_introspection_c.so
[7.391s] -- Set runtime path of "/ros_ws/Aruco_tag_localization/install/turtlebot3_msgs/lib/libturtlebot3_msgs__rosidl_typesupport_introspection_c.so" to ""
[7.391s] -- Installing: /ros_ws/Aruco_tag_localization/install/turtlebot3_msgs/lib/libturtlebot3_msgs__rosidl_typesupport_c.so
[7.392s] -- Set runtime path of "/ros_ws/Aruco_tag_localization/install/turtlebot3_msgs/lib/libturtlebot3_msgs__rosidl_typesupport_c.so" to ""
[7.392s] -- Installing: /ros_ws/Aruco_tag_localization/install/turtlebot3_msgs/lib/libturtlebot3_msgs__rosidl_typesupport_introspection_cpp.so
[7.394s] -- Set runtime path of "/ros_ws/Aruco_tag_localization/install/turtlebot3_msgs/lib/libturtlebot3_msgs__rosidl_typesupport_introspection_cpp.so" to ""
[7.394s] -- Installing: /ros_ws/Aruco_tag_localization/install/turtlebot3_msgs/lib/libturtlebot3_msgs__rosidl_typesupport_cpp.so
[7.395s] -- Set runtime path of "/ros_ws/Aruco_tag_localization/install/turtlebot3_msgs/lib/libturtlebot3_msgs__rosidl_typesupport_cpp.so" to ""
[7.427s] Compiling '/ros_ws/Aruco_tag_localization/install/turtlebot3_msgs/lib/python3.8/site-packages/turtlebot3_msgs/__init__.py'...
[7.432s] -- Installing: /ros_ws/Aruco_tag_localization/install/turtlebot3_msgs/share/turtlebot3_msgs/cmake/turtlebot3_msgs__rosidl_generator_cExport.cmake
[7.432s] -- Installing: /ros_ws/Aruco_tag_localization/install/turtlebot3_msgs/share/turtlebot3_msgs/cmake/turtlebot3_msgs__rosidl_generator_cExport-noconfig.cmake
[7.432s] -- Installing: /ros_ws/Aruco_tag_localization/install/turtlebot3_msgs/share/turtlebot3_msgs/cmake/turtlebot3_msgs__rosidl_typesupport_introspection_cExport.cmake
[7.432s] -- Installing: /ros_ws/Aruco_tag_localization/install/turtlebot3_msgs/share/turtlebot3_msgs/cmake/turtlebot3_msgs__rosidl_typesupport_introspection_cExport-noconfig.cmake
[7.433s] -- Installing: /ros_ws/Aruco_tag_localization/install/turtlebot3_msgs/share/turtlebot3_msgs/cmake/turtlebot3_msgs__rosidl_typesupport_cExport.cmake
[7.433s] -- Installing: /ros_ws/Aruco_tag_localization/install/turtlebot3_msgs/share/turtlebot3_msgs/cmake/turtlebot3_msgs__rosidl_typesupport_cExport-noconfig.cmake
[7.433s] -- Installing: /ros_ws/Aruco_tag_localization/install/turtlebot3_msgs/share/turtlebot3_msgs/cmake/turtlebot3_msgs__rosidl_generator_cppExport.cmake
[7.433s] -- Installing: /ros_ws/Aruco_tag_localization/install/turtlebot3_msgs/share/turtlebot3_msgs/cmake/turtlebot3_msgs__rosidl_typesupport_introspection_cppExport.cmake
[7.433s] -- Installing: /ros_ws/Aruco_tag_localization/install/turtlebot3_msgs/share/turtlebot3_msgs/cmake/turtlebot3_msgs__rosidl_typesupport_introspection_cppExport-noconfig.cmake
[7.433s] -- Installing: /ros_ws/Aruco_tag_localization/install/turtlebot3_msgs/share/turtlebot3_msgs/cmake/turtlebot3_msgs__rosidl_typesupport_cppExport.cmake
[7.433s] -- Installing: /ros_ws/Aruco_tag_localization/install/turtlebot3_msgs/share/turtlebot3_msgs/cmake/turtlebot3_msgs__rosidl_typesupport_cppExport-noconfig.cmake
[7.436s] Invoked command in '/ros_ws/Aruco_tag_localization/build/turtlebot3_msgs' returned '0': CMAKE_PREFIX_PATH=/opt/ros/foxy /usr/bin/cmake --install /ros_ws/Aruco_tag_localization/build/turtlebot3_msgs
