[0.108s] DEBUG:colcon:Command line arguments: ['/usr/bin/colcon', 'build', '--symlink-install']
[0.108s] DEBUG:colcon:Parsed command line arguments: Namespace(allow_overriding=[], ament_cmake_args=None, base_paths=['.'], build_base='build', catkin_cmake_args=None, catkin_skip_building_tests=False, cmake_args=None, cmake_clean_cache=False, cmake_clean_first=False, cmake_force_configure=False, cmake_target=None, cmake_target_skip_unavailable=False, continue_on_error=False, event_handlers=None, executor='parallel', ignore_user_meta=False, install_base='install', log_base=None, log_level=None, main=<bound method BuildVerb.main of <colcon_core.verb.build.BuildVerb object at 0x73593fd8bf70>>, merge_install=False, metas=['./colcon.meta'], mixin=None, mixin_files=None, mixin_verb=('build',), packages_above=None, packages_above_and_dependencies=None, packages_above_depth=None, packages_end=None, packages_ignore=None, packages_ignore_regex=None, packages_select=None, packages_select_build_failed=False, packages_select_by_dep=None, packages_select_regex=None, packages_select_test_failures=False, packages_skip=None, packages_skip_build_finished=False, packages_skip_by_dep=None, packages_skip_regex=None, packages_skip_test_passed=False, packages_skip_up_to=None, packages_start=None, packages_up_to=None, packages_up_to_regex=None, parallel_workers=20, paths=None, symlink_install=True, test_result_base=None, verb_extension=<colcon_core.verb.build.BuildVerb object at 0x73593fd8bf70>, verb_name='build', verb_parser=<colcon_mixin.mixin.mixin_argument.MixinArgumentDecorator object at 0x73593fcef640>)
[0.178s] Level 1:colcon.colcon_core.package_discovery:discover_packages(colcon_meta) check parameters
[0.178s] Level 1:colcon.colcon_core.package_discovery:discover_packages(recursive) check parameters
[0.178s] Level 1:colcon.colcon_core.package_discovery:discover_packages(ignore) check parameters
[0.178s] Level 1:colcon.colcon_core.package_discovery:discover_packages(path) check parameters
[0.178s] Level 1:colcon.colcon_core.package_discovery:discover_packages(colcon_meta) discover
[0.178s] Level 1:colcon.colcon_core.package_discovery:discover_packages(recursive) discover
[0.178s] INFO:colcon.colcon_core.package_discovery:Crawling recursively for packages in '/ros_ws/joy_motion_ws/ros2_ws'
[0.179s] Level 1:colcon.colcon_core.package_identification:_identify(.) by extensions ['ignore', 'ignore_ament_install']
[0.179s] Level 1:colcon.colcon_core.package_identification:_identify(.) by extension 'ignore'
[0.179s] Level 1:colcon.colcon_core.package_identification:_identify(.) by extension 'ignore_ament_install'
[0.179s] Level 1:colcon.colcon_core.package_identification:_identify(.) by extensions ['colcon_pkg']
[0.179s] Level 1:colcon.colcon_core.package_identification:_identify(.) by extension 'colcon_pkg'
[0.179s] Level 1:colcon.colcon_core.package_identification:_identify(.) by extensions ['colcon_meta']
[0.179s] Level 1:colcon.colcon_core.package_identification:_identify(.) by extension 'colcon_meta'
[0.179s] Level 1:colcon.colcon_core.package_identification:_identify(.) by extensions ['ros']
[0.179s] Level 1:colcon.colcon_core.package_identification:_identify(.) by extension 'ros'
[0.185s] Level 1:colcon.colcon_core.package_identification:_identify(.) by extensions ['cmake', 'python']
[0.185s] Level 1:colcon.colcon_core.package_identification:_identify(.) by extension 'cmake'
[0.185s] Level 1:colcon.colcon_core.package_identification:_identify(.) by extension 'python'
[0.185s] Level 1:colcon.colcon_core.package_identification:_identify(.) by extensions ['python_setup_py']
[0.185s] Level 1:colcon.colcon_core.package_identification:_identify(.) by extension 'python_setup_py'
[0.185s] Level 1:colcon.colcon_core.package_identification:_identify(build) by extensions ['ignore', 'ignore_ament_install']
[0.185s] Level 1:colcon.colcon_core.package_identification:_identify(build) by extension 'ignore'
[0.185s] Level 1:colcon.colcon_core.package_identification:_identify(build) ignored
[0.185s] Level 1:colcon.colcon_core.package_identification:_identify(install) by extensions ['ignore', 'ignore_ament_install']
[0.185s] Level 1:colcon.colcon_core.package_identification:_identify(install) by extension 'ignore'
[0.185s] Level 1:colcon.colcon_core.package_identification:_identify(install) ignored
[0.185s] Level 1:colcon.colcon_core.package_identification:_identify(log) by extensions ['ignore', 'ignore_ament_install']
[0.186s] Level 1:colcon.colcon_core.package_identification:_identify(log) by extension 'ignore'
[0.186s] Level 1:colcon.colcon_core.package_identification:_identify(log) ignored
[0.186s] Level 1:colcon.colcon_core.package_identification:_identify(src) by extensions ['ignore', 'ignore_ament_install']
[0.186s] Level 1:colcon.colcon_core.package_identification:_identify(src) by extension 'ignore'
[0.186s] Level 1:colcon.colcon_core.package_identification:_identify(src) by extension 'ignore_ament_install'
[0.186s] Level 1:colcon.colcon_core.package_identification:_identify(src) by extensions ['colcon_pkg']
[0.186s] Level 1:colcon.colcon_core.package_identification:_identify(src) by extension 'colcon_pkg'
[0.186s] Level 1:colcon.colcon_core.package_identification:_identify(src) by extensions ['colcon_meta']
[0.186s] Level 1:colcon.colcon_core.package_identification:_identify(src) by extension 'colcon_meta'
[0.186s] Level 1:colcon.colcon_core.package_identification:_identify(src) by extensions ['ros']
[0.186s] Level 1:colcon.colcon_core.package_identification:_identify(src) by extension 'ros'
[0.186s] Level 1:colcon.colcon_core.package_identification:_identify(src) by extensions ['cmake', 'python']
[0.186s] Level 1:colcon.colcon_core.package_identification:_identify(src) by extension 'cmake'
[0.186s] Level 1:colcon.colcon_core.package_identification:_identify(src) by extension 'python'
[0.186s] Level 1:colcon.colcon_core.package_identification:_identify(src) by extensions ['python_setup_py']
[0.186s] Level 1:colcon.colcon_core.package_identification:_identify(src) by extension 'python_setup_py'
[0.186s] Level 1:colcon.colcon_core.package_identification:_identify(src/build) by extensions ['ignore', 'ignore_ament_install']
[0.186s] Level 1:colcon.colcon_core.package_identification:_identify(src/build) by extension 'ignore'
[0.186s] Level 1:colcon.colcon_core.package_identification:_identify(src/build) ignored
[0.186s] Level 1:colcon.colcon_core.package_identification:_identify(src/install) by extensions ['ignore', 'ignore_ament_install']
[0.186s] Level 1:colcon.colcon_core.package_identification:_identify(src/install) by extension 'ignore'
[0.186s] Level 1:colcon.colcon_core.package_identification:_identify(src/install) ignored
[0.186s] Level 1:colcon.colcon_core.package_identification:_identify(src/joy_to_motion) by extensions ['ignore', 'ignore_ament_install']
[0.186s] Level 1:colcon.colcon_core.package_identification:_identify(src/joy_to_motion) by extension 'ignore'
[0.186s] Level 1:colcon.colcon_core.package_identification:_identify(src/joy_to_motion) by extension 'ignore_ament_install'
[0.186s] Level 1:colcon.colcon_core.package_identification:_identify(src/joy_to_motion) by extensions ['colcon_pkg']
[0.186s] Level 1:colcon.colcon_core.package_identification:_identify(src/joy_to_motion) by extension 'colcon_pkg'
[0.186s] Level 1:colcon.colcon_core.package_identification:_identify(src/joy_to_motion) by extensions ['colcon_meta']
[0.186s] Level 1:colcon.colcon_core.package_identification:_identify(src/joy_to_motion) by extension 'colcon_meta'
[0.186s] Level 1:colcon.colcon_core.package_identification:_identify(src/joy_to_motion) by extensions ['ros']
[0.186s] Level 1:colcon.colcon_core.package_identification:_identify(src/joy_to_motion) by extension 'ros'
[0.188s] DEBUG:colcon.colcon_core.package_identification:Package 'src/joy_to_motion' with type 'ros.ament_python' and name 'joy_to_motion'
[0.188s] Level 1:colcon.colcon_core.package_identification:_identify(src/log) by extensions ['ignore', 'ignore_ament_install']
[0.188s] Level 1:colcon.colcon_core.package_identification:_identify(src/log) by extension 'ignore'
[0.188s] Level 1:colcon.colcon_core.package_identification:_identify(src/log) ignored
[0.188s] Level 1:colcon.colcon_core.package_discovery:discover_packages(recursive) using defaults
[0.188s] Level 1:colcon.colcon_core.package_discovery:discover_packages(ignore) discover
[0.188s] Level 1:colcon.colcon_core.package_discovery:discover_packages(ignore) using defaults
[0.188s] Level 1:colcon.colcon_core.package_discovery:discover_packages(path) discover
[0.188s] Level 1:colcon.colcon_core.package_discovery:discover_packages(path) using defaults
[0.197s] Level 1:colcon.colcon_core.package_discovery:discover_packages(prefix_path) check parameters
[0.197s] Level 1:colcon.colcon_core.package_discovery:discover_packages(prefix_path) discover
[0.198s] DEBUG:colcon.colcon_installed_package_information.package_discovery:Found 18 installed packages in /ros_ws/joy_motion_ws/ros2_ws/install
[0.199s] DEBUG:colcon.colcon_installed_package_information.package_discovery:Found 258 installed packages in /opt/ros/foxy
[0.200s] Level 1:colcon.colcon_core.package_discovery:discover_packages(prefix_path) using defaults
[0.232s] Level 5:colcon.colcon_core.verb:set package 'joy_to_motion' build argument 'cmake_args' from command line to 'None'
[0.232s] Level 5:colcon.colcon_core.verb:set package 'joy_to_motion' build argument 'cmake_target' from command line to 'None'
[0.232s] Level 5:colcon.colcon_core.verb:set package 'joy_to_motion' build argument 'cmake_target_skip_unavailable' from command line to 'False'
[0.232s] Level 5:colcon.colcon_core.verb:set package 'joy_to_motion' build argument 'cmake_clean_cache' from command line to 'False'
[0.232s] Level 5:colcon.colcon_core.verb:set package 'joy_to_motion' build argument 'cmake_clean_first' from command line to 'False'
[0.232s] Level 5:colcon.colcon_core.verb:set package 'joy_to_motion' build argument 'cmake_force_configure' from command line to 'False'
[0.232s] Level 5:colcon.colcon_core.verb:set package 'joy_to_motion' build argument 'ament_cmake_args' from command line to 'None'
[0.232s] Level 5:colcon.colcon_core.verb:set package 'joy_to_motion' build argument 'catkin_cmake_args' from command line to 'None'
[0.232s] Level 5:colcon.colcon_core.verb:set package 'joy_to_motion' build argument 'catkin_skip_building_tests' from command line to 'False'
[0.232s] DEBUG:colcon.colcon_core.verb:Building package 'joy_to_motion' with the following arguments: {'ament_cmake_args': None, 'build_base': '/ros_ws/joy_motion_ws/ros2_ws/build/joy_to_motion', 'catkin_cmake_args': None, 'catkin_skip_building_tests': False, 'cmake_args': None, 'cmake_clean_cache': False, 'cmake_clean_first': False, 'cmake_force_configure': False, 'cmake_target': None, 'cmake_target_skip_unavailable': False, 'install_base': '/ros_ws/joy_motion_ws/ros2_ws/install/joy_to_motion', 'merge_install': False, 'path': '/ros_ws/joy_motion_ws/ros2_ws/src/joy_to_motion', 'symlink_install': True, 'test_result_base': None}
[0.232s] INFO:colcon.colcon_core.executor:Executing jobs using 'parallel' executor
[0.233s] DEBUG:colcon.colcon_parallel_executor.executor.parallel:run_until_complete
[0.233s] INFO:colcon.colcon_ros.task.ament_python.build:Building ROS package in '/ros_ws/joy_motion_ws/ros2_ws/src/joy_to_motion' with build type 'ament_python'
[0.233s] Level 1:colcon.colcon_core.shell:create_environment_hook('joy_to_motion', 'ament_prefix_path')
[0.234s] INFO:colcon.colcon_core.plugin_system:Skipping extension 'colcon_core.shell.bat': Not used on non-Windows systems
[0.234s] INFO:colcon.colcon_core.shell:Creating environment hook '/ros_ws/joy_motion_ws/ros2_ws/install/joy_to_motion/share/joy_to_motion/hook/ament_prefix_path.ps1'
[0.235s] INFO:colcon.colcon_core.shell:Creating environment descriptor '/ros_ws/joy_motion_ws/ros2_ws/install/joy_to_motion/share/joy_to_motion/hook/ament_prefix_path.dsv'
[0.235s] INFO:colcon.colcon_core.shell:Creating environment hook '/ros_ws/joy_motion_ws/ros2_ws/install/joy_to_motion/share/joy_to_motion/hook/ament_prefix_path.sh'
[0.235s] INFO:colcon.colcon_core.shell:Skip shell extension 'powershell' for command environment: Not usable outside of PowerShell
[0.235s] DEBUG:colcon.colcon_core.shell:Skip shell extension 'dsv' for command environment
[0.359s] INFO:colcon.colcon_core.task.python.build:Building Python package in '/ros_ws/joy_motion_ws/ros2_ws/src/joy_to_motion'
[0.359s] INFO:colcon.colcon_core.shell:Skip shell extension 'powershell' for command environment: Not usable outside of PowerShell
[0.360s] DEBUG:colcon.colcon_core.shell:Skip shell extension 'dsv' for command environment
[0.586s] DEBUG:colcon.colcon_core.event_handler.log_command:Invoking command in '/ros_ws/joy_motion_ws/ros2_ws/build/joy_to_motion': PYTHONPATH=/ros_ws/joy_motion_ws/ros2_ws/build/joy_to_motion/prefix_override:/usr/lib/python3/dist-packages/colcon_core/task/python/colcon_distutils_commands:/ros_ws/joy_motion_ws/ros2_ws/install/joy_to_motion/lib/python3.8/site-packages:${PYTHONPATH} /usr/bin/python3 -W ignore:setup.py install is deprecated -W ignore:easy_install command is deprecated setup.py develop --editable --build-directory /ros_ws/joy_motion_ws/ros2_ws/build/joy_to_motion/build --no-deps symlink_data
[0.830s] Level 1:colcon.colcon_core.shell:create_environment_hook('joy_to_motion', 'pythonpath_develop')
[0.830s] INFO:colcon.colcon_core.shell:Creating environment hook '/ros_ws/joy_motion_ws/ros2_ws/build/joy_to_motion/share/joy_to_motion/hook/pythonpath_develop.ps1'
[0.831s] DEBUG:colcon.colcon_core.event_handler.log_command:Invoked command in '/ros_ws/joy_motion_ws/ros2_ws/build/joy_to_motion' returned '0': PYTHONPATH=/ros_ws/joy_motion_ws/ros2_ws/build/joy_to_motion/prefix_override:/usr/lib/python3/dist-packages/colcon_core/task/python/colcon_distutils_commands:/ros_ws/joy_motion_ws/ros2_ws/install/joy_to_motion/lib/python3.8/site-packages:${PYTHONPATH} /usr/bin/python3 -W ignore:setup.py install is deprecated -W ignore:easy_install command is deprecated setup.py develop --editable --build-directory /ros_ws/joy_motion_ws/ros2_ws/build/joy_to_motion/build --no-deps symlink_data
[0.831s] INFO:colcon.colcon_core.shell:Creating environment descriptor '/ros_ws/joy_motion_ws/ros2_ws/build/joy_to_motion/share/joy_to_motion/hook/pythonpath_develop.dsv'
[0.831s] INFO:colcon.colcon_core.shell:Creating environment hook '/ros_ws/joy_motion_ws/ros2_ws/build/joy_to_motion/share/joy_to_motion/hook/pythonpath_develop.sh'
[0.832s] Level 1:colcon.colcon_core.environment:checking '/ros_ws/joy_motion_ws/ros2_ws/install/joy_to_motion' for CMake module files
[0.833s] Level 1:colcon.colcon_core.environment:checking '/ros_ws/joy_motion_ws/ros2_ws/install/joy_to_motion' for CMake config files
[0.833s] Level 1:colcon.colcon_core.environment:checking '/ros_ws/joy_motion_ws/ros2_ws/install/joy_to_motion/lib'
[0.833s] Level 1:colcon.colcon_core.environment:checking '/ros_ws/joy_motion_ws/ros2_ws/install/joy_to_motion/bin'
[0.833s] Level 1:colcon.colcon_core.environment:checking '/ros_ws/joy_motion_ws/ros2_ws/install/joy_to_motion/lib/pkgconfig/joy_to_motion.pc'
[0.833s] Level 1:colcon.colcon_core.environment:checking '/ros_ws/joy_motion_ws/ros2_ws/install/joy_to_motion/lib/python3.8/site-packages'
[0.833s] Level 1:colcon.colcon_core.shell:create_environment_hook('joy_to_motion', 'pythonpath')
[0.833s] INFO:colcon.colcon_core.shell:Creating environment hook '/ros_ws/joy_motion_ws/ros2_ws/install/joy_to_motion/share/joy_to_motion/hook/pythonpath.ps1'
[0.834s] INFO:colcon.colcon_core.shell:Creating environment descriptor '/ros_ws/joy_motion_ws/ros2_ws/install/joy_to_motion/share/joy_to_motion/hook/pythonpath.dsv'
[0.834s] INFO:colcon.colcon_core.shell:Creating environment hook '/ros_ws/joy_motion_ws/ros2_ws/install/joy_to_motion/share/joy_to_motion/hook/pythonpath.sh'
[0.834s] Level 1:colcon.colcon_core.environment:checking '/ros_ws/joy_motion_ws/ros2_ws/install/joy_to_motion/bin'
[0.834s] Level 1:colcon.colcon_core.environment:create_environment_scripts_only(joy_to_motion)
[0.834s] INFO:colcon.colcon_core.shell:Creating package script '/ros_ws/joy_motion_ws/ros2_ws/install/joy_to_motion/share/joy_to_motion/package.ps1'
[0.835s] INFO:colcon.colcon_core.shell:Creating package descriptor '/ros_ws/joy_motion_ws/ros2_ws/install/joy_to_motion/share/joy_to_motion/package.dsv'
[0.835s] INFO:colcon.colcon_core.shell:Creating package script '/ros_ws/joy_motion_ws/ros2_ws/install/joy_to_motion/share/joy_to_motion/package.sh'
[0.836s] INFO:colcon.colcon_core.shell:Creating package script '/ros_ws/joy_motion_ws/ros2_ws/install/joy_to_motion/share/joy_to_motion/package.bash'
[0.836s] INFO:colcon.colcon_core.shell:Creating package script '/ros_ws/joy_motion_ws/ros2_ws/install/joy_to_motion/share/joy_to_motion/package.zsh'
[0.836s] Level 1:colcon.colcon_core.environment:create_file_with_runtime_dependencies(/ros_ws/joy_motion_ws/ros2_ws/install/joy_to_motion/share/colcon-core/packages/joy_to_motion)
[0.837s] DEBUG:colcon.colcon_parallel_executor.executor.parallel:closing loop
[0.837s] DEBUG:colcon.colcon_parallel_executor.executor.parallel:loop closed
[0.837s] DEBUG:colcon.colcon_parallel_executor.executor.parallel:run_until_complete finished with '0'
[0.837s] DEBUG:colcon.colcon_core.event_reactor:joining thread
[0.840s] INFO:colcon.colcon_core.plugin_system:Skipping extension 'colcon_notification.desktop_notification.notify_send': Could not find 'notify-send'
[0.840s] INFO:colcon.colcon_core.plugin_system:Skipping extension 'colcon_notification.desktop_notification.terminal_notifier': Not used on non-Darwin systems
[0.840s] INFO:colcon.colcon_core.plugin_system:Skipping extension 'colcon_notification.desktop_notification.win32': Not used on non-Windows systems
[0.840s] INFO:colcon.colcon_notification.desktop_notification:Sending desktop notification using 'notify2'
[0.842s] DEBUG:colcon.colcon_notification.desktop_notification.notify2:Failed to initialize notify2: org.freedesktop.DBus.Error.Spawn.ExecFailed: /usr/bin/dbus-launch terminated abnormally without any error message
[0.842s] DEBUG:colcon.colcon_core.event_reactor:joined thread
[0.843s] INFO:colcon.colcon_core.shell:Creating prefix script '/ros_ws/joy_motion_ws/ros2_ws/install/local_setup.ps1'
[0.843s] INFO:colcon.colcon_core.shell:Creating prefix util module '/ros_ws/joy_motion_ws/ros2_ws/install/_local_setup_util_ps1.py'
[0.844s] INFO:colcon.colcon_core.shell:Creating prefix chain script '/ros_ws/joy_motion_ws/ros2_ws/install/setup.ps1'
[0.845s] INFO:colcon.colcon_core.shell:Creating prefix script '/ros_ws/joy_motion_ws/ros2_ws/install/local_setup.sh'
[0.845s] INFO:colcon.colcon_core.shell:Creating prefix util module '/ros_ws/joy_motion_ws/ros2_ws/install/_local_setup_util_sh.py'
[0.846s] INFO:colcon.colcon_core.shell:Creating prefix chain script '/ros_ws/joy_motion_ws/ros2_ws/install/setup.sh'
[0.846s] INFO:colcon.colcon_core.shell:Creating prefix script '/ros_ws/joy_motion_ws/ros2_ws/install/local_setup.bash'
[0.846s] INFO:colcon.colcon_core.shell:Creating prefix chain script '/ros_ws/joy_motion_ws/ros2_ws/install/setup.bash'
[0.847s] INFO:colcon.colcon_core.shell:Creating prefix script '/ros_ws/joy_motion_ws/ros2_ws/install/local_setup.zsh'
[0.847s] INFO:colcon.colcon_core.shell:Creating prefix chain script '/ros_ws/joy_motion_ws/ros2_ws/install/setup.zsh'
