[1.451s] Invoking command in '/ros_ws/joy_motion_ws/ros2_ws/build/examples_rclpy_minimal_action_server': PYTHONPATH=/ros_ws/joy_motion_ws/ros2_ws/build/examples_rclpy_minimal_action_server/prefix_override:/usr/lib/python3/dist-packages/colcon_core/task/python/colcon_distutils_commands:/ros_ws/joy_motion_ws/ros2_ws/install/examples_rclpy_minimal_action_server/lib/python3.8/site-packages:${PYTHONPATH} /usr/bin/python3 -W ignore:setup.py install is deprecated -W ignore:easy_install command is deprecated setup.py develop --editable --build-directory /ros_ws/joy_motion_ws/ros2_ws/build/examples_rclpy_minimal_action_server/build --no-deps symlink_data
[1.590s] running develop
[1.650s] running egg_info
[1.650s] writing examples_rclpy_minimal_action_server.egg-info/PKG-INFO
[1.651s] writing dependency_links to examples_rclpy_minimal_action_server.egg-info/dependency_links.txt
[1.651s] writing entry points to examples_rclpy_minimal_action_server.egg-info/entry_points.txt
[1.651s] writing requirements to examples_rclpy_minimal_action_server.egg-info/requires.txt
[1.651s] writing top-level names to examples_rclpy_minimal_action_server.egg-info/top_level.txt
[1.670s] reading manifest file 'examples_rclpy_minimal_action_server.egg-info/SOURCES.txt'
[1.670s] writing manifest file 'examples_rclpy_minimal_action_server.egg-info/SOURCES.txt'
[1.690s] running build_ext
[1.691s] Creating /ros_ws/joy_motion_ws/ros2_ws/install/examples_rclpy_minimal_action_server/lib/python3.8/site-packages/examples-rclpy-minimal-action-server.egg-link (link to .)
[1.692s] Installing server script to /ros_ws/joy_motion_ws/ros2_ws/install/examples_rclpy_minimal_action_server/lib/examples_rclpy_minimal_action_server
[1.693s] Installing server_defer script to /ros_ws/joy_motion_ws/ros2_ws/install/examples_rclpy_minimal_action_server/lib/examples_rclpy_minimal_action_server
[1.693s] Installing server_not_composable script to /ros_ws/joy_motion_ws/ros2_ws/install/examples_rclpy_minimal_action_server/lib/examples_rclpy_minimal_action_server
[1.693s] Installing server_queue_goals script to /ros_ws/joy_motion_ws/ros2_ws/install/examples_rclpy_minimal_action_server/lib/examples_rclpy_minimal_action_server
[1.693s] Installing server_single_goal script to /ros_ws/joy_motion_ws/ros2_ws/install/examples_rclpy_minimal_action_server/lib/examples_rclpy_minimal_action_server
[1.694s] 
[1.694s] Installed /ros_ws/joy_motion_ws/ros2_ws/build/examples_rclpy_minimal_action_server
[1.695s] running symlink_data
[1.711s] Invoked command in '/ros_ws/joy_motion_ws/ros2_ws/build/examples_rclpy_minimal_action_server' returned '0': PYTHONPATH=/ros_ws/joy_motion_ws/ros2_ws/build/examples_rclpy_minimal_action_server/prefix_override:/usr/lib/python3/dist-packages/colcon_core/task/python/colcon_distutils_commands:/ros_ws/joy_motion_ws/ros2_ws/install/examples_rclpy_minimal_action_server/lib/python3.8/site-packages:${PYTHONPATH} /usr/bin/python3 -W ignore:setup.py install is deprecated -W ignore:easy_install command is deprecated setup.py develop --editable --build-directory /ros_ws/joy_motion_ws/ros2_ws/build/examples_rclpy_minimal_action_server/build --no-deps symlink_data
