[0.104s] DEBUG:colcon:Command line arguments: ['/usr/bin/colcon', 'build', '--symlink-install']
[0.104s] DEBUG:colcon:Parsed command line arguments: Namespace(allow_overriding=[], ament_cmake_args=None, base_paths=['.'], build_base='build', catkin_cmake_args=None, catkin_skip_building_tests=False, cmake_args=None, cmake_clean_cache=False, cmake_clean_first=False, cmake_force_configure=False, cmake_target=None, cmake_target_skip_unavailable=False, continue_on_error=False, event_handlers=None, executor='parallel', ignore_user_meta=False, install_base='install', log_base=None, log_level=None, main=<bound method BuildVerb.main of <colcon_core.verb.build.BuildVerb object at 0x70152be41f70>>, merge_install=False, metas=['./colcon.meta'], mixin=None, mixin_files=None, mixin_verb=('build',), packages_above=None, packages_above_and_dependencies=None, packages_above_depth=None, packages_end=None, packages_ignore=None, packages_ignore_regex=None, packages_select=None, packages_select_build_failed=False, packages_select_by_dep=None, packages_select_regex=None, packages_select_test_failures=False, packages_skip=None, packages_skip_build_finished=False, packages_skip_by_dep=None, packages_skip_regex=None, packages_skip_test_passed=False, packages_skip_up_to=None, packages_start=None, packages_up_to=None, packages_up_to_regex=None, parallel_workers=20, paths=None, symlink_install=True, test_result_base=None, verb_extension=<colcon_core.verb.build.BuildVerb object at 0x70152be41f70>, verb_name='build', verb_parser=<colcon_mixin.mixin.mixin_argument.MixinArgumentDecorator object at 0x70152bda6640>)
[0.174s] Level 1:colcon.colcon_core.package_discovery:discover_packages(colcon_meta) check parameters
[0.174s] Level 1:colcon.colcon_core.package_discovery:discover_packages(recursive) check parameters
[0.174s] Level 1:colcon.colcon_core.package_discovery:discover_packages(ignore) check parameters
[0.174s] Level 1:colcon.colcon_core.package_discovery:discover_packages(path) check parameters
[0.174s] Level 1:colcon.colcon_core.package_discovery:discover_packages(colcon_meta) discover
[0.174s] Level 1:colcon.colcon_core.package_discovery:discover_packages(recursive) discover
[0.174s] INFO:colcon.colcon_core.package_discovery:Crawling recursively for packages in '/ros_ws/joy_motion_ws/ros2_ws'
[0.175s] Level 1:colcon.colcon_core.package_identification:_identify(.) by extensions ['ignore', 'ignore_ament_install']
[0.175s] Level 1:colcon.colcon_core.package_identification:_identify(.) by extension 'ignore'
[0.175s] Level 1:colcon.colcon_core.package_identification:_identify(.) by extension 'ignore_ament_install'
[0.175s] Level 1:colcon.colcon_core.package_identification:_identify(.) by extensions ['colcon_pkg']
[0.175s] Level 1:colcon.colcon_core.package_identification:_identify(.) by extension 'colcon_pkg'
[0.175s] Level 1:colcon.colcon_core.package_identification:_identify(.) by extensions ['colcon_meta']
[0.175s] Level 1:colcon.colcon_core.package_identification:_identify(.) by extension 'colcon_meta'
[0.175s] Level 1:colcon.colcon_core.package_identification:_identify(.) by extensions ['ros']
[0.175s] Level 1:colcon.colcon_core.package_identification:_identify(.) by extension 'ros'
[0.181s] Level 1:colcon.colcon_core.package_identification:_identify(.) by extensions ['cmake', 'python']
[0.181s] Level 1:colcon.colcon_core.package_identification:_identify(.) by extension 'cmake'
[0.181s] Level 1:colcon.colcon_core.package_identification:_identify(.) by extension 'python'
[0.181s] Level 1:colcon.colcon_core.package_identification:_identify(.) by extensions ['python_setup_py']
[0.181s] Level 1:colcon.colcon_core.package_identification:_identify(.) by extension 'python_setup_py'
[0.181s] Level 1:colcon.colcon_core.package_identification:_identify(build) by extensions ['ignore', 'ignore_ament_install']
[0.181s] Level 1:colcon.colcon_core.package_identification:_identify(build) by extension 'ignore'
[0.181s] Level 1:colcon.colcon_core.package_identification:_identify(build) ignored
[0.181s] Level 1:colcon.colcon_core.package_identification:_identify(install) by extensions ['ignore', 'ignore_ament_install']
[0.181s] Level 1:colcon.colcon_core.package_identification:_identify(install) by extension 'ignore'
[0.181s] Level 1:colcon.colcon_core.package_identification:_identify(install) ignored
[0.181s] Level 1:colcon.colcon_core.package_identification:_identify(log) by extensions ['ignore', 'ignore_ament_install']
[0.182s] Level 1:colcon.colcon_core.package_identification:_identify(log) by extension 'ignore'
[0.182s] Level 1:colcon.colcon_core.package_identification:_identify(log) ignored
[0.182s] Level 1:colcon.colcon_core.package_identification:_identify(src) by extensions ['ignore', 'ignore_ament_install']
[0.182s] Level 1:colcon.colcon_core.package_identification:_identify(src) by extension 'ignore'
[0.182s] Level 1:colcon.colcon_core.package_identification:_identify(src) by extension 'ignore_ament_install'
[0.182s] Level 1:colcon.colcon_core.package_identification:_identify(src) by extensions ['colcon_pkg']
[0.182s] Level 1:colcon.colcon_core.package_identification:_identify(src) by extension 'colcon_pkg'
[0.182s] Level 1:colcon.colcon_core.package_identification:_identify(src) by extensions ['colcon_meta']
[0.182s] Level 1:colcon.colcon_core.package_identification:_identify(src) by extension 'colcon_meta'
[0.182s] Level 1:colcon.colcon_core.package_identification:_identify(src) by extensions ['ros']
[0.182s] Level 1:colcon.colcon_core.package_identification:_identify(src) by extension 'ros'
[0.182s] Level 1:colcon.colcon_core.package_identification:_identify(src) by extensions ['cmake', 'python']
[0.182s] Level 1:colcon.colcon_core.package_identification:_identify(src) by extension 'cmake'
[0.182s] Level 1:colcon.colcon_core.package_identification:_identify(src) by extension 'python'
[0.182s] Level 1:colcon.colcon_core.package_identification:_identify(src) by extensions ['python_setup_py']
[0.182s] Level 1:colcon.colcon_core.package_identification:_identify(src) by extension 'python_setup_py'
[0.182s] Level 1:colcon.colcon_core.package_identification:_identify(src/joy_to_motion) by extensions ['ignore', 'ignore_ament_install']
[0.182s] Level 1:colcon.colcon_core.package_identification:_identify(src/joy_to_motion) by extension 'ignore'
[0.182s] Level 1:colcon.colcon_core.package_identification:_identify(src/joy_to_motion) by extension 'ignore_ament_install'
[0.182s] Level 1:colcon.colcon_core.package_identification:_identify(src/joy_to_motion) by extensions ['colcon_pkg']
[0.182s] Level 1:colcon.colcon_core.package_identification:_identify(src/joy_to_motion) by extension 'colcon_pkg'
[0.182s] Level 1:colcon.colcon_core.package_identification:_identify(src/joy_to_motion) by extensions ['colcon_meta']
[0.182s] Level 1:colcon.colcon_core.package_identification:_identify(src/joy_to_motion) by extension 'colcon_meta'
[0.182s] Level 1:colcon.colcon_core.package_identification:_identify(src/joy_to_motion) by extensions ['ros']
[0.182s] Level 1:colcon.colcon_core.package_identification:_identify(src/joy_to_motion) by extension 'ros'
[0.183s] DEBUG:colcon.colcon_core.package_identification:Package 'src/joy_to_motion' with type 'ros.ament_python' and name 'joy_to_motion'
[0.183s] Level 1:colcon.colcon_core.package_identification:_identify(src/ros1_msgs_srvs) by extensions ['ignore', 'ignore_ament_install']
[0.183s] Level 1:colcon.colcon_core.package_identification:_identify(src/ros1_msgs_srvs) by extension 'ignore'
[0.183s] Level 1:colcon.colcon_core.package_identification:_identify(src/ros1_msgs_srvs) by extension 'ignore_ament_install'
[0.183s] Level 1:colcon.colcon_core.package_identification:_identify(src/ros1_msgs_srvs) by extensions ['colcon_pkg']
[0.183s] Level 1:colcon.colcon_core.package_identification:_identify(src/ros1_msgs_srvs) by extension 'colcon_pkg'
[0.183s] Level 1:colcon.colcon_core.package_identification:_identify(src/ros1_msgs_srvs) by extensions ['colcon_meta']
[0.184s] Level 1:colcon.colcon_core.package_identification:_identify(src/ros1_msgs_srvs) by extension 'colcon_meta'
[0.184s] Level 1:colcon.colcon_core.package_identification:_identify(src/ros1_msgs_srvs) by extensions ['ros']
[0.184s] Level 1:colcon.colcon_core.package_identification:_identify(src/ros1_msgs_srvs) by extension 'ros'
[0.184s] DEBUG:colcon.colcon_core.package_identification:Package 'src/ros1_msgs_srvs' with type 'ros.ament_cmake' and name 'ros1_msgs_srvs'
[0.184s] Level 1:colcon.colcon_core.package_discovery:discover_packages(recursive) using defaults
[0.184s] Level 1:colcon.colcon_core.package_discovery:discover_packages(ignore) discover
[0.184s] Level 1:colcon.colcon_core.package_discovery:discover_packages(ignore) using defaults
[0.184s] Level 1:colcon.colcon_core.package_discovery:discover_packages(path) discover
[0.184s] Level 1:colcon.colcon_core.package_discovery:discover_packages(path) using defaults
[0.193s] Level 1:colcon.colcon_core.package_discovery:discover_packages(prefix_path) check parameters
[0.193s] Level 1:colcon.colcon_core.package_discovery:discover_packages(prefix_path) discover
[0.194s] DEBUG:colcon.colcon_installed_package_information.package_discovery:Found 18 installed packages in /ros_ws/joy_motion_ws/ros2_ws/install
[0.195s] DEBUG:colcon.colcon_installed_package_information.package_discovery:Found 258 installed packages in /opt/ros/foxy
[0.196s] Level 1:colcon.colcon_core.package_discovery:discover_packages(prefix_path) using defaults
[0.228s] Level 5:colcon.colcon_core.verb:set package 'joy_to_motion' build argument 'cmake_args' from command line to 'None'
[0.228s] Level 5:colcon.colcon_core.verb:set package 'joy_to_motion' build argument 'cmake_target' from command line to 'None'
[0.228s] Level 5:colcon.colcon_core.verb:set package 'joy_to_motion' build argument 'cmake_target_skip_unavailable' from command line to 'False'
[0.228s] Level 5:colcon.colcon_core.verb:set package 'joy_to_motion' build argument 'cmake_clean_cache' from command line to 'False'
[0.228s] Level 5:colcon.colcon_core.verb:set package 'joy_to_motion' build argument 'cmake_clean_first' from command line to 'False'
[0.228s] Level 5:colcon.colcon_core.verb:set package 'joy_to_motion' build argument 'cmake_force_configure' from command line to 'False'
[0.228s] Level 5:colcon.colcon_core.verb:set package 'joy_to_motion' build argument 'ament_cmake_args' from command line to 'None'
[0.228s] Level 5:colcon.colcon_core.verb:set package 'joy_to_motion' build argument 'catkin_cmake_args' from command line to 'None'
[0.228s] Level 5:colcon.colcon_core.verb:set package 'joy_to_motion' build argument 'catkin_skip_building_tests' from command line to 'False'
[0.228s] DEBUG:colcon.colcon_core.verb:Building package 'joy_to_motion' with the following arguments: {'ament_cmake_args': None, 'build_base': '/ros_ws/joy_motion_ws/ros2_ws/build/joy_to_motion', 'catkin_cmake_args': None, 'catkin_skip_building_tests': False, 'cmake_args': None, 'cmake_clean_cache': False, 'cmake_clean_first': False, 'cmake_force_configure': False, 'cmake_target': None, 'cmake_target_skip_unavailable': False, 'install_base': '/ros_ws/joy_motion_ws/ros2_ws/install/joy_to_motion', 'merge_install': False, 'path': '/ros_ws/joy_motion_ws/ros2_ws/src/joy_to_motion', 'symlink_install': True, 'test_result_base': None}
[0.228s] Level 5:colcon.colcon_core.verb:set package 'ros1_msgs_srvs' build argument 'cmake_args' from command line to 'None'
[0.228s] Level 5:colcon.colcon_core.verb:set package 'ros1_msgs_srvs' build argument 'cmake_target' from command line to 'None'
[0.228s] Level 5:colcon.colcon_core.verb:set package 'ros1_msgs_srvs' build argument 'cmake_target_skip_unavailable' from command line to 'False'
[0.228s] Level 5:colcon.colcon_core.verb:set package 'ros1_msgs_srvs' build argument 'cmake_clean_cache' from command line to 'False'
[0.228s] Level 5:colcon.colcon_core.verb:set package 'ros1_msgs_srvs' build argument 'cmake_clean_first' from command line to 'False'
[0.228s] Level 5:colcon.colcon_core.verb:set package 'ros1_msgs_srvs' build argument 'cmake_force_configure' from command line to 'False'
[0.228s] Level 5:colcon.colcon_core.verb:set package 'ros1_msgs_srvs' build argument 'ament_cmake_args' from command line to 'None'
[0.228s] Level 5:colcon.colcon_core.verb:set package 'ros1_msgs_srvs' build argument 'catkin_cmake_args' from command line to 'None'
[0.228s] Level 5:colcon.colcon_core.verb:set package 'ros1_msgs_srvs' build argument 'catkin_skip_building_tests' from command line to 'False'
[0.228s] DEBUG:colcon.colcon_core.verb:Building package 'ros1_msgs_srvs' with the following arguments: {'ament_cmake_args': None, 'build_base': '/ros_ws/joy_motion_ws/ros2_ws/build/ros1_msgs_srvs', 'catkin_cmake_args': None, 'catkin_skip_building_tests': False, 'cmake_args': None, 'cmake_clean_cache': False, 'cmake_clean_first': False, 'cmake_force_configure': False, 'cmake_target': None, 'cmake_target_skip_unavailable': False, 'install_base': '/ros_ws/joy_motion_ws/ros2_ws/install/ros1_msgs_srvs', 'merge_install': False, 'path': '/ros_ws/joy_motion_ws/ros2_ws/src/ros1_msgs_srvs', 'symlink_install': True, 'test_result_base': None}
[0.228s] INFO:colcon.colcon_core.executor:Executing jobs using 'parallel' executor
[0.229s] DEBUG:colcon.colcon_parallel_executor.executor.parallel:run_until_complete
[0.229s] INFO:colcon.colcon_ros.task.ament_python.build:Building ROS package in '/ros_ws/joy_motion_ws/ros2_ws/src/joy_to_motion' with build type 'ament_python'
[0.229s] Level 1:colcon.colcon_core.shell:create_environment_hook('joy_to_motion', 'ament_prefix_path')
[0.231s] INFO:colcon.colcon_core.plugin_system:Skipping extension 'colcon_core.shell.bat': Not used on non-Windows systems
[0.231s] INFO:colcon.colcon_core.shell:Creating environment hook '/ros_ws/joy_motion_ws/ros2_ws/install/joy_to_motion/share/joy_to_motion/hook/ament_prefix_path.ps1'
[0.231s] INFO:colcon.colcon_core.shell:Creating environment descriptor '/ros_ws/joy_motion_ws/ros2_ws/install/joy_to_motion/share/joy_to_motion/hook/ament_prefix_path.dsv'
[0.231s] INFO:colcon.colcon_core.shell:Creating environment hook '/ros_ws/joy_motion_ws/ros2_ws/install/joy_to_motion/share/joy_to_motion/hook/ament_prefix_path.sh'
[0.232s] INFO:colcon.colcon_core.shell:Skip shell extension 'powershell' for command environment: Not usable outside of PowerShell
[0.232s] DEBUG:colcon.colcon_core.shell:Skip shell extension 'dsv' for command environment
[0.235s] INFO:colcon.colcon_ros.task.ament_cmake.build:Building ROS package in '/ros_ws/joy_motion_ws/ros2_ws/src/ros1_msgs_srvs' with build type 'ament_cmake'
[0.235s] INFO:colcon.colcon_cmake.task.cmake.build:Building CMake package in '/ros_ws/joy_motion_ws/ros2_ws/src/ros1_msgs_srvs'
[0.236s] INFO:colcon.colcon_core.shell:Skip shell extension 'powershell' for command environment: Not usable outside of PowerShell
[0.236s] DEBUG:colcon.colcon_core.shell:Skip shell extension 'dsv' for command environment
[0.366s] INFO:colcon.colcon_core.task.python.build:Building Python package in '/ros_ws/joy_motion_ws/ros2_ws/src/joy_to_motion'
[0.366s] INFO:colcon.colcon_core.shell:Skip shell extension 'powershell' for command environment: Not usable outside of PowerShell
[0.366s] DEBUG:colcon.colcon_core.shell:Skip shell extension 'dsv' for command environment
[0.372s] DEBUG:colcon.colcon_core.event_handler.log_command:Invoking command in '/ros_ws/joy_motion_ws/ros2_ws/build/ros1_msgs_srvs': CMAKE_PREFIX_PATH=${CMAKE_PREFIX_PATH}:/ros_ws/joy_motion_ws/ros2_ws/install/ros1_to_ros2_package:/ros_ws/joy_motion_ws/ros2_ws/install/joy_to_motion:/ros_ws/joy_motion_ws/ros2_ws/install/examples_rclpy_minimal_subscriber:/ros_ws/joy_motion_ws/ros2_ws/install/examples_rclpy_minimal_service:/ros_ws/joy_motion_ws/ros2_ws/install/examples_rclpy_minimal_publisher:/ros_ws/joy_motion_ws/ros2_ws/install/examples_rclpy_minimal_client:/ros_ws/joy_motion_ws/ros2_ws/install/examples_rclpy_minimal_action_server:/ros_ws/joy_motion_ws/ros2_ws/install/examples_rclpy_minimal_action_client:/ros_ws/joy_motion_ws/ros2_ws/install/examples_rclpy_executors:/opt/ros/foxy /usr/bin/cmake /ros_ws/joy_motion_ws/ros2_ws/src/ros1_msgs_srvs -DAMENT_CMAKE_SYMLINK_INSTALL=1 -DCMAKE_INSTALL_PREFIX=/ros_ws/joy_motion_ws/ros2_ws/install/ros1_msgs_srvs
[0.604s] DEBUG:colcon.colcon_core.event_handler.log_command:Invoking command in '/ros_ws/joy_motion_ws/ros2_ws/build/joy_to_motion': PYTHONPATH=/ros_ws/joy_motion_ws/ros2_ws/build/joy_to_motion/prefix_override:/usr/lib/python3/dist-packages/colcon_core/task/python/colcon_distutils_commands:/ros_ws/joy_motion_ws/ros2_ws/install/joy_to_motion/lib/python3.8/site-packages:${PYTHONPATH} /usr/bin/python3 -W ignore:setup.py install is deprecated -W ignore:easy_install command is deprecated setup.py develop --editable --build-directory /ros_ws/joy_motion_ws/ros2_ws/build/joy_to_motion/build --no-deps symlink_data
[0.837s] Level 1:colcon.colcon_core.shell:create_environment_hook('joy_to_motion', 'pythonpath_develop')
[0.837s] INFO:colcon.colcon_core.shell:Creating environment hook '/ros_ws/joy_motion_ws/ros2_ws/build/joy_to_motion/share/joy_to_motion/hook/pythonpath_develop.ps1'
[0.838s] INFO:colcon.colcon_core.shell:Creating environment descriptor '/ros_ws/joy_motion_ws/ros2_ws/build/joy_to_motion/share/joy_to_motion/hook/pythonpath_develop.dsv'
[0.838s] DEBUG:colcon.colcon_core.event_handler.log_command:Invoked command in '/ros_ws/joy_motion_ws/ros2_ws/build/joy_to_motion' returned '0': PYTHONPATH=/ros_ws/joy_motion_ws/ros2_ws/build/joy_to_motion/prefix_override:/usr/lib/python3/dist-packages/colcon_core/task/python/colcon_distutils_commands:/ros_ws/joy_motion_ws/ros2_ws/install/joy_to_motion/lib/python3.8/site-packages:${PYTHONPATH} /usr/bin/python3 -W ignore:setup.py install is deprecated -W ignore:easy_install command is deprecated setup.py develop --editable --build-directory /ros_ws/joy_motion_ws/ros2_ws/build/joy_to_motion/build --no-deps symlink_data
[0.838s] INFO:colcon.colcon_core.shell:Creating environment hook '/ros_ws/joy_motion_ws/ros2_ws/build/joy_to_motion/share/joy_to_motion/hook/pythonpath_develop.sh'
[0.840s] Level 1:colcon.colcon_core.environment:checking '/ros_ws/joy_motion_ws/ros2_ws/install/joy_to_motion' for CMake module files
[0.840s] Level 1:colcon.colcon_core.environment:checking '/ros_ws/joy_motion_ws/ros2_ws/install/joy_to_motion' for CMake config files
[0.841s] Level 1:colcon.colcon_core.environment:checking '/ros_ws/joy_motion_ws/ros2_ws/install/joy_to_motion/lib'
[0.841s] Level 1:colcon.colcon_core.environment:checking '/ros_ws/joy_motion_ws/ros2_ws/install/joy_to_motion/bin'
[0.841s] Level 1:colcon.colcon_core.environment:checking '/ros_ws/joy_motion_ws/ros2_ws/install/joy_to_motion/lib/pkgconfig/joy_to_motion.pc'
[0.841s] Level 1:colcon.colcon_core.environment:checking '/ros_ws/joy_motion_ws/ros2_ws/install/joy_to_motion/lib/python3.8/site-packages'
[0.841s] Level 1:colcon.colcon_core.shell:create_environment_hook('joy_to_motion', 'pythonpath')
[0.841s] INFO:colcon.colcon_core.shell:Creating environment hook '/ros_ws/joy_motion_ws/ros2_ws/install/joy_to_motion/share/joy_to_motion/hook/pythonpath.ps1'
[0.841s] INFO:colcon.colcon_core.shell:Creating environment descriptor '/ros_ws/joy_motion_ws/ros2_ws/install/joy_to_motion/share/joy_to_motion/hook/pythonpath.dsv'
[0.842s] INFO:colcon.colcon_core.shell:Creating environment hook '/ros_ws/joy_motion_ws/ros2_ws/install/joy_to_motion/share/joy_to_motion/hook/pythonpath.sh'
[0.842s] Level 1:colcon.colcon_core.environment:checking '/ros_ws/joy_motion_ws/ros2_ws/install/joy_to_motion/bin'
[0.842s] Level 1:colcon.colcon_core.environment:create_environment_scripts_only(joy_to_motion)
[0.842s] INFO:colcon.colcon_core.shell:Creating package script '/ros_ws/joy_motion_ws/ros2_ws/install/joy_to_motion/share/joy_to_motion/package.ps1'
[0.842s] INFO:colcon.colcon_core.shell:Creating package descriptor '/ros_ws/joy_motion_ws/ros2_ws/install/joy_to_motion/share/joy_to_motion/package.dsv'
[0.843s] INFO:colcon.colcon_core.shell:Creating package script '/ros_ws/joy_motion_ws/ros2_ws/install/joy_to_motion/share/joy_to_motion/package.sh'
[0.843s] INFO:colcon.colcon_core.shell:Creating package script '/ros_ws/joy_motion_ws/ros2_ws/install/joy_to_motion/share/joy_to_motion/package.bash'
[0.843s] INFO:colcon.colcon_core.shell:Creating package script '/ros_ws/joy_motion_ws/ros2_ws/install/joy_to_motion/share/joy_to_motion/package.zsh'
[0.844s] Level 1:colcon.colcon_core.environment:create_file_with_runtime_dependencies(/ros_ws/joy_motion_ws/ros2_ws/install/joy_to_motion/share/colcon-core/packages/joy_to_motion)
[1.040s] DEBUG:colcon.colcon_core.event_handler.log_command:Invoked command in '/ros_ws/joy_motion_ws/ros2_ws/build/ros1_msgs_srvs' returned '1': CMAKE_PREFIX_PATH=${CMAKE_PREFIX_PATH}:/ros_ws/joy_motion_ws/ros2_ws/install/ros1_to_ros2_package:/ros_ws/joy_motion_ws/ros2_ws/install/joy_to_motion:/ros_ws/joy_motion_ws/ros2_ws/install/examples_rclpy_minimal_subscriber:/ros_ws/joy_motion_ws/ros2_ws/install/examples_rclpy_minimal_service:/ros_ws/joy_motion_ws/ros2_ws/install/examples_rclpy_minimal_publisher:/ros_ws/joy_motion_ws/ros2_ws/install/examples_rclpy_minimal_client:/ros_ws/joy_motion_ws/ros2_ws/install/examples_rclpy_minimal_action_server:/ros_ws/joy_motion_ws/ros2_ws/install/examples_rclpy_minimal_action_client:/ros_ws/joy_motion_ws/ros2_ws/install/examples_rclpy_executors:/opt/ros/foxy /usr/bin/cmake /ros_ws/joy_motion_ws/ros2_ws/src/ros1_msgs_srvs -DAMENT_CMAKE_SYMLINK_INSTALL=1 -DCMAKE_INSTALL_PREFIX=/ros_ws/joy_motion_ws/ros2_ws/install/ros1_msgs_srvs
[1.048s] Level 1:colcon.colcon_core.environment:create_environment_scripts_only(ros1_msgs_srvs)
[1.048s] Level 1:colcon.colcon_core.environment:checking '/ros_ws/joy_motion_ws/ros2_ws/install/ros1_msgs_srvs' for CMake module files
[1.048s] Level 1:colcon.colcon_core.environment:checking '/ros_ws/joy_motion_ws/ros2_ws/install/ros1_msgs_srvs' for CMake config files
[1.048s] Level 1:colcon.colcon_core.environment:checking '/ros_ws/joy_motion_ws/ros2_ws/install/ros1_msgs_srvs/bin'
[1.048s] Level 1:colcon.colcon_core.environment:checking '/ros_ws/joy_motion_ws/ros2_ws/install/ros1_msgs_srvs/lib/pkgconfig/ros1_msgs_srvs.pc'
[1.048s] Level 1:colcon.colcon_core.environment:checking '/ros_ws/joy_motion_ws/ros2_ws/install/ros1_msgs_srvs/lib/python3.8/site-packages'
[1.048s] Level 1:colcon.colcon_core.environment:checking '/ros_ws/joy_motion_ws/ros2_ws/install/ros1_msgs_srvs/bin'
[1.048s] INFO:colcon.colcon_core.shell:Creating package script '/ros_ws/joy_motion_ws/ros2_ws/install/ros1_msgs_srvs/share/ros1_msgs_srvs/package.ps1'
[1.049s] INFO:colcon.colcon_core.shell:Creating package descriptor '/ros_ws/joy_motion_ws/ros2_ws/install/ros1_msgs_srvs/share/ros1_msgs_srvs/package.dsv'
[1.049s] INFO:colcon.colcon_core.shell:Creating package script '/ros_ws/joy_motion_ws/ros2_ws/install/ros1_msgs_srvs/share/ros1_msgs_srvs/package.sh'
[1.049s] INFO:colcon.colcon_core.shell:Creating package script '/ros_ws/joy_motion_ws/ros2_ws/install/ros1_msgs_srvs/share/ros1_msgs_srvs/package.bash'
[1.049s] INFO:colcon.colcon_core.shell:Creating package script '/ros_ws/joy_motion_ws/ros2_ws/install/ros1_msgs_srvs/share/ros1_msgs_srvs/package.zsh'
[1.049s] Level 1:colcon.colcon_core.environment:create_file_with_runtime_dependencies(/ros_ws/joy_motion_ws/ros2_ws/install/ros1_msgs_srvs/share/colcon-core/packages/ros1_msgs_srvs)
[1.060s] DEBUG:colcon.colcon_parallel_executor.executor.parallel:closing loop
[1.060s] DEBUG:colcon.colcon_parallel_executor.executor.parallel:loop closed
[1.060s] DEBUG:colcon.colcon_parallel_executor.executor.parallel:run_until_complete finished with '1'
[1.060s] DEBUG:colcon.colcon_core.event_reactor:joining thread
[1.067s] INFO:colcon.colcon_core.plugin_system:Skipping extension 'colcon_notification.desktop_notification.notify_send': Could not find 'notify-send'
[1.067s] INFO:colcon.colcon_core.plugin_system:Skipping extension 'colcon_notification.desktop_notification.terminal_notifier': Not used on non-Darwin systems
[1.067s] INFO:colcon.colcon_core.plugin_system:Skipping extension 'colcon_notification.desktop_notification.win32': Not used on non-Windows systems
[1.067s] INFO:colcon.colcon_notification.desktop_notification:Sending desktop notification using 'notify2'
[1.069s] DEBUG:colcon.colcon_notification.desktop_notification.notify2:Failed to initialize notify2: org.freedesktop.DBus.Error.Spawn.ExecFailed: /usr/bin/dbus-launch terminated abnormally without any error message
[1.069s] DEBUG:colcon.colcon_core.event_reactor:joined thread
[1.070s] INFO:colcon.colcon_core.shell:Creating prefix script '/ros_ws/joy_motion_ws/ros2_ws/install/local_setup.ps1'
[1.070s] INFO:colcon.colcon_core.shell:Creating prefix util module '/ros_ws/joy_motion_ws/ros2_ws/install/_local_setup_util_ps1.py'
[1.071s] INFO:colcon.colcon_core.shell:Creating prefix chain script '/ros_ws/joy_motion_ws/ros2_ws/install/setup.ps1'
[1.072s] INFO:colcon.colcon_core.shell:Creating prefix script '/ros_ws/joy_motion_ws/ros2_ws/install/local_setup.sh'
[1.073s] INFO:colcon.colcon_core.shell:Creating prefix util module '/ros_ws/joy_motion_ws/ros2_ws/install/_local_setup_util_sh.py'
[1.073s] INFO:colcon.colcon_core.shell:Creating prefix chain script '/ros_ws/joy_motion_ws/ros2_ws/install/setup.sh'
[1.073s] INFO:colcon.colcon_core.shell:Creating prefix script '/ros_ws/joy_motion_ws/ros2_ws/install/local_setup.bash'
[1.074s] INFO:colcon.colcon_core.shell:Creating prefix chain script '/ros_ws/joy_motion_ws/ros2_ws/install/setup.bash'
[1.074s] INFO:colcon.colcon_core.shell:Creating prefix script '/ros_ws/joy_motion_ws/ros2_ws/install/local_setup.zsh'
[1.075s] INFO:colcon.colcon_core.shell:Creating prefix chain script '/ros_ws/joy_motion_ws/ros2_ws/install/setup.zsh'
