[0.072s] Invoking command in '/ros_ws/joy_motion_ws/ros2_ws/build/examples_rclcpp_minimal_composition': CMAKE_PREFIX_PATH=/opt/ros/foxy /usr/bin/cmake /ros_ws/joy_motion_ws/ros2_ws/src/src/examples/rclcpp/composition/minimal_composition -DAMENT_CMAKE_SYMLINK_INSTALL=1 -DCMAKE_INSTALL_PREFIX=/ros_ws/joy_motion_ws/ros2_ws/install/examples_rclcpp_minimal_composition
[1.365s] -- The C compiler identification is GNU 9.4.0
[1.365s] -- The CXX compiler identification is GNU 9.4.0
[1.365s] -- Check for working C compiler: /usr/bin/cc
[1.365s] -- Check for working C compiler: /usr/bin/cc -- works
[1.365s] -- Detecting C compiler ABI info
[1.365s] -- Detecting C compiler ABI info - done
[1.365s] -- Detecting C compile features
[1.365s] -- Detecting C compile features - done
[1.365s] -- Check for working CXX compiler: /usr/bin/c++
[1.365s] -- Check for working CXX compiler: /usr/bin/c++ -- works
[1.365s] -- Detecting CXX compiler ABI info
[1.365s] -- Detecting CXX compiler ABI info - done
[1.365s] -- Detecting CXX compile features
[1.365s] -- Detecting CXX compile features - done
[1.365s] -- Found ament_cmake: 0.9.12 (/opt/ros/foxy/share/ament_cmake/cmake)
[1.365s] -- Found PythonInterp: /usr/bin/python3 (found suitable version "3.8.10", minimum required is "3") 
[1.365s] -- Using PYTHON_EXECUTABLE: /usr/bin/python3
[1.365s] -- Override CMake install command with custom implementation using symlinks instead of copying resources
[1.365s] -- Found rclcpp: 2.4.3 (/opt/ros/foxy/share/rclcpp/cmake)
[1.365s] -- Using all available rosidl_typesupport_c: rosidl_typesupport_fastrtps_c;rosidl_typesupport_introspection_c
[1.365s] -- Found rosidl_adapter: 1.3.1 (/opt/ros/foxy/share/rosidl_adapter/cmake)
[1.365s] -- Found OpenSSL: /usr/lib/x86_64-linux-gnu/libcrypto.so (found version "1.1.1f")  
[1.365s] -- Found FastRTPS: /opt/ros/foxy/include  
[1.366s] -- Using all available rosidl_typesupport_cpp: rosidl_typesupport_fastrtps_cpp;rosidl_typesupport_introspection_cpp
[1.366s] -- Found rmw_implementation_cmake: 1.0.4 (/opt/ros/foxy/share/rmw_implementation_cmake/cmake)
[1.366s] -- Using RMW implementation 'rmw_fastrtps_cpp' as default
[1.366s] -- Looking for pthread.h
[1.366s] -- Looking for pthread.h - found
[1.366s] -- Performing Test CMAKE_HAVE_LIBC_PTHREAD
[1.366s] -- Performing Test CMAKE_HAVE_LIBC_PTHREAD - Failed
[1.366s] -- Looking for pthread_create in pthreads
[1.366s] -- Looking for pthread_create in pthreads - not found
[1.366s] -- Looking for pthread_create in pthread
[1.366s] -- Looking for pthread_create in pthread - found
[1.366s] -- Found Threads: TRUE  
[1.366s] -- Found rclcpp_components: 2.4.3 (/opt/ros/foxy/share/rclcpp_components/cmake)
[1.366s] -- Found ament_lint_auto: 0.9.8 (/opt/ros/foxy/share/ament_lint_auto/cmake)
[1.366s] -- Added test 'copyright' to check source files copyright and LICENSE
[1.366s] -- Added test 'cppcheck' to perform static code analysis on C / C++ code
[1.366s] -- Configured cppcheck include dirs: /ros_ws/joy_motion_ws/ros2_ws/src/src/examples/rclcpp/composition/minimal_composition/include
[1.366s] -- Configured cppcheck exclude dirs and/or files: 
[1.366s] -- Added test 'cpplint' to check C / C++ code against the Google style
[1.366s] -- Configured cpplint exclude dirs and/or files: 
[1.366s] -- Added test 'lint_cmake' to check CMake code style
[1.366s] -- Added test 'uncrustify' to check C / C++ code style
[1.366s] -- Configured uncrustify additional arguments: 
[1.366s] -- Added test 'xmllint' to check XML markup files
[1.366s] -- Configuring done
[1.366s] -- Generating done
[1.366s] -- Build files have been written to: /ros_ws/joy_motion_ws/ros2_ws/build/examples_rclcpp_minimal_composition
[1.395s] Invoked command in '/ros_ws/joy_motion_ws/ros2_ws/build/examples_rclcpp_minimal_composition' returned '0': CMAKE_PREFIX_PATH=/opt/ros/foxy /usr/bin/cmake /ros_ws/joy_motion_ws/ros2_ws/src/src/examples/rclcpp/composition/minimal_composition -DAMENT_CMAKE_SYMLINK_INSTALL=1 -DCMAKE_INSTALL_PREFIX=/ros_ws/joy_motion_ws/ros2_ws/install/examples_rclcpp_minimal_composition
[1.395s] Invoking command in '/ros_ws/joy_motion_ws/ros2_ws/build/examples_rclcpp_minimal_composition': CMAKE_PREFIX_PATH=/opt/ros/foxy /usr/bin/cmake --build /ros_ws/joy_motion_ws/ros2_ws/build/examples_rclcpp_minimal_composition -- -j20 -l20
[1.412s] [35m[1mScanning dependencies of target composition_nodes[0m
[1.513s] [ 11%] [32mBuilding CXX object CMakeFiles/composition_nodes.dir/src/publisher_node.cpp.o[0m
[1.520s] [ 22%] [32mBuilding CXX object CMakeFiles/composition_nodes.dir/src/subscriber_node.cpp.o[0m
[6.168s] [ 33%] [32m[1mLinking CXX shared library libcomposition_nodes.so[0m
[6.328s] [ 33%] Built target composition_nodes
[6.335s] [35m[1mScanning dependencies of target composition_composed[0m
[6.338s] [35m[1mScanning dependencies of target composition_subscriber[0m
[6.338s] [35m[1mScanning dependencies of target composition_publisher[0m
[6.364s] [ 44%] [32mBuilding CXX object CMakeFiles/composition_composed.dir/src/composed.cpp.o[0m
[6.368s] [ 66%] [32mBuilding CXX object CMakeFiles/composition_publisher.dir/src/standalone_publisher.cpp.o[0m
[6.368s] [ 66%] [32mBuilding CXX object CMakeFiles/composition_subscriber.dir/src/standalone_subscriber.cpp.o[0m
[7.239s] [ 77%] [32m[1mLinking CXX executable composition_subscriber[0m
[7.263s] [ 88%] [32m[1mLinking CXX executable composition_composed[0m
[7.266s] [100%] [32m[1mLinking CXX executable composition_publisher[0m
[7.342s] [100%] Built target composition_subscriber
[7.357s] [100%] Built target composition_composed
[7.357s] [100%] Built target composition_publisher
[7.366s] Invoked command in '/ros_ws/joy_motion_ws/ros2_ws/build/examples_rclcpp_minimal_composition' returned '0': CMAKE_PREFIX_PATH=/opt/ros/foxy /usr/bin/cmake --build /ros_ws/joy_motion_ws/ros2_ws/build/examples_rclcpp_minimal_composition -- -j20 -l20
[7.368s] Invoking command in '/ros_ws/joy_motion_ws/ros2_ws/build/examples_rclcpp_minimal_composition': CMAKE_PREFIX_PATH=/opt/ros/foxy /usr/bin/cmake --install /ros_ws/joy_motion_ws/ros2_ws/build/examples_rclcpp_minimal_composition
[7.374s] -- Install configuration: ""
[7.376s] -- Execute custom install script
[7.376s] -- Symlinking: /ros_ws/joy_motion_ws/ros2_ws/install/examples_rclcpp_minimal_composition/share/examples_rclcpp_minimal_composition/environment/library_path.sh
[7.382s] -- Symlinking: /ros_ws/joy_motion_ws/ros2_ws/install/examples_rclcpp_minimal_composition/share/examples_rclcpp_minimal_composition/environment/library_path.dsv
[7.389s] -- Symlinking: /ros_ws/joy_motion_ws/ros2_ws/install/examples_rclcpp_minimal_composition/lib/libcomposition_nodes.so
[7.396s] -- Symlinking: /ros_ws/joy_motion_ws/ros2_ws/install/examples_rclcpp_minimal_composition/lib/examples_rclcpp_minimal_composition/composition_publisher
[7.402s] -- Symlinking: /ros_ws/joy_motion_ws/ros2_ws/install/examples_rclcpp_minimal_composition/lib/examples_rclcpp_minimal_composition/composition_subscriber
[7.410s] -- Symlinking: /ros_ws/joy_motion_ws/ros2_ws/install/examples_rclcpp_minimal_composition/lib/examples_rclcpp_minimal_composition/composition_composed
[7.417s] -- Symlinking: /ros_ws/joy_motion_ws/ros2_ws/install/examples_rclcpp_minimal_composition/share/ament_index/resource_index/package_run_dependencies/examples_rclcpp_minimal_composition
[7.422s] -- Symlinking: /ros_ws/joy_motion_ws/ros2_ws/install/examples_rclcpp_minimal_composition/share/ament_index/resource_index/parent_prefix_path/examples_rclcpp_minimal_composition
[7.430s] -- Symlinking: /ros_ws/joy_motion_ws/ros2_ws/install/examples_rclcpp_minimal_composition/share/examples_rclcpp_minimal_composition/environment/ament_prefix_path.sh
[7.436s] -- Symlinking: /ros_ws/joy_motion_ws/ros2_ws/install/examples_rclcpp_minimal_composition/share/examples_rclcpp_minimal_composition/environment/ament_prefix_path.dsv
[7.443s] -- Symlinking: /ros_ws/joy_motion_ws/ros2_ws/install/examples_rclcpp_minimal_composition/share/examples_rclcpp_minimal_composition/environment/path.sh
[7.451s] -- Symlinking: /ros_ws/joy_motion_ws/ros2_ws/install/examples_rclcpp_minimal_composition/share/examples_rclcpp_minimal_composition/environment/path.dsv
[7.459s] -- Symlinking: /ros_ws/joy_motion_ws/ros2_ws/install/examples_rclcpp_minimal_composition/share/examples_rclcpp_minimal_composition/local_setup.bash
[7.465s] -- Symlinking: /ros_ws/joy_motion_ws/ros2_ws/install/examples_rclcpp_minimal_composition/share/examples_rclcpp_minimal_composition/local_setup.sh
[7.472s] -- Symlinking: /ros_ws/joy_motion_ws/ros2_ws/install/examples_rclcpp_minimal_composition/share/examples_rclcpp_minimal_composition/local_setup.zsh
[7.479s] -- Symlinking: /ros_ws/joy_motion_ws/ros2_ws/install/examples_rclcpp_minimal_composition/share/examples_rclcpp_minimal_composition/local_setup.dsv
[7.485s] -- Symlinking: /ros_ws/joy_motion_ws/ros2_ws/install/examples_rclcpp_minimal_composition/share/examples_rclcpp_minimal_composition/package.dsv
[7.492s] -- Symlinking: /ros_ws/joy_motion_ws/ros2_ws/install/examples_rclcpp_minimal_composition/share/ament_index/resource_index/packages/examples_rclcpp_minimal_composition
[7.499s] -- Symlinking: /ros_ws/joy_motion_ws/ros2_ws/install/examples_rclcpp_minimal_composition/share/examples_rclcpp_minimal_composition/cmake/examples_rclcpp_minimal_compositionConfig.cmake
[7.505s] -- Symlinking: /ros_ws/joy_motion_ws/ros2_ws/install/examples_rclcpp_minimal_composition/share/examples_rclcpp_minimal_composition/cmake/examples_rclcpp_minimal_compositionConfig-version.cmake
[7.512s] -- Symlinking: /ros_ws/joy_motion_ws/ros2_ws/install/examples_rclcpp_minimal_composition/share/examples_rclcpp_minimal_composition/package.xml
[7.521s] Invoked command in '/ros_ws/joy_motion_ws/ros2_ws/build/examples_rclcpp_minimal_composition' returned '0': CMAKE_PREFIX_PATH=/opt/ros/foxy /usr/bin/cmake --install /ros_ws/joy_motion_ws/ros2_ws/build/examples_rclcpp_minimal_composition
