[0.021s] Invoking command in '/ros_ws/Aruco_tag_localization/build/turtlebot3_msgs': /usr/bin/cmake /ros_ws/Aruco_tag_localization/src/turtlebot3_msgs -DAMENT_CMAKE_SYMLINK_INSTALL=1 -DCMAKE_INSTALL_PREFIX=/ros_ws/Aruco_tag_localization/install/turtlebot3_msgs
[0.072s] -- The C compiler identification is GNU 9.4.0
[0.122s] -- The CXX compiler identification is GNU 9.4.0
[0.126s] -- Check for working C compiler: /usr/bin/cc
[0.189s] -- Check for working C compiler: /usr/bin/cc -- works
[0.189s] -- Detecting C compiler ABI info
[0.259s] -- Detecting C compiler ABI info - done
[0.272s] -- Detecting C compile features
[0.273s] -- Detecting C compile features - done
[0.276s] -- Check for working CXX compiler: /usr/bin/c++
[0.355s] -- Check for working CXX compiler: /usr/bin/c++ -- works
[0.356s] -- Detecting CXX compiler ABI info
[0.433s] -- Detecting CXX compiler ABI info - done
[0.443s] -- Detecting CXX compile features
[0.443s] -- Detecting CXX compile features - done
[0.455s] CMake Error at CMakeLists.txt:18 (find_package):
[0.455s]   By not providing "Findaction_msgs.cmake" in CMAKE_MODULE_PATH this project
[0.456s]   has asked CMake to find a package configuration file provided by
[0.456s]   "action_msgs", but CMake did not find one.
[0.456s] 
[0.456s]   Could not find a package configuration file provided by "action_msgs" with
[0.456s]   any of the following names:
[0.456s] 
[0.456s]     action_msgsConfig.cmake
[0.456s]     action_msgs-config.cmake
[0.456s] 
[0.456s]   Add the installation prefix of "action_msgs" to CMAKE_PREFIX_PATH or set
[0.456s]   "action_msgs_DIR" to a directory containing one of the above files.  If
[0.456s]   "action_msgs" provides a separate development package or SDK, be sure it
[0.456s]   has been installed.
[0.456s] 
[0.456s] 
[0.456s] -- Configuring incomplete, errors occurred!
[0.456s] See also "/ros_ws/Aruco_tag_localization/build/turtlebot3_msgs/CMakeFiles/CMakeOutput.log".
[0.459s] Invoked command in '/ros_ws/Aruco_tag_localization/build/turtlebot3_msgs' returned '1': /usr/bin/cmake /ros_ws/Aruco_tag_localization/src/turtlebot3_msgs -DAMENT_CMAKE_SYMLINK_INSTALL=1 -DCMAKE_INSTALL_PREFIX=/ros_ws/Aruco_tag_localization/install/turtlebot3_msgs
