[0.013s] Invoking command in '/ros_ws/Aruco_tag_localization/build/turtlebot3_bringup': AMENT_PREFIX_PATH=/ros_ws/Aruco_tag_localization/install/turtlebot3_node:/ros_ws/Aruco_tag_localization/install/turtlebot3_msgs:/ros_ws/Aruco_tag_localization/install/turtlebot3_description:${AMENT_PREFIX_PATH} CMAKE_PREFIX_PATH=/ros_ws/Aruco_tag_localization/install/turtlebot3_node:/ros_ws/Aruco_tag_localization/install/turtlebot3_msgs:/ros_ws/Aruco_tag_localization/install/turtlebot3_description:/opt/ros/foxy LD_LIBRARY_PATH=/ros_ws/Aruco_tag_localization/install/turtlebot3_msgs/lib:${LD_LIBRARY_PATH} PYTHONPATH=/ros_ws/Aruco_tag_localization/install/turtlebot3_msgs/lib/python3.8/site-packages:${PYTHONPATH} /usr/bin/cmake /ros_ws/Aruco_tag_localization/src/turtlebot3/turtlebot3_bringup -DAMENT_CMAKE_SYMLINK_INSTALL=1 -DCMAKE_INSTALL_PREFIX=/ros_ws/Aruco_tag_localization/install/turtlebot3_bringup
[0.066s] -- The C compiler identification is GNU 9.4.0
[0.104s] -- The CXX compiler identification is GNU 9.4.0
[0.107s] -- Check for working C compiler: /usr/bin/cc
[0.155s] -- Check for working C compiler: /usr/bin/cc -- works
[0.156s] -- Detecting C compiler ABI info
[0.201s] -- Detecting C compiler ABI info - done
[0.212s] -- Detecting C compile features
[0.212s] -- Detecting C compile features - done
[0.214s] -- Check for working CXX compiler: /usr/bin/c++
[0.268s] -- Check for working CXX compiler: /usr/bin/c++ -- works
[0.269s] -- Detecting CXX compiler ABI info
[0.331s] -- Detecting CXX compiler ABI info - done
[0.339s] -- Detecting CXX compile features
[0.339s] -- Detecting CXX compile features - done
[0.341s] -- Found ament_cmake: 0.9.12 (/opt/ros/foxy/share/ament_cmake/cmake)
[0.359s] -- Found PythonInterp: /usr/bin/python3 (found suitable version "3.8.10", minimum required is "3") 
[0.359s] -- Using PYTHON_EXECUTABLE: /usr/bin/python3
[0.450s] -- Override CMake install command with custom implementation using symlinks instead of copying resources
[0.507s] -- Configuring done
[0.508s] -- Generating done
[0.509s] -- Build files have been written to: /ros_ws/Aruco_tag_localization/build/turtlebot3_bringup
[0.511s] Invoked command in '/ros_ws/Aruco_tag_localization/build/turtlebot3_bringup' returned '0': AMENT_PREFIX_PATH=/ros_ws/Aruco_tag_localization/install/turtlebot3_node:/ros_ws/Aruco_tag_localization/install/turtlebot3_msgs:/ros_ws/Aruco_tag_localization/install/turtlebot3_description:${AMENT_PREFIX_PATH} CMAKE_PREFIX_PATH=/ros_ws/Aruco_tag_localization/install/turtlebot3_node:/ros_ws/Aruco_tag_localization/install/turtlebot3_msgs:/ros_ws/Aruco_tag_localization/install/turtlebot3_description:/opt/ros/foxy LD_LIBRARY_PATH=/ros_ws/Aruco_tag_localization/install/turtlebot3_msgs/lib:${LD_LIBRARY_PATH} PYTHONPATH=/ros_ws/Aruco_tag_localization/install/turtlebot3_msgs/lib/python3.8/site-packages:${PYTHONPATH} /usr/bin/cmake /ros_ws/Aruco_tag_localization/src/turtlebot3/turtlebot3_bringup -DAMENT_CMAKE_SYMLINK_INSTALL=1 -DCMAKE_INSTALL_PREFIX=/ros_ws/Aruco_tag_localization/install/turtlebot3_bringup
[0.514s] Invoking command in '/ros_ws/Aruco_tag_localization/build/turtlebot3_bringup': AMENT_PREFIX_PATH=/ros_ws/Aruco_tag_localization/install/turtlebot3_node:/ros_ws/Aruco_tag_localization/install/turtlebot3_msgs:/ros_ws/Aruco_tag_localization/install/turtlebot3_description:${AMENT_PREFIX_PATH} CMAKE_PREFIX_PATH=/ros_ws/Aruco_tag_localization/install/turtlebot3_node:/ros_ws/Aruco_tag_localization/install/turtlebot3_msgs:/ros_ws/Aruco_tag_localization/install/turtlebot3_description:/opt/ros/foxy LD_LIBRARY_PATH=/ros_ws/Aruco_tag_localization/install/turtlebot3_msgs/lib:${LD_LIBRARY_PATH} PYTHONPATH=/ros_ws/Aruco_tag_localization/install/turtlebot3_msgs/lib/python3.8/site-packages:${PYTHONPATH} /usr/bin/cmake --build /ros_ws/Aruco_tag_localization/build/turtlebot3_bringup -- -j20 -l20
[0.548s] Invoked command in '/ros_ws/Aruco_tag_localization/build/turtlebot3_bringup' returned '0': AMENT_PREFIX_PATH=/ros_ws/Aruco_tag_localization/install/turtlebot3_node:/ros_ws/Aruco_tag_localization/install/turtlebot3_msgs:/ros_ws/Aruco_tag_localization/install/turtlebot3_description:${AMENT_PREFIX_PATH} CMAKE_PREFIX_PATH=/ros_ws/Aruco_tag_localization/install/turtlebot3_node:/ros_ws/Aruco_tag_localization/install/turtlebot3_msgs:/ros_ws/Aruco_tag_localization/install/turtlebot3_description:/opt/ros/foxy LD_LIBRARY_PATH=/ros_ws/Aruco_tag_localization/install/turtlebot3_msgs/lib:${LD_LIBRARY_PATH} PYTHONPATH=/ros_ws/Aruco_tag_localization/install/turtlebot3_msgs/lib/python3.8/site-packages:${PYTHONPATH} /usr/bin/cmake --build /ros_ws/Aruco_tag_localization/build/turtlebot3_bringup -- -j20 -l20
[0.550s] Invoking command in '/ros_ws/Aruco_tag_localization/build/turtlebot3_bringup': AMENT_PREFIX_PATH=/ros_ws/Aruco_tag_localization/install/turtlebot3_node:/ros_ws/Aruco_tag_localization/install/turtlebot3_msgs:/ros_ws/Aruco_tag_localization/install/turtlebot3_description:${AMENT_PREFIX_PATH} CMAKE_PREFIX_PATH=/ros_ws/Aruco_tag_localization/install/turtlebot3_node:/ros_ws/Aruco_tag_localization/install/turtlebot3_msgs:/ros_ws/Aruco_tag_localization/install/turtlebot3_description:/opt/ros/foxy LD_LIBRARY_PATH=/ros_ws/Aruco_tag_localization/install/turtlebot3_msgs/lib:${LD_LIBRARY_PATH} PYTHONPATH=/ros_ws/Aruco_tag_localization/install/turtlebot3_msgs/lib/python3.8/site-packages:${PYTHONPATH} /usr/bin/cmake --install /ros_ws/Aruco_tag_localization/build/turtlebot3_bringup
[0.558s] -- Install configuration: ""
[0.558s] -- Execute custom install script
[0.558s] -- Symlinking: /ros_ws/Aruco_tag_localization/install/turtlebot3_bringup/share/turtlebot3_bringup/launch/robot.launch.py
[0.568s] -- Symlinking: /ros_ws/Aruco_tag_localization/install/turtlebot3_bringup/share/turtlebot3_bringup/launch/rviz2.launch.py
[0.578s] -- Symlinking: /ros_ws/Aruco_tag_localization/install/turtlebot3_bringup/share/turtlebot3_bringup/launch/turtlebot3_state_publisher.launch.py
[0.589s] -- Symlinking: /ros_ws/Aruco_tag_localization/install/turtlebot3_bringup/share/turtlebot3_bringup/param/burger.yaml
[0.597s] -- Symlinking: /ros_ws/Aruco_tag_localization/install/turtlebot3_bringup/share/turtlebot3_bringup/param/waffle.yaml
[0.603s] -- Symlinking: /ros_ws/Aruco_tag_localization/install/turtlebot3_bringup/share/turtlebot3_bringup/param/waffle_pi.yaml
[0.609s] -- Symlinking: /ros_ws/Aruco_tag_localization/install/turtlebot3_bringup/share/turtlebot3_bringup/script/99-turtlebot3-cdc.rules
[0.616s] -- Symlinking: /ros_ws/Aruco_tag_localization/install/turtlebot3_bringup/share/turtlebot3_bringup/script/create_udev_rules
[0.623s] -- Symlinking: /ros_ws/Aruco_tag_localization/install/turtlebot3_bringup/share/ament_index/resource_index/package_run_dependencies/turtlebot3_bringup
[0.631s] -- Symlinking: /ros_ws/Aruco_tag_localization/install/turtlebot3_bringup/share/ament_index/resource_index/parent_prefix_path/turtlebot3_bringup
[0.639s] -- Symlinking: /ros_ws/Aruco_tag_localization/install/turtlebot3_bringup/share/turtlebot3_bringup/environment/ament_prefix_path.sh
[0.646s] -- Symlinking: /ros_ws/Aruco_tag_localization/install/turtlebot3_bringup/share/turtlebot3_bringup/environment/ament_prefix_path.dsv
[0.653s] -- Symlinking: /ros_ws/Aruco_tag_localization/install/turtlebot3_bringup/share/turtlebot3_bringup/environment/path.sh
[0.663s] -- Symlinking: /ros_ws/Aruco_tag_localization/install/turtlebot3_bringup/share/turtlebot3_bringup/environment/path.dsv
[0.673s] -- Symlinking: /ros_ws/Aruco_tag_localization/install/turtlebot3_bringup/share/turtlebot3_bringup/local_setup.bash
[0.682s] -- Symlinking: /ros_ws/Aruco_tag_localization/install/turtlebot3_bringup/share/turtlebot3_bringup/local_setup.sh
[0.689s] -- Symlinking: /ros_ws/Aruco_tag_localization/install/turtlebot3_bringup/share/turtlebot3_bringup/local_setup.zsh
[0.696s] -- Symlinking: /ros_ws/Aruco_tag_localization/install/turtlebot3_bringup/share/turtlebot3_bringup/local_setup.dsv
[0.703s] -- Symlinking: /ros_ws/Aruco_tag_localization/install/turtlebot3_bringup/share/turtlebot3_bringup/package.dsv
[0.709s] -- Symlinking: /ros_ws/Aruco_tag_localization/install/turtlebot3_bringup/share/ament_index/resource_index/packages/turtlebot3_bringup
[0.717s] -- Symlinking: /ros_ws/Aruco_tag_localization/install/turtlebot3_bringup/share/turtlebot3_bringup/cmake/turtlebot3_bringupConfig.cmake
[0.724s] -- Symlinking: /ros_ws/Aruco_tag_localization/install/turtlebot3_bringup/share/turtlebot3_bringup/cmake/turtlebot3_bringupConfig-version.cmake
[0.730s] -- Symlinking: /ros_ws/Aruco_tag_localization/install/turtlebot3_bringup/share/turtlebot3_bringup/package.xml
[0.740s] Invoked command in '/ros_ws/Aruco_tag_localization/build/turtlebot3_bringup' returned '0': AMENT_PREFIX_PATH=/ros_ws/Aruco_tag_localization/install/turtlebot3_node:/ros_ws/Aruco_tag_localization/install/turtlebot3_msgs:/ros_ws/Aruco_tag_localization/install/turtlebot3_description:${AMENT_PREFIX_PATH} CMAKE_PREFIX_PATH=/ros_ws/Aruco_tag_localization/install/turtlebot3_node:/ros_ws/Aruco_tag_localization/install/turtlebot3_msgs:/ros_ws/Aruco_tag_localization/install/turtlebot3_description:/opt/ros/foxy LD_LIBRARY_PATH=/ros_ws/Aruco_tag_localization/install/turtlebot3_msgs/lib:${LD_LIBRARY_PATH} PYTHONPATH=/ros_ws/Aruco_tag_localization/install/turtlebot3_msgs/lib/python3.8/site-packages:${PYTHONPATH} /usr/bin/cmake --install /ros_ws/Aruco_tag_localization/build/turtlebot3_bringup
