[0.017s] Invoking command in '/ros_ws/Aruco_tag_localization/build/turtlebot3_simulations': AMENT_PREFIX_PATH=/ros_ws/Aruco_tag_localization/install/turtlebot3_gazebo:/ros_ws/Aruco_tag_localization/install/turtlebot3_fake_node:/ros_ws/Aruco_tag_localization/install/turtlebot3_msgs:/ros_ws/Aruco_tag_localization/install/turtlebot3_description:${AMENT_PREFIX_PATH} CMAKE_PREFIX_PATH=/ros_ws/Aruco_tag_localization/install/turtlebot3_gazebo:/ros_ws/Aruco_tag_localization/install/turtlebot3_fake_node:/ros_ws/Aruco_tag_localization/install/turtlebot3_msgs:/ros_ws/Aruco_tag_localization/install/turtlebot3_description:/opt/ros/foxy LD_LIBRARY_PATH=/ros_ws/Aruco_tag_localization/install/turtlebot3_msgs/lib:${LD_LIBRARY_PATH} PYTHONPATH=/ros_ws/Aruco_tag_localization/install/turtlebot3_msgs/lib/python3.8/site-packages:${PYTHONPATH} /usr/bin/cmake /ros_ws/Aruco_tag_localization/src/turtlebot3_simulations/turtlebot3_simulations -DAMENT_CMAKE_SYMLINK_INSTALL=1 -DCMAKE_INSTALL_PREFIX=/ros_ws/Aruco_tag_localization/install/turtlebot3_simulations
[0.070s] -- The C compiler identification is GNU 9.4.0
[0.114s] -- The CXX compiler identification is GNU 9.4.0
[0.119s] -- Check for working C compiler: /usr/bin/cc
[0.185s] -- Check for working C compiler: /usr/bin/cc -- works
[0.186s] -- Detecting C compiler ABI info
[0.256s] -- Detecting C compiler ABI info - done
[0.264s] -- Detecting C compile features
[0.264s] -- Detecting C compile features - done
[0.266s] -- Check for working CXX compiler: /usr/bin/c++
[0.331s] -- Check for working CXX compiler: /usr/bin/c++ -- works
[0.331s] -- Detecting CXX compiler ABI info
[0.407s] -- Detecting CXX compiler ABI info - done
[0.417s] -- Detecting CXX compile features
[0.418s] -- Detecting CXX compile features - done
[0.421s] -- Found ament_cmake: 0.9.12 (/opt/ros/foxy/share/ament_cmake/cmake)
[0.439s] -- Found PythonInterp: /usr/bin/python3 (found suitable version "3.8.10", minimum required is "3") 
[0.439s] -- Using PYTHON_EXECUTABLE: /usr/bin/python3
[0.542s] -- Override CMake install command with custom implementation using symlinks instead of copying resources
[0.606s] -- Configuring done
[0.607s] -- Generating done
[0.608s] -- Build files have been written to: /ros_ws/Aruco_tag_localization/build/turtlebot3_simulations
[0.610s] Invoked command in '/ros_ws/Aruco_tag_localization/build/turtlebot3_simulations' returned '0': AMENT_PREFIX_PATH=/ros_ws/Aruco_tag_localization/install/turtlebot3_gazebo:/ros_ws/Aruco_tag_localization/install/turtlebot3_fake_node:/ros_ws/Aruco_tag_localization/install/turtlebot3_msgs:/ros_ws/Aruco_tag_localization/install/turtlebot3_description:${AMENT_PREFIX_PATH} CMAKE_PREFIX_PATH=/ros_ws/Aruco_tag_localization/install/turtlebot3_gazebo:/ros_ws/Aruco_tag_localization/install/turtlebot3_fake_node:/ros_ws/Aruco_tag_localization/install/turtlebot3_msgs:/ros_ws/Aruco_tag_localization/install/turtlebot3_description:/opt/ros/foxy LD_LIBRARY_PATH=/ros_ws/Aruco_tag_localization/install/turtlebot3_msgs/lib:${LD_LIBRARY_PATH} PYTHONPATH=/ros_ws/Aruco_tag_localization/install/turtlebot3_msgs/lib/python3.8/site-packages:${PYTHONPATH} /usr/bin/cmake /ros_ws/Aruco_tag_localization/src/turtlebot3_simulations/turtlebot3_simulations -DAMENT_CMAKE_SYMLINK_INSTALL=1 -DCMAKE_INSTALL_PREFIX=/ros_ws/Aruco_tag_localization/install/turtlebot3_simulations
[0.613s] Invoking command in '/ros_ws/Aruco_tag_localization/build/turtlebot3_simulations': AMENT_PREFIX_PATH=/ros_ws/Aruco_tag_localization/install/turtlebot3_gazebo:/ros_ws/Aruco_tag_localization/install/turtlebot3_fake_node:/ros_ws/Aruco_tag_localization/install/turtlebot3_msgs:/ros_ws/Aruco_tag_localization/install/turtlebot3_description:${AMENT_PREFIX_PATH} CMAKE_PREFIX_PATH=/ros_ws/Aruco_tag_localization/install/turtlebot3_gazebo:/ros_ws/Aruco_tag_localization/install/turtlebot3_fake_node:/ros_ws/Aruco_tag_localization/install/turtlebot3_msgs:/ros_ws/Aruco_tag_localization/install/turtlebot3_description:/opt/ros/foxy LD_LIBRARY_PATH=/ros_ws/Aruco_tag_localization/install/turtlebot3_msgs/lib:${LD_LIBRARY_PATH} PYTHONPATH=/ros_ws/Aruco_tag_localization/install/turtlebot3_msgs/lib/python3.8/site-packages:${PYTHONPATH} /usr/bin/cmake --build /ros_ws/Aruco_tag_localization/build/turtlebot3_simulations -- -j20 -l20
[0.648s] Invoked command in '/ros_ws/Aruco_tag_localization/build/turtlebot3_simulations' returned '0': AMENT_PREFIX_PATH=/ros_ws/Aruco_tag_localization/install/turtlebot3_gazebo:/ros_ws/Aruco_tag_localization/install/turtlebot3_fake_node:/ros_ws/Aruco_tag_localization/install/turtlebot3_msgs:/ros_ws/Aruco_tag_localization/install/turtlebot3_description:${AMENT_PREFIX_PATH} CMAKE_PREFIX_PATH=/ros_ws/Aruco_tag_localization/install/turtlebot3_gazebo:/ros_ws/Aruco_tag_localization/install/turtlebot3_fake_node:/ros_ws/Aruco_tag_localization/install/turtlebot3_msgs:/ros_ws/Aruco_tag_localization/install/turtlebot3_description:/opt/ros/foxy LD_LIBRARY_PATH=/ros_ws/Aruco_tag_localization/install/turtlebot3_msgs/lib:${LD_LIBRARY_PATH} PYTHONPATH=/ros_ws/Aruco_tag_localization/install/turtlebot3_msgs/lib/python3.8/site-packages:${PYTHONPATH} /usr/bin/cmake --build /ros_ws/Aruco_tag_localization/build/turtlebot3_simulations -- -j20 -l20
[0.651s] Invoking command in '/ros_ws/Aruco_tag_localization/build/turtlebot3_simulations': AMENT_PREFIX_PATH=/ros_ws/Aruco_tag_localization/install/turtlebot3_gazebo:/ros_ws/Aruco_tag_localization/install/turtlebot3_fake_node:/ros_ws/Aruco_tag_localization/install/turtlebot3_msgs:/ros_ws/Aruco_tag_localization/install/turtlebot3_description:${AMENT_PREFIX_PATH} CMAKE_PREFIX_PATH=/ros_ws/Aruco_tag_localization/install/turtlebot3_gazebo:/ros_ws/Aruco_tag_localization/install/turtlebot3_fake_node:/ros_ws/Aruco_tag_localization/install/turtlebot3_msgs:/ros_ws/Aruco_tag_localization/install/turtlebot3_description:/opt/ros/foxy LD_LIBRARY_PATH=/ros_ws/Aruco_tag_localization/install/turtlebot3_msgs/lib:${LD_LIBRARY_PATH} PYTHONPATH=/ros_ws/Aruco_tag_localization/install/turtlebot3_msgs/lib/python3.8/site-packages:${PYTHONPATH} /usr/bin/cmake --install /ros_ws/Aruco_tag_localization/build/turtlebot3_simulations
[0.660s] -- Install configuration: ""
[0.661s] -- Execute custom install script
[0.661s] -- Symlinking: /ros_ws/Aruco_tag_localization/install/turtlebot3_simulations/share/ament_index/resource_index/package_run_dependencies/turtlebot3_simulations
[0.669s] -- Symlinking: /ros_ws/Aruco_tag_localization/install/turtlebot3_simulations/share/ament_index/resource_index/parent_prefix_path/turtlebot3_simulations
[0.676s] -- Symlinking: /ros_ws/Aruco_tag_localization/install/turtlebot3_simulations/share/turtlebot3_simulations/environment/ament_prefix_path.sh
[0.684s] -- Symlinking: /ros_ws/Aruco_tag_localization/install/turtlebot3_simulations/share/turtlebot3_simulations/environment/ament_prefix_path.dsv
[0.692s] -- Symlinking: /ros_ws/Aruco_tag_localization/install/turtlebot3_simulations/share/turtlebot3_simulations/environment/path.sh
[0.700s] -- Symlinking: /ros_ws/Aruco_tag_localization/install/turtlebot3_simulations/share/turtlebot3_simulations/environment/path.dsv
[0.707s] -- Symlinking: /ros_ws/Aruco_tag_localization/install/turtlebot3_simulations/share/turtlebot3_simulations/local_setup.bash
[0.714s] -- Symlinking: /ros_ws/Aruco_tag_localization/install/turtlebot3_simulations/share/turtlebot3_simulations/local_setup.sh
[0.721s] -- Symlinking: /ros_ws/Aruco_tag_localization/install/turtlebot3_simulations/share/turtlebot3_simulations/local_setup.zsh
[0.728s] -- Symlinking: /ros_ws/Aruco_tag_localization/install/turtlebot3_simulations/share/turtlebot3_simulations/local_setup.dsv
[0.736s] -- Symlinking: /ros_ws/Aruco_tag_localization/install/turtlebot3_simulations/share/turtlebot3_simulations/package.dsv
[0.745s] -- Symlinking: /ros_ws/Aruco_tag_localization/install/turtlebot3_simulations/share/ament_index/resource_index/packages/turtlebot3_simulations
[0.753s] -- Symlinking: /ros_ws/Aruco_tag_localization/install/turtlebot3_simulations/share/turtlebot3_simulations/cmake/turtlebot3_simulationsConfig.cmake
[0.763s] -- Symlinking: /ros_ws/Aruco_tag_localization/install/turtlebot3_simulations/share/turtlebot3_simulations/cmake/turtlebot3_simulationsConfig-version.cmake
[0.770s] -- Symlinking: /ros_ws/Aruco_tag_localization/install/turtlebot3_simulations/share/turtlebot3_simulations/package.xml
[0.780s] Invoked command in '/ros_ws/Aruco_tag_localization/build/turtlebot3_simulations' returned '0': AMENT_PREFIX_PATH=/ros_ws/Aruco_tag_localization/install/turtlebot3_gazebo:/ros_ws/Aruco_tag_localization/install/turtlebot3_fake_node:/ros_ws/Aruco_tag_localization/install/turtlebot3_msgs:/ros_ws/Aruco_tag_localization/install/turtlebot3_description:${AMENT_PREFIX_PATH} CMAKE_PREFIX_PATH=/ros_ws/Aruco_tag_localization/install/turtlebot3_gazebo:/ros_ws/Aruco_tag_localization/install/turtlebot3_fake_node:/ros_ws/Aruco_tag_localization/install/turtlebot3_msgs:/ros_ws/Aruco_tag_localization/install/turtlebot3_description:/opt/ros/foxy LD_LIBRARY_PATH=/ros_ws/Aruco_tag_localization/install/turtlebot3_msgs/lib:${LD_LIBRARY_PATH} PYTHONPATH=/ros_ws/Aruco_tag_localization/install/turtlebot3_msgs/lib/python3.8/site-packages:${PYTHONPATH} /usr/bin/cmake --install /ros_ws/Aruco_tag_localization/build/turtlebot3_simulations
