[0.215s] Invoking command in '/ros_ws/Aruco_tag_localization/build/turtlebot3_fake_node': AMENT_PREFIX_PATH=/ros_ws/Aruco_tag_localization/install/turtlebot3_msgs:${AMENT_PREFIX_PATH} CMAKE_PREFIX_PATH=/ros_ws/Aruco_tag_localization/install/turtlebot3_msgs:/opt/ros/foxy LD_LIBRARY_PATH=/ros_ws/Aruco_tag_localization/install/turtlebot3_msgs/lib:${LD_LIBRARY_PATH} PYTHONPATH=/ros_ws/Aruco_tag_localization/install/turtlebot3_msgs/lib/python3.8/site-packages:${PYTHONPATH} /usr/bin/cmake /ros_ws/Aruco_tag_localization/src/turtlebot3_simulations/turtlebot3_fake_node -DAMENT_CMAKE_SYMLINK_INSTALL=1 -DCMAKE_INSTALL_PREFIX=/ros_ws/Aruco_tag_localization/install/turtlebot3_fake_node
[0.278s] -- The C compiler identification is GNU 9.4.0
[0.329s] -- The CXX compiler identification is GNU 9.4.0
[0.334s] -- Check for working C compiler: /usr/bin/cc
[0.408s] -- Check for working C compiler: /usr/bin/cc -- works
[0.410s] -- Detecting C compiler ABI info
[0.500s] -- Detecting C compiler ABI info - done
[0.515s] -- Detecting C compile features
[0.516s] -- Detecting C compile features - done
[0.519s] -- Check for working CXX compiler: /usr/bin/c++
[0.623s] -- Check for working CXX compiler: /usr/bin/c++ -- works
[0.624s] -- Detecting CXX compiler ABI info
[0.723s] -- Detecting CXX compiler ABI info - done
[0.738s] -- Detecting CXX compile features
[0.739s] -- Detecting CXX compile features - done
[0.743s] -- Found ament_cmake: 0.9.12 (/opt/ros/foxy/share/ament_cmake/cmake)
[0.778s] -- Found PythonInterp: /usr/bin/python3 (found suitable version "3.8.10", minimum required is "3") 
[0.778s] -- Using PYTHON_EXECUTABLE: /usr/bin/python3
[0.914s] -- Override CMake install command with custom implementation using symlinks instead of copying resources
[0.948s] -- Found geometry_msgs: 2.0.5 (/opt/ros/foxy/share/geometry_msgs/cmake)
[0.981s] -- Using all available rosidl_typesupport_c: rosidl_typesupport_fastrtps_c;rosidl_typesupport_introspection_c
[0.986s] -- Found rosidl_adapter: 1.3.1 (/opt/ros/foxy/share/rosidl_adapter/cmake)
[1.096s] -- Found OpenSSL: /usr/lib/x86_64-linux-gnu/libcrypto.so (found version "1.1.1f")  
[1.124s] -- Found FastRTPS: /opt/ros/foxy/include  
[1.214s] -- Using all available rosidl_typesupport_cpp: rosidl_typesupport_fastrtps_cpp;rosidl_typesupport_introspection_cpp
[1.301s] -- Found nav_msgs: 2.0.5 (/opt/ros/foxy/share/nav_msgs/cmake)
[1.363s] -- Found rclcpp: 2.4.3 (/opt/ros/foxy/share/rclcpp/cmake)
[1.404s] -- Found rmw_implementation_cmake: 1.0.4 (/opt/ros/foxy/share/rmw_implementation_cmake/cmake)
[1.405s] -- Using RMW implementation 'rmw_fastrtps_cpp' as default
[1.406s] -- Looking for pthread.h
[1.486s] -- Looking for pthread.h - found
[1.486s] -- Performing Test CMAKE_HAVE_LIBC_PTHREAD
[1.571s] -- Performing Test CMAKE_HAVE_LIBC_PTHREAD - Failed
[1.571s] -- Looking for pthread_create in pthreads
[1.639s] -- Looking for pthread_create in pthreads - not found
[1.639s] -- Looking for pthread_create in pthread
[1.725s] -- Looking for pthread_create in pthread - found
[1.726s] -- Found Threads: TRUE  
[1.853s] -- Found sensor_msgs: 2.0.5 (/opt/ros/foxy/share/sensor_msgs/cmake)
[1.919s] -- Found tf2: 0.13.14 (/opt/ros/foxy/share/tf2/cmake)
[1.929s] -- Found tf2_msgs: 0.13.14 (/opt/ros/foxy/share/tf2_msgs/cmake)
[2.087s] -- Found turtlebot3_msgs: 2.2.1 (/ros_ws/Aruco_tag_localization/install/turtlebot3_msgs/share/turtlebot3_msgs/cmake)
[2.225s] -- Configuring done
[2.235s] -- Generating done
[2.240s] -- Build files have been written to: /ros_ws/Aruco_tag_localization/build/turtlebot3_fake_node
[2.246s] Invoked command in '/ros_ws/Aruco_tag_localization/build/turtlebot3_fake_node' returned '0': AMENT_PREFIX_PATH=/ros_ws/Aruco_tag_localization/install/turtlebot3_msgs:${AMENT_PREFIX_PATH} CMAKE_PREFIX_PATH=/ros_ws/Aruco_tag_localization/install/turtlebot3_msgs:/opt/ros/foxy LD_LIBRARY_PATH=/ros_ws/Aruco_tag_localization/install/turtlebot3_msgs/lib:${LD_LIBRARY_PATH} PYTHONPATH=/ros_ws/Aruco_tag_localization/install/turtlebot3_msgs/lib/python3.8/site-packages:${PYTHONPATH} /usr/bin/cmake /ros_ws/Aruco_tag_localization/src/turtlebot3_simulations/turtlebot3_fake_node -DAMENT_CMAKE_SYMLINK_INSTALL=1 -DCMAKE_INSTALL_PREFIX=/ros_ws/Aruco_tag_localization/install/turtlebot3_fake_node
[2.250s] Invoking command in '/ros_ws/Aruco_tag_localization/build/turtlebot3_fake_node': AMENT_PREFIX_PATH=/ros_ws/Aruco_tag_localization/install/turtlebot3_msgs:${AMENT_PREFIX_PATH} CMAKE_PREFIX_PATH=/ros_ws/Aruco_tag_localization/install/turtlebot3_msgs:/opt/ros/foxy LD_LIBRARY_PATH=/ros_ws/Aruco_tag_localization/install/turtlebot3_msgs/lib:${LD_LIBRARY_PATH} PYTHONPATH=/ros_ws/Aruco_tag_localization/install/turtlebot3_msgs/lib/python3.8/site-packages:${PYTHONPATH} /usr/bin/cmake --build /ros_ws/Aruco_tag_localization/build/turtlebot3_fake_node -- -j20 -l20
[2.296s] [35m[1mScanning dependencies of target turtlebot3_fake_node[0m
[2.341s] [ 50%] [32mBuilding CXX object CMakeFiles/turtlebot3_fake_node.dir/src/turtlebot3_fake_node.cpp.o[0m
[7.993s] [100%] [32m[1mLinking CXX executable turtlebot3_fake_node[0m
[8.206s] [100%] Built target turtlebot3_fake_node
[8.216s] Invoked command in '/ros_ws/Aruco_tag_localization/build/turtlebot3_fake_node' returned '0': AMENT_PREFIX_PATH=/ros_ws/Aruco_tag_localization/install/turtlebot3_msgs:${AMENT_PREFIX_PATH} CMAKE_PREFIX_PATH=/ros_ws/Aruco_tag_localization/install/turtlebot3_msgs:/opt/ros/foxy LD_LIBRARY_PATH=/ros_ws/Aruco_tag_localization/install/turtlebot3_msgs/lib:${LD_LIBRARY_PATH} PYTHONPATH=/ros_ws/Aruco_tag_localization/install/turtlebot3_msgs/lib/python3.8/site-packages:${PYTHONPATH} /usr/bin/cmake --build /ros_ws/Aruco_tag_localization/build/turtlebot3_fake_node -- -j20 -l20
[8.219s] Invoking command in '/ros_ws/Aruco_tag_localization/build/turtlebot3_fake_node': AMENT_PREFIX_PATH=/ros_ws/Aruco_tag_localization/install/turtlebot3_msgs:${AMENT_PREFIX_PATH} CMAKE_PREFIX_PATH=/ros_ws/Aruco_tag_localization/install/turtlebot3_msgs:/opt/ros/foxy LD_LIBRARY_PATH=/ros_ws/Aruco_tag_localization/install/turtlebot3_msgs/lib:${LD_LIBRARY_PATH} PYTHONPATH=/ros_ws/Aruco_tag_localization/install/turtlebot3_msgs/lib/python3.8/site-packages:${PYTHONPATH} /usr/bin/cmake --install /ros_ws/Aruco_tag_localization/build/turtlebot3_fake_node
[8.227s] -- Install configuration: ""
[8.228s] -- Execute custom install script
[8.228s] -- Symlinking: /ros_ws/Aruco_tag_localization/install/turtlebot3_fake_node/lib/turtlebot3_fake_node/turtlebot3_fake_node
[8.236s] -- Symlinking: /ros_ws/Aruco_tag_localization/install/turtlebot3_fake_node/share/turtlebot3_fake_node/launch/rviz2.launch.py
[8.244s] -- Symlinking: /ros_ws/Aruco_tag_localization/install/turtlebot3_fake_node/share/turtlebot3_fake_node/launch/turtlebot3_fake_node.launch.py
[8.251s] -- Symlinking: /ros_ws/Aruco_tag_localization/install/turtlebot3_fake_node/share/turtlebot3_fake_node/param/burger.yaml
[8.260s] -- Symlinking: /ros_ws/Aruco_tag_localization/install/turtlebot3_fake_node/share/turtlebot3_fake_node/param/waffle.yaml
[8.266s] -- Symlinking: /ros_ws/Aruco_tag_localization/install/turtlebot3_fake_node/share/turtlebot3_fake_node/param/waffle_pi.yaml
[8.274s] -- Symlinking: /ros_ws/Aruco_tag_localization/install/turtlebot3_fake_node/share/turtlebot3_fake_node/rviz/model.rviz
[8.285s] -- Symlinking: /ros_ws/Aruco_tag_localization/install/turtlebot3_fake_node/include//turtlebot3_fake_node/turtlebot3_fake_node.hpp
[8.293s] -- Symlinking: /ros_ws/Aruco_tag_localization/install/turtlebot3_fake_node/share/ament_index/resource_index/package_run_dependencies/turtlebot3_fake_node
[8.302s] -- Symlinking: /ros_ws/Aruco_tag_localization/install/turtlebot3_fake_node/share/ament_index/resource_index/parent_prefix_path/turtlebot3_fake_node
[8.311s] -- Symlinking: /ros_ws/Aruco_tag_localization/install/turtlebot3_fake_node/share/turtlebot3_fake_node/environment/ament_prefix_path.sh
[8.318s] -- Symlinking: /ros_ws/Aruco_tag_localization/install/turtlebot3_fake_node/share/turtlebot3_fake_node/environment/ament_prefix_path.dsv
[8.325s] -- Symlinking: /ros_ws/Aruco_tag_localization/install/turtlebot3_fake_node/share/turtlebot3_fake_node/environment/path.sh
[8.333s] -- Symlinking: /ros_ws/Aruco_tag_localization/install/turtlebot3_fake_node/share/turtlebot3_fake_node/environment/path.dsv
[8.341s] -- Symlinking: /ros_ws/Aruco_tag_localization/install/turtlebot3_fake_node/share/turtlebot3_fake_node/local_setup.bash
[8.349s] -- Symlinking: /ros_ws/Aruco_tag_localization/install/turtlebot3_fake_node/share/turtlebot3_fake_node/local_setup.sh
[8.356s] -- Symlinking: /ros_ws/Aruco_tag_localization/install/turtlebot3_fake_node/share/turtlebot3_fake_node/local_setup.zsh
[8.363s] -- Symlinking: /ros_ws/Aruco_tag_localization/install/turtlebot3_fake_node/share/turtlebot3_fake_node/local_setup.dsv
[8.369s] -- Symlinking: /ros_ws/Aruco_tag_localization/install/turtlebot3_fake_node/share/turtlebot3_fake_node/package.dsv
[8.376s] -- Symlinking: /ros_ws/Aruco_tag_localization/install/turtlebot3_fake_node/share/ament_index/resource_index/packages/turtlebot3_fake_node
[8.383s] -- Symlinking: /ros_ws/Aruco_tag_localization/install/turtlebot3_fake_node/share/turtlebot3_fake_node/cmake/ament_cmake_export_include_directories-extras.cmake
[8.392s] -- Symlinking: /ros_ws/Aruco_tag_localization/install/turtlebot3_fake_node/share/turtlebot3_fake_node/cmake/ament_cmake_export_dependencies-extras.cmake
[8.399s] -- Symlinking: /ros_ws/Aruco_tag_localization/install/turtlebot3_fake_node/share/turtlebot3_fake_node/cmake/turtlebot3_fake_nodeConfig.cmake
[8.405s] -- Symlinking: /ros_ws/Aruco_tag_localization/install/turtlebot3_fake_node/share/turtlebot3_fake_node/cmake/turtlebot3_fake_nodeConfig-version.cmake
[8.412s] -- Symlinking: /ros_ws/Aruco_tag_localization/install/turtlebot3_fake_node/share/turtlebot3_fake_node/package.xml
[8.423s] Invoked command in '/ros_ws/Aruco_tag_localization/build/turtlebot3_fake_node' returned '0': AMENT_PREFIX_PATH=/ros_ws/Aruco_tag_localization/install/turtlebot3_msgs:${AMENT_PREFIX_PATH} CMAKE_PREFIX_PATH=/ros_ws/Aruco_tag_localization/install/turtlebot3_msgs:/opt/ros/foxy LD_LIBRARY_PATH=/ros_ws/Aruco_tag_localization/install/turtlebot3_msgs/lib:${LD_LIBRARY_PATH} PYTHONPATH=/ros_ws/Aruco_tag_localization/install/turtlebot3_msgs/lib/python3.8/site-packages:${PYTHONPATH} /usr/bin/cmake --install /ros_ws/Aruco_tag_localization/build/turtlebot3_fake_node
