[0.025s] Invoking command in '/ros_ws/Aruco_tag_localization/build/turtlebot3_cartographer': CMAKE_PREFIX_PATH=/opt/ros/foxy /usr/bin/cmake /ros_ws/Aruco_tag_localization/src/turtlebot3/turtlebot3_cartographer -DAMENT_CMAKE_SYMLINK_INSTALL=1 -DCMAKE_INSTALL_PREFIX=/ros_ws/Aruco_tag_localization/install/turtlebot3_cartographer
[0.045s] -- Found ament_cmake: 0.9.12 (/opt/ros/foxy/share/ament_cmake/cmake)
[0.073s] -- Found PythonInterp: /usr/bin/python3 (found suitable version "3.8.10", minimum required is "3") 
[0.074s] -- Using PYTHON_EXECUTABLE: /usr/bin/python3
[0.255s] -- Override CMake install command with custom implementation using symlinks instead of copying resources
[0.331s] -- Configuring done
[0.331s] -- Generating done
[0.332s] -- Build files have been written to: /ros_ws/Aruco_tag_localization/build/turtlebot3_cartographer
[0.332s] Invoked command in '/ros_ws/Aruco_tag_localization/build/turtlebot3_cartographer' returned '0': CMAKE_PREFIX_PATH=/opt/ros/foxy /usr/bin/cmake /ros_ws/Aruco_tag_localization/src/turtlebot3/turtlebot3_cartographer -DAMENT_CMAKE_SYMLINK_INSTALL=1 -DCMAKE_INSTALL_PREFIX=/ros_ws/Aruco_tag_localization/install/turtlebot3_cartographer
[0.334s] Invoking command in '/ros_ws/Aruco_tag_localization/build/turtlebot3_cartographer': CMAKE_PREFIX_PATH=/opt/ros/foxy /usr/bin/cmake --build /ros_ws/Aruco_tag_localization/build/turtlebot3_cartographer -- -j20 -l20
[0.379s] Invoked command in '/ros_ws/Aruco_tag_localization/build/turtlebot3_cartographer' returned '0': CMAKE_PREFIX_PATH=/opt/ros/foxy /usr/bin/cmake --build /ros_ws/Aruco_tag_localization/build/turtlebot3_cartographer -- -j20 -l20
[0.382s] Invoking command in '/ros_ws/Aruco_tag_localization/build/turtlebot3_cartographer': CMAKE_PREFIX_PATH=/opt/ros/foxy /usr/bin/cmake --install /ros_ws/Aruco_tag_localization/build/turtlebot3_cartographer
[0.390s] -- Install configuration: ""
[0.391s] -- Execute custom install script
[0.391s] -- Symlinking: /ros_ws/Aruco_tag_localization/install/turtlebot3_cartographer/share/turtlebot3_cartographer/config/turtlebot3_lds_2d.lua
[0.404s] -- Symlinking: /ros_ws/Aruco_tag_localization/install/turtlebot3_cartographer/share/turtlebot3_cartographer/launch/cartographer.launch.py
[0.413s] -- Symlinking: /ros_ws/Aruco_tag_localization/install/turtlebot3_cartographer/share/turtlebot3_cartographer/launch/occupancy_grid.launch.py
[0.421s] -- Symlinking: /ros_ws/Aruco_tag_localization/install/turtlebot3_cartographer/share/turtlebot3_cartographer/rviz/tb3_cartographer.rviz
[0.432s] -- Symlinking: /ros_ws/Aruco_tag_localization/install/turtlebot3_cartographer/share/ament_index/resource_index/package_run_dependencies/turtlebot3_cartographer
[0.441s] -- Symlinking: /ros_ws/Aruco_tag_localization/install/turtlebot3_cartographer/share/ament_index/resource_index/parent_prefix_path/turtlebot3_cartographer
[0.449s] -- Symlinking: /ros_ws/Aruco_tag_localization/install/turtlebot3_cartographer/share/turtlebot3_cartographer/environment/ament_prefix_path.sh
[0.456s] -- Symlinking: /ros_ws/Aruco_tag_localization/install/turtlebot3_cartographer/share/turtlebot3_cartographer/environment/ament_prefix_path.dsv
[0.465s] -- Symlinking: /ros_ws/Aruco_tag_localization/install/turtlebot3_cartographer/share/turtlebot3_cartographer/environment/path.sh
[0.472s] -- Symlinking: /ros_ws/Aruco_tag_localization/install/turtlebot3_cartographer/share/turtlebot3_cartographer/environment/path.dsv
[0.483s] -- Symlinking: /ros_ws/Aruco_tag_localization/install/turtlebot3_cartographer/share/turtlebot3_cartographer/local_setup.bash
[0.492s] -- Symlinking: /ros_ws/Aruco_tag_localization/install/turtlebot3_cartographer/share/turtlebot3_cartographer/local_setup.sh
[0.503s] -- Symlinking: /ros_ws/Aruco_tag_localization/install/turtlebot3_cartographer/share/turtlebot3_cartographer/local_setup.zsh
[0.513s] -- Symlinking: /ros_ws/Aruco_tag_localization/install/turtlebot3_cartographer/share/turtlebot3_cartographer/local_setup.dsv
[0.521s] -- Symlinking: /ros_ws/Aruco_tag_localization/install/turtlebot3_cartographer/share/turtlebot3_cartographer/package.dsv
[0.531s] -- Symlinking: /ros_ws/Aruco_tag_localization/install/turtlebot3_cartographer/share/ament_index/resource_index/packages/turtlebot3_cartographer
[0.539s] -- Symlinking: /ros_ws/Aruco_tag_localization/install/turtlebot3_cartographer/share/turtlebot3_cartographer/cmake/turtlebot3_cartographerConfig.cmake
[0.548s] -- Symlinking: /ros_ws/Aruco_tag_localization/install/turtlebot3_cartographer/share/turtlebot3_cartographer/cmake/turtlebot3_cartographerConfig-version.cmake
[0.556s] -- Symlinking: /ros_ws/Aruco_tag_localization/install/turtlebot3_cartographer/share/turtlebot3_cartographer/package.xml
[0.571s] Invoked command in '/ros_ws/Aruco_tag_localization/build/turtlebot3_cartographer' returned '0': CMAKE_PREFIX_PATH=/opt/ros/foxy /usr/bin/cmake --install /ros_ws/Aruco_tag_localization/build/turtlebot3_cartographer
