-- Found ament_cmake: 0.9.12 (/opt/ros/foxy/share/ament_cmake/cmake)
-- Found PythonInterp: /usr/bin/python3 (found suitable version "3.8.10", minimum required is "3") 
-- Using PYTHON_EXECUTABLE: /usr/bin/python3
-- Override CMake install command with custom implementation using symlinks instead of copying resources
-- Configuring done
-- Generating done
-- Build files have been written to: /ros_ws/Aruco_tag_localization/build/turtlebot3_navigation2
-- Install configuration: ""
-- Execute custom install script
-- Symlinking: /ros_ws/Aruco_tag_localization/install/turtlebot3_navigation2/share/turtlebot3_navigation2/launch/navigation2.launch.py
-- Symlinking: /ros_ws/Aruco_tag_localization/install/turtlebot3_navigation2/share/turtlebot3_navigation2/map/turtlebot3_world.pgm
-- Symlinking: /ros_ws/Aruco_tag_localization/install/turtlebot3_navigation2/share/turtlebot3_navigation2/map/turtlebot3_world.yaml
-- Symlinking: /ros_ws/Aruco_tag_localization/install/turtlebot3_navigation2/share/turtlebot3_navigation2/param/burger.yaml
-- Symlinking: /ros_ws/Aruco_tag_localization/install/turtlebot3_navigation2/share/turtlebot3_navigation2/param/waffle.yaml
-- Symlinking: /ros_ws/Aruco_tag_localization/install/turtlebot3_navigation2/share/turtlebot3_navigation2/param/waffle_pi.yaml
-- Symlinking: /ros_ws/Aruco_tag_localization/install/turtlebot3_navigation2/share/turtlebot3_navigation2/rviz/tb3_navigation2.rviz
-- Symlinking: /ros_ws/Aruco_tag_localization/install/turtlebot3_navigation2/share/ament_index/resource_index/package_run_dependencies/turtlebot3_navigation2
-- Symlinking: /ros_ws/Aruco_tag_localization/install/turtlebot3_navigation2/share/ament_index/resource_index/parent_prefix_path/turtlebot3_navigation2
-- Symlinking: /ros_ws/Aruco_tag_localization/install/turtlebot3_navigation2/share/turtlebot3_navigation2/environment/ament_prefix_path.sh
-- Symlinking: /ros_ws/Aruco_tag_localization/install/turtlebot3_navigation2/share/turtlebot3_navigation2/environment/ament_prefix_path.dsv
-- Symlinking: /ros_ws/Aruco_tag_localization/install/turtlebot3_navigation2/share/turtlebot3_navigation2/environment/path.sh
-- Symlinking: /ros_ws/Aruco_tag_localization/install/turtlebot3_navigation2/share/turtlebot3_navigation2/environment/path.dsv
-- Symlinking: /ros_ws/Aruco_tag_localization/install/turtlebot3_navigation2/share/turtlebot3_navigation2/local_setup.bash
-- Symlinking: /ros_ws/Aruco_tag_localization/install/turtlebot3_navigation2/share/turtlebot3_navigation2/local_setup.sh
-- Symlinking: /ros_ws/Aruco_tag_localization/install/turtlebot3_navigation2/share/turtlebot3_navigation2/local_setup.zsh
-- Symlinking: /ros_ws/Aruco_tag_localization/install/turtlebot3_navigation2/share/turtlebot3_navigation2/local_setup.dsv
-- Symlinking: /ros_ws/Aruco_tag_localization/install/turtlebot3_navigation2/share/turtlebot3_navigation2/package.dsv
-- Symlinking: /ros_ws/Aruco_tag_localization/install/turtlebot3_navigation2/share/ament_index/resource_index/packages/turtlebot3_navigation2
-- Symlinking: /ros_ws/Aruco_tag_localization/install/turtlebot3_navigation2/share/turtlebot3_navigation2/cmake/turtlebot3_navigation2Config.cmake
-- Symlinking: /ros_ws/Aruco_tag_localization/install/turtlebot3_navigation2/share/turtlebot3_navigation2/cmake/turtlebot3_navigation2Config-version.cmake
-- Symlinking: /ros_ws/Aruco_tag_localization/install/turtlebot3_navigation2/share/turtlebot3_navigation2/package.xml
