[0.020s] Invoking command in '/ros_ws/Aruco_tag_localization/build/turtlebot3_navigation2': /usr/bin/cmake /ros_ws/Aruco_tag_localization/src/turtlebot3/turtlebot3_navigation2 -DAMENT_CMAKE_SYMLINK_INSTALL=1 -DCMAKE_INSTALL_PREFIX=/ros_ws/Aruco_tag_localization/install/turtlebot3_navigation2
[0.071s] -- The C compiler identification is GNU 9.4.0
[0.119s] -- The CXX compiler identification is GNU 9.4.0
[0.122s] -- Check for working C compiler: /usr/bin/cc
[0.183s] -- Check for working C compiler: /usr/bin/cc -- works
[0.184s] -- Detecting C compiler ABI info
[0.245s] -- Detecting C compiler ABI info - done
[0.257s] -- Detecting C compile features
[0.257s] -- Detecting C compile features - done
[0.259s] -- Check for working CXX compiler: /usr/bin/c++
[0.342s] -- Check for working CXX compiler: /usr/bin/c++ -- works
[0.343s] -- Detecting CXX compiler ABI info
[0.421s] -- Detecting CXX compiler ABI info - done
[0.434s] -- Detecting CXX compile features
[0.435s] -- Detecting CXX compile features - done
[0.451s] CMake Error at CMakeLists.txt:10 (find_package):
[0.451s]   By not providing "Findament_cmake.cmake" in CMAKE_MODULE_PATH this project
[0.452s]   has asked CMake to find a package configuration file provided by
[0.452s]   "ament_cmake", but CMake did not find one.
[0.452s] 
[0.452s]   Could not find a package configuration file provided by "ament_cmake" with
[0.452s]   any of the following names:
[0.452s] 
[0.452s]     ament_cmakeConfig.cmake
[0.452s]     ament_cmake-config.cmake
[0.452s] 
[0.452s]   Add the installation prefix of "ament_cmake" to CMAKE_PREFIX_PATH or set
[0.452s]   "ament_cmake_DIR" to a directory containing one of the above files.  If
[0.452s]   "ament_cmake" provides a separate development package or SDK, be sure it
[0.452s]   has been installed.
[0.452s] 
[0.452s] 
[0.452s] -- Configuring incomplete, errors occurred!
[0.452s] See also "/ros_ws/Aruco_tag_localization/build/turtlebot3_navigation2/CMakeFiles/CMakeOutput.log".
[0.466s] Invoked command in '/ros_ws/Aruco_tag_localization/build/turtlebot3_navigation2' returned '1': /usr/bin/cmake /ros_ws/Aruco_tag_localization/src/turtlebot3/turtlebot3_navigation2 -DAMENT_CMAKE_SYMLINK_INSTALL=1 -DCMAKE_INSTALL_PREFIX=/ros_ws/Aruco_tag_localization/install/turtlebot3_navigation2
