[0.099s] DEBUG:colcon:Command line arguments: ['/usr/bin/colcon', 'build', '--symlink-install']
[0.099s] DEBUG:colcon:Parsed command line arguments: Namespace(allow_overriding=[], ament_cmake_args=None, base_paths=['.'], build_base='build', catkin_cmake_args=None, catkin_skip_building_tests=False, cmake_args=None, cmake_clean_cache=False, cmake_clean_first=False, cmake_force_configure=False, cmake_target=None, cmake_target_skip_unavailable=False, continue_on_error=False, event_handlers=None, executor='parallel', ignore_user_meta=False, install_base='install', log_base=None, log_level=None, main=<bound method BuildVerb.main of <colcon_core.verb.build.BuildVerb object at 0x79f834286f70>>, merge_install=False, metas=['./colcon.meta'], mixin=None, mixin_files=None, mixin_verb=('build',), packages_above=None, packages_above_and_dependencies=None, packages_above_depth=None, packages_end=None, packages_ignore=None, packages_ignore_regex=None, packages_select=None, packages_select_build_failed=False, packages_select_by_dep=None, packages_select_regex=None, packages_select_test_failures=False, packages_skip=None, packages_skip_build_finished=False, packages_skip_by_dep=None, packages_skip_regex=None, packages_skip_test_passed=False, packages_skip_up_to=None, packages_start=None, packages_up_to=None, packages_up_to_regex=None, parallel_workers=20, paths=None, symlink_install=True, test_result_base=None, verb_extension=<colcon_core.verb.build.BuildVerb object at 0x79f834286f70>, verb_name='build', verb_parser=<colcon_mixin.mixin.mixin_argument.MixinArgumentDecorator object at 0x79f8341ea640>)
[0.170s] Level 1:colcon.colcon_core.package_discovery:discover_packages(colcon_meta) check parameters
[0.170s] Level 1:colcon.colcon_core.package_discovery:discover_packages(recursive) check parameters
[0.170s] Level 1:colcon.colcon_core.package_discovery:discover_packages(ignore) check parameters
[0.170s] Level 1:colcon.colcon_core.package_discovery:discover_packages(path) check parameters
[0.170s] Level 1:colcon.colcon_core.package_discovery:discover_packages(colcon_meta) discover
[0.170s] Level 1:colcon.colcon_core.package_discovery:discover_packages(recursive) discover
[0.170s] INFO:colcon.colcon_core.package_discovery:Crawling recursively for packages in '/ros_ws/joy_motion_ws/ros2_ws'
[0.170s] Level 1:colcon.colcon_core.package_identification:_identify(.) by extensions ['ignore', 'ignore_ament_install']
[0.170s] Level 1:colcon.colcon_core.package_identification:_identify(.) by extension 'ignore'
[0.170s] Level 1:colcon.colcon_core.package_identification:_identify(.) by extension 'ignore_ament_install'
[0.170s] Level 1:colcon.colcon_core.package_identification:_identify(.) by extensions ['colcon_pkg']
[0.170s] Level 1:colcon.colcon_core.package_identification:_identify(.) by extension 'colcon_pkg'
[0.170s] Level 1:colcon.colcon_core.package_identification:_identify(.) by extensions ['colcon_meta']
[0.170s] Level 1:colcon.colcon_core.package_identification:_identify(.) by extension 'colcon_meta'
[0.170s] Level 1:colcon.colcon_core.package_identification:_identify(.) by extensions ['ros']
[0.170s] Level 1:colcon.colcon_core.package_identification:_identify(.) by extension 'ros'
[0.177s] Level 1:colcon.colcon_core.package_identification:_identify(.) by extensions ['cmake', 'python']
[0.177s] Level 1:colcon.colcon_core.package_identification:_identify(.) by extension 'cmake'
[0.177s] Level 1:colcon.colcon_core.package_identification:_identify(.) by extension 'python'
[0.177s] Level 1:colcon.colcon_core.package_identification:_identify(.) by extensions ['python_setup_py']
[0.177s] Level 1:colcon.colcon_core.package_identification:_identify(.) by extension 'python_setup_py'
[0.177s] Level 1:colcon.colcon_core.package_identification:_identify(build) by extensions ['ignore', 'ignore_ament_install']
[0.177s] Level 1:colcon.colcon_core.package_identification:_identify(build) by extension 'ignore'
[0.177s] Level 1:colcon.colcon_core.package_identification:_identify(build) ignored
[0.177s] Level 1:colcon.colcon_core.package_identification:_identify(install) by extensions ['ignore', 'ignore_ament_install']
[0.177s] Level 1:colcon.colcon_core.package_identification:_identify(install) by extension 'ignore'
[0.177s] Level 1:colcon.colcon_core.package_identification:_identify(install) ignored
[0.177s] Level 1:colcon.colcon_core.package_identification:_identify(log) by extensions ['ignore', 'ignore_ament_install']
[0.177s] Level 1:colcon.colcon_core.package_identification:_identify(log) by extension 'ignore'
[0.177s] Level 1:colcon.colcon_core.package_identification:_identify(log) ignored
[0.177s] Level 1:colcon.colcon_core.package_identification:_identify(src) by extensions ['ignore', 'ignore_ament_install']
[0.177s] Level 1:colcon.colcon_core.package_identification:_identify(src) by extension 'ignore'
[0.177s] Level 1:colcon.colcon_core.package_identification:_identify(src) by extension 'ignore_ament_install'
[0.177s] Level 1:colcon.colcon_core.package_identification:_identify(src) by extensions ['colcon_pkg']
[0.177s] Level 1:colcon.colcon_core.package_identification:_identify(src) by extension 'colcon_pkg'
[0.177s] Level 1:colcon.colcon_core.package_identification:_identify(src) by extensions ['colcon_meta']
[0.177s] Level 1:colcon.colcon_core.package_identification:_identify(src) by extension 'colcon_meta'
[0.177s] Level 1:colcon.colcon_core.package_identification:_identify(src) by extensions ['ros']
[0.177s] Level 1:colcon.colcon_core.package_identification:_identify(src) by extension 'ros'
[0.177s] Level 1:colcon.colcon_core.package_identification:_identify(src) by extensions ['cmake', 'python']
[0.177s] Level 1:colcon.colcon_core.package_identification:_identify(src) by extension 'cmake'
[0.177s] Level 1:colcon.colcon_core.package_identification:_identify(src) by extension 'python'
[0.177s] Level 1:colcon.colcon_core.package_identification:_identify(src) by extensions ['python_setup_py']
[0.178s] Level 1:colcon.colcon_core.package_identification:_identify(src) by extension 'python_setup_py'
[0.178s] Level 1:colcon.colcon_core.package_identification:_identify(src/joy_to_motion) by extensions ['ignore', 'ignore_ament_install']
[0.178s] Level 1:colcon.colcon_core.package_identification:_identify(src/joy_to_motion) by extension 'ignore'
[0.178s] Level 1:colcon.colcon_core.package_identification:_identify(src/joy_to_motion) by extension 'ignore_ament_install'
[0.178s] Level 1:colcon.colcon_core.package_identification:_identify(src/joy_to_motion) by extensions ['colcon_pkg']
[0.178s] Level 1:colcon.colcon_core.package_identification:_identify(src/joy_to_motion) by extension 'colcon_pkg'
[0.178s] Level 1:colcon.colcon_core.package_identification:_identify(src/joy_to_motion) by extensions ['colcon_meta']
[0.178s] Level 1:colcon.colcon_core.package_identification:_identify(src/joy_to_motion) by extension 'colcon_meta'
[0.178s] Level 1:colcon.colcon_core.package_identification:_identify(src/joy_to_motion) by extensions ['ros']
[0.178s] Level 1:colcon.colcon_core.package_identification:_identify(src/joy_to_motion) by extension 'ros'
[0.179s] DEBUG:colcon.colcon_core.package_identification:Package 'src/joy_to_motion' with type 'ros.ament_python' and name 'joy_to_motion'
[0.179s] Level 1:colcon.colcon_core.package_identification:_identify(src/ros1_msgs_srvs) by extensions ['ignore', 'ignore_ament_install']
[0.179s] Level 1:colcon.colcon_core.package_identification:_identify(src/ros1_msgs_srvs) by extension 'ignore'
[0.179s] Level 1:colcon.colcon_core.package_identification:_identify(src/ros1_msgs_srvs) by extension 'ignore_ament_install'
[0.179s] Level 1:colcon.colcon_core.package_identification:_identify(src/ros1_msgs_srvs) by extensions ['colcon_pkg']
[0.179s] Level 1:colcon.colcon_core.package_identification:_identify(src/ros1_msgs_srvs) by extension 'colcon_pkg'
[0.179s] Level 1:colcon.colcon_core.package_identification:_identify(src/ros1_msgs_srvs) by extensions ['colcon_meta']
[0.179s] Level 1:colcon.colcon_core.package_identification:_identify(src/ros1_msgs_srvs) by extension 'colcon_meta'
[0.179s] Level 1:colcon.colcon_core.package_identification:_identify(src/ros1_msgs_srvs) by extensions ['ros']
[0.179s] Level 1:colcon.colcon_core.package_identification:_identify(src/ros1_msgs_srvs) by extension 'ros'
[0.180s] DEBUG:colcon.colcon_core.package_identification:Package 'src/ros1_msgs_srvs' with type 'ros.ament_cmake' and name 'ros1_msgs_srvs'
[0.180s] Level 1:colcon.colcon_core.package_discovery:discover_packages(recursive) using defaults
[0.180s] Level 1:colcon.colcon_core.package_discovery:discover_packages(ignore) discover
[0.180s] Level 1:colcon.colcon_core.package_discovery:discover_packages(ignore) using defaults
[0.180s] Level 1:colcon.colcon_core.package_discovery:discover_packages(path) discover
[0.180s] Level 1:colcon.colcon_core.package_discovery:discover_packages(path) using defaults
[0.189s] Level 1:colcon.colcon_core.package_discovery:discover_packages(prefix_path) check parameters
[0.189s] Level 1:colcon.colcon_core.package_discovery:discover_packages(prefix_path) discover
[0.190s] DEBUG:colcon.colcon_installed_package_information.package_discovery:Found 19 installed packages in /ros_ws/joy_motion_ws/ros2_ws/install
[0.191s] DEBUG:colcon.colcon_installed_package_information.package_discovery:Found 258 installed packages in /opt/ros/foxy
[0.192s] Level 1:colcon.colcon_core.package_discovery:discover_packages(prefix_path) using defaults
[0.224s] Level 5:colcon.colcon_core.verb:set package 'joy_to_motion' build argument 'cmake_args' from command line to 'None'
[0.224s] Level 5:colcon.colcon_core.verb:set package 'joy_to_motion' build argument 'cmake_target' from command line to 'None'
[0.224s] Level 5:colcon.colcon_core.verb:set package 'joy_to_motion' build argument 'cmake_target_skip_unavailable' from command line to 'False'
[0.224s] Level 5:colcon.colcon_core.verb:set package 'joy_to_motion' build argument 'cmake_clean_cache' from command line to 'False'
[0.224s] Level 5:colcon.colcon_core.verb:set package 'joy_to_motion' build argument 'cmake_clean_first' from command line to 'False'
[0.224s] Level 5:colcon.colcon_core.verb:set package 'joy_to_motion' build argument 'cmake_force_configure' from command line to 'False'
[0.224s] Level 5:colcon.colcon_core.verb:set package 'joy_to_motion' build argument 'ament_cmake_args' from command line to 'None'
[0.224s] Level 5:colcon.colcon_core.verb:set package 'joy_to_motion' build argument 'catkin_cmake_args' from command line to 'None'
[0.224s] Level 5:colcon.colcon_core.verb:set package 'joy_to_motion' build argument 'catkin_skip_building_tests' from command line to 'False'
[0.224s] DEBUG:colcon.colcon_core.verb:Building package 'joy_to_motion' with the following arguments: {'ament_cmake_args': None, 'build_base': '/ros_ws/joy_motion_ws/ros2_ws/build/joy_to_motion', 'catkin_cmake_args': None, 'catkin_skip_building_tests': False, 'cmake_args': None, 'cmake_clean_cache': False, 'cmake_clean_first': False, 'cmake_force_configure': False, 'cmake_target': None, 'cmake_target_skip_unavailable': False, 'install_base': '/ros_ws/joy_motion_ws/ros2_ws/install/joy_to_motion', 'merge_install': False, 'path': '/ros_ws/joy_motion_ws/ros2_ws/src/joy_to_motion', 'symlink_install': True, 'test_result_base': None}
[0.225s] Level 5:colcon.colcon_core.verb:set package 'ros1_msgs_srvs' build argument 'cmake_args' from command line to 'None'
[0.225s] Level 5:colcon.colcon_core.verb:set package 'ros1_msgs_srvs' build argument 'cmake_target' from command line to 'None'
[0.225s] Level 5:colcon.colcon_core.verb:set package 'ros1_msgs_srvs' build argument 'cmake_target_skip_unavailable' from command line to 'False'
[0.225s] Level 5:colcon.colcon_core.verb:set package 'ros1_msgs_srvs' build argument 'cmake_clean_cache' from command line to 'False'
[0.225s] Level 5:colcon.colcon_core.verb:set package 'ros1_msgs_srvs' build argument 'cmake_clean_first' from command line to 'False'
[0.225s] Level 5:colcon.colcon_core.verb:set package 'ros1_msgs_srvs' build argument 'cmake_force_configure' from command line to 'False'
[0.225s] Level 5:colcon.colcon_core.verb:set package 'ros1_msgs_srvs' build argument 'ament_cmake_args' from command line to 'None'
[0.225s] Level 5:colcon.colcon_core.verb:set package 'ros1_msgs_srvs' build argument 'catkin_cmake_args' from command line to 'None'
[0.225s] Level 5:colcon.colcon_core.verb:set package 'ros1_msgs_srvs' build argument 'catkin_skip_building_tests' from command line to 'False'
[0.225s] DEBUG:colcon.colcon_core.verb:Building package 'ros1_msgs_srvs' with the following arguments: {'ament_cmake_args': None, 'build_base': '/ros_ws/joy_motion_ws/ros2_ws/build/ros1_msgs_srvs', 'catkin_cmake_args': None, 'catkin_skip_building_tests': False, 'cmake_args': None, 'cmake_clean_cache': False, 'cmake_clean_first': False, 'cmake_force_configure': False, 'cmake_target': None, 'cmake_target_skip_unavailable': False, 'install_base': '/ros_ws/joy_motion_ws/ros2_ws/install/ros1_msgs_srvs', 'merge_install': False, 'path': '/ros_ws/joy_motion_ws/ros2_ws/src/ros1_msgs_srvs', 'symlink_install': True, 'test_result_base': None}
[0.225s] INFO:colcon.colcon_core.executor:Executing jobs using 'parallel' executor
[0.226s] DEBUG:colcon.colcon_parallel_executor.executor.parallel:run_until_complete
[0.226s] INFO:colcon.colcon_ros.task.ament_python.build:Building ROS package in '/ros_ws/joy_motion_ws/ros2_ws/src/joy_to_motion' with build type 'ament_python'
[0.226s] Level 1:colcon.colcon_core.shell:create_environment_hook('joy_to_motion', 'ament_prefix_path')
[0.227s] INFO:colcon.colcon_core.plugin_system:Skipping extension 'colcon_core.shell.bat': Not used on non-Windows systems
[0.227s] INFO:colcon.colcon_core.shell:Creating environment hook '/ros_ws/joy_motion_ws/ros2_ws/install/joy_to_motion/share/joy_to_motion/hook/ament_prefix_path.ps1'
[0.227s] INFO:colcon.colcon_core.shell:Creating environment descriptor '/ros_ws/joy_motion_ws/ros2_ws/install/joy_to_motion/share/joy_to_motion/hook/ament_prefix_path.dsv'
[0.228s] INFO:colcon.colcon_core.shell:Creating environment hook '/ros_ws/joy_motion_ws/ros2_ws/install/joy_to_motion/share/joy_to_motion/hook/ament_prefix_path.sh'
[0.228s] INFO:colcon.colcon_core.shell:Skip shell extension 'powershell' for command environment: Not usable outside of PowerShell
[0.228s] DEBUG:colcon.colcon_core.shell:Skip shell extension 'dsv' for command environment
[0.232s] INFO:colcon.colcon_ros.task.ament_cmake.build:Building ROS package in '/ros_ws/joy_motion_ws/ros2_ws/src/ros1_msgs_srvs' with build type 'ament_cmake'
[0.232s] INFO:colcon.colcon_cmake.task.cmake.build:Building CMake package in '/ros_ws/joy_motion_ws/ros2_ws/src/ros1_msgs_srvs'
[0.232s] INFO:colcon.colcon_core.shell:Skip shell extension 'powershell' for command environment: Not usable outside of PowerShell
[0.232s] DEBUG:colcon.colcon_core.shell:Skip shell extension 'dsv' for command environment
[0.354s] INFO:colcon.colcon_core.task.python.build:Building Python package in '/ros_ws/joy_motion_ws/ros2_ws/src/joy_to_motion'
[0.354s] INFO:colcon.colcon_core.shell:Skip shell extension 'powershell' for command environment: Not usable outside of PowerShell
[0.354s] DEBUG:colcon.colcon_core.shell:Skip shell extension 'dsv' for command environment
[0.362s] DEBUG:colcon.colcon_core.event_handler.log_command:Invoking command in '/ros_ws/joy_motion_ws/ros2_ws/build/ros1_msgs_srvs': CMAKE_PREFIX_PATH=${CMAKE_PREFIX_PATH}:/ros_ws/joy_motion_ws/ros2_ws/install/ros1_to_ros2_package:/ros_ws/joy_motion_ws/ros2_ws/install/joy_to_motion:/ros_ws/joy_motion_ws/ros2_ws/install/examples_rclpy_minimal_subscriber:/ros_ws/joy_motion_ws/ros2_ws/install/examples_rclpy_minimal_service:/ros_ws/joy_motion_ws/ros2_ws/install/examples_rclpy_minimal_publisher:/ros_ws/joy_motion_ws/ros2_ws/install/examples_rclpy_minimal_client:/ros_ws/joy_motion_ws/ros2_ws/install/examples_rclpy_minimal_action_server:/ros_ws/joy_motion_ws/ros2_ws/install/examples_rclpy_minimal_action_client:/ros_ws/joy_motion_ws/ros2_ws/install/examples_rclpy_executors:/opt/ros/foxy /usr/bin/cmake /ros_ws/joy_motion_ws/ros2_ws/src/ros1_msgs_srvs -DAMENT_CMAKE_SYMLINK_INSTALL=1 -DCMAKE_INSTALL_PREFIX=/ros_ws/joy_motion_ws/ros2_ws/install/ros1_msgs_srvs
[0.586s] DEBUG:colcon.colcon_core.event_handler.log_command:Invoking command in '/ros_ws/joy_motion_ws/ros2_ws/build/joy_to_motion': PYTHONPATH=/ros_ws/joy_motion_ws/ros2_ws/build/joy_to_motion/prefix_override:/usr/lib/python3/dist-packages/colcon_core/task/python/colcon_distutils_commands:/ros_ws/joy_motion_ws/ros2_ws/install/joy_to_motion/lib/python3.8/site-packages:${PYTHONPATH} /usr/bin/python3 -W ignore:setup.py install is deprecated -W ignore:easy_install command is deprecated setup.py develop --editable --build-directory /ros_ws/joy_motion_ws/ros2_ws/build/joy_to_motion/build --no-deps symlink_data
[0.819s] Level 1:colcon.colcon_core.shell:create_environment_hook('joy_to_motion', 'pythonpath_develop')
[0.820s] INFO:colcon.colcon_core.shell:Creating environment hook '/ros_ws/joy_motion_ws/ros2_ws/build/joy_to_motion/share/joy_to_motion/hook/pythonpath_develop.ps1'
[0.820s] DEBUG:colcon.colcon_core.event_handler.log_command:Invoked command in '/ros_ws/joy_motion_ws/ros2_ws/build/joy_to_motion' returned '0': PYTHONPATH=/ros_ws/joy_motion_ws/ros2_ws/build/joy_to_motion/prefix_override:/usr/lib/python3/dist-packages/colcon_core/task/python/colcon_distutils_commands:/ros_ws/joy_motion_ws/ros2_ws/install/joy_to_motion/lib/python3.8/site-packages:${PYTHONPATH} /usr/bin/python3 -W ignore:setup.py install is deprecated -W ignore:easy_install command is deprecated setup.py develop --editable --build-directory /ros_ws/joy_motion_ws/ros2_ws/build/joy_to_motion/build --no-deps symlink_data
[0.820s] INFO:colcon.colcon_core.shell:Creating environment descriptor '/ros_ws/joy_motion_ws/ros2_ws/build/joy_to_motion/share/joy_to_motion/hook/pythonpath_develop.dsv'
[0.821s] INFO:colcon.colcon_core.shell:Creating environment hook '/ros_ws/joy_motion_ws/ros2_ws/build/joy_to_motion/share/joy_to_motion/hook/pythonpath_develop.sh'
[0.822s] Level 1:colcon.colcon_core.environment:checking '/ros_ws/joy_motion_ws/ros2_ws/install/joy_to_motion' for CMake module files
[0.823s] Level 1:colcon.colcon_core.environment:checking '/ros_ws/joy_motion_ws/ros2_ws/install/joy_to_motion' for CMake config files
[0.823s] Level 1:colcon.colcon_core.environment:checking '/ros_ws/joy_motion_ws/ros2_ws/install/joy_to_motion/lib'
[0.823s] Level 1:colcon.colcon_core.environment:checking '/ros_ws/joy_motion_ws/ros2_ws/install/joy_to_motion/bin'
[0.823s] Level 1:colcon.colcon_core.environment:checking '/ros_ws/joy_motion_ws/ros2_ws/install/joy_to_motion/lib/pkgconfig/joy_to_motion.pc'
[0.823s] Level 1:colcon.colcon_core.environment:checking '/ros_ws/joy_motion_ws/ros2_ws/install/joy_to_motion/lib/python3.8/site-packages'
[0.823s] Level 1:colcon.colcon_core.shell:create_environment_hook('joy_to_motion', 'pythonpath')
[0.823s] INFO:colcon.colcon_core.shell:Creating environment hook '/ros_ws/joy_motion_ws/ros2_ws/install/joy_to_motion/share/joy_to_motion/hook/pythonpath.ps1'
[0.824s] INFO:colcon.colcon_core.shell:Creating environment descriptor '/ros_ws/joy_motion_ws/ros2_ws/install/joy_to_motion/share/joy_to_motion/hook/pythonpath.dsv'
[0.824s] INFO:colcon.colcon_core.shell:Creating environment hook '/ros_ws/joy_motion_ws/ros2_ws/install/joy_to_motion/share/joy_to_motion/hook/pythonpath.sh'
[0.824s] Level 1:colcon.colcon_core.environment:checking '/ros_ws/joy_motion_ws/ros2_ws/install/joy_to_motion/bin'
[0.824s] Level 1:colcon.colcon_core.environment:create_environment_scripts_only(joy_to_motion)
[0.824s] INFO:colcon.colcon_core.shell:Creating package script '/ros_ws/joy_motion_ws/ros2_ws/install/joy_to_motion/share/joy_to_motion/package.ps1'
[0.825s] INFO:colcon.colcon_core.shell:Creating package descriptor '/ros_ws/joy_motion_ws/ros2_ws/install/joy_to_motion/share/joy_to_motion/package.dsv'
[0.825s] INFO:colcon.colcon_core.shell:Creating package script '/ros_ws/joy_motion_ws/ros2_ws/install/joy_to_motion/share/joy_to_motion/package.sh'
[0.825s] INFO:colcon.colcon_core.shell:Creating package script '/ros_ws/joy_motion_ws/ros2_ws/install/joy_to_motion/share/joy_to_motion/package.bash'
[0.826s] INFO:colcon.colcon_core.shell:Creating package script '/ros_ws/joy_motion_ws/ros2_ws/install/joy_to_motion/share/joy_to_motion/package.zsh'
[0.826s] Level 1:colcon.colcon_core.environment:create_file_with_runtime_dependencies(/ros_ws/joy_motion_ws/ros2_ws/install/joy_to_motion/share/colcon-core/packages/joy_to_motion)
[0.929s] DEBUG:colcon.colcon_core.event_handler.log_command:Invoked command in '/ros_ws/joy_motion_ws/ros2_ws/build/ros1_msgs_srvs' returned '0': CMAKE_PREFIX_PATH=${CMAKE_PREFIX_PATH}:/ros_ws/joy_motion_ws/ros2_ws/install/ros1_to_ros2_package:/ros_ws/joy_motion_ws/ros2_ws/install/joy_to_motion:/ros_ws/joy_motion_ws/ros2_ws/install/examples_rclpy_minimal_subscriber:/ros_ws/joy_motion_ws/ros2_ws/install/examples_rclpy_minimal_service:/ros_ws/joy_motion_ws/ros2_ws/install/examples_rclpy_minimal_publisher:/ros_ws/joy_motion_ws/ros2_ws/install/examples_rclpy_minimal_client:/ros_ws/joy_motion_ws/ros2_ws/install/examples_rclpy_minimal_action_server:/ros_ws/joy_motion_ws/ros2_ws/install/examples_rclpy_minimal_action_client:/ros_ws/joy_motion_ws/ros2_ws/install/examples_rclpy_executors:/opt/ros/foxy /usr/bin/cmake /ros_ws/joy_motion_ws/ros2_ws/src/ros1_msgs_srvs -DAMENT_CMAKE_SYMLINK_INSTALL=1 -DCMAKE_INSTALL_PREFIX=/ros_ws/joy_motion_ws/ros2_ws/install/ros1_msgs_srvs
[0.931s] DEBUG:colcon.colcon_core.event_handler.log_command:Invoking command in '/ros_ws/joy_motion_ws/ros2_ws/build/ros1_msgs_srvs': CMAKE_PREFIX_PATH=${CMAKE_PREFIX_PATH}:/ros_ws/joy_motion_ws/ros2_ws/install/ros1_to_ros2_package:/ros_ws/joy_motion_ws/ros2_ws/install/joy_to_motion:/ros_ws/joy_motion_ws/ros2_ws/install/examples_rclpy_minimal_subscriber:/ros_ws/joy_motion_ws/ros2_ws/install/examples_rclpy_minimal_service:/ros_ws/joy_motion_ws/ros2_ws/install/examples_rclpy_minimal_publisher:/ros_ws/joy_motion_ws/ros2_ws/install/examples_rclpy_minimal_client:/ros_ws/joy_motion_ws/ros2_ws/install/examples_rclpy_minimal_action_server:/ros_ws/joy_motion_ws/ros2_ws/install/examples_rclpy_minimal_action_client:/ros_ws/joy_motion_ws/ros2_ws/install/examples_rclpy_executors:/opt/ros/foxy /usr/bin/cmake --build /ros_ws/joy_motion_ws/ros2_ws/build/ros1_msgs_srvs -- -j20 -l20
[2.430s] DEBUG:colcon.colcon_core.event_handler.log_command:Invoked command in '/ros_ws/joy_motion_ws/ros2_ws/build/ros1_msgs_srvs' returned '0': CMAKE_PREFIX_PATH=${CMAKE_PREFIX_PATH}:/ros_ws/joy_motion_ws/ros2_ws/install/ros1_to_ros2_package:/ros_ws/joy_motion_ws/ros2_ws/install/joy_to_motion:/ros_ws/joy_motion_ws/ros2_ws/install/examples_rclpy_minimal_subscriber:/ros_ws/joy_motion_ws/ros2_ws/install/examples_rclpy_minimal_service:/ros_ws/joy_motion_ws/ros2_ws/install/examples_rclpy_minimal_publisher:/ros_ws/joy_motion_ws/ros2_ws/install/examples_rclpy_minimal_client:/ros_ws/joy_motion_ws/ros2_ws/install/examples_rclpy_minimal_action_server:/ros_ws/joy_motion_ws/ros2_ws/install/examples_rclpy_minimal_action_client:/ros_ws/joy_motion_ws/ros2_ws/install/examples_rclpy_executors:/opt/ros/foxy /usr/bin/cmake --build /ros_ws/joy_motion_ws/ros2_ws/build/ros1_msgs_srvs -- -j20 -l20
[2.442s] DEBUG:colcon.colcon_core.event_handler.log_command:Invoking command in '/ros_ws/joy_motion_ws/ros2_ws/build/ros1_msgs_srvs': CMAKE_PREFIX_PATH=${CMAKE_PREFIX_PATH}:/ros_ws/joy_motion_ws/ros2_ws/install/ros1_to_ros2_package:/ros_ws/joy_motion_ws/ros2_ws/install/joy_to_motion:/ros_ws/joy_motion_ws/ros2_ws/install/examples_rclpy_minimal_subscriber:/ros_ws/joy_motion_ws/ros2_ws/install/examples_rclpy_minimal_service:/ros_ws/joy_motion_ws/ros2_ws/install/examples_rclpy_minimal_publisher:/ros_ws/joy_motion_ws/ros2_ws/install/examples_rclpy_minimal_client:/ros_ws/joy_motion_ws/ros2_ws/install/examples_rclpy_minimal_action_server:/ros_ws/joy_motion_ws/ros2_ws/install/examples_rclpy_minimal_action_client:/ros_ws/joy_motion_ws/ros2_ws/install/examples_rclpy_executors:/opt/ros/foxy /usr/bin/cmake --install /ros_ws/joy_motion_ws/ros2_ws/build/ros1_msgs_srvs
[3.072s] Level 1:colcon.colcon_core.environment:create_environment_scripts_only(ros1_msgs_srvs)
[3.073s] Level 1:colcon.colcon_core.environment:checking '/ros_ws/joy_motion_ws/ros2_ws/install/ros1_msgs_srvs' for CMake module files
[3.073s] DEBUG:colcon.colcon_core.event_handler.log_command:Invoked command in '/ros_ws/joy_motion_ws/ros2_ws/build/ros1_msgs_srvs' returned '0': CMAKE_PREFIX_PATH=${CMAKE_PREFIX_PATH}:/ros_ws/joy_motion_ws/ros2_ws/install/ros1_to_ros2_package:/ros_ws/joy_motion_ws/ros2_ws/install/joy_to_motion:/ros_ws/joy_motion_ws/ros2_ws/install/examples_rclpy_minimal_subscriber:/ros_ws/joy_motion_ws/ros2_ws/install/examples_rclpy_minimal_service:/ros_ws/joy_motion_ws/ros2_ws/install/examples_rclpy_minimal_publisher:/ros_ws/joy_motion_ws/ros2_ws/install/examples_rclpy_minimal_client:/ros_ws/joy_motion_ws/ros2_ws/install/examples_rclpy_minimal_action_server:/ros_ws/joy_motion_ws/ros2_ws/install/examples_rclpy_minimal_action_client:/ros_ws/joy_motion_ws/ros2_ws/install/examples_rclpy_executors:/opt/ros/foxy /usr/bin/cmake --install /ros_ws/joy_motion_ws/ros2_ws/build/ros1_msgs_srvs
[3.073s] Level 1:colcon.colcon_core.environment:checking '/ros_ws/joy_motion_ws/ros2_ws/install/ros1_msgs_srvs' for CMake config files
[3.073s] Level 1:colcon.colcon_core.shell:create_environment_hook('ros1_msgs_srvs', 'cmake_prefix_path')
[3.073s] INFO:colcon.colcon_core.shell:Creating environment hook '/ros_ws/joy_motion_ws/ros2_ws/install/ros1_msgs_srvs/share/ros1_msgs_srvs/hook/cmake_prefix_path.ps1'
[3.074s] INFO:colcon.colcon_core.shell:Creating environment descriptor '/ros_ws/joy_motion_ws/ros2_ws/install/ros1_msgs_srvs/share/ros1_msgs_srvs/hook/cmake_prefix_path.dsv'
[3.074s] INFO:colcon.colcon_core.shell:Creating environment hook '/ros_ws/joy_motion_ws/ros2_ws/install/ros1_msgs_srvs/share/ros1_msgs_srvs/hook/cmake_prefix_path.sh'
[3.074s] Level 1:colcon.colcon_core.environment:checking '/ros_ws/joy_motion_ws/ros2_ws/install/ros1_msgs_srvs/lib'
[3.074s] Level 1:colcon.colcon_core.shell:create_environment_hook('ros1_msgs_srvs', 'ld_library_path_lib')
[3.075s] INFO:colcon.colcon_core.shell:Creating environment hook '/ros_ws/joy_motion_ws/ros2_ws/install/ros1_msgs_srvs/share/ros1_msgs_srvs/hook/ld_library_path_lib.ps1'
[3.075s] INFO:colcon.colcon_core.shell:Creating environment descriptor '/ros_ws/joy_motion_ws/ros2_ws/install/ros1_msgs_srvs/share/ros1_msgs_srvs/hook/ld_library_path_lib.dsv'
[3.075s] INFO:colcon.colcon_core.shell:Creating environment hook '/ros_ws/joy_motion_ws/ros2_ws/install/ros1_msgs_srvs/share/ros1_msgs_srvs/hook/ld_library_path_lib.sh'
[3.075s] Level 1:colcon.colcon_core.environment:checking '/ros_ws/joy_motion_ws/ros2_ws/install/ros1_msgs_srvs/bin'
[3.075s] Level 1:colcon.colcon_core.environment:checking '/ros_ws/joy_motion_ws/ros2_ws/install/ros1_msgs_srvs/lib/pkgconfig/ros1_msgs_srvs.pc'
[3.075s] Level 1:colcon.colcon_core.environment:checking '/ros_ws/joy_motion_ws/ros2_ws/install/ros1_msgs_srvs/lib/python3.8/site-packages'
[3.075s] Level 1:colcon.colcon_core.shell:create_environment_hook('ros1_msgs_srvs', 'pythonpath')
[3.075s] INFO:colcon.colcon_core.shell:Creating environment hook '/ros_ws/joy_motion_ws/ros2_ws/install/ros1_msgs_srvs/share/ros1_msgs_srvs/hook/pythonpath.ps1'
[3.076s] INFO:colcon.colcon_core.shell:Creating environment descriptor '/ros_ws/joy_motion_ws/ros2_ws/install/ros1_msgs_srvs/share/ros1_msgs_srvs/hook/pythonpath.dsv'
[3.076s] INFO:colcon.colcon_core.shell:Creating environment hook '/ros_ws/joy_motion_ws/ros2_ws/install/ros1_msgs_srvs/share/ros1_msgs_srvs/hook/pythonpath.sh'
[3.076s] Level 1:colcon.colcon_core.environment:checking '/ros_ws/joy_motion_ws/ros2_ws/install/ros1_msgs_srvs/bin'
[3.076s] INFO:colcon.colcon_core.shell:Creating package script '/ros_ws/joy_motion_ws/ros2_ws/install/ros1_msgs_srvs/share/ros1_msgs_srvs/package.ps1'
[3.076s] INFO:colcon.colcon_core.shell:Creating package descriptor '/ros_ws/joy_motion_ws/ros2_ws/install/ros1_msgs_srvs/share/ros1_msgs_srvs/package.dsv'
[3.077s] INFO:colcon.colcon_core.shell:Creating package script '/ros_ws/joy_motion_ws/ros2_ws/install/ros1_msgs_srvs/share/ros1_msgs_srvs/package.sh'
[3.077s] INFO:colcon.colcon_core.shell:Creating package script '/ros_ws/joy_motion_ws/ros2_ws/install/ros1_msgs_srvs/share/ros1_msgs_srvs/package.bash'
[3.077s] INFO:colcon.colcon_core.shell:Creating package script '/ros_ws/joy_motion_ws/ros2_ws/install/ros1_msgs_srvs/share/ros1_msgs_srvs/package.zsh'
[3.077s] Level 1:colcon.colcon_core.environment:create_file_with_runtime_dependencies(/ros_ws/joy_motion_ws/ros2_ws/install/ros1_msgs_srvs/share/colcon-core/packages/ros1_msgs_srvs)
[3.078s] Level 1:colcon.colcon_core.environment:create_environment_scripts_only(ros1_msgs_srvs)
[3.078s] Level 1:colcon.colcon_core.environment:checking '/ros_ws/joy_motion_ws/ros2_ws/install/ros1_msgs_srvs' for CMake module files
[3.078s] Level 1:colcon.colcon_core.environment:checking '/ros_ws/joy_motion_ws/ros2_ws/install/ros1_msgs_srvs' for CMake config files
[3.078s] Level 1:colcon.colcon_core.shell:create_environment_hook('ros1_msgs_srvs', 'cmake_prefix_path')
[3.078s] INFO:colcon.colcon_core.shell:Creating environment hook '/ros_ws/joy_motion_ws/ros2_ws/install/ros1_msgs_srvs/share/ros1_msgs_srvs/hook/cmake_prefix_path.ps1'
[3.078s] INFO:colcon.colcon_core.shell:Creating environment descriptor '/ros_ws/joy_motion_ws/ros2_ws/install/ros1_msgs_srvs/share/ros1_msgs_srvs/hook/cmake_prefix_path.dsv'
[3.078s] INFO:colcon.colcon_core.shell:Creating environment hook '/ros_ws/joy_motion_ws/ros2_ws/install/ros1_msgs_srvs/share/ros1_msgs_srvs/hook/cmake_prefix_path.sh'
[3.079s] Level 1:colcon.colcon_core.environment:checking '/ros_ws/joy_motion_ws/ros2_ws/install/ros1_msgs_srvs/lib'
[3.079s] Level 1:colcon.colcon_core.shell:create_environment_hook('ros1_msgs_srvs', 'ld_library_path_lib')
[3.079s] INFO:colcon.colcon_core.shell:Creating environment hook '/ros_ws/joy_motion_ws/ros2_ws/install/ros1_msgs_srvs/share/ros1_msgs_srvs/hook/ld_library_path_lib.ps1'
[3.079s] INFO:colcon.colcon_core.shell:Creating environment descriptor '/ros_ws/joy_motion_ws/ros2_ws/install/ros1_msgs_srvs/share/ros1_msgs_srvs/hook/ld_library_path_lib.dsv'
[3.079s] INFO:colcon.colcon_core.shell:Creating environment hook '/ros_ws/joy_motion_ws/ros2_ws/install/ros1_msgs_srvs/share/ros1_msgs_srvs/hook/ld_library_path_lib.sh'
[3.079s] Level 1:colcon.colcon_core.environment:checking '/ros_ws/joy_motion_ws/ros2_ws/install/ros1_msgs_srvs/bin'
[3.079s] Level 1:colcon.colcon_core.environment:checking '/ros_ws/joy_motion_ws/ros2_ws/install/ros1_msgs_srvs/lib/pkgconfig/ros1_msgs_srvs.pc'
[3.079s] Level 1:colcon.colcon_core.environment:checking '/ros_ws/joy_motion_ws/ros2_ws/install/ros1_msgs_srvs/lib/python3.8/site-packages'
[3.079s] Level 1:colcon.colcon_core.shell:create_environment_hook('ros1_msgs_srvs', 'pythonpath')
[3.079s] INFO:colcon.colcon_core.shell:Creating environment hook '/ros_ws/joy_motion_ws/ros2_ws/install/ros1_msgs_srvs/share/ros1_msgs_srvs/hook/pythonpath.ps1'
[3.080s] INFO:colcon.colcon_core.shell:Creating environment descriptor '/ros_ws/joy_motion_ws/ros2_ws/install/ros1_msgs_srvs/share/ros1_msgs_srvs/hook/pythonpath.dsv'
[3.080s] INFO:colcon.colcon_core.shell:Creating environment hook '/ros_ws/joy_motion_ws/ros2_ws/install/ros1_msgs_srvs/share/ros1_msgs_srvs/hook/pythonpath.sh'
[3.080s] Level 1:colcon.colcon_core.environment:checking '/ros_ws/joy_motion_ws/ros2_ws/install/ros1_msgs_srvs/bin'
[3.080s] INFO:colcon.colcon_core.shell:Creating package script '/ros_ws/joy_motion_ws/ros2_ws/install/ros1_msgs_srvs/share/ros1_msgs_srvs/package.ps1'
[3.080s] INFO:colcon.colcon_core.shell:Creating package descriptor '/ros_ws/joy_motion_ws/ros2_ws/install/ros1_msgs_srvs/share/ros1_msgs_srvs/package.dsv'
[3.081s] INFO:colcon.colcon_core.shell:Creating package script '/ros_ws/joy_motion_ws/ros2_ws/install/ros1_msgs_srvs/share/ros1_msgs_srvs/package.sh'
[3.081s] INFO:colcon.colcon_core.shell:Creating package script '/ros_ws/joy_motion_ws/ros2_ws/install/ros1_msgs_srvs/share/ros1_msgs_srvs/package.bash'
[3.081s] INFO:colcon.colcon_core.shell:Creating package script '/ros_ws/joy_motion_ws/ros2_ws/install/ros1_msgs_srvs/share/ros1_msgs_srvs/package.zsh'
[3.081s] Level 1:colcon.colcon_core.environment:create_file_with_runtime_dependencies(/ros_ws/joy_motion_ws/ros2_ws/install/ros1_msgs_srvs/share/colcon-core/packages/ros1_msgs_srvs)
[3.082s] DEBUG:colcon.colcon_parallel_executor.executor.parallel:closing loop
[3.082s] DEBUG:colcon.colcon_parallel_executor.executor.parallel:loop closed
[3.082s] DEBUG:colcon.colcon_parallel_executor.executor.parallel:run_until_complete finished with '0'
[3.082s] DEBUG:colcon.colcon_core.event_reactor:joining thread
[3.086s] INFO:colcon.colcon_core.plugin_system:Skipping extension 'colcon_notification.desktop_notification.notify_send': Could not find 'notify-send'
[3.086s] INFO:colcon.colcon_core.plugin_system:Skipping extension 'colcon_notification.desktop_notification.terminal_notifier': Not used on non-Darwin systems
[3.086s] INFO:colcon.colcon_core.plugin_system:Skipping extension 'colcon_notification.desktop_notification.win32': Not used on non-Windows systems
[3.086s] INFO:colcon.colcon_notification.desktop_notification:Sending desktop notification using 'notify2'
[3.087s] DEBUG:colcon.colcon_notification.desktop_notification.notify2:Failed to initialize notify2: org.freedesktop.DBus.Error.Spawn.ExecFailed: /usr/bin/dbus-launch terminated abnormally without any error message
[3.088s] DEBUG:colcon.colcon_core.event_reactor:joined thread
[3.088s] INFO:colcon.colcon_core.shell:Creating prefix script '/ros_ws/joy_motion_ws/ros2_ws/install/local_setup.ps1'
[3.089s] INFO:colcon.colcon_core.shell:Creating prefix util module '/ros_ws/joy_motion_ws/ros2_ws/install/_local_setup_util_ps1.py'
[3.089s] INFO:colcon.colcon_core.shell:Creating prefix chain script '/ros_ws/joy_motion_ws/ros2_ws/install/setup.ps1'
[3.090s] INFO:colcon.colcon_core.shell:Creating prefix script '/ros_ws/joy_motion_ws/ros2_ws/install/local_setup.sh'
[3.090s] INFO:colcon.colcon_core.shell:Creating prefix util module '/ros_ws/joy_motion_ws/ros2_ws/install/_local_setup_util_sh.py'
[3.091s] INFO:colcon.colcon_core.shell:Creating prefix chain script '/ros_ws/joy_motion_ws/ros2_ws/install/setup.sh'
[3.092s] INFO:colcon.colcon_core.shell:Creating prefix script '/ros_ws/joy_motion_ws/ros2_ws/install/local_setup.bash'
[3.092s] INFO:colcon.colcon_core.shell:Creating prefix chain script '/ros_ws/joy_motion_ws/ros2_ws/install/setup.bash'
[3.093s] INFO:colcon.colcon_core.shell:Creating prefix script '/ros_ws/joy_motion_ws/ros2_ws/install/local_setup.zsh'
[3.093s] INFO:colcon.colcon_core.shell:Creating prefix chain script '/ros_ws/joy_motion_ws/ros2_ws/install/setup.zsh'
