[0.073s] Invoking command in '/ros_ws/joy_motion_ws/ros2_ws/build/examples_rclcpp_minimal_client': CMAKE_PREFIX_PATH=/opt/ros/foxy /usr/bin/cmake /ros_ws/joy_motion_ws/ros2_ws/src/src/examples/rclcpp/services/minimal_client -DAMENT_CMAKE_SYMLINK_INSTALL=1 -DCMAKE_INSTALL_PREFIX=/ros_ws/joy_motion_ws/ros2_ws/install/examples_rclcpp_minimal_client
[1.364s] -- The C compiler identification is GNU 9.4.0
[1.364s] -- The CXX compiler identification is GNU 9.4.0
[1.364s] -- Check for working C compiler: /usr/bin/cc
[1.364s] -- Check for working C compiler: /usr/bin/cc -- works
[1.364s] -- Detecting C compiler ABI info
[1.364s] -- Detecting C compiler ABI info - done
[1.365s] -- Detecting C compile features
[1.365s] -- Detecting C compile features - done
[1.365s] -- Check for working CXX compiler: /usr/bin/c++
[1.365s] -- Check for working CXX compiler: /usr/bin/c++ -- works
[1.365s] -- Detecting CXX compiler ABI info
[1.365s] -- Detecting CXX compiler ABI info - done
[1.365s] -- Detecting CXX compile features
[1.365s] -- Detecting CXX compile features - done
[1.365s] -- Found ament_cmake: 0.9.12 (/opt/ros/foxy/share/ament_cmake/cmake)
[1.365s] -- Found PythonInterp: /usr/bin/python3 (found suitable version "3.8.10", minimum required is "3") 
[1.365s] -- Using PYTHON_EXECUTABLE: /usr/bin/python3
[1.365s] -- Override CMake install command with custom implementation using symlinks instead of copying resources
[1.365s] -- Found example_interfaces: 0.9.1 (/opt/ros/foxy/share/example_interfaces/cmake)
[1.365s] -- Using all available rosidl_typesupport_c: rosidl_typesupport_fastrtps_c;rosidl_typesupport_introspection_c
[1.365s] -- Found rosidl_adapter: 1.3.1 (/opt/ros/foxy/share/rosidl_adapter/cmake)
[1.365s] -- Found OpenSSL: /usr/lib/x86_64-linux-gnu/libcrypto.so (found version "1.1.1f")  
[1.365s] -- Found FastRTPS: /opt/ros/foxy/include  
[1.365s] -- Using all available rosidl_typesupport_cpp: rosidl_typesupport_fastrtps_cpp;rosidl_typesupport_introspection_cpp
[1.365s] -- Found rclcpp: 2.4.3 (/opt/ros/foxy/share/rclcpp/cmake)
[1.365s] -- Found rmw_implementation_cmake: 1.0.4 (/opt/ros/foxy/share/rmw_implementation_cmake/cmake)
[1.365s] -- Using RMW implementation 'rmw_fastrtps_cpp' as default
[1.365s] -- Looking for pthread.h
[1.365s] -- Looking for pthread.h - found
[1.366s] -- Performing Test CMAKE_HAVE_LIBC_PTHREAD
[1.367s] -- Performing Test CMAKE_HAVE_LIBC_PTHREAD - Failed
[1.367s] -- Looking for pthread_create in pthreads
[1.367s] -- Looking for pthread_create in pthreads - not found
[1.367s] -- Looking for pthread_create in pthread
[1.367s] -- Looking for pthread_create in pthread - found
[1.367s] -- Found Threads: TRUE  
[1.367s] -- Found ament_lint_auto: 0.9.8 (/opt/ros/foxy/share/ament_lint_auto/cmake)
[1.367s] -- Added test 'copyright' to check source files copyright and LICENSE
[1.367s] -- Added test 'cppcheck' to perform static code analysis on C / C++ code
[1.367s] -- Configured cppcheck include dirs: 
[1.367s] -- Configured cppcheck exclude dirs and/or files: 
[1.367s] -- Added test 'cpplint' to check C / C++ code against the Google style
[1.367s] -- Configured cpplint exclude dirs and/or files: 
[1.367s] -- Added test 'lint_cmake' to check CMake code style
[1.367s] -- Added test 'uncrustify' to check C / C++ code style
[1.367s] -- Configured uncrustify additional arguments: 
[1.367s] -- Added test 'xmllint' to check XML markup files
[1.367s] -- Configuring done
[1.367s] -- Generating done
[1.367s] -- Build files have been written to: /ros_ws/joy_motion_ws/ros2_ws/build/examples_rclcpp_minimal_client
[1.387s] Invoked command in '/ros_ws/joy_motion_ws/ros2_ws/build/examples_rclcpp_minimal_client' returned '0': CMAKE_PREFIX_PATH=/opt/ros/foxy /usr/bin/cmake /ros_ws/joy_motion_ws/ros2_ws/src/src/examples/rclcpp/services/minimal_client -DAMENT_CMAKE_SYMLINK_INSTALL=1 -DCMAKE_INSTALL_PREFIX=/ros_ws/joy_motion_ws/ros2_ws/install/examples_rclcpp_minimal_client
[1.387s] Invoking command in '/ros_ws/joy_motion_ws/ros2_ws/build/examples_rclcpp_minimal_client': CMAKE_PREFIX_PATH=/opt/ros/foxy /usr/bin/cmake --build /ros_ws/joy_motion_ws/ros2_ws/build/examples_rclcpp_minimal_client -- -j20 -l20
[1.399s] [35m[1mScanning dependencies of target client_main[0m
[1.518s] [ 50%] [32mBuilding CXX object CMakeFiles/client_main.dir/main.cpp.o[0m
[3.923s] [100%] [32m[1mLinking CXX executable client_main[0m
[4.112s] [100%] Built target client_main
[4.134s] Invoked command in '/ros_ws/joy_motion_ws/ros2_ws/build/examples_rclcpp_minimal_client' returned '0': CMAKE_PREFIX_PATH=/opt/ros/foxy /usr/bin/cmake --build /ros_ws/joy_motion_ws/ros2_ws/build/examples_rclcpp_minimal_client -- -j20 -l20
[4.138s] Invoking command in '/ros_ws/joy_motion_ws/ros2_ws/build/examples_rclcpp_minimal_client': CMAKE_PREFIX_PATH=/opt/ros/foxy /usr/bin/cmake --install /ros_ws/joy_motion_ws/ros2_ws/build/examples_rclcpp_minimal_client
[4.150s] -- Install configuration: ""
[4.150s] -- Execute custom install script
[4.151s] -- Symlinking: /ros_ws/joy_motion_ws/ros2_ws/install/examples_rclcpp_minimal_client/lib/examples_rclcpp_minimal_client/client_main
[4.164s] -- Symlinking: /ros_ws/joy_motion_ws/ros2_ws/install/examples_rclcpp_minimal_client/share/ament_index/resource_index/package_run_dependencies/examples_rclcpp_minimal_client
[4.175s] -- Symlinking: /ros_ws/joy_motion_ws/ros2_ws/install/examples_rclcpp_minimal_client/share/ament_index/resource_index/parent_prefix_path/examples_rclcpp_minimal_client
[4.186s] -- Symlinking: /ros_ws/joy_motion_ws/ros2_ws/install/examples_rclcpp_minimal_client/share/examples_rclcpp_minimal_client/environment/ament_prefix_path.sh
[4.197s] -- Symlinking: /ros_ws/joy_motion_ws/ros2_ws/install/examples_rclcpp_minimal_client/share/examples_rclcpp_minimal_client/environment/ament_prefix_path.dsv
[4.209s] -- Symlinking: /ros_ws/joy_motion_ws/ros2_ws/install/examples_rclcpp_minimal_client/share/examples_rclcpp_minimal_client/environment/path.sh
[4.222s] -- Symlinking: /ros_ws/joy_motion_ws/ros2_ws/install/examples_rclcpp_minimal_client/share/examples_rclcpp_minimal_client/environment/path.dsv
[4.233s] -- Symlinking: /ros_ws/joy_motion_ws/ros2_ws/install/examples_rclcpp_minimal_client/share/examples_rclcpp_minimal_client/local_setup.bash
[4.244s] -- Symlinking: /ros_ws/joy_motion_ws/ros2_ws/install/examples_rclcpp_minimal_client/share/examples_rclcpp_minimal_client/local_setup.sh
[4.259s] -- Symlinking: /ros_ws/joy_motion_ws/ros2_ws/install/examples_rclcpp_minimal_client/share/examples_rclcpp_minimal_client/local_setup.zsh
[4.272s] -- Symlinking: /ros_ws/joy_motion_ws/ros2_ws/install/examples_rclcpp_minimal_client/share/examples_rclcpp_minimal_client/local_setup.dsv
[4.284s] -- Symlinking: /ros_ws/joy_motion_ws/ros2_ws/install/examples_rclcpp_minimal_client/share/examples_rclcpp_minimal_client/package.dsv
[4.297s] -- Symlinking: /ros_ws/joy_motion_ws/ros2_ws/install/examples_rclcpp_minimal_client/share/ament_index/resource_index/packages/examples_rclcpp_minimal_client
[4.311s] -- Symlinking: /ros_ws/joy_motion_ws/ros2_ws/install/examples_rclcpp_minimal_client/share/examples_rclcpp_minimal_client/cmake/examples_rclcpp_minimal_clientConfig.cmake
[4.322s] -- Symlinking: /ros_ws/joy_motion_ws/ros2_ws/install/examples_rclcpp_minimal_client/share/examples_rclcpp_minimal_client/cmake/examples_rclcpp_minimal_clientConfig-version.cmake
[4.334s] -- Symlinking: /ros_ws/joy_motion_ws/ros2_ws/install/examples_rclcpp_minimal_client/share/examples_rclcpp_minimal_client/package.xml
[4.350s] Invoked command in '/ros_ws/joy_motion_ws/ros2_ws/build/examples_rclcpp_minimal_client' returned '0': CMAKE_PREFIX_PATH=/opt/ros/foxy /usr/bin/cmake --install /ros_ws/joy_motion_ws/ros2_ws/build/examples_rclcpp_minimal_client
