[0.236s] Invoking command in '/ros_ws/build/ros1_msgs_srvs': CMAKE_PREFIX_PATH=/opt/ros/foxy /usr/bin/cmake /ros_ws/joy_motion_ws/ros2_ws/src/ros1_msgs_srvs -DAMENT_CMAKE_SYMLINK_INSTALL=1 -DCMAKE_INSTALL_PREFIX=/ros_ws/install/ros1_msgs_srvs
[0.298s] -- The C compiler identification is GNU 9.4.0
[0.355s] -- The CXX compiler identification is GNU 9.4.0
[0.361s] -- Check for working C compiler: /usr/bin/cc
[0.418s] -- Check for working C compiler: /usr/bin/cc -- works
[0.420s] -- Detecting C compiler ABI info
[0.476s] -- Detecting C compiler ABI info - done
[0.485s] -- Detecting C compile features
[0.485s] -- Detecting C compile features - done
[0.488s] -- Check for working CXX compiler: /usr/bin/c++
[0.550s] -- Check for working CXX compiler: /usr/bin/c++ -- works
[0.551s] -- Detecting CXX compiler ABI info
[0.619s] -- Detecting CXX compiler ABI info - done
[0.628s] -- Detecting CXX compile features
[0.628s] -- Detecting CXX compile features - done
[0.632s] -- Found ament_cmake: 0.9.12 (/opt/ros/foxy/share/ament_cmake/cmake)
[0.652s] -- Found PythonInterp: /usr/bin/python3 (found suitable version "3.8.10", minimum required is "3") 
[0.652s] -- Using PYTHON_EXECUTABLE: /usr/bin/python3
[0.750s] -- Override CMake install command with custom implementation using symlinks instead of copying resources
[0.768s] -- Found rosidl_default_generators: 1.0.1 (/opt/ros/foxy/share/rosidl_default_generators/cmake)
[0.771s] -- Using all available rosidl_typesupport_c: rosidl_typesupport_fastrtps_c;rosidl_typesupport_introspection_c
[0.775s] -- Found rosidl_adapter: 1.3.1 (/opt/ros/foxy/share/rosidl_adapter/cmake)
[0.958s] -- Found OpenSSL: /usr/lib/x86_64-linux-gnu/libcrypto.so (found version "1.1.1f")  
[0.980s] -- Found FastRTPS: /opt/ros/foxy/include  
[1.043s] -- Using all available rosidl_typesupport_cpp: rosidl_typesupport_fastrtps_cpp;rosidl_typesupport_introspection_cpp
[1.082s] -- Found PythonInterp: /usr/bin/python3 (found version "3.8.10") 
[1.155s] -- Found ament_cmake_ros: 0.9.2 (/opt/ros/foxy/share/ament_cmake_ros/cmake)
[1.227s] -- Using all available rosidl_typesupport_c: rosidl_typesupport_fastrtps_c;rosidl_typesupport_introspection_c
[1.233s] -- Using all available rosidl_typesupport_cpp: rosidl_typesupport_fastrtps_cpp;rosidl_typesupport_introspection_cpp
[1.248s] -- Found PythonInterp: /usr/bin/python3 (found suitable version "3.8.10", minimum required is "3.5") 
[1.249s] -- Found python_cmake_module: 0.8.1 (/opt/ros/foxy/share/python_cmake_module/cmake)
[1.268s] -- Found PythonLibs: /usr/lib/x86_64-linux-gnu/libpython3.8.so (found suitable version "3.8.10", minimum required is "3.5") 
[1.268s] -- Using PYTHON_EXECUTABLE: /usr/bin/python3
[1.268s] -- Using PYTHON_INCLUDE_DIRS: /usr/include/python3.8
[1.268s] -- Using PYTHON_LIBRARIES: /usr/lib/x86_64-linux-gnu/libpython3.8.so
[1.284s] -- Found PythonExtra: .so  
[1.310s] -- Found ament_lint_auto: 0.9.8 (/opt/ros/foxy/share/ament_lint_auto/cmake)
[1.339s] -- Added test 'copyright' to check source files copyright and LICENSE
[1.340s] -- Added test 'lint_cmake' to check CMake code style
[1.340s] -- Added test 'xmllint' to check XML markup files
[1.344s] -- Configuring done
[1.359s] -- Generating done
[1.365s] -- Build files have been written to: /ros_ws/build/ros1_msgs_srvs
[1.371s] Invoked command in '/ros_ws/build/ros1_msgs_srvs' returned '0': CMAKE_PREFIX_PATH=/opt/ros/foxy /usr/bin/cmake /ros_ws/joy_motion_ws/ros2_ws/src/ros1_msgs_srvs -DAMENT_CMAKE_SYMLINK_INSTALL=1 -DCMAKE_INSTALL_PREFIX=/ros_ws/install/ros1_msgs_srvs
[1.372s] Invoking command in '/ros_ws/build/ros1_msgs_srvs': CMAKE_PREFIX_PATH=/opt/ros/foxy /usr/bin/cmake --build /ros_ws/build/ros1_msgs_srvs -- -j20 -l20
[1.405s] [35m[1mScanning dependencies of target ros1_msgs_srvs__cpp[0m
[1.405s] [  2%] [34m[1mGenerating C code for ROS interfaces[0m
[1.415s] [  5%] [34m[1mGenerating C++ code for ROS interfaces[0m
[1.553s] [35m[1mScanning dependencies of target ros1_msgs_srvs__rosidl_generator_c[0m
[1.557s] [  5%] Built target ros1_msgs_srvs__cpp
[1.564s] [  7%] [32mBuilding C object CMakeFiles/ros1_msgs_srvs__rosidl_generator_c.dir/rosidl_generator_c/ros1_msgs_srvs/msg/detail/int16__functions.c.o[0m
[1.565s] [ 10%] [32mBuilding C object CMakeFiles/ros1_msgs_srvs__rosidl_generator_c.dir/rosidl_generator_c/ros1_msgs_srvs/msg/detail/int8__functions.c.o[0m
[1.565s] [ 12%] [34m[1mGenerating C++ type support dispatch for ROS interfaces[0m
[1.565s] [ 15%] [34m[1mGenerating C++ introspection for ROS interfaces[0m
[1.566s] [ 17%] [34m[1mGenerating C++ type support for eProsima Fast-RTPS[0m
[1.599s] [ 20%] [32m[1mLinking C shared library libros1_msgs_srvs__rosidl_generator_c.so[0m
[1.626s] [ 20%] Built target ros1_msgs_srvs__rosidl_generator_c
[1.635s] [ 23%] [34m[1mGenerating C type support dispatch for ROS interfaces[0m
[1.636s] [ 25%] [34m[1mGenerating C introspection for ROS interfaces[0m
[1.689s] [35m[1mScanning dependencies of target ros1_msgs_srvs__rosidl_typesupport_cpp[0m
[1.696s] [35m[1mScanning dependencies of target ros1_msgs_srvs__rosidl_typesupport_introspection_cpp[0m
[1.696s] [35m[1mScanning dependencies of target ros1_msgs_srvs__rosidl_typesupport_fastrtps_cpp[0m
[1.698s] [ 28%] [32mBuilding CXX object CMakeFiles/ros1_msgs_srvs__rosidl_typesupport_cpp.dir/rosidl_typesupport_cpp/ros1_msgs_srvs/msg/int8__type_support.cpp.o[0m
[1.700s] [ 30%] [32mBuilding CXX object CMakeFiles/ros1_msgs_srvs__rosidl_typesupport_cpp.dir/rosidl_typesupport_cpp/ros1_msgs_srvs/msg/int16__type_support.cpp.o[0m
[1.706s] [ 33%] [32mBuilding CXX object CMakeFiles/ros1_msgs_srvs__rosidl_typesupport_introspection_cpp.dir/rosidl_typesupport_introspection_cpp/ros1_msgs_srvs/msg/detail/int8__type_support.cpp.o[0m
[1.708s] [ 35%] [32mBuilding CXX object CMakeFiles/ros1_msgs_srvs__rosidl_typesupport_introspection_cpp.dir/rosidl_typesupport_introspection_cpp/ros1_msgs_srvs/msg/detail/int16__type_support.cpp.o[0m
[1.709s] [ 41%] [32mBuilding CXX object CMakeFiles/ros1_msgs_srvs__rosidl_typesupport_fastrtps_cpp.dir/rosidl_typesupport_fastrtps_cpp/ros1_msgs_srvs/msg/detail/dds_fastrtps/int16__type_support.cpp.o[0m
[1.709s] [ 41%] [32mBuilding CXX object CMakeFiles/ros1_msgs_srvs__rosidl_typesupport_fastrtps_cpp.dir/rosidl_typesupport_fastrtps_cpp/ros1_msgs_srvs/msg/detail/dds_fastrtps/int8__type_support.cpp.o[0m
[1.772s] [35m[1mScanning dependencies of target ros1_msgs_srvs__rosidl_typesupport_c[0m
[1.776s] [35m[1mScanning dependencies of target ros1_msgs_srvs__rosidl_typesupport_introspection_c[0m
[1.782s] [ 43%] [32mBuilding CXX object CMakeFiles/ros1_msgs_srvs__rosidl_typesupport_c.dir/rosidl_typesupport_c/ros1_msgs_srvs/msg/int16__type_support.cpp.o[0m
[1.784s] [ 46%] [32mBuilding CXX object CMakeFiles/ros1_msgs_srvs__rosidl_typesupport_c.dir/rosidl_typesupport_c/ros1_msgs_srvs/msg/int8__type_support.cpp.o[0m
[1.788s] [ 48%] [32mBuilding C object CMakeFiles/ros1_msgs_srvs__rosidl_typesupport_introspection_c.dir/rosidl_typesupport_introspection_c/ros1_msgs_srvs/msg/detail/int16__type_support.c.o[0m
[1.790s] [ 51%] [32mBuilding C object CMakeFiles/ros1_msgs_srvs__rosidl_typesupport_introspection_c.dir/rosidl_typesupport_introspection_c/ros1_msgs_srvs/msg/detail/int8__type_support.c.o[0m
[1.811s] [ 53%] [32m[1mLinking CXX shared library libros1_msgs_srvs__rosidl_typesupport_c.so[0m
[1.822s] [ 56%] [32m[1mLinking C shared library libros1_msgs_srvs__rosidl_typesupport_introspection_c.so[0m
[1.846s] [ 56%] Built target ros1_msgs_srvs__rosidl_typesupport_c
[1.846s] [ 56%] Built target ros1_msgs_srvs__rosidl_typesupport_introspection_c
[1.866s] [ 58%] [32m[1mLinking CXX shared library libros1_msgs_srvs__rosidl_typesupport_introspection_cpp.so[0m
[1.900s] [ 58%] Built target ros1_msgs_srvs__rosidl_typesupport_introspection_cpp
[1.921s] [ 61%] [32m[1mLinking CXX shared library libros1_msgs_srvs__rosidl_typesupport_cpp.so[0m
[1.942s] [ 64%] [32m[1mLinking CXX shared library libros1_msgs_srvs__rosidl_typesupport_fastrtps_cpp.so[0m
[1.948s] [ 64%] Built target ros1_msgs_srvs__rosidl_typesupport_cpp
[1.999s] [ 64%] Built target ros1_msgs_srvs__rosidl_typesupport_fastrtps_cpp
[2.007s] [ 66%] [34m[1mGenerating C type support for eProsima Fast-RTPS[0m
[2.139s] [35m[1mScanning dependencies of target ros1_msgs_srvs__rosidl_typesupport_fastrtps_c[0m
[2.149s] [ 71%] [32mBuilding CXX object CMakeFiles/ros1_msgs_srvs__rosidl_typesupport_fastrtps_c.dir/rosidl_typesupport_fastrtps_c/ros1_msgs_srvs/msg/detail/int8__type_support_c.cpp.o[0m
[2.150s] [ 71%] [32mBuilding CXX object CMakeFiles/ros1_msgs_srvs__rosidl_typesupport_fastrtps_c.dir/rosidl_typesupport_fastrtps_c/ros1_msgs_srvs/msg/detail/int16__type_support_c.cpp.o[0m
[2.316s] [ 74%] [32m[1mLinking CXX shared library libros1_msgs_srvs__rosidl_typesupport_fastrtps_c.so[0m
[2.373s] [ 74%] Built target ros1_msgs_srvs__rosidl_typesupport_fastrtps_c
[2.381s] [35m[1mScanning dependencies of target ros1_msgs_srvs[0m
[2.390s] [ 74%] Built target ros1_msgs_srvs
[2.403s] [35m[1mScanning dependencies of target ros1_msgs_srvs__py[0m
[2.414s] [ 76%] [34m[1mGenerating Python code for ROS interfaces[0m
[2.642s] [ 76%] Built target ros1_msgs_srvs__py
[2.650s] [35m[1mScanning dependencies of target ros1_msgs_srvs__python[0m
[2.680s] [ 79%] [32mBuilding C object CMakeFiles/ros1_msgs_srvs__python.dir/rosidl_generator_py/ros1_msgs_srvs/msg/_int8_s.c.o[0m
[2.685s] [ 82%] [32mBuilding C object CMakeFiles/ros1_msgs_srvs__python.dir/rosidl_generator_py/ros1_msgs_srvs/msg/_int16_s.c.o[0m
[2.748s] [ 84%] [32m[1mLinking C shared library rosidl_generator_py/ros1_msgs_srvs/libros1_msgs_srvs__python.so[0m
[2.776s] [ 84%] Built target ros1_msgs_srvs__python
[2.785s] [35m[1mScanning dependencies of target ros1_msgs_srvs__rosidl_typesupport_introspection_c__pyext[0m
[2.787s] [35m[1mScanning dependencies of target ros1_msgs_srvs__rosidl_typesupport_fastrtps_c__pyext[0m
[2.787s] [35m[1mScanning dependencies of target ros1_msgs_srvs__rosidl_typesupport_c__pyext[0m
[2.799s] [ 87%] [32mBuilding C object CMakeFiles/ros1_msgs_srvs__rosidl_typesupport_fastrtps_c__pyext.dir/rosidl_generator_py/ros1_msgs_srvs/_ros1_msgs_srvs_s.ep.rosidl_typesupport_fastrtps_c.c.o[0m
[2.800s] [ 89%] [32mBuilding C object CMakeFiles/ros1_msgs_srvs__rosidl_typesupport_c__pyext.dir/rosidl_generator_py/ros1_msgs_srvs/_ros1_msgs_srvs_s.ep.rosidl_typesupport_c.c.o[0m
[2.801s] [ 92%] [32mBuilding C object CMakeFiles/ros1_msgs_srvs__rosidl_typesupport_introspection_c__pyext.dir/rosidl_generator_py/ros1_msgs_srvs/_ros1_msgs_srvs_s.ep.rosidl_typesupport_introspection_c.c.o[0m
[2.851s] [ 94%] [32m[1mLinking C shared library rosidl_generator_py/ros1_msgs_srvs/ros1_msgs_srvs_s__rosidl_typesupport_c.cpython-38-x86_64-linux-gnu.so[0m
[2.851s] [100%] [32m[1mLinking CXX shared library rosidl_generator_py/ros1_msgs_srvs/ros1_msgs_srvs_s__rosidl_typesupport_fastrtps_c.cpython-38-x86_64-linux-gnu.so[0m
[2.851s] [100%] [32m[1mLinking C shared library rosidl_generator_py/ros1_msgs_srvs/ros1_msgs_srvs_s__rosidl_typesupport_introspection_c.cpython-38-x86_64-linux-gnu.so[0m
[2.880s] [100%] Built target ros1_msgs_srvs__rosidl_typesupport_introspection_c__pyext
[2.881s] [100%] Built target ros1_msgs_srvs__rosidl_typesupport_c__pyext
[2.895s] [100%] Built target ros1_msgs_srvs__rosidl_typesupport_fastrtps_c__pyext
[2.905s] Invoked command in '/ros_ws/build/ros1_msgs_srvs' returned '0': CMAKE_PREFIX_PATH=/opt/ros/foxy /usr/bin/cmake --build /ros_ws/build/ros1_msgs_srvs -- -j20 -l20
[2.915s] Invoking command in '/ros_ws/build/ros1_msgs_srvs': CMAKE_PREFIX_PATH=/opt/ros/foxy /usr/bin/cmake --install /ros_ws/build/ros1_msgs_srvs
[2.921s] -- Install configuration: ""
[2.922s] -- Execute custom install script
[2.922s] -- Symlinking: /ros_ws/install/ros1_msgs_srvs/share/ament_index/resource_index/rosidl_interfaces/ros1_msgs_srvs
[2.930s] -- Symlinking: /ros_ws/install/ros1_msgs_srvs/include/ros1_msgs_srvs/msg/detail/int16__functions.h
[2.938s] -- Symlinking: /ros_ws/install/ros1_msgs_srvs/include/ros1_msgs_srvs/msg/detail/int16__struct.h
[2.949s] -- Symlinking: /ros_ws/install/ros1_msgs_srvs/include/ros1_msgs_srvs/msg/detail/int16__type_support.h
[2.961s] -- Symlinking: /ros_ws/install/ros1_msgs_srvs/include/ros1_msgs_srvs/msg/detail/int8__functions.h
[2.973s] -- Symlinking: /ros_ws/install/ros1_msgs_srvs/include/ros1_msgs_srvs/msg/detail/int8__struct.h
[2.983s] -- Symlinking: /ros_ws/install/ros1_msgs_srvs/include/ros1_msgs_srvs/msg/detail/int8__type_support.h
[2.992s] -- Symlinking: /ros_ws/install/ros1_msgs_srvs/include/ros1_msgs_srvs/msg/int16.h
[3.003s] -- Symlinking: /ros_ws/install/ros1_msgs_srvs/include/ros1_msgs_srvs/msg/int8.h
[3.017s] -- Symlinking: /ros_ws/install/ros1_msgs_srvs/include/ros1_msgs_srvs/msg/rosidl_generator_c__visibility_control.h
[3.035s] -- Symlinking: /ros_ws/install/ros1_msgs_srvs/share/ros1_msgs_srvs/environment/library_path.sh
[3.055s] -- Symlinking: /ros_ws/install/ros1_msgs_srvs/share/ros1_msgs_srvs/environment/library_path.dsv
[3.069s] -- Symlinking: /ros_ws/install/ros1_msgs_srvs/include/ros1_msgs_srvs/msg/detail/int16__rosidl_typesupport_fastrtps_c.h
[3.082s] -- Symlinking: /ros_ws/install/ros1_msgs_srvs/include/ros1_msgs_srvs/msg/detail/int8__rosidl_typesupport_fastrtps_c.h
[3.096s] -- Symlinking: /ros_ws/install/ros1_msgs_srvs/include/ros1_msgs_srvs/msg/rosidl_typesupport_fastrtps_c__visibility_control.h
[3.106s] -- Symlinking: /ros_ws/install/ros1_msgs_srvs/lib/libros1_msgs_srvs__rosidl_typesupport_fastrtps_c.so
[3.113s] -- Symlinking: /ros_ws/install/ros1_msgs_srvs/include/ros1_msgs_srvs/msg/detail/int16__rosidl_typesupport_fastrtps_cpp.hpp
[3.120s] -- Symlinking: /ros_ws/install/ros1_msgs_srvs/include/ros1_msgs_srvs/msg/detail/int8__rosidl_typesupport_fastrtps_cpp.hpp
[3.127s] -- Symlinking: /ros_ws/install/ros1_msgs_srvs/include/ros1_msgs_srvs/msg/rosidl_typesupport_fastrtps_cpp__visibility_control.h
[3.133s] -- Symlinking: /ros_ws/install/ros1_msgs_srvs/lib/libros1_msgs_srvs__rosidl_typesupport_fastrtps_cpp.so
[3.139s] -- Symlinking: /ros_ws/install/ros1_msgs_srvs/include/ros1_msgs_srvs/msg/detail/int16__rosidl_typesupport_introspection_c.h
[3.145s] -- Symlinking: /ros_ws/install/ros1_msgs_srvs/include/ros1_msgs_srvs/msg/detail/int8__rosidl_typesupport_introspection_c.h
[3.153s] -- Symlinking: /ros_ws/install/ros1_msgs_srvs/include/ros1_msgs_srvs/msg/rosidl_typesupport_introspection_c__visibility_control.h
[3.163s] -- Symlinking: /ros_ws/install/ros1_msgs_srvs/include/ros1_msgs_srvs/msg/detail/int16__builder.hpp
[3.172s] -- Symlinking: /ros_ws/install/ros1_msgs_srvs/include/ros1_msgs_srvs/msg/detail/int16__struct.hpp
[3.183s] -- Symlinking: /ros_ws/install/ros1_msgs_srvs/include/ros1_msgs_srvs/msg/detail/int16__traits.hpp
[3.194s] -- Symlinking: /ros_ws/install/ros1_msgs_srvs/include/ros1_msgs_srvs/msg/detail/int16__type_support.hpp
[3.203s] -- Symlinking: /ros_ws/install/ros1_msgs_srvs/include/ros1_msgs_srvs/msg/detail/int8__builder.hpp
[3.214s] -- Symlinking: /ros_ws/install/ros1_msgs_srvs/include/ros1_msgs_srvs/msg/detail/int8__struct.hpp
[3.223s] -- Symlinking: /ros_ws/install/ros1_msgs_srvs/include/ros1_msgs_srvs/msg/detail/int8__traits.hpp
[3.225s] Invoked command in '/ros_ws/build/ros1_msgs_srvs' returned '-2': CMAKE_PREFIX_PATH=/opt/ros/foxy /usr/bin/cmake --install /ros_ws/build/ros1_msgs_srvs
