[0.084s] Invoking command in '/ros_ws/joy_motion_ws/ros2_ws/build/examples_rclcpp_minimal_action_server': CMAKE_PREFIX_PATH=${CMAKE_PREFIX_PATH}:/ros_ws/joy_motion_ws/ros2_ws/install/ros1_to_ros2_package:/ros_ws/joy_motion_ws/ros2_ws/install/joy_to_motion:/ros_ws/joy_motion_ws/ros2_ws/install/examples_rclpy_minimal_subscriber:/ros_ws/joy_motion_ws/ros2_ws/install/examples_rclpy_minimal_service:/ros_ws/joy_motion_ws/ros2_ws/install/examples_rclpy_minimal_publisher:/ros_ws/joy_motion_ws/ros2_ws/install/examples_rclpy_minimal_client:/ros_ws/joy_motion_ws/ros2_ws/install/examples_rclpy_minimal_action_server:/ros_ws/joy_motion_ws/ros2_ws/install/examples_rclpy_minimal_action_client:/ros_ws/joy_motion_ws/ros2_ws/install/examples_rclpy_executors:/opt/ros/foxy /usr/bin/cmake --build /ros_ws/joy_motion_ws/ros2_ws/build/examples_rclcpp_minimal_action_server -- -j20 -l20
[1.169s] [ 50%] Built target action_server_member_functions
[1.170s] [100%] Built target action_server_not_composable
[1.185s] Invoked command in '/ros_ws/joy_motion_ws/ros2_ws/build/examples_rclcpp_minimal_action_server' returned '0': CMAKE_PREFIX_PATH=${CMAKE_PREFIX_PATH}:/ros_ws/joy_motion_ws/ros2_ws/install/ros1_to_ros2_package:/ros_ws/joy_motion_ws/ros2_ws/install/joy_to_motion:/ros_ws/joy_motion_ws/ros2_ws/install/examples_rclpy_minimal_subscriber:/ros_ws/joy_motion_ws/ros2_ws/install/examples_rclpy_minimal_service:/ros_ws/joy_motion_ws/ros2_ws/install/examples_rclpy_minimal_publisher:/ros_ws/joy_motion_ws/ros2_ws/install/examples_rclpy_minimal_client:/ros_ws/joy_motion_ws/ros2_ws/install/examples_rclpy_minimal_action_server:/ros_ws/joy_motion_ws/ros2_ws/install/examples_rclpy_minimal_action_client:/ros_ws/joy_motion_ws/ros2_ws/install/examples_rclpy_executors:/opt/ros/foxy /usr/bin/cmake --build /ros_ws/joy_motion_ws/ros2_ws/build/examples_rclcpp_minimal_action_server -- -j20 -l20
[1.187s] Invoking command in '/ros_ws/joy_motion_ws/ros2_ws/build/examples_rclcpp_minimal_action_server': CMAKE_PREFIX_PATH=${CMAKE_PREFIX_PATH}:/ros_ws/joy_motion_ws/ros2_ws/install/ros1_to_ros2_package:/ros_ws/joy_motion_ws/ros2_ws/install/joy_to_motion:/ros_ws/joy_motion_ws/ros2_ws/install/examples_rclpy_minimal_subscriber:/ros_ws/joy_motion_ws/ros2_ws/install/examples_rclpy_minimal_service:/ros_ws/joy_motion_ws/ros2_ws/install/examples_rclpy_minimal_publisher:/ros_ws/joy_motion_ws/ros2_ws/install/examples_rclpy_minimal_client:/ros_ws/joy_motion_ws/ros2_ws/install/examples_rclpy_minimal_action_server:/ros_ws/joy_motion_ws/ros2_ws/install/examples_rclpy_minimal_action_client:/ros_ws/joy_motion_ws/ros2_ws/install/examples_rclpy_executors:/opt/ros/foxy /usr/bin/cmake --install /ros_ws/joy_motion_ws/ros2_ws/build/examples_rclcpp_minimal_action_server
[1.228s] -- Install configuration: ""
[1.228s] -- Execute custom install script
[1.228s] -- Up-to-date symlink: /ros_ws/joy_motion_ws/ros2_ws/install/examples_rclcpp_minimal_action_server/lib/examples_rclcpp_minimal_action_server/action_server_not_composable
[1.228s] -- Up-to-date symlink: /ros_ws/joy_motion_ws/ros2_ws/install/examples_rclcpp_minimal_action_server/lib/examples_rclcpp_minimal_action_server/action_server_member_functions
[1.229s] -- Up-to-date symlink: /ros_ws/joy_motion_ws/ros2_ws/install/examples_rclcpp_minimal_action_server/share/ament_index/resource_index/package_run_dependencies/examples_rclcpp_minimal_action_server
[1.229s] -- Up-to-date symlink: /ros_ws/joy_motion_ws/ros2_ws/install/examples_rclcpp_minimal_action_server/share/ament_index/resource_index/parent_prefix_path/examples_rclcpp_minimal_action_server
[1.229s] -- Up-to-date symlink: /ros_ws/joy_motion_ws/ros2_ws/install/examples_rclcpp_minimal_action_server/share/examples_rclcpp_minimal_action_server/environment/ament_prefix_path.sh
[1.229s] -- Up-to-date symlink: /ros_ws/joy_motion_ws/ros2_ws/install/examples_rclcpp_minimal_action_server/share/examples_rclcpp_minimal_action_server/environment/ament_prefix_path.dsv
[1.231s] -- Up-to-date symlink: /ros_ws/joy_motion_ws/ros2_ws/install/examples_rclcpp_minimal_action_server/share/examples_rclcpp_minimal_action_server/environment/path.sh
[1.232s] -- Up-to-date symlink: /ros_ws/joy_motion_ws/ros2_ws/install/examples_rclcpp_minimal_action_server/share/examples_rclcpp_minimal_action_server/environment/path.dsv
[1.232s] -- Up-to-date symlink: /ros_ws/joy_motion_ws/ros2_ws/install/examples_rclcpp_minimal_action_server/share/examples_rclcpp_minimal_action_server/local_setup.bash
[1.232s] -- Up-to-date symlink: /ros_ws/joy_motion_ws/ros2_ws/install/examples_rclcpp_minimal_action_server/share/examples_rclcpp_minimal_action_server/local_setup.sh
[1.233s] -- Up-to-date symlink: /ros_ws/joy_motion_ws/ros2_ws/install/examples_rclcpp_minimal_action_server/share/examples_rclcpp_minimal_action_server/local_setup.zsh
[1.233s] -- Up-to-date symlink: /ros_ws/joy_motion_ws/ros2_ws/install/examples_rclcpp_minimal_action_server/share/examples_rclcpp_minimal_action_server/local_setup.dsv
[1.233s] -- Symlinking: /ros_ws/joy_motion_ws/ros2_ws/install/examples_rclcpp_minimal_action_server/share/examples_rclcpp_minimal_action_server/package.dsv
[1.234s] -- Up-to-date symlink: /ros_ws/joy_motion_ws/ros2_ws/install/examples_rclcpp_minimal_action_server/share/ament_index/resource_index/packages/examples_rclcpp_minimal_action_server
[1.235s] -- Up-to-date symlink: /ros_ws/joy_motion_ws/ros2_ws/install/examples_rclcpp_minimal_action_server/share/examples_rclcpp_minimal_action_server/cmake/examples_rclcpp_minimal_action_serverConfig.cmake
[1.235s] -- Up-to-date symlink: /ros_ws/joy_motion_ws/ros2_ws/install/examples_rclcpp_minimal_action_server/share/examples_rclcpp_minimal_action_server/cmake/examples_rclcpp_minimal_action_serverConfig-version.cmake
[1.236s] -- Up-to-date symlink: /ros_ws/joy_motion_ws/ros2_ws/install/examples_rclcpp_minimal_action_server/share/examples_rclcpp_minimal_action_server/package.xml
[1.273s] Invoked command in '/ros_ws/joy_motion_ws/ros2_ws/build/examples_rclcpp_minimal_action_server' returned '0': CMAKE_PREFIX_PATH=${CMAKE_PREFIX_PATH}:/ros_ws/joy_motion_ws/ros2_ws/install/ros1_to_ros2_package:/ros_ws/joy_motion_ws/ros2_ws/install/joy_to_motion:/ros_ws/joy_motion_ws/ros2_ws/install/examples_rclpy_minimal_subscriber:/ros_ws/joy_motion_ws/ros2_ws/install/examples_rclpy_minimal_service:/ros_ws/joy_motion_ws/ros2_ws/install/examples_rclpy_minimal_publisher:/ros_ws/joy_motion_ws/ros2_ws/install/examples_rclpy_minimal_client:/ros_ws/joy_motion_ws/ros2_ws/install/examples_rclpy_minimal_action_server:/ros_ws/joy_motion_ws/ros2_ws/install/examples_rclpy_minimal_action_client:/ros_ws/joy_motion_ws/ros2_ws/install/examples_rclpy_executors:/opt/ros/foxy /usr/bin/cmake --install /ros_ws/joy_motion_ws/ros2_ws/build/examples_rclcpp_minimal_action_server
