Performing C SOURCE FILE Test CMAKE_HAVE_LIBC_PTHREAD failed with the following output:
Change Dir: /ros_ws/joy_motion_ws/ros2_ws/build/examples_rclcpp_multithreaded_executor/CMakeFiles/CMakeTmp

Run Build Command(s):/usr/bin/make cmTC_e5cbc/fast && /usr/bin/make -f CMakeFiles/cmTC_e5cbc.dir/build.make CMakeFiles/cmTC_e5cbc.dir/build
make[1]: Entering directory '/ros_ws/joy_motion_ws/ros2_ws/build/examples_rclcpp_multithreaded_executor/CMakeFiles/CMakeTmp'
Building C object CMakeFiles/cmTC_e5cbc.dir/src.c.o
/usr/bin/cc   -DCMAKE_HAVE_LIBC_PTHREAD   -o CMakeFiles/cmTC_e5cbc.dir/src.c.o   -c /ros_ws/joy_motion_ws/ros2_ws/build/examples_rclcpp_multithreaded_executor/CMakeFiles/CMakeTmp/src.c
Linking C executable cmTC_e5cbc
/usr/bin/cmake -E cmake_link_script CMakeFiles/cmTC_e5cbc.dir/link.txt --verbose=1
/usr/bin/cc  -DCMAKE_HAVE_LIBC_PTHREAD    CMakeFiles/cmTC_e5cbc.dir/src.c.o  -o cmTC_e5cbc 
/usr/bin/ld: CMakeFiles/cmTC_e5cbc.dir/src.c.o: in function `main':
src.c:(.text+0x46): undefined reference to `pthread_create'
/usr/bin/ld: src.c:(.text+0x52): undefined reference to `pthread_detach'
/usr/bin/ld: src.c:(.text+0x63): undefined reference to `pthread_join'
collect2: error: ld returned 1 exit status
make[1]: *** [CMakeFiles/cmTC_e5cbc.dir/build.make:87: cmTC_e5cbc] Error 1
make[1]: Leaving directory '/ros_ws/joy_motion_ws/ros2_ws/build/examples_rclcpp_multithreaded_executor/CMakeFiles/CMakeTmp'
make: *** [Makefile:121: cmTC_e5cbc/fast] Error 2


Source file was:
#include <pthread.h>

void* test_func(void* data)
{
  return data;
}

int main(void)
{
  pthread_t thread;
  pthread_create(&thread, NULL, test_func, NULL);
  pthread_detach(thread);
  pthread_join(thread, NULL);
  pthread_atfork(NULL, NULL, NULL);
  pthread_exit(NULL);

  return 0;
}

Determining if the function pthread_create exists in the pthreads failed with the following output:
Change Dir: /ros_ws/joy_motion_ws/ros2_ws/build/examples_rclcpp_multithreaded_executor/CMakeFiles/CMakeTmp

Run Build Command(s):/usr/bin/make cmTC_fdc57/fast && /usr/bin/make -f CMakeFiles/cmTC_fdc57.dir/build.make CMakeFiles/cmTC_fdc57.dir/build
make[1]: Entering directory '/ros_ws/joy_motion_ws/ros2_ws/build/examples_rclcpp_multithreaded_executor/CMakeFiles/CMakeTmp'
Building C object CMakeFiles/cmTC_fdc57.dir/CheckFunctionExists.c.o
/usr/bin/cc   -DCHECK_FUNCTION_EXISTS=pthread_create   -o CMakeFiles/cmTC_fdc57.dir/CheckFunctionExists.c.o   -c /usr/share/cmake-3.16/Modules/CheckFunctionExists.c
Linking C executable cmTC_fdc57
/usr/bin/cmake -E cmake_link_script CMakeFiles/cmTC_fdc57.dir/link.txt --verbose=1
/usr/bin/cc  -DCHECK_FUNCTION_EXISTS=pthread_create    CMakeFiles/cmTC_fdc57.dir/CheckFunctionExists.c.o  -o cmTC_fdc57  -lpthreads 
/usr/bin/ld: cannot find -lpthreads
collect2: error: ld returned 1 exit status
make[1]: *** [CMakeFiles/cmTC_fdc57.dir/build.make:87: cmTC_fdc57] Error 1
make[1]: Leaving directory '/ros_ws/joy_motion_ws/ros2_ws/build/examples_rclcpp_multithreaded_executor/CMakeFiles/CMakeTmp'
make: *** [Makefile:121: cmTC_fdc57/fast] Error 2



