[0.098s] DEBUG:colcon:Command line arguments: ['/usr/bin/colcon', 'build', '--symlink-install']
[0.098s] DEBUG:colcon:Parsed command line arguments: Namespace(allow_overriding=[], ament_cmake_args=None, base_paths=['.'], build_base='build', catkin_cmake_args=None, catkin_skip_building_tests=False, cmake_args=None, cmake_clean_cache=False, cmake_clean_first=False, cmake_force_configure=False, cmake_target=None, cmake_target_skip_unavailable=False, continue_on_error=False, event_handlers=None, executor='parallel', ignore_user_meta=False, install_base='install', log_base=None, log_level=None, main=<bound method BuildVerb.main of <colcon_core.verb.build.BuildVerb object at 0x7a23d8a63670>>, merge_install=False, metas=['./colcon.meta'], mixin=None, mixin_files=None, mixin_verb=('build',), packages_above=None, packages_above_and_dependencies=None, packages_above_depth=None, packages_end=None, packages_ignore=None, packages_ignore_regex=None, packages_select=None, packages_select_build_failed=False, packages_select_by_dep=None, packages_select_regex=None, packages_select_test_failures=False, packages_skip=None, packages_skip_build_finished=False, packages_skip_by_dep=None, packages_skip_regex=None, packages_skip_test_passed=False, packages_skip_up_to=None, packages_start=None, packages_up_to=None, packages_up_to_regex=None, parallel_workers=20, paths=None, symlink_install=True, test_result_base=None, verb_extension=<colcon_core.verb.build.BuildVerb object at 0x7a23d8a63670>, verb_name='build', verb_parser=<colcon_mixin.mixin.mixin_argument.MixinArgumentDecorator object at 0x7a23d89b6c40>)
[0.167s] Level 1:colcon.colcon_core.package_discovery:discover_packages(colcon_meta) check parameters
[0.167s] Level 1:colcon.colcon_core.package_discovery:discover_packages(recursive) check parameters
[0.167s] Level 1:colcon.colcon_core.package_discovery:discover_packages(ignore) check parameters
[0.167s] Level 1:colcon.colcon_core.package_discovery:discover_packages(path) check parameters
[0.167s] Level 1:colcon.colcon_core.package_discovery:discover_packages(colcon_meta) discover
[0.167s] Level 1:colcon.colcon_core.package_discovery:discover_packages(recursive) discover
[0.168s] INFO:colcon.colcon_core.package_discovery:Crawling recursively for packages in '/ros_ws'
[0.168s] Level 1:colcon.colcon_core.package_identification:_identify(.) by extensions ['ignore', 'ignore_ament_install']
[0.168s] Level 1:colcon.colcon_core.package_identification:_identify(.) by extension 'ignore'
[0.168s] Level 1:colcon.colcon_core.package_identification:_identify(.) by extension 'ignore_ament_install'
[0.168s] Level 1:colcon.colcon_core.package_identification:_identify(.) by extensions ['colcon_pkg']
[0.168s] Level 1:colcon.colcon_core.package_identification:_identify(.) by extension 'colcon_pkg'
[0.168s] Level 1:colcon.colcon_core.package_identification:_identify(.) by extensions ['colcon_meta']
[0.168s] Level 1:colcon.colcon_core.package_identification:_identify(.) by extension 'colcon_meta'
[0.168s] Level 1:colcon.colcon_core.package_identification:_identify(.) by extensions ['ros']
[0.168s] Level 1:colcon.colcon_core.package_identification:_identify(.) by extension 'ros'
[0.174s] Level 1:colcon.colcon_core.package_identification:_identify(.) by extensions ['cmake', 'python']
[0.174s] Level 1:colcon.colcon_core.package_identification:_identify(.) by extension 'cmake'
[0.174s] Level 1:colcon.colcon_core.package_identification:_identify(.) by extension 'python'
[0.174s] Level 1:colcon.colcon_core.package_identification:_identify(.) by extensions ['python_setup_py']
[0.174s] Level 1:colcon.colcon_core.package_identification:_identify(.) by extension 'python_setup_py'
[0.174s] Level 1:colcon.colcon_core.package_identification:_identify(build) by extensions ['ignore', 'ignore_ament_install']
[0.175s] Level 1:colcon.colcon_core.package_identification:_identify(build) by extension 'ignore'
[0.175s] Level 1:colcon.colcon_core.package_identification:_identify(build) ignored
[0.175s] Level 1:colcon.colcon_core.package_identification:_identify(install) by extensions ['ignore', 'ignore_ament_install']
[0.175s] Level 1:colcon.colcon_core.package_identification:_identify(install) by extension 'ignore'
[0.175s] Level 1:colcon.colcon_core.package_identification:_identify(install) ignored
[0.175s] Level 1:colcon.colcon_core.package_identification:_identify(joy_motion_ws) by extensions ['ignore', 'ignore_ament_install']
[0.175s] Level 1:colcon.colcon_core.package_identification:_identify(joy_motion_ws) by extension 'ignore'
[0.175s] Level 1:colcon.colcon_core.package_identification:_identify(joy_motion_ws) by extension 'ignore_ament_install'
[0.175s] Level 1:colcon.colcon_core.package_identification:_identify(joy_motion_ws) by extensions ['colcon_pkg']
[0.175s] Level 1:colcon.colcon_core.package_identification:_identify(joy_motion_ws) by extension 'colcon_pkg'
[0.175s] Level 1:colcon.colcon_core.package_identification:_identify(joy_motion_ws) by extensions ['colcon_meta']
[0.175s] Level 1:colcon.colcon_core.package_identification:_identify(joy_motion_ws) by extension 'colcon_meta'
[0.175s] Level 1:colcon.colcon_core.package_identification:_identify(joy_motion_ws) by extensions ['ros']
[0.175s] Level 1:colcon.colcon_core.package_identification:_identify(joy_motion_ws) by extension 'ros'
[0.175s] Level 1:colcon.colcon_core.package_identification:_identify(joy_motion_ws) by extensions ['cmake', 'python']
[0.175s] Level 1:colcon.colcon_core.package_identification:_identify(joy_motion_ws) by extension 'cmake'
[0.175s] Level 1:colcon.colcon_core.package_identification:_identify(joy_motion_ws) by extension 'python'
[0.175s] Level 1:colcon.colcon_core.package_identification:_identify(joy_motion_ws) by extensions ['python_setup_py']
[0.175s] Level 1:colcon.colcon_core.package_identification:_identify(joy_motion_ws) by extension 'python_setup_py'
[0.175s] Level 1:colcon.colcon_core.package_identification:_identify(joy_motion_ws/ros1_ws) by extensions ['ignore', 'ignore_ament_install']
[0.175s] Level 1:colcon.colcon_core.package_identification:_identify(joy_motion_ws/ros1_ws) by extension 'ignore'
[0.175s] Level 1:colcon.colcon_core.package_identification:_identify(joy_motion_ws/ros1_ws) by extension 'ignore_ament_install'
[0.175s] Level 1:colcon.colcon_core.package_identification:_identify(joy_motion_ws/ros1_ws) by extensions ['colcon_pkg']
[0.175s] Level 1:colcon.colcon_core.package_identification:_identify(joy_motion_ws/ros1_ws) by extension 'colcon_pkg'
[0.175s] Level 1:colcon.colcon_core.package_identification:_identify(joy_motion_ws/ros1_ws) by extensions ['colcon_meta']
[0.175s] Level 1:colcon.colcon_core.package_identification:_identify(joy_motion_ws/ros1_ws) by extension 'colcon_meta'
[0.175s] Level 1:colcon.colcon_core.package_identification:_identify(joy_motion_ws/ros1_ws) by extensions ['ros']
[0.175s] Level 1:colcon.colcon_core.package_identification:_identify(joy_motion_ws/ros1_ws) by extension 'ros'
[0.175s] Level 1:colcon.colcon_core.package_identification:_identify(joy_motion_ws/ros1_ws) by extensions ['cmake', 'python']
[0.175s] Level 1:colcon.colcon_core.package_identification:_identify(joy_motion_ws/ros1_ws) by extension 'cmake'
[0.175s] Level 1:colcon.colcon_core.package_identification:_identify(joy_motion_ws/ros1_ws) by extension 'python'
[0.175s] Level 1:colcon.colcon_core.package_identification:_identify(joy_motion_ws/ros1_ws) by extensions ['python_setup_py']
[0.175s] Level 1:colcon.colcon_core.package_identification:_identify(joy_motion_ws/ros1_ws) by extension 'python_setup_py'
[0.175s] Level 1:colcon.colcon_core.package_identification:_identify(joy_motion_ws/ros2_ws) by extensions ['ignore', 'ignore_ament_install']
[0.175s] Level 1:colcon.colcon_core.package_identification:_identify(joy_motion_ws/ros2_ws) by extension 'ignore'
[0.175s] Level 1:colcon.colcon_core.package_identification:_identify(joy_motion_ws/ros2_ws) by extension 'ignore_ament_install'
[0.175s] Level 1:colcon.colcon_core.package_identification:_identify(joy_motion_ws/ros2_ws) by extensions ['colcon_pkg']
[0.175s] Level 1:colcon.colcon_core.package_identification:_identify(joy_motion_ws/ros2_ws) by extension 'colcon_pkg'
[0.175s] Level 1:colcon.colcon_core.package_identification:_identify(joy_motion_ws/ros2_ws) by extensions ['colcon_meta']
[0.175s] Level 1:colcon.colcon_core.package_identification:_identify(joy_motion_ws/ros2_ws) by extension 'colcon_meta'
[0.176s] Level 1:colcon.colcon_core.package_identification:_identify(joy_motion_ws/ros2_ws) by extensions ['ros']
[0.176s] Level 1:colcon.colcon_core.package_identification:_identify(joy_motion_ws/ros2_ws) by extension 'ros'
[0.176s] Level 1:colcon.colcon_core.package_identification:_identify(joy_motion_ws/ros2_ws) by extensions ['cmake', 'python']
[0.176s] Level 1:colcon.colcon_core.package_identification:_identify(joy_motion_ws/ros2_ws) by extension 'cmake'
[0.176s] Level 1:colcon.colcon_core.package_identification:_identify(joy_motion_ws/ros2_ws) by extension 'python'
[0.176s] Level 1:colcon.colcon_core.package_identification:_identify(joy_motion_ws/ros2_ws) by extensions ['python_setup_py']
[0.176s] Level 1:colcon.colcon_core.package_identification:_identify(joy_motion_ws/ros2_ws) by extension 'python_setup_py'
[0.176s] Level 1:colcon.colcon_core.package_identification:_identify(joy_motion_ws/ros2_ws/build) by extensions ['ignore', 'ignore_ament_install']
[0.176s] Level 1:colcon.colcon_core.package_identification:_identify(joy_motion_ws/ros2_ws/build) by extension 'ignore'
[0.176s] Level 1:colcon.colcon_core.package_identification:_identify(joy_motion_ws/ros2_ws/build) ignored
[0.176s] Level 1:colcon.colcon_core.package_identification:_identify(joy_motion_ws/ros2_ws/install) by extensions ['ignore', 'ignore_ament_install']
[0.176s] Level 1:colcon.colcon_core.package_identification:_identify(joy_motion_ws/ros2_ws/install) by extension 'ignore'
[0.176s] Level 1:colcon.colcon_core.package_identification:_identify(joy_motion_ws/ros2_ws/install) ignored
[0.176s] Level 1:colcon.colcon_core.package_identification:_identify(joy_motion_ws/ros2_ws/log) by extensions ['ignore', 'ignore_ament_install']
[0.176s] Level 1:colcon.colcon_core.package_identification:_identify(joy_motion_ws/ros2_ws/log) by extension 'ignore'
[0.176s] Level 1:colcon.colcon_core.package_identification:_identify(joy_motion_ws/ros2_ws/log) ignored
[0.176s] Level 1:colcon.colcon_core.package_identification:_identify(joy_motion_ws/ros2_ws/src) by extensions ['ignore', 'ignore_ament_install']
[0.176s] Level 1:colcon.colcon_core.package_identification:_identify(joy_motion_ws/ros2_ws/src) by extension 'ignore'
[0.176s] Level 1:colcon.colcon_core.package_identification:_identify(joy_motion_ws/ros2_ws/src) by extension 'ignore_ament_install'
[0.176s] Level 1:colcon.colcon_core.package_identification:_identify(joy_motion_ws/ros2_ws/src) by extensions ['colcon_pkg']
[0.176s] Level 1:colcon.colcon_core.package_identification:_identify(joy_motion_ws/ros2_ws/src) by extension 'colcon_pkg'
[0.176s] Level 1:colcon.colcon_core.package_identification:_identify(joy_motion_ws/ros2_ws/src) by extensions ['colcon_meta']
[0.176s] Level 1:colcon.colcon_core.package_identification:_identify(joy_motion_ws/ros2_ws/src) by extension 'colcon_meta'
[0.176s] Level 1:colcon.colcon_core.package_identification:_identify(joy_motion_ws/ros2_ws/src) by extensions ['ros']
[0.176s] Level 1:colcon.colcon_core.package_identification:_identify(joy_motion_ws/ros2_ws/src) by extension 'ros'
[0.176s] Level 1:colcon.colcon_core.package_identification:_identify(joy_motion_ws/ros2_ws/src) by extensions ['cmake', 'python']
[0.176s] Level 1:colcon.colcon_core.package_identification:_identify(joy_motion_ws/ros2_ws/src) by extension 'cmake'
[0.176s] Level 1:colcon.colcon_core.package_identification:_identify(joy_motion_ws/ros2_ws/src) by extension 'python'
[0.176s] Level 1:colcon.colcon_core.package_identification:_identify(joy_motion_ws/ros2_ws/src) by extensions ['python_setup_py']
[0.176s] Level 1:colcon.colcon_core.package_identification:_identify(joy_motion_ws/ros2_ws/src) by extension 'python_setup_py'
[0.176s] Level 1:colcon.colcon_core.package_identification:_identify(joy_motion_ws/ros2_ws/src/joy_to_motion) by extensions ['ignore', 'ignore_ament_install']
[0.176s] Level 1:colcon.colcon_core.package_identification:_identify(joy_motion_ws/ros2_ws/src/joy_to_motion) by extension 'ignore'
[0.177s] Level 1:colcon.colcon_core.package_identification:_identify(joy_motion_ws/ros2_ws/src/joy_to_motion) by extension 'ignore_ament_install'
[0.177s] Level 1:colcon.colcon_core.package_identification:_identify(joy_motion_ws/ros2_ws/src/joy_to_motion) by extensions ['colcon_pkg']
[0.177s] Level 1:colcon.colcon_core.package_identification:_identify(joy_motion_ws/ros2_ws/src/joy_to_motion) by extension 'colcon_pkg'
[0.177s] Level 1:colcon.colcon_core.package_identification:_identify(joy_motion_ws/ros2_ws/src/joy_to_motion) by extensions ['colcon_meta']
[0.177s] Level 1:colcon.colcon_core.package_identification:_identify(joy_motion_ws/ros2_ws/src/joy_to_motion) by extension 'colcon_meta'
[0.177s] Level 1:colcon.colcon_core.package_identification:_identify(joy_motion_ws/ros2_ws/src/joy_to_motion) by extensions ['ros']
[0.177s] Level 1:colcon.colcon_core.package_identification:_identify(joy_motion_ws/ros2_ws/src/joy_to_motion) by extension 'ros'
[0.178s] DEBUG:colcon.colcon_core.package_identification:Package 'joy_motion_ws/ros2_ws/src/joy_to_motion' with type 'ros.ament_python' and name 'joy_to_motion'
[0.178s] Level 1:colcon.colcon_core.package_identification:_identify(joy_motion_ws/ros2_ws/src/ros1_msgs_srvs) by extensions ['ignore', 'ignore_ament_install']
[0.178s] Level 1:colcon.colcon_core.package_identification:_identify(joy_motion_ws/ros2_ws/src/ros1_msgs_srvs) by extension 'ignore'
[0.178s] Level 1:colcon.colcon_core.package_identification:_identify(joy_motion_ws/ros2_ws/src/ros1_msgs_srvs) by extension 'ignore_ament_install'
[0.178s] Level 1:colcon.colcon_core.package_identification:_identify(joy_motion_ws/ros2_ws/src/ros1_msgs_srvs) by extensions ['colcon_pkg']
[0.178s] Level 1:colcon.colcon_core.package_identification:_identify(joy_motion_ws/ros2_ws/src/ros1_msgs_srvs) by extension 'colcon_pkg'
[0.178s] Level 1:colcon.colcon_core.package_identification:_identify(joy_motion_ws/ros2_ws/src/ros1_msgs_srvs) by extensions ['colcon_meta']
[0.178s] Level 1:colcon.colcon_core.package_identification:_identify(joy_motion_ws/ros2_ws/src/ros1_msgs_srvs) by extension 'colcon_meta'
[0.178s] Level 1:colcon.colcon_core.package_identification:_identify(joy_motion_ws/ros2_ws/src/ros1_msgs_srvs) by extensions ['ros']
[0.178s] Level 1:colcon.colcon_core.package_identification:_identify(joy_motion_ws/ros2_ws/src/ros1_msgs_srvs) by extension 'ros'
[0.179s] DEBUG:colcon.colcon_core.package_identification:Package 'joy_motion_ws/ros2_ws/src/ros1_msgs_srvs' with type 'ros.ament_cmake' and name 'ros1_msgs_srvs'
[0.179s] Level 1:colcon.colcon_core.package_identification:_identify(log) by extensions ['ignore', 'ignore_ament_install']
[0.179s] Level 1:colcon.colcon_core.package_identification:_identify(log) by extension 'ignore'
[0.179s] Level 1:colcon.colcon_core.package_identification:_identify(log) ignored
[0.179s] Level 1:colcon.colcon_core.package_identification:_identify(mapping_task_ws) by extensions ['ignore', 'ignore_ament_install']
[0.179s] Level 1:colcon.colcon_core.package_identification:_identify(mapping_task_ws) by extension 'ignore'
[0.179s] Level 1:colcon.colcon_core.package_identification:_identify(mapping_task_ws) by extension 'ignore_ament_install'
[0.179s] Level 1:colcon.colcon_core.package_identification:_identify(mapping_task_ws) by extensions ['colcon_pkg']
[0.179s] Level 1:colcon.colcon_core.package_identification:_identify(mapping_task_ws) by extension 'colcon_pkg'
[0.179s] Level 1:colcon.colcon_core.package_identification:_identify(mapping_task_ws) by extensions ['colcon_meta']
[0.179s] Level 1:colcon.colcon_core.package_identification:_identify(mapping_task_ws) by extension 'colcon_meta'
[0.179s] Level 1:colcon.colcon_core.package_identification:_identify(mapping_task_ws) by extensions ['ros']
[0.179s] Level 1:colcon.colcon_core.package_identification:_identify(mapping_task_ws) by extension 'ros'
[0.179s] Level 1:colcon.colcon_core.package_identification:_identify(mapping_task_ws) by extensions ['cmake', 'python']
[0.179s] Level 1:colcon.colcon_core.package_identification:_identify(mapping_task_ws) by extension 'cmake'
[0.179s] Level 1:colcon.colcon_core.package_identification:_identify(mapping_task_ws) by extension 'python'
[0.179s] Level 1:colcon.colcon_core.package_identification:_identify(mapping_task_ws) by extensions ['python_setup_py']
[0.179s] Level 1:colcon.colcon_core.package_identification:_identify(mapping_task_ws) by extension 'python_setup_py'
[0.179s] Level 1:colcon.colcon_core.package_identification:_identify(mapping_task_ws/build) by extensions ['ignore', 'ignore_ament_install']
[0.179s] Level 1:colcon.colcon_core.package_identification:_identify(mapping_task_ws/build) by extension 'ignore'
[0.179s] Level 1:colcon.colcon_core.package_identification:_identify(mapping_task_ws/build) ignored
[0.179s] Level 1:colcon.colcon_core.package_identification:_identify(mapping_task_ws/install) by extensions ['ignore', 'ignore_ament_install']
[0.179s] Level 1:colcon.colcon_core.package_identification:_identify(mapping_task_ws/install) by extension 'ignore'
[0.179s] Level 1:colcon.colcon_core.package_identification:_identify(mapping_task_ws/install) ignored
[0.179s] Level 1:colcon.colcon_core.package_identification:_identify(mapping_task_ws/log) by extensions ['ignore', 'ignore_ament_install']
[0.179s] Level 1:colcon.colcon_core.package_identification:_identify(mapping_task_ws/log) by extension 'ignore'
[0.179s] Level 1:colcon.colcon_core.package_identification:_identify(mapping_task_ws/log) ignored
[0.179s] Level 1:colcon.colcon_core.package_identification:_identify(mapping_task_ws/src) by extensions ['ignore', 'ignore_ament_install']
[0.179s] Level 1:colcon.colcon_core.package_identification:_identify(mapping_task_ws/src) by extension 'ignore'
[0.179s] Level 1:colcon.colcon_core.package_identification:_identify(mapping_task_ws/src) by extension 'ignore_ament_install'
[0.179s] Level 1:colcon.colcon_core.package_identification:_identify(mapping_task_ws/src) by extensions ['colcon_pkg']
[0.180s] Level 1:colcon.colcon_core.package_identification:_identify(mapping_task_ws/src) by extension 'colcon_pkg'
[0.180s] Level 1:colcon.colcon_core.package_identification:_identify(mapping_task_ws/src) by extensions ['colcon_meta']
[0.180s] Level 1:colcon.colcon_core.package_identification:_identify(mapping_task_ws/src) by extension 'colcon_meta'
[0.180s] Level 1:colcon.colcon_core.package_identification:_identify(mapping_task_ws/src) by extensions ['ros']
[0.180s] Level 1:colcon.colcon_core.package_identification:_identify(mapping_task_ws/src) by extension 'ros'
[0.180s] Level 1:colcon.colcon_core.package_identification:_identify(mapping_task_ws/src) by extensions ['cmake', 'python']
[0.180s] Level 1:colcon.colcon_core.package_identification:_identify(mapping_task_ws/src) by extension 'cmake'
[0.180s] Level 1:colcon.colcon_core.package_identification:_identify(mapping_task_ws/src) by extension 'python'
[0.180s] Level 1:colcon.colcon_core.package_identification:_identify(mapping_task_ws/src) by extensions ['python_setup_py']
[0.180s] Level 1:colcon.colcon_core.package_identification:_identify(mapping_task_ws/src) by extension 'python_setup_py'
[0.180s] Level 1:colcon.colcon_core.package_identification:_identify(mapping_task_ws/src/navigation) by extensions ['ignore', 'ignore_ament_install']
[0.180s] Level 1:colcon.colcon_core.package_identification:_identify(mapping_task_ws/src/navigation) by extension 'ignore'
[0.180s] Level 1:colcon.colcon_core.package_identification:_identify(mapping_task_ws/src/navigation) by extension 'ignore_ament_install'
[0.180s] Level 1:colcon.colcon_core.package_identification:_identify(mapping_task_ws/src/navigation) by extensions ['colcon_pkg']
[0.180s] Level 1:colcon.colcon_core.package_identification:_identify(mapping_task_ws/src/navigation) by extension 'colcon_pkg'
[0.180s] Level 1:colcon.colcon_core.package_identification:_identify(mapping_task_ws/src/navigation) by extensions ['colcon_meta']
[0.180s] Level 1:colcon.colcon_core.package_identification:_identify(mapping_task_ws/src/navigation) by extension 'colcon_meta'
[0.180s] Level 1:colcon.colcon_core.package_identification:_identify(mapping_task_ws/src/navigation) by extensions ['ros']
[0.180s] Level 1:colcon.colcon_core.package_identification:_identify(mapping_task_ws/src/navigation) by extension 'ros'
[0.180s] DEBUG:colcon.colcon_core.package_identification:Package 'mapping_task_ws/src/navigation' with type 'ros.ament_python' and name 'navigation'
[0.180s] Level 1:colcon.colcon_core.package_discovery:discover_packages(recursive) using defaults
[0.180s] Level 1:colcon.colcon_core.package_discovery:discover_packages(ignore) discover
[0.180s] Level 1:colcon.colcon_core.package_discovery:discover_packages(ignore) using defaults
[0.180s] Level 1:colcon.colcon_core.package_discovery:discover_packages(path) discover
[0.180s] Level 1:colcon.colcon_core.package_discovery:discover_packages(path) using defaults
[0.189s] Level 1:colcon.colcon_core.package_discovery:discover_packages(prefix_path) check parameters
[0.189s] Level 1:colcon.colcon_core.package_discovery:discover_packages(prefix_path) discover
[0.190s] DEBUG:colcon.colcon_installed_package_information.package_discovery:Found 313 installed packages in /opt/ros/foxy
[0.191s] Level 1:colcon.colcon_core.package_discovery:discover_packages(prefix_path) using defaults
[0.227s] Level 5:colcon.colcon_core.verb:set package 'joy_to_motion' build argument 'cmake_args' from command line to 'None'
[0.227s] Level 5:colcon.colcon_core.verb:set package 'joy_to_motion' build argument 'cmake_target' from command line to 'None'
[0.227s] Level 5:colcon.colcon_core.verb:set package 'joy_to_motion' build argument 'cmake_target_skip_unavailable' from command line to 'False'
[0.227s] Level 5:colcon.colcon_core.verb:set package 'joy_to_motion' build argument 'cmake_clean_cache' from command line to 'False'
[0.227s] Level 5:colcon.colcon_core.verb:set package 'joy_to_motion' build argument 'cmake_clean_first' from command line to 'False'
[0.227s] Level 5:colcon.colcon_core.verb:set package 'joy_to_motion' build argument 'cmake_force_configure' from command line to 'False'
[0.227s] Level 5:colcon.colcon_core.verb:set package 'joy_to_motion' build argument 'ament_cmake_args' from command line to 'None'
[0.227s] Level 5:colcon.colcon_core.verb:set package 'joy_to_motion' build argument 'catkin_cmake_args' from command line to 'None'
[0.227s] Level 5:colcon.colcon_core.verb:set package 'joy_to_motion' build argument 'catkin_skip_building_tests' from command line to 'False'
[0.227s] DEBUG:colcon.colcon_core.verb:Building package 'joy_to_motion' with the following arguments: {'ament_cmake_args': None, 'build_base': '/ros_ws/build/joy_to_motion', 'catkin_cmake_args': None, 'catkin_skip_building_tests': False, 'cmake_args': None, 'cmake_clean_cache': False, 'cmake_clean_first': False, 'cmake_force_configure': False, 'cmake_target': None, 'cmake_target_skip_unavailable': False, 'install_base': '/ros_ws/install/joy_to_motion', 'merge_install': False, 'path': '/ros_ws/joy_motion_ws/ros2_ws/src/joy_to_motion', 'symlink_install': True, 'test_result_base': None}
[0.227s] Level 5:colcon.colcon_core.verb:set package 'navigation' build argument 'cmake_args' from command line to 'None'
[0.227s] Level 5:colcon.colcon_core.verb:set package 'navigation' build argument 'cmake_target' from command line to 'None'
[0.227s] Level 5:colcon.colcon_core.verb:set package 'navigation' build argument 'cmake_target_skip_unavailable' from command line to 'False'
[0.227s] Level 5:colcon.colcon_core.verb:set package 'navigation' build argument 'cmake_clean_cache' from command line to 'False'
[0.227s] Level 5:colcon.colcon_core.verb:set package 'navigation' build argument 'cmake_clean_first' from command line to 'False'
[0.227s] Level 5:colcon.colcon_core.verb:set package 'navigation' build argument 'cmake_force_configure' from command line to 'False'
[0.227s] Level 5:colcon.colcon_core.verb:set package 'navigation' build argument 'ament_cmake_args' from command line to 'None'
[0.227s] Level 5:colcon.colcon_core.verb:set package 'navigation' build argument 'catkin_cmake_args' from command line to 'None'
[0.227s] Level 5:colcon.colcon_core.verb:set package 'navigation' build argument 'catkin_skip_building_tests' from command line to 'False'
[0.227s] DEBUG:colcon.colcon_core.verb:Building package 'navigation' with the following arguments: {'ament_cmake_args': None, 'build_base': '/ros_ws/build/navigation', 'catkin_cmake_args': None, 'catkin_skip_building_tests': False, 'cmake_args': None, 'cmake_clean_cache': False, 'cmake_clean_first': False, 'cmake_force_configure': False, 'cmake_target': None, 'cmake_target_skip_unavailable': False, 'install_base': '/ros_ws/install/navigation', 'merge_install': False, 'path': '/ros_ws/mapping_task_ws/src/navigation', 'symlink_install': True, 'test_result_base': None}
[0.228s] Level 5:colcon.colcon_core.verb:set package 'ros1_msgs_srvs' build argument 'cmake_args' from command line to 'None'
[0.228s] Level 5:colcon.colcon_core.verb:set package 'ros1_msgs_srvs' build argument 'cmake_target' from command line to 'None'
[0.228s] Level 5:colcon.colcon_core.verb:set package 'ros1_msgs_srvs' build argument 'cmake_target_skip_unavailable' from command line to 'False'
[0.228s] Level 5:colcon.colcon_core.verb:set package 'ros1_msgs_srvs' build argument 'cmake_clean_cache' from command line to 'False'
[0.228s] Level 5:colcon.colcon_core.verb:set package 'ros1_msgs_srvs' build argument 'cmake_clean_first' from command line to 'False'
[0.228s] Level 5:colcon.colcon_core.verb:set package 'ros1_msgs_srvs' build argument 'cmake_force_configure' from command line to 'False'
[0.228s] Level 5:colcon.colcon_core.verb:set package 'ros1_msgs_srvs' build argument 'ament_cmake_args' from command line to 'None'
[0.228s] Level 5:colcon.colcon_core.verb:set package 'ros1_msgs_srvs' build argument 'catkin_cmake_args' from command line to 'None'
[0.228s] Level 5:colcon.colcon_core.verb:set package 'ros1_msgs_srvs' build argument 'catkin_skip_building_tests' from command line to 'False'
[0.228s] DEBUG:colcon.colcon_core.verb:Building package 'ros1_msgs_srvs' with the following arguments: {'ament_cmake_args': None, 'build_base': '/ros_ws/build/ros1_msgs_srvs', 'catkin_cmake_args': None, 'catkin_skip_building_tests': False, 'cmake_args': None, 'cmake_clean_cache': False, 'cmake_clean_first': False, 'cmake_force_configure': False, 'cmake_target': None, 'cmake_target_skip_unavailable': False, 'install_base': '/ros_ws/install/ros1_msgs_srvs', 'merge_install': False, 'path': '/ros_ws/joy_motion_ws/ros2_ws/src/ros1_msgs_srvs', 'symlink_install': True, 'test_result_base': None}
[0.228s] INFO:colcon.colcon_core.executor:Executing jobs using 'parallel' executor
[0.229s] DEBUG:colcon.colcon_parallel_executor.executor.parallel:run_until_complete
[0.229s] INFO:colcon.colcon_ros.task.ament_python.build:Building ROS package in '/ros_ws/joy_motion_ws/ros2_ws/src/joy_to_motion' with build type 'ament_python'
[0.229s] Level 1:colcon.colcon_core.shell:create_environment_hook('joy_to_motion', 'ament_prefix_path')
[0.230s] INFO:colcon.colcon_core.plugin_system:Skipping extension 'colcon_core.shell.bat': Not used on non-Windows systems
[0.230s] INFO:colcon.colcon_core.shell:Creating environment hook '/ros_ws/install/joy_to_motion/share/joy_to_motion/hook/ament_prefix_path.ps1'
[0.231s] INFO:colcon.colcon_core.shell:Creating environment descriptor '/ros_ws/install/joy_to_motion/share/joy_to_motion/hook/ament_prefix_path.dsv'
[0.231s] INFO:colcon.colcon_core.shell:Creating environment hook '/ros_ws/install/joy_to_motion/share/joy_to_motion/hook/ament_prefix_path.sh'
[0.231s] INFO:colcon.colcon_core.shell:Skip shell extension 'powershell' for command environment: Not usable outside of PowerShell
[0.231s] DEBUG:colcon.colcon_core.shell:Skip shell extension 'dsv' for command environment
[0.234s] INFO:colcon.colcon_ros.task.ament_python.build:Building ROS package in '/ros_ws/mapping_task_ws/src/navigation' with build type 'ament_python'
[0.234s] Level 1:colcon.colcon_core.shell:create_environment_hook('navigation', 'ament_prefix_path')
[0.235s] INFO:colcon.colcon_core.shell:Creating environment hook '/ros_ws/install/navigation/share/navigation/hook/ament_prefix_path.ps1'
[0.235s] INFO:colcon.colcon_core.shell:Creating environment descriptor '/ros_ws/install/navigation/share/navigation/hook/ament_prefix_path.dsv'
[0.235s] INFO:colcon.colcon_core.shell:Creating environment hook '/ros_ws/install/navigation/share/navigation/hook/ament_prefix_path.sh'
[0.236s] INFO:colcon.colcon_core.shell:Skip shell extension 'powershell' for command environment: Not usable outside of PowerShell
[0.236s] DEBUG:colcon.colcon_core.shell:Skip shell extension 'dsv' for command environment
[0.239s] INFO:colcon.colcon_ros.task.ament_cmake.build:Building ROS package in '/ros_ws/joy_motion_ws/ros2_ws/src/ros1_msgs_srvs' with build type 'ament_cmake'
[0.239s] INFO:colcon.colcon_cmake.task.cmake.build:Building CMake package in '/ros_ws/joy_motion_ws/ros2_ws/src/ros1_msgs_srvs'
[0.240s] INFO:colcon.colcon_core.shell:Skip shell extension 'powershell' for command environment: Not usable outside of PowerShell
[0.240s] DEBUG:colcon.colcon_core.shell:Skip shell extension 'dsv' for command environment
[0.358s] INFO:colcon.colcon_core.task.python.build:Building Python package in '/ros_ws/joy_motion_ws/ros2_ws/src/joy_to_motion'
[0.359s] INFO:colcon.colcon_core.shell:Skip shell extension 'powershell' for command environment: Not usable outside of PowerShell
[0.359s] DEBUG:colcon.colcon_core.shell:Skip shell extension 'dsv' for command environment
[0.469s] INFO:colcon.colcon_core.task.python.build:Building Python package in '/ros_ws/mapping_task_ws/src/navigation'
[0.470s] INFO:colcon.colcon_core.shell:Skip shell extension 'powershell' for command environment: Not usable outside of PowerShell
[0.470s] DEBUG:colcon.colcon_core.shell:Skip shell extension 'dsv' for command environment
[0.476s] DEBUG:colcon.colcon_core.event_handler.log_command:Invoking command in '/ros_ws/build/ros1_msgs_srvs': CMAKE_PREFIX_PATH=/opt/ros/foxy /usr/bin/cmake /ros_ws/joy_motion_ws/ros2_ws/src/ros1_msgs_srvs -DAMENT_CMAKE_SYMLINK_INSTALL=1 -DCMAKE_INSTALL_PREFIX=/ros_ws/install/ros1_msgs_srvs
[0.714s] DEBUG:colcon.colcon_core.event_handler.log_command:Invoking command in '/ros_ws/build/joy_to_motion': PYTHONPATH=/ros_ws/build/joy_to_motion/prefix_override:/usr/lib/python3/dist-packages/colcon_core/task/python/colcon_distutils_commands:/ros_ws/install/joy_to_motion/lib/python3.8/site-packages:${PYTHONPATH} /usr/bin/python3 -W ignore:setup.py install is deprecated -W ignore:easy_install command is deprecated setup.py develop --editable --build-directory /ros_ws/build/joy_to_motion/build --no-deps symlink_data
[0.724s] DEBUG:colcon.colcon_core.event_handler.log_command:Invoking command in '/ros_ws/build/navigation': PYTHONPATH=/ros_ws/build/navigation/prefix_override:/usr/lib/python3/dist-packages/colcon_core/task/python/colcon_distutils_commands:/ros_ws/install/navigation/lib/python3.8/site-packages:${PYTHONPATH} /usr/bin/python3 -W ignore:setup.py install is deprecated -W ignore:easy_install command is deprecated setup.py develop --editable --build-directory /ros_ws/build/navigation/build --no-deps symlink_data
[0.951s] Level 1:colcon.colcon_core.shell:create_environment_hook('joy_to_motion', 'pythonpath_develop')
[0.952s] INFO:colcon.colcon_core.shell:Creating environment hook '/ros_ws/build/joy_to_motion/share/joy_to_motion/hook/pythonpath_develop.ps1'
[0.952s] DEBUG:colcon.colcon_core.event_handler.log_command:Invoked command in '/ros_ws/build/joy_to_motion' returned '0': PYTHONPATH=/ros_ws/build/joy_to_motion/prefix_override:/usr/lib/python3/dist-packages/colcon_core/task/python/colcon_distutils_commands:/ros_ws/install/joy_to_motion/lib/python3.8/site-packages:${PYTHONPATH} /usr/bin/python3 -W ignore:setup.py install is deprecated -W ignore:easy_install command is deprecated setup.py develop --editable --build-directory /ros_ws/build/joy_to_motion/build --no-deps symlink_data
[0.952s] INFO:colcon.colcon_core.shell:Creating environment descriptor '/ros_ws/build/joy_to_motion/share/joy_to_motion/hook/pythonpath_develop.dsv'
[0.953s] INFO:colcon.colcon_core.shell:Creating environment hook '/ros_ws/build/joy_to_motion/share/joy_to_motion/hook/pythonpath_develop.sh'
[0.954s] Level 1:colcon.colcon_core.environment:checking '/ros_ws/install/joy_to_motion' for CMake module files
[0.954s] Level 1:colcon.colcon_core.environment:checking '/ros_ws/install/joy_to_motion' for CMake config files
[0.955s] Level 1:colcon.colcon_core.environment:checking '/ros_ws/install/joy_to_motion/lib'
[0.955s] Level 1:colcon.colcon_core.environment:checking '/ros_ws/install/joy_to_motion/bin'
[0.955s] Level 1:colcon.colcon_core.environment:checking '/ros_ws/install/joy_to_motion/lib/pkgconfig/joy_to_motion.pc'
[0.955s] Level 1:colcon.colcon_core.environment:checking '/ros_ws/install/joy_to_motion/lib/python3.8/site-packages'
[0.955s] Level 1:colcon.colcon_core.shell:create_environment_hook('joy_to_motion', 'pythonpath')
[0.955s] INFO:colcon.colcon_core.shell:Creating environment hook '/ros_ws/install/joy_to_motion/share/joy_to_motion/hook/pythonpath.ps1'
[0.955s] INFO:colcon.colcon_core.shell:Creating environment descriptor '/ros_ws/install/joy_to_motion/share/joy_to_motion/hook/pythonpath.dsv'
[0.956s] INFO:colcon.colcon_core.shell:Creating environment hook '/ros_ws/install/joy_to_motion/share/joy_to_motion/hook/pythonpath.sh'
[0.956s] Level 1:colcon.colcon_core.environment:checking '/ros_ws/install/joy_to_motion/bin'
[0.956s] Level 1:colcon.colcon_core.environment:create_environment_scripts_only(joy_to_motion)
[0.956s] INFO:colcon.colcon_core.shell:Creating package script '/ros_ws/install/joy_to_motion/share/joy_to_motion/package.ps1'
[0.957s] INFO:colcon.colcon_core.shell:Creating package descriptor '/ros_ws/install/joy_to_motion/share/joy_to_motion/package.dsv'
[0.957s] INFO:colcon.colcon_core.shell:Creating package script '/ros_ws/install/joy_to_motion/share/joy_to_motion/package.sh'
[0.957s] INFO:colcon.colcon_core.shell:Creating package script '/ros_ws/install/joy_to_motion/share/joy_to_motion/package.bash'
[0.958s] INFO:colcon.colcon_core.shell:Creating package script '/ros_ws/install/joy_to_motion/share/joy_to_motion/package.zsh'
[0.958s] Level 1:colcon.colcon_core.environment:create_file_with_runtime_dependencies(/ros_ws/install/joy_to_motion/share/colcon-core/packages/joy_to_motion)
[0.959s] Level 1:colcon.colcon_core.shell:create_environment_hook('navigation', 'pythonpath_develop')
[0.959s] INFO:colcon.colcon_core.shell:Creating environment hook '/ros_ws/build/navigation/share/navigation/hook/pythonpath_develop.ps1'
[0.959s] DEBUG:colcon.colcon_core.event_handler.log_command:Invoked command in '/ros_ws/build/navigation' returned '0': PYTHONPATH=/ros_ws/build/navigation/prefix_override:/usr/lib/python3/dist-packages/colcon_core/task/python/colcon_distutils_commands:/ros_ws/install/navigation/lib/python3.8/site-packages:${PYTHONPATH} /usr/bin/python3 -W ignore:setup.py install is deprecated -W ignore:easy_install command is deprecated setup.py develop --editable --build-directory /ros_ws/build/navigation/build --no-deps symlink_data
[0.960s] INFO:colcon.colcon_core.shell:Creating environment descriptor '/ros_ws/build/navigation/share/navigation/hook/pythonpath_develop.dsv'
[0.960s] INFO:colcon.colcon_core.shell:Creating environment hook '/ros_ws/build/navigation/share/navigation/hook/pythonpath_develop.sh'
[0.960s] Level 1:colcon.colcon_core.environment:checking '/ros_ws/install/navigation' for CMake module files
[0.961s] Level 1:colcon.colcon_core.environment:checking '/ros_ws/install/navigation' for CMake config files
[0.961s] Level 1:colcon.colcon_core.environment:checking '/ros_ws/install/navigation/lib'
[0.961s] Level 1:colcon.colcon_core.environment:checking '/ros_ws/install/navigation/bin'
[0.961s] Level 1:colcon.colcon_core.environment:checking '/ros_ws/install/navigation/lib/pkgconfig/navigation.pc'
[0.961s] Level 1:colcon.colcon_core.environment:checking '/ros_ws/install/navigation/lib/python3.8/site-packages'
[0.962s] Level 1:colcon.colcon_core.shell:create_environment_hook('navigation', 'pythonpath')
[0.962s] INFO:colcon.colcon_core.shell:Creating environment hook '/ros_ws/install/navigation/share/navigation/hook/pythonpath.ps1'
[0.962s] INFO:colcon.colcon_core.shell:Creating environment descriptor '/ros_ws/install/navigation/share/navigation/hook/pythonpath.dsv'
[0.962s] INFO:colcon.colcon_core.shell:Creating environment hook '/ros_ws/install/navigation/share/navigation/hook/pythonpath.sh'
[0.963s] Level 1:colcon.colcon_core.environment:checking '/ros_ws/install/navigation/bin'
[0.963s] Level 1:colcon.colcon_core.environment:create_environment_scripts_only(navigation)
[0.963s] INFO:colcon.colcon_core.shell:Creating package script '/ros_ws/install/navigation/share/navigation/package.ps1'
[0.964s] INFO:colcon.colcon_core.shell:Creating package descriptor '/ros_ws/install/navigation/share/navigation/package.dsv'
[0.964s] INFO:colcon.colcon_core.shell:Creating package script '/ros_ws/install/navigation/share/navigation/package.sh'
[0.964s] INFO:colcon.colcon_core.shell:Creating package script '/ros_ws/install/navigation/share/navigation/package.bash'
[0.965s] INFO:colcon.colcon_core.shell:Creating package script '/ros_ws/install/navigation/share/navigation/package.zsh'
[0.965s] Level 1:colcon.colcon_core.environment:create_file_with_runtime_dependencies(/ros_ws/install/navigation/share/colcon-core/packages/navigation)
[1.612s] DEBUG:colcon.colcon_core.event_handler.log_command:Invoked command in '/ros_ws/build/ros1_msgs_srvs' returned '0': CMAKE_PREFIX_PATH=/opt/ros/foxy /usr/bin/cmake /ros_ws/joy_motion_ws/ros2_ws/src/ros1_msgs_srvs -DAMENT_CMAKE_SYMLINK_INSTALL=1 -DCMAKE_INSTALL_PREFIX=/ros_ws/install/ros1_msgs_srvs
[1.612s] DEBUG:colcon.colcon_core.event_handler.log_command:Invoking command in '/ros_ws/build/ros1_msgs_srvs': CMAKE_PREFIX_PATH=/opt/ros/foxy /usr/bin/cmake --build /ros_ws/build/ros1_msgs_srvs -- -j20 -l20
[3.145s] DEBUG:colcon.colcon_core.event_handler.log_command:Invoked command in '/ros_ws/build/ros1_msgs_srvs' returned '0': CMAKE_PREFIX_PATH=/opt/ros/foxy /usr/bin/cmake --build /ros_ws/build/ros1_msgs_srvs -- -j20 -l20
[3.155s] DEBUG:colcon.colcon_core.event_handler.log_command:Invoking command in '/ros_ws/build/ros1_msgs_srvs': CMAKE_PREFIX_PATH=/opt/ros/foxy /usr/bin/cmake --install /ros_ws/build/ros1_msgs_srvs
[3.463s] DEBUG:colcon.colcon_parallel_executor.executor.parallel:run_until_complete was interrupted
[3.463s] DEBUG:colcon.colcon_parallel_executor.executor.parallel:run_until_complete again
[3.465s] DEBUG:colcon.colcon_core.event_handler.log_command:Invoked command in '/ros_ws/build/ros1_msgs_srvs' returned '-2': CMAKE_PREFIX_PATH=/opt/ros/foxy /usr/bin/cmake --install /ros_ws/build/ros1_msgs_srvs
[3.466s] Level 1:colcon.colcon_core.environment:create_environment_scripts_only(ros1_msgs_srvs)
[3.467s] Level 1:colcon.colcon_core.environment:checking '/ros_ws/install/ros1_msgs_srvs' for CMake module files
[3.467s] Level 1:colcon.colcon_core.environment:checking '/ros_ws/install/ros1_msgs_srvs' for CMake config files
[3.468s] Level 1:colcon.colcon_core.environment:checking '/ros_ws/install/ros1_msgs_srvs/lib'
[3.468s] Level 1:colcon.colcon_core.shell:create_environment_hook('ros1_msgs_srvs', 'ld_library_path_lib')
[3.468s] INFO:colcon.colcon_core.shell:Creating environment hook '/ros_ws/install/ros1_msgs_srvs/share/ros1_msgs_srvs/hook/ld_library_path_lib.ps1'
[3.469s] INFO:colcon.colcon_core.shell:Creating environment descriptor '/ros_ws/install/ros1_msgs_srvs/share/ros1_msgs_srvs/hook/ld_library_path_lib.dsv'
[3.469s] INFO:colcon.colcon_core.shell:Creating environment hook '/ros_ws/install/ros1_msgs_srvs/share/ros1_msgs_srvs/hook/ld_library_path_lib.sh'
[3.469s] Level 1:colcon.colcon_core.environment:checking '/ros_ws/install/ros1_msgs_srvs/bin'
[3.469s] Level 1:colcon.colcon_core.environment:checking '/ros_ws/install/ros1_msgs_srvs/lib/pkgconfig/ros1_msgs_srvs.pc'
[3.470s] Level 1:colcon.colcon_core.environment:checking '/ros_ws/install/ros1_msgs_srvs/lib/python3.8/site-packages'
[3.470s] Level 1:colcon.colcon_core.environment:checking '/ros_ws/install/ros1_msgs_srvs/bin'
[3.470s] INFO:colcon.colcon_core.shell:Creating package script '/ros_ws/install/ros1_msgs_srvs/share/ros1_msgs_srvs/package.ps1'
[3.471s] INFO:colcon.colcon_core.shell:Creating package descriptor '/ros_ws/install/ros1_msgs_srvs/share/ros1_msgs_srvs/package.dsv'
[3.471s] INFO:colcon.colcon_core.shell:Creating package script '/ros_ws/install/ros1_msgs_srvs/share/ros1_msgs_srvs/package.sh'
[3.472s] INFO:colcon.colcon_core.shell:Creating package script '/ros_ws/install/ros1_msgs_srvs/share/ros1_msgs_srvs/package.bash'
[3.472s] INFO:colcon.colcon_core.shell:Creating package script '/ros_ws/install/ros1_msgs_srvs/share/ros1_msgs_srvs/package.zsh'
[3.472s] Level 1:colcon.colcon_core.environment:create_file_with_runtime_dependencies(/ros_ws/install/ros1_msgs_srvs/share/colcon-core/packages/ros1_msgs_srvs)
[3.483s] DEBUG:colcon.colcon_parallel_executor.executor.parallel:run_until_complete finished
[3.483s] DEBUG:colcon.colcon_parallel_executor.executor.parallel:closing loop
[3.483s] DEBUG:colcon.colcon_parallel_executor.executor.parallel:loop closed
[3.483s] DEBUG:colcon.colcon_core.event_reactor:joining thread
[3.492s] INFO:colcon.colcon_core.plugin_system:Skipping extension 'colcon_notification.desktop_notification.notify_send': Could not find 'notify-send'
[3.492s] INFO:colcon.colcon_core.plugin_system:Skipping extension 'colcon_notification.desktop_notification.terminal_notifier': Not used on non-Darwin systems
[3.492s] INFO:colcon.colcon_core.plugin_system:Skipping extension 'colcon_notification.desktop_notification.win32': Not used on non-Windows systems
[3.492s] INFO:colcon.colcon_notification.desktop_notification:Sending desktop notification using 'notify2'
[3.495s] DEBUG:colcon.colcon_notification.desktop_notification.notify2:Failed to initialize notify2: org.freedesktop.DBus.Error.Spawn.ExecFailed: /usr/bin/dbus-launch terminated abnormally without any error message
[3.495s] DEBUG:colcon.colcon_core.event_reactor:joined thread
[3.495s] INFO:colcon.colcon_core.shell:Creating prefix script '/ros_ws/install/local_setup.ps1'
[3.496s] INFO:colcon.colcon_core.shell:Creating prefix util module '/ros_ws/install/_local_setup_util_ps1.py'
[3.497s] INFO:colcon.colcon_core.shell:Creating prefix chain script '/ros_ws/install/setup.ps1'
[3.498s] INFO:colcon.colcon_core.shell:Creating prefix script '/ros_ws/install/local_setup.sh'
[3.498s] INFO:colcon.colcon_core.shell:Creating prefix util module '/ros_ws/install/_local_setup_util_sh.py'
[3.499s] INFO:colcon.colcon_core.shell:Creating prefix chain script '/ros_ws/install/setup.sh'
[3.499s] INFO:colcon.colcon_core.shell:Creating prefix script '/ros_ws/install/local_setup.bash'
[3.500s] INFO:colcon.colcon_core.shell:Creating prefix chain script '/ros_ws/install/setup.bash'
[3.500s] INFO:colcon.colcon_core.shell:Creating prefix script '/ros_ws/install/local_setup.zsh'
[3.501s] INFO:colcon.colcon_core.shell:Creating prefix chain script '/ros_ws/install/setup.zsh'
