running develop
running egg_info
creating navigation.egg-info
writing navigation.egg-info/PKG-INFO
writing dependency_links to navigation.egg-info/dependency_links.txt
writing entry points to navigation.egg-info/entry_points.txt
writing requirements to navigation.egg-info/requires.txt
writing top-level names to navigation.egg-info/top_level.txt
writing manifest file 'navigation.egg-info/SOURCES.txt'
reading manifest file 'navigation.egg-info/SOURCES.txt'
writing manifest file 'navigation.egg-info/SOURCES.txt'
running build_ext
Creating /ros_ws/mapping_task_ws/install/navigation/lib/python3.8/site-packages/site.py
Creating /ros_ws/mapping_task_ws/install/navigation/lib/python3.8/site-packages/navigation.egg-link (link to .)
Installing mapping_aware script to /ros_ws/mapping_task_ws/install/navigation/lib/navigation

Installed /ros_ws/mapping_task_ws/build/navigation
running symlink_data
creating /ros_ws/mapping_task_ws/install/navigation/share/ament_index
creating /ros_ws/mapping_task_ws/install/navigation/share/ament_index/resource_index
creating /ros_ws/mapping_task_ws/install/navigation/share/ament_index/resource_index/packages
symbolically linking /ros_ws/mapping_task_ws/build/navigation/resource/navigation -> /ros_ws/mapping_task_ws/install/navigation/share/ament_index/resource_index/packages
symbolically linking /ros_ws/mapping_task_ws/build/navigation/package.xml -> /ros_ws/mapping_task_ws/install/navigation/share/navigation
