[0.070s] Invoking command in '/ros_ws/joy_motion_ws/ros2_ws/build/examples_rclcpp_minimal_service': CMAKE_PREFIX_PATH=/opt/ros/foxy /usr/bin/cmake /ros_ws/joy_motion_ws/ros2_ws/src/src/examples/rclcpp/services/minimal_service -DAMENT_CMAKE_SYMLINK_INSTALL=1 -DCMAKE_INSTALL_PREFIX=/ros_ws/joy_motion_ws/ros2_ws/install/examples_rclcpp_minimal_service
[1.365s] -- The C compiler identification is GNU 9.4.0
[1.365s] -- The CXX compiler identification is GNU 9.4.0
[1.365s] -- Check for working C compiler: /usr/bin/cc
[1.365s] -- Check for working C compiler: /usr/bin/cc -- works
[1.365s] -- Detecting C compiler ABI info
[1.365s] -- Detecting C compiler ABI info - done
[1.365s] -- Detecting C compile features
[1.365s] -- Detecting C compile features - done
[1.365s] -- Check for working CXX compiler: /usr/bin/c++
[1.365s] -- Check for working CXX compiler: /usr/bin/c++ -- works
[1.365s] -- Detecting CXX compiler ABI info
[1.365s] -- Detecting CXX compiler ABI info - done
[1.365s] -- Detecting CXX compile features
[1.365s] -- Detecting CXX compile features - done
[1.366s] -- Found ament_cmake: 0.9.12 (/opt/ros/foxy/share/ament_cmake/cmake)
[1.366s] -- Found PythonInterp: /usr/bin/python3 (found suitable version "3.8.10", minimum required is "3") 
[1.366s] -- Using PYTHON_EXECUTABLE: /usr/bin/python3
[1.366s] -- Override CMake install command with custom implementation using symlinks instead of copying resources
[1.366s] -- Found example_interfaces: 0.9.1 (/opt/ros/foxy/share/example_interfaces/cmake)
[1.366s] -- Using all available rosidl_typesupport_c: rosidl_typesupport_fastrtps_c;rosidl_typesupport_introspection_c
[1.366s] -- Found rosidl_adapter: 1.3.1 (/opt/ros/foxy/share/rosidl_adapter/cmake)
[1.366s] -- Found OpenSSL: /usr/lib/x86_64-linux-gnu/libcrypto.so (found version "1.1.1f")  
[1.366s] -- Found FastRTPS: /opt/ros/foxy/include  
[1.366s] -- Using all available rosidl_typesupport_cpp: rosidl_typesupport_fastrtps_cpp;rosidl_typesupport_introspection_cpp
[1.366s] -- Found rclcpp: 2.4.3 (/opt/ros/foxy/share/rclcpp/cmake)
[1.366s] -- Found rmw_implementation_cmake: 1.0.4 (/opt/ros/foxy/share/rmw_implementation_cmake/cmake)
[1.366s] -- Using RMW implementation 'rmw_fastrtps_cpp' as default
[1.366s] -- Looking for pthread.h
[1.366s] -- Looking for pthread.h - found
[1.366s] -- Performing Test CMAKE_HAVE_LIBC_PTHREAD
[1.366s] -- Performing Test CMAKE_HAVE_LIBC_PTHREAD - Failed
[1.366s] -- Looking for pthread_create in pthreads
[1.366s] -- Looking for pthread_create in pthreads - not found
[1.366s] -- Looking for pthread_create in pthread
[1.366s] -- Looking for pthread_create in pthread - found
[1.366s] -- Found Threads: TRUE  
[1.366s] -- Found ament_lint_auto: 0.9.8 (/opt/ros/foxy/share/ament_lint_auto/cmake)
[1.366s] -- Added test 'copyright' to check source files copyright and LICENSE
[1.366s] -- Added test 'cppcheck' to perform static code analysis on C / C++ code
[1.366s] -- Configured cppcheck include dirs: 
[1.366s] -- Configured cppcheck exclude dirs and/or files: 
[1.366s] -- Added test 'cpplint' to check C / C++ code against the Google style
[1.366s] -- Configured cpplint exclude dirs and/or files: 
[1.366s] -- Added test 'lint_cmake' to check CMake code style
[1.366s] -- Added test 'uncrustify' to check C / C++ code style
[1.366s] -- Configured uncrustify additional arguments: 
[1.366s] -- Added test 'xmllint' to check XML markup files
[1.367s] -- Configuring done
[1.367s] -- Generating done
[1.367s] -- Build files have been written to: /ros_ws/joy_motion_ws/ros2_ws/build/examples_rclcpp_minimal_service
[1.388s] Invoked command in '/ros_ws/joy_motion_ws/ros2_ws/build/examples_rclcpp_minimal_service' returned '0': CMAKE_PREFIX_PATH=/opt/ros/foxy /usr/bin/cmake /ros_ws/joy_motion_ws/ros2_ws/src/src/examples/rclcpp/services/minimal_service -DAMENT_CMAKE_SYMLINK_INSTALL=1 -DCMAKE_INSTALL_PREFIX=/ros_ws/joy_motion_ws/ros2_ws/install/examples_rclcpp_minimal_service
[1.388s] Invoking command in '/ros_ws/joy_motion_ws/ros2_ws/build/examples_rclcpp_minimal_service': CMAKE_PREFIX_PATH=/opt/ros/foxy /usr/bin/cmake --build /ros_ws/joy_motion_ws/ros2_ws/build/examples_rclcpp_minimal_service -- -j20 -l20
[1.407s] [35m[1mScanning dependencies of target service_main[0m
[1.509s] [ 50%] [32mBuilding CXX object CMakeFiles/service_main.dir/main.cpp.o[0m
[3.829s] [100%] [32m[1mLinking CXX executable service_main[0m
[4.018s] [100%] Built target service_main
[4.039s] Invoked command in '/ros_ws/joy_motion_ws/ros2_ws/build/examples_rclcpp_minimal_service' returned '0': CMAKE_PREFIX_PATH=/opt/ros/foxy /usr/bin/cmake --build /ros_ws/joy_motion_ws/ros2_ws/build/examples_rclcpp_minimal_service -- -j20 -l20
[4.044s] Invoking command in '/ros_ws/joy_motion_ws/ros2_ws/build/examples_rclcpp_minimal_service': CMAKE_PREFIX_PATH=/opt/ros/foxy /usr/bin/cmake --install /ros_ws/joy_motion_ws/ros2_ws/build/examples_rclcpp_minimal_service
[4.056s] -- Install configuration: ""
[4.057s] -- Execute custom install script
[4.057s] -- Symlinking: /ros_ws/joy_motion_ws/ros2_ws/install/examples_rclcpp_minimal_service/lib/examples_rclcpp_minimal_service/service_main
[4.070s] -- Symlinking: /ros_ws/joy_motion_ws/ros2_ws/install/examples_rclcpp_minimal_service/share/ament_index/resource_index/package_run_dependencies/examples_rclcpp_minimal_service
[4.083s] -- Symlinking: /ros_ws/joy_motion_ws/ros2_ws/install/examples_rclcpp_minimal_service/share/ament_index/resource_index/parent_prefix_path/examples_rclcpp_minimal_service
[4.096s] -- Symlinking: /ros_ws/joy_motion_ws/ros2_ws/install/examples_rclcpp_minimal_service/share/examples_rclcpp_minimal_service/environment/ament_prefix_path.sh
[4.108s] -- Symlinking: /ros_ws/joy_motion_ws/ros2_ws/install/examples_rclcpp_minimal_service/share/examples_rclcpp_minimal_service/environment/ament_prefix_path.dsv
[4.122s] -- Symlinking: /ros_ws/joy_motion_ws/ros2_ws/install/examples_rclcpp_minimal_service/share/examples_rclcpp_minimal_service/environment/path.sh
[4.133s] -- Symlinking: /ros_ws/joy_motion_ws/ros2_ws/install/examples_rclcpp_minimal_service/share/examples_rclcpp_minimal_service/environment/path.dsv
[4.144s] -- Symlinking: /ros_ws/joy_motion_ws/ros2_ws/install/examples_rclcpp_minimal_service/share/examples_rclcpp_minimal_service/local_setup.bash
[4.156s] -- Symlinking: /ros_ws/joy_motion_ws/ros2_ws/install/examples_rclcpp_minimal_service/share/examples_rclcpp_minimal_service/local_setup.sh
[4.166s] -- Symlinking: /ros_ws/joy_motion_ws/ros2_ws/install/examples_rclcpp_minimal_service/share/examples_rclcpp_minimal_service/local_setup.zsh
[4.177s] -- Symlinking: /ros_ws/joy_motion_ws/ros2_ws/install/examples_rclcpp_minimal_service/share/examples_rclcpp_minimal_service/local_setup.dsv
[4.189s] -- Symlinking: /ros_ws/joy_motion_ws/ros2_ws/install/examples_rclcpp_minimal_service/share/examples_rclcpp_minimal_service/package.dsv
[4.200s] -- Symlinking: /ros_ws/joy_motion_ws/ros2_ws/install/examples_rclcpp_minimal_service/share/ament_index/resource_index/packages/examples_rclcpp_minimal_service
[4.213s] -- Symlinking: /ros_ws/joy_motion_ws/ros2_ws/install/examples_rclcpp_minimal_service/share/examples_rclcpp_minimal_service/cmake/examples_rclcpp_minimal_serviceConfig.cmake
[4.224s] -- Symlinking: /ros_ws/joy_motion_ws/ros2_ws/install/examples_rclcpp_minimal_service/share/examples_rclcpp_minimal_service/cmake/examples_rclcpp_minimal_serviceConfig-version.cmake
[4.235s] -- Symlinking: /ros_ws/joy_motion_ws/ros2_ws/install/examples_rclcpp_minimal_service/share/examples_rclcpp_minimal_service/package.xml
[4.255s] Invoked command in '/ros_ws/joy_motion_ws/ros2_ws/build/examples_rclcpp_minimal_service' returned '0': CMAKE_PREFIX_PATH=/opt/ros/foxy /usr/bin/cmake --install /ros_ws/joy_motion_ws/ros2_ws/build/examples_rclcpp_minimal_service
