[0.019s] Invoking command in '/ros_ws/Aruco_tag_localization/build/turtlebot3': AMENT_PREFIX_PATH=/ros_ws/Aruco_tag_localization/install/turtlebot3_bringup:/ros_ws/Aruco_tag_localization/install/turtlebot3_node:/ros_ws/Aruco_tag_localization/install/turtlebot3_example:/ros_ws/Aruco_tag_localization/install/turtlebot3_teleop:/ros_ws/Aruco_tag_localization/install/turtlebot3_navigation2:/ros_ws/Aruco_tag_localization/install/turtlebot3_msgs:/ros_ws/Aruco_tag_localization/install/turtlebot3_description:/ros_ws/Aruco_tag_localization/install/turtlebot3_cartographer:${AMENT_PREFIX_PATH} CMAKE_PREFIX_PATH=/ros_ws/Aruco_tag_localization/install/turtlebot3_bringup:/ros_ws/Aruco_tag_localization/install/turtlebot3_node:/ros_ws/Aruco_tag_localization/install/turtlebot3_navigation2:/ros_ws/Aruco_tag_localization/install/turtlebot3_msgs:/ros_ws/Aruco_tag_localization/install/turtlebot3_description:/ros_ws/Aruco_tag_localization/install/turtlebot3_cartographer:/opt/ros/foxy LD_LIBRARY_PATH=/ros_ws/Aruco_tag_localization/install/turtlebot3_msgs/lib:${LD_LIBRARY_PATH} PYTHONPATH=/ros_ws/Aruco_tag_localization/build/turtlebot3_example:/ros_ws/Aruco_tag_localization/install/turtlebot3_example/lib/python3.8/site-packages:/ros_ws/Aruco_tag_localization/build/turtlebot3_teleop:/ros_ws/Aruco_tag_localization/install/turtlebot3_teleop/lib/python3.8/site-packages:/ros_ws/Aruco_tag_localization/install/turtlebot3_msgs/lib/python3.8/site-packages:${PYTHONPATH} /usr/bin/cmake /ros_ws/Aruco_tag_localization/src/turtlebot3/turtlebot3 -DAMENT_CMAKE_SYMLINK_INSTALL=1 -DCMAKE_INSTALL_PREFIX=/ros_ws/Aruco_tag_localization/install/turtlebot3
[0.069s] -- The C compiler identification is GNU 9.4.0
[0.111s] -- The CXX compiler identification is GNU 9.4.0
[0.114s] -- Check for working C compiler: /usr/bin/cc
[0.179s] -- Check for working C compiler: /usr/bin/cc -- works
[0.180s] -- Detecting C compiler ABI info
[0.271s] -- Detecting C compiler ABI info - done
[0.283s] -- Detecting C compile features
[0.284s] -- Detecting C compile features - done
[0.287s] -- Check for working CXX compiler: /usr/bin/c++
[0.356s] -- Check for working CXX compiler: /usr/bin/c++ -- works
[0.356s] -- Detecting CXX compiler ABI info
[0.442s] -- Detecting CXX compiler ABI info - done
[0.452s] -- Detecting CXX compile features
[0.452s] -- Detecting CXX compile features - done
[0.454s] -- Found ament_cmake: 0.9.12 (/opt/ros/foxy/share/ament_cmake/cmake)
[0.477s] -- Found PythonInterp: /usr/bin/python3 (found suitable version "3.8.10", minimum required is "3") 
[0.477s] -- Using PYTHON_EXECUTABLE: /usr/bin/python3
[0.577s] -- Override CMake install command with custom implementation using symlinks instead of copying resources
[0.636s] -- Configuring done
[0.637s] -- Generating done
[0.637s] -- Build files have been written to: /ros_ws/Aruco_tag_localization/build/turtlebot3
[0.642s] Invoked command in '/ros_ws/Aruco_tag_localization/build/turtlebot3' returned '0': AMENT_PREFIX_PATH=/ros_ws/Aruco_tag_localization/install/turtlebot3_bringup:/ros_ws/Aruco_tag_localization/install/turtlebot3_node:/ros_ws/Aruco_tag_localization/install/turtlebot3_example:/ros_ws/Aruco_tag_localization/install/turtlebot3_teleop:/ros_ws/Aruco_tag_localization/install/turtlebot3_navigation2:/ros_ws/Aruco_tag_localization/install/turtlebot3_msgs:/ros_ws/Aruco_tag_localization/install/turtlebot3_description:/ros_ws/Aruco_tag_localization/install/turtlebot3_cartographer:${AMENT_PREFIX_PATH} CMAKE_PREFIX_PATH=/ros_ws/Aruco_tag_localization/install/turtlebot3_bringup:/ros_ws/Aruco_tag_localization/install/turtlebot3_node:/ros_ws/Aruco_tag_localization/install/turtlebot3_navigation2:/ros_ws/Aruco_tag_localization/install/turtlebot3_msgs:/ros_ws/Aruco_tag_localization/install/turtlebot3_description:/ros_ws/Aruco_tag_localization/install/turtlebot3_cartographer:/opt/ros/foxy LD_LIBRARY_PATH=/ros_ws/Aruco_tag_localization/install/turtlebot3_msgs/lib:${LD_LIBRARY_PATH} PYTHONPATH=/ros_ws/Aruco_tag_localization/build/turtlebot3_example:/ros_ws/Aruco_tag_localization/install/turtlebot3_example/lib/python3.8/site-packages:/ros_ws/Aruco_tag_localization/build/turtlebot3_teleop:/ros_ws/Aruco_tag_localization/install/turtlebot3_teleop/lib/python3.8/site-packages:/ros_ws/Aruco_tag_localization/install/turtlebot3_msgs/lib/python3.8/site-packages:${PYTHONPATH} /usr/bin/cmake /ros_ws/Aruco_tag_localization/src/turtlebot3/turtlebot3 -DAMENT_CMAKE_SYMLINK_INSTALL=1 -DCMAKE_INSTALL_PREFIX=/ros_ws/Aruco_tag_localization/install/turtlebot3
[0.642s] Invoking command in '/ros_ws/Aruco_tag_localization/build/turtlebot3': AMENT_PREFIX_PATH=/ros_ws/Aruco_tag_localization/install/turtlebot3_bringup:/ros_ws/Aruco_tag_localization/install/turtlebot3_node:/ros_ws/Aruco_tag_localization/install/turtlebot3_example:/ros_ws/Aruco_tag_localization/install/turtlebot3_teleop:/ros_ws/Aruco_tag_localization/install/turtlebot3_navigation2:/ros_ws/Aruco_tag_localization/install/turtlebot3_msgs:/ros_ws/Aruco_tag_localization/install/turtlebot3_description:/ros_ws/Aruco_tag_localization/install/turtlebot3_cartographer:${AMENT_PREFIX_PATH} CMAKE_PREFIX_PATH=/ros_ws/Aruco_tag_localization/install/turtlebot3_bringup:/ros_ws/Aruco_tag_localization/install/turtlebot3_node:/ros_ws/Aruco_tag_localization/install/turtlebot3_navigation2:/ros_ws/Aruco_tag_localization/install/turtlebot3_msgs:/ros_ws/Aruco_tag_localization/install/turtlebot3_description:/ros_ws/Aruco_tag_localization/install/turtlebot3_cartographer:/opt/ros/foxy LD_LIBRARY_PATH=/ros_ws/Aruco_tag_localization/install/turtlebot3_msgs/lib:${LD_LIBRARY_PATH} PYTHONPATH=/ros_ws/Aruco_tag_localization/build/turtlebot3_example:/ros_ws/Aruco_tag_localization/install/turtlebot3_example/lib/python3.8/site-packages:/ros_ws/Aruco_tag_localization/build/turtlebot3_teleop:/ros_ws/Aruco_tag_localization/install/turtlebot3_teleop/lib/python3.8/site-packages:/ros_ws/Aruco_tag_localization/install/turtlebot3_msgs/lib/python3.8/site-packages:${PYTHONPATH} /usr/bin/cmake --build /ros_ws/Aruco_tag_localization/build/turtlebot3 -- -j20 -l20
[0.686s] Invoked command in '/ros_ws/Aruco_tag_localization/build/turtlebot3' returned '0': AMENT_PREFIX_PATH=/ros_ws/Aruco_tag_localization/install/turtlebot3_bringup:/ros_ws/Aruco_tag_localization/install/turtlebot3_node:/ros_ws/Aruco_tag_localization/install/turtlebot3_example:/ros_ws/Aruco_tag_localization/install/turtlebot3_teleop:/ros_ws/Aruco_tag_localization/install/turtlebot3_navigation2:/ros_ws/Aruco_tag_localization/install/turtlebot3_msgs:/ros_ws/Aruco_tag_localization/install/turtlebot3_description:/ros_ws/Aruco_tag_localization/install/turtlebot3_cartographer:${AMENT_PREFIX_PATH} CMAKE_PREFIX_PATH=/ros_ws/Aruco_tag_localization/install/turtlebot3_bringup:/ros_ws/Aruco_tag_localization/install/turtlebot3_node:/ros_ws/Aruco_tag_localization/install/turtlebot3_navigation2:/ros_ws/Aruco_tag_localization/install/turtlebot3_msgs:/ros_ws/Aruco_tag_localization/install/turtlebot3_description:/ros_ws/Aruco_tag_localization/install/turtlebot3_cartographer:/opt/ros/foxy LD_LIBRARY_PATH=/ros_ws/Aruco_tag_localization/install/turtlebot3_msgs/lib:${LD_LIBRARY_PATH} PYTHONPATH=/ros_ws/Aruco_tag_localization/build/turtlebot3_example:/ros_ws/Aruco_tag_localization/install/turtlebot3_example/lib/python3.8/site-packages:/ros_ws/Aruco_tag_localization/build/turtlebot3_teleop:/ros_ws/Aruco_tag_localization/install/turtlebot3_teleop/lib/python3.8/site-packages:/ros_ws/Aruco_tag_localization/install/turtlebot3_msgs/lib/python3.8/site-packages:${PYTHONPATH} /usr/bin/cmake --build /ros_ws/Aruco_tag_localization/build/turtlebot3 -- -j20 -l20
[0.688s] Invoking command in '/ros_ws/Aruco_tag_localization/build/turtlebot3': AMENT_PREFIX_PATH=/ros_ws/Aruco_tag_localization/install/turtlebot3_bringup:/ros_ws/Aruco_tag_localization/install/turtlebot3_node:/ros_ws/Aruco_tag_localization/install/turtlebot3_example:/ros_ws/Aruco_tag_localization/install/turtlebot3_teleop:/ros_ws/Aruco_tag_localization/install/turtlebot3_navigation2:/ros_ws/Aruco_tag_localization/install/turtlebot3_msgs:/ros_ws/Aruco_tag_localization/install/turtlebot3_description:/ros_ws/Aruco_tag_localization/install/turtlebot3_cartographer:${AMENT_PREFIX_PATH} CMAKE_PREFIX_PATH=/ros_ws/Aruco_tag_localization/install/turtlebot3_bringup:/ros_ws/Aruco_tag_localization/install/turtlebot3_node:/ros_ws/Aruco_tag_localization/install/turtlebot3_navigation2:/ros_ws/Aruco_tag_localization/install/turtlebot3_msgs:/ros_ws/Aruco_tag_localization/install/turtlebot3_description:/ros_ws/Aruco_tag_localization/install/turtlebot3_cartographer:/opt/ros/foxy LD_LIBRARY_PATH=/ros_ws/Aruco_tag_localization/install/turtlebot3_msgs/lib:${LD_LIBRARY_PATH} PYTHONPATH=/ros_ws/Aruco_tag_localization/build/turtlebot3_example:/ros_ws/Aruco_tag_localization/install/turtlebot3_example/lib/python3.8/site-packages:/ros_ws/Aruco_tag_localization/build/turtlebot3_teleop:/ros_ws/Aruco_tag_localization/install/turtlebot3_teleop/lib/python3.8/site-packages:/ros_ws/Aruco_tag_localization/install/turtlebot3_msgs/lib/python3.8/site-packages:${PYTHONPATH} /usr/bin/cmake --install /ros_ws/Aruco_tag_localization/build/turtlebot3
[0.699s] -- Install configuration: ""
[0.700s] -- Execute custom install script
[0.700s] -- Symlinking: /ros_ws/Aruco_tag_localization/install/turtlebot3/share/ament_index/resource_index/package_run_dependencies/turtlebot3
[0.710s] -- Symlinking: /ros_ws/Aruco_tag_localization/install/turtlebot3/share/ament_index/resource_index/parent_prefix_path/turtlebot3
[0.716s] -- Symlinking: /ros_ws/Aruco_tag_localization/install/turtlebot3/share/turtlebot3/environment/ament_prefix_path.sh
[0.725s] -- Symlinking: /ros_ws/Aruco_tag_localization/install/turtlebot3/share/turtlebot3/environment/ament_prefix_path.dsv
[0.738s] -- Symlinking: /ros_ws/Aruco_tag_localization/install/turtlebot3/share/turtlebot3/environment/path.sh
[0.750s] -- Symlinking: /ros_ws/Aruco_tag_localization/install/turtlebot3/share/turtlebot3/environment/path.dsv
[0.758s] -- Symlinking: /ros_ws/Aruco_tag_localization/install/turtlebot3/share/turtlebot3/local_setup.bash
[0.768s] -- Symlinking: /ros_ws/Aruco_tag_localization/install/turtlebot3/share/turtlebot3/local_setup.sh
[0.778s] -- Symlinking: /ros_ws/Aruco_tag_localization/install/turtlebot3/share/turtlebot3/local_setup.zsh
[0.788s] -- Symlinking: /ros_ws/Aruco_tag_localization/install/turtlebot3/share/turtlebot3/local_setup.dsv
[0.799s] -- Symlinking: /ros_ws/Aruco_tag_localization/install/turtlebot3/share/turtlebot3/package.dsv
[0.813s] -- Symlinking: /ros_ws/Aruco_tag_localization/install/turtlebot3/share/ament_index/resource_index/packages/turtlebot3
[0.821s] -- Symlinking: /ros_ws/Aruco_tag_localization/install/turtlebot3/share/turtlebot3/cmake/turtlebot3Config.cmake
[0.829s] -- Symlinking: /ros_ws/Aruco_tag_localization/install/turtlebot3/share/turtlebot3/cmake/turtlebot3Config-version.cmake
[0.839s] -- Symlinking: /ros_ws/Aruco_tag_localization/install/turtlebot3/share/turtlebot3/package.xml
[0.852s] Invoked command in '/ros_ws/Aruco_tag_localization/build/turtlebot3' returned '0': AMENT_PREFIX_PATH=/ros_ws/Aruco_tag_localization/install/turtlebot3_bringup:/ros_ws/Aruco_tag_localization/install/turtlebot3_node:/ros_ws/Aruco_tag_localization/install/turtlebot3_example:/ros_ws/Aruco_tag_localization/install/turtlebot3_teleop:/ros_ws/Aruco_tag_localization/install/turtlebot3_navigation2:/ros_ws/Aruco_tag_localization/install/turtlebot3_msgs:/ros_ws/Aruco_tag_localization/install/turtlebot3_description:/ros_ws/Aruco_tag_localization/install/turtlebot3_cartographer:${AMENT_PREFIX_PATH} CMAKE_PREFIX_PATH=/ros_ws/Aruco_tag_localization/install/turtlebot3_bringup:/ros_ws/Aruco_tag_localization/install/turtlebot3_node:/ros_ws/Aruco_tag_localization/install/turtlebot3_navigation2:/ros_ws/Aruco_tag_localization/install/turtlebot3_msgs:/ros_ws/Aruco_tag_localization/install/turtlebot3_description:/ros_ws/Aruco_tag_localization/install/turtlebot3_cartographer:/opt/ros/foxy LD_LIBRARY_PATH=/ros_ws/Aruco_tag_localization/install/turtlebot3_msgs/lib:${LD_LIBRARY_PATH} PYTHONPATH=/ros_ws/Aruco_tag_localization/build/turtlebot3_example:/ros_ws/Aruco_tag_localization/install/turtlebot3_example/lib/python3.8/site-packages:/ros_ws/Aruco_tag_localization/build/turtlebot3_teleop:/ros_ws/Aruco_tag_localization/install/turtlebot3_teleop/lib/python3.8/site-packages:/ros_ws/Aruco_tag_localization/install/turtlebot3_msgs/lib/python3.8/site-packages:${PYTHONPATH} /usr/bin/cmake --install /ros_ws/Aruco_tag_localization/build/turtlebot3
