[2.079s] Invoking command in '/ros_ws/joy_motion_ws/ros2_ws/build/examples_rclpy_minimal_publisher': PYTHONPATH=/ros_ws/joy_motion_ws/ros2_ws/build/examples_rclpy_minimal_publisher/prefix_override:/usr/lib/python3/dist-packages/colcon_core/task/python/colcon_distutils_commands:/ros_ws/joy_motion_ws/ros2_ws/install/examples_rclpy_minimal_publisher/lib/python3.8/site-packages:${PYTHONPATH} /usr/bin/python3 -W ignore:setup.py install is deprecated -W ignore:easy_install command is deprecated setup.py develop --editable --build-directory /ros_ws/joy_motion_ws/ros2_ws/build/examples_rclpy_minimal_publisher/build --no-deps symlink_data
[2.572s] running develop
[2.820s] running egg_info
[2.821s] creating examples_rclpy_minimal_publisher.egg-info
[2.821s] writing examples_rclpy_minimal_publisher.egg-info/PKG-INFO
[2.821s] writing dependency_links to examples_rclpy_minimal_publisher.egg-info/dependency_links.txt
[2.822s] writing entry points to examples_rclpy_minimal_publisher.egg-info/entry_points.txt
[2.822s] writing requirements to examples_rclpy_minimal_publisher.egg-info/requires.txt
[2.822s] writing top-level names to examples_rclpy_minimal_publisher.egg-info/top_level.txt
[2.824s] writing manifest file 'examples_rclpy_minimal_publisher.egg-info/SOURCES.txt'
[2.868s] reading manifest file 'examples_rclpy_minimal_publisher.egg-info/SOURCES.txt'
[2.869s] writing manifest file 'examples_rclpy_minimal_publisher.egg-info/SOURCES.txt'
[2.918s] running build_ext
[2.918s] Creating /ros_ws/joy_motion_ws/ros2_ws/install/examples_rclpy_minimal_publisher/lib/python3.8/site-packages/site.py
[2.921s] Creating /ros_ws/joy_motion_ws/ros2_ws/install/examples_rclpy_minimal_publisher/lib/python3.8/site-packages/examples-rclpy-minimal-publisher.egg-link (link to .)
[2.922s] Installing publisher_local_function script to /ros_ws/joy_motion_ws/ros2_ws/install/examples_rclpy_minimal_publisher/lib/examples_rclpy_minimal_publisher
[2.922s] Installing publisher_member_function script to /ros_ws/joy_motion_ws/ros2_ws/install/examples_rclpy_minimal_publisher/lib/examples_rclpy_minimal_publisher
[2.922s] Installing publisher_old_school script to /ros_ws/joy_motion_ws/ros2_ws/install/examples_rclpy_minimal_publisher/lib/examples_rclpy_minimal_publisher
[2.923s] 
[2.923s] Installed /ros_ws/joy_motion_ws/ros2_ws/build/examples_rclpy_minimal_publisher
[2.923s] running symlink_data
[2.923s] creating /ros_ws/joy_motion_ws/ros2_ws/install/examples_rclpy_minimal_publisher/share/ament_index
[2.923s] creating /ros_ws/joy_motion_ws/ros2_ws/install/examples_rclpy_minimal_publisher/share/ament_index/resource_index
[2.923s] creating /ros_ws/joy_motion_ws/ros2_ws/install/examples_rclpy_minimal_publisher/share/ament_index/resource_index/packages
[2.923s] symbolically linking /ros_ws/joy_motion_ws/ros2_ws/build/examples_rclpy_minimal_publisher/resource/examples_rclpy_minimal_publisher -> /ros_ws/joy_motion_ws/ros2_ws/install/examples_rclpy_minimal_publisher/share/ament_index/resource_index/packages
[2.923s] symbolically linking /ros_ws/joy_motion_ws/ros2_ws/build/examples_rclpy_minimal_publisher/package.xml -> /ros_ws/joy_motion_ws/ros2_ws/install/examples_rclpy_minimal_publisher/share/examples_rclpy_minimal_publisher
[3.002s] Invoked command in '/ros_ws/joy_motion_ws/ros2_ws/build/examples_rclpy_minimal_publisher' returned '0': PYTHONPATH=/ros_ws/joy_motion_ws/ros2_ws/build/examples_rclpy_minimal_publisher/prefix_override:/usr/lib/python3/dist-packages/colcon_core/task/python/colcon_distutils_commands:/ros_ws/joy_motion_ws/ros2_ws/install/examples_rclpy_minimal_publisher/lib/python3.8/site-packages:${PYTHONPATH} /usr/bin/python3 -W ignore:setup.py install is deprecated -W ignore:easy_install command is deprecated setup.py develop --editable --build-directory /ros_ws/joy_motion_ws/ros2_ws/build/examples_rclpy_minimal_publisher/build --no-deps symlink_data
