[0.037s] Invoking command in '/ros_ws/Aruco_tag_localization/build/turtlebot3_node': AMENT_PREFIX_PATH=/ros_ws/Aruco_tag_localization/install/turtlebot3_msgs:${AMENT_PREFIX_PATH} CMAKE_PREFIX_PATH=/ros_ws/Aruco_tag_localization/install/turtlebot3_msgs:/opt/ros/foxy LD_LIBRARY_PATH=/ros_ws/Aruco_tag_localization/install/turtlebot3_msgs/lib:${LD_LIBRARY_PATH} PYTHONPATH=/ros_ws/Aruco_tag_localization/install/turtlebot3_msgs/lib/python3.8/site-packages:${PYTHONPATH} /usr/bin/cmake /ros_ws/Aruco_tag_localization/src/turtlebot3/turtlebot3_node -DAMENT_CMAKE_SYMLINK_INSTALL=1 -DCMAKE_INSTALL_PREFIX=/ros_ws/Aruco_tag_localization/install/turtlebot3_node
[0.229s] -- The C compiler identification is GNU 9.4.0
[0.229s] -- The CXX compiler identification is GNU 9.4.0
[0.229s] -- Check for working C compiler: /usr/bin/cc
[0.242s] -- Check for working C compiler: /usr/bin/cc -- works
[0.243s] -- Detecting C compiler ABI info
[0.324s] -- Detecting C compiler ABI info - done
[0.335s] -- Detecting C compile features
[0.335s] -- Detecting C compile features - done
[0.338s] -- Check for working CXX compiler: /usr/bin/c++
[0.432s] -- Check for working CXX compiler: /usr/bin/c++ -- works
[0.434s] -- Detecting CXX compiler ABI info
[0.527s] -- Detecting CXX compiler ABI info - done
[0.543s] -- Detecting CXX compile features
[0.543s] -- Detecting CXX compile features - done
[0.548s] -- Found ament_cmake: 0.9.12 (/opt/ros/foxy/share/ament_cmake/cmake)
[0.581s] -- Found PythonInterp: /usr/bin/python3 (found suitable version "3.8.10", minimum required is "3") 
[0.581s] -- Using PYTHON_EXECUTABLE: /usr/bin/python3
[0.728s] -- Override CMake install command with custom implementation using symlinks instead of copying resources
[0.761s] -- Found dynamixel_sdk: 3.7.40 (/opt/ros/foxy/share/dynamixel_sdk/cmake)
[0.766s] -- Found geometry_msgs: 2.0.5 (/opt/ros/foxy/share/geometry_msgs/cmake)
[0.796s] -- Using all available rosidl_typesupport_c: rosidl_typesupport_fastrtps_c;rosidl_typesupport_introspection_c
[0.802s] -- Found rosidl_adapter: 1.3.1 (/opt/ros/foxy/share/rosidl_adapter/cmake)
[0.912s] -- Found OpenSSL: /usr/lib/x86_64-linux-gnu/libcrypto.so (found version "1.1.1f")  
[0.950s] -- Found FastRTPS: /opt/ros/foxy/include  
[1.053s] -- Using all available rosidl_typesupport_cpp: rosidl_typesupport_fastrtps_cpp;rosidl_typesupport_introspection_cpp
[1.137s] -- Found message_filters: 3.2.7 (/opt/ros/foxy/share/message_filters/cmake)
[1.149s] -- Found nav_msgs: 2.0.5 (/opt/ros/foxy/share/nav_msgs/cmake)
[1.220s] -- Found rclcpp: 2.4.3 (/opt/ros/foxy/share/rclcpp/cmake)
[1.280s] -- Found rmw_implementation_cmake: 1.0.4 (/opt/ros/foxy/share/rmw_implementation_cmake/cmake)
[1.283s] -- Using RMW implementation 'rmw_fastrtps_cpp' as default
[1.284s] -- Looking for pthread.h
[1.374s] -- Looking for pthread.h - found
[1.374s] -- Performing Test CMAKE_HAVE_LIBC_PTHREAD
[1.457s] -- Performing Test CMAKE_HAVE_LIBC_PTHREAD - Failed
[1.457s] -- Looking for pthread_create in pthreads
[1.526s] -- Looking for pthread_create in pthreads - not found
[1.527s] -- Looking for pthread_create in pthread
[1.607s] -- Looking for pthread_create in pthread - found
[1.608s] -- Found Threads: TRUE  
[1.735s] -- Found sensor_msgs: 2.0.5 (/opt/ros/foxy/share/sensor_msgs/cmake)
[1.797s] -- Found std_srvs: 2.0.5 (/opt/ros/foxy/share/std_srvs/cmake)
[1.811s] -- Found tf2: 0.13.14 (/opt/ros/foxy/share/tf2/cmake)
[1.821s] -- Found tf2_ros: 0.13.14 (/opt/ros/foxy/share/tf2_ros/cmake)
[2.122s] -- Found turtlebot3_msgs: 2.2.1 (/ros_ws/Aruco_tag_localization/install/turtlebot3_msgs/share/turtlebot3_msgs/cmake)
[2.250s] -- Configuring done
[2.270s] -- Generating done
[2.274s] -- Build files have been written to: /ros_ws/Aruco_tag_localization/build/turtlebot3_node
[2.282s] Invoked command in '/ros_ws/Aruco_tag_localization/build/turtlebot3_node' returned '0': AMENT_PREFIX_PATH=/ros_ws/Aruco_tag_localization/install/turtlebot3_msgs:${AMENT_PREFIX_PATH} CMAKE_PREFIX_PATH=/ros_ws/Aruco_tag_localization/install/turtlebot3_msgs:/opt/ros/foxy LD_LIBRARY_PATH=/ros_ws/Aruco_tag_localization/install/turtlebot3_msgs/lib:${LD_LIBRARY_PATH} PYTHONPATH=/ros_ws/Aruco_tag_localization/install/turtlebot3_msgs/lib/python3.8/site-packages:${PYTHONPATH} /usr/bin/cmake /ros_ws/Aruco_tag_localization/src/turtlebot3/turtlebot3_node -DAMENT_CMAKE_SYMLINK_INSTALL=1 -DCMAKE_INSTALL_PREFIX=/ros_ws/Aruco_tag_localization/install/turtlebot3_node
[2.286s] Invoking command in '/ros_ws/Aruco_tag_localization/build/turtlebot3_node': AMENT_PREFIX_PATH=/ros_ws/Aruco_tag_localization/install/turtlebot3_msgs:${AMENT_PREFIX_PATH} CMAKE_PREFIX_PATH=/ros_ws/Aruco_tag_localization/install/turtlebot3_msgs:/opt/ros/foxy LD_LIBRARY_PATH=/ros_ws/Aruco_tag_localization/install/turtlebot3_msgs/lib:${LD_LIBRARY_PATH} PYTHONPATH=/ros_ws/Aruco_tag_localization/install/turtlebot3_msgs/lib/python3.8/site-packages:${PYTHONPATH} /usr/bin/cmake --build /ros_ws/Aruco_tag_localization/build/turtlebot3_node -- -j20 -l20
[2.334s] [35m[1mScanning dependencies of target turtlebot3_node_lib[0m
[2.431s] [  7%] [32mBuilding CXX object CMakeFiles/turtlebot3_node_lib.dir/src/devices/motor_power.cpp.o[0m
[2.435s] [ 14%] [32mBuilding CXX object CMakeFiles/turtlebot3_node_lib.dir/src/sensors/battery_state.cpp.o[0m
[2.435s] [ 28%] [32mBuilding CXX object CMakeFiles/turtlebot3_node_lib.dir/src/devices/sound.cpp.o[0m
[2.435s] [ 28%] [32mBuilding CXX object CMakeFiles/turtlebot3_node_lib.dir/src/devices/reset.cpp.o[0m
[2.438s] [ 57%] [32mBuilding CXX object CMakeFiles/turtlebot3_node_lib.dir/src/sensors/imu.cpp.o[0m
[2.439s] [ 57%] [32mBuilding CXX object CMakeFiles/turtlebot3_node_lib.dir/src/dynamixel_sdk_wrapper.cpp.o[0m
[2.439s] [ 57%] [32mBuilding CXX object CMakeFiles/turtlebot3_node_lib.dir/src/diff_drive_controller.cpp.o[0m
[2.439s] [ 64%] [32mBuilding CXX object CMakeFiles/turtlebot3_node_lib.dir/src/sensors/joint_state.cpp.o[0m
[2.439s] [ 57%] [32mBuilding CXX object CMakeFiles/turtlebot3_node_lib.dir/src/odometry.cpp.o[0m
[2.439s] [ 71%] [32mBuilding CXX object CMakeFiles/turtlebot3_node_lib.dir/src/turtlebot3.cpp.o[0m
[2.440s] [ 78%] [32mBuilding CXX object CMakeFiles/turtlebot3_node_lib.dir/src/sensors/sensor_state.cpp.o[0m
[10.550s] [ 85%] [32m[1mLinking CXX static library libturtlebot3_node_lib.a[0m
[10.727s] [ 85%] Built target turtlebot3_node_lib
[10.735s] [35m[1mScanning dependencies of target turtlebot3_ros[0m
[10.764s] [ 92%] [32mBuilding CXX object CMakeFiles/turtlebot3_ros.dir/src/node_main.cpp.o[0m
[11.790s] [100%] [32m[1mLinking CXX executable turtlebot3_ros[0m
[12.295s] [100%] Built target turtlebot3_ros
[12.303s] Invoked command in '/ros_ws/Aruco_tag_localization/build/turtlebot3_node' returned '0': AMENT_PREFIX_PATH=/ros_ws/Aruco_tag_localization/install/turtlebot3_msgs:${AMENT_PREFIX_PATH} CMAKE_PREFIX_PATH=/ros_ws/Aruco_tag_localization/install/turtlebot3_msgs:/opt/ros/foxy LD_LIBRARY_PATH=/ros_ws/Aruco_tag_localization/install/turtlebot3_msgs/lib:${LD_LIBRARY_PATH} PYTHONPATH=/ros_ws/Aruco_tag_localization/install/turtlebot3_msgs/lib/python3.8/site-packages:${PYTHONPATH} /usr/bin/cmake --build /ros_ws/Aruco_tag_localization/build/turtlebot3_node -- -j20 -l20
[12.303s] Invoking command in '/ros_ws/Aruco_tag_localization/build/turtlebot3_node': AMENT_PREFIX_PATH=/ros_ws/Aruco_tag_localization/install/turtlebot3_msgs:${AMENT_PREFIX_PATH} CMAKE_PREFIX_PATH=/ros_ws/Aruco_tag_localization/install/turtlebot3_msgs:/opt/ros/foxy LD_LIBRARY_PATH=/ros_ws/Aruco_tag_localization/install/turtlebot3_msgs/lib:${LD_LIBRARY_PATH} PYTHONPATH=/ros_ws/Aruco_tag_localization/install/turtlebot3_msgs/lib/python3.8/site-packages:${PYTHONPATH} /usr/bin/cmake --install /ros_ws/Aruco_tag_localization/build/turtlebot3_node
[12.312s] -- Install configuration: ""
[12.313s] -- Execute custom install script
[12.313s] -- Symlinking: /ros_ws/Aruco_tag_localization/install/turtlebot3_node/share/turtlebot3_node/param/burger.yaml
[12.322s] -- Symlinking: /ros_ws/Aruco_tag_localization/install/turtlebot3_node/share/turtlebot3_node/param/waffle.yaml
[12.334s] -- Symlinking: /ros_ws/Aruco_tag_localization/install/turtlebot3_node/share/turtlebot3_node/param/waffle_pi.yaml
[12.344s] -- Symlinking: /ros_ws/Aruco_tag_localization/install/turtlebot3_node/lib/turtlebot3_node/turtlebot3_ros
[12.351s] -- Symlinking: /ros_ws/Aruco_tag_localization/install/turtlebot3_node/share/ament_index/resource_index/package_run_dependencies/turtlebot3_node
[12.357s] -- Symlinking: /ros_ws/Aruco_tag_localization/install/turtlebot3_node/share/ament_index/resource_index/parent_prefix_path/turtlebot3_node
[12.362s] -- Symlinking: /ros_ws/Aruco_tag_localization/install/turtlebot3_node/share/turtlebot3_node/environment/ament_prefix_path.sh
[12.370s] -- Symlinking: /ros_ws/Aruco_tag_localization/install/turtlebot3_node/share/turtlebot3_node/environment/ament_prefix_path.dsv
[12.377s] -- Symlinking: /ros_ws/Aruco_tag_localization/install/turtlebot3_node/share/turtlebot3_node/environment/path.sh
[12.383s] -- Symlinking: /ros_ws/Aruco_tag_localization/install/turtlebot3_node/share/turtlebot3_node/environment/path.dsv
[12.390s] -- Symlinking: /ros_ws/Aruco_tag_localization/install/turtlebot3_node/share/turtlebot3_node/local_setup.bash
[12.396s] -- Symlinking: /ros_ws/Aruco_tag_localization/install/turtlebot3_node/share/turtlebot3_node/local_setup.sh
[12.402s] -- Symlinking: /ros_ws/Aruco_tag_localization/install/turtlebot3_node/share/turtlebot3_node/local_setup.zsh
[12.408s] -- Symlinking: /ros_ws/Aruco_tag_localization/install/turtlebot3_node/share/turtlebot3_node/local_setup.dsv
[12.420s] -- Symlinking: /ros_ws/Aruco_tag_localization/install/turtlebot3_node/share/turtlebot3_node/package.dsv
[12.430s] -- Symlinking: /ros_ws/Aruco_tag_localization/install/turtlebot3_node/share/ament_index/resource_index/packages/turtlebot3_node
[12.435s] -- Symlinking: /ros_ws/Aruco_tag_localization/install/turtlebot3_node/share/turtlebot3_node/cmake/ament_cmake_export_include_directories-extras.cmake
[12.440s] -- Symlinking: /ros_ws/Aruco_tag_localization/install/turtlebot3_node/share/turtlebot3_node/cmake/turtlebot3_nodeConfig.cmake
[12.446s] -- Symlinking: /ros_ws/Aruco_tag_localization/install/turtlebot3_node/share/turtlebot3_node/cmake/turtlebot3_nodeConfig-version.cmake
[12.455s] -- Symlinking: /ros_ws/Aruco_tag_localization/install/turtlebot3_node/share/turtlebot3_node/package.xml
[12.466s] Invoked command in '/ros_ws/Aruco_tag_localization/build/turtlebot3_node' returned '0': AMENT_PREFIX_PATH=/ros_ws/Aruco_tag_localization/install/turtlebot3_msgs:${AMENT_PREFIX_PATH} CMAKE_PREFIX_PATH=/ros_ws/Aruco_tag_localization/install/turtlebot3_msgs:/opt/ros/foxy LD_LIBRARY_PATH=/ros_ws/Aruco_tag_localization/install/turtlebot3_msgs/lib:${LD_LIBRARY_PATH} PYTHONPATH=/ros_ws/Aruco_tag_localization/install/turtlebot3_msgs/lib/python3.8/site-packages:${PYTHONPATH} /usr/bin/cmake --install /ros_ws/Aruco_tag_localization/build/turtlebot3_node
