[0.656s] Invoking command in '/ros_ws/Aruco_tag_localization/build/turtlebot3_example': AMENT_PREFIX_PATH=/ros_ws/Aruco_tag_localization/install/turtlebot3_msgs:${AMENT_PREFIX_PATH} CMAKE_PREFIX_PATH=/ros_ws/Aruco_tag_localization/install/turtlebot3_msgs LD_LIBRARY_PATH=/ros_ws/Aruco_tag_localization/install/turtlebot3_msgs/lib:${LD_LIBRARY_PATH} PYTHONPATH=/ros_ws/Aruco_tag_localization/build/turtlebot3_example/prefix_override:/usr/lib/python3/dist-packages/colcon_core/task/python/colcon_distutils_commands:/ros_ws/Aruco_tag_localization/install/turtlebot3_example/lib/python3.8/site-packages:/ros_ws/Aruco_tag_localization/install/turtlebot3_msgs/lib/python3.8/site-packages:${PYTHONPATH} /usr/bin/python3 -W ignore:setup.py install is deprecated -W ignore:easy_install command is deprecated setup.py develop --editable --build-directory /ros_ws/Aruco_tag_localization/build/turtlebot3_example/build --no-deps symlink_data
[0.860s] running develop
[0.987s] running egg_info
[0.988s] creating turtlebot3_example.egg-info
[0.988s] writing turtlebot3_example.egg-info/PKG-INFO
[0.988s] writing dependency_links to turtlebot3_example.egg-info/dependency_links.txt
[0.988s] writing entry points to turtlebot3_example.egg-info/entry_points.txt
[0.988s] writing requirements to turtlebot3_example.egg-info/requires.txt
[0.988s] writing top-level names to turtlebot3_example.egg-info/top_level.txt
[0.989s] writing manifest file 'turtlebot3_example.egg-info/SOURCES.txt'
[1.014s] reading manifest file 'turtlebot3_example.egg-info/SOURCES.txt'
[1.014s] writing manifest file 'turtlebot3_example.egg-info/SOURCES.txt'
[1.040s] running build_ext
[1.040s] Creating /ros_ws/Aruco_tag_localization/install/turtlebot3_example/lib/python3.8/site-packages/site.py
[1.042s] Creating /ros_ws/Aruco_tag_localization/install/turtlebot3_example/lib/python3.8/site-packages/turtlebot3-example.egg-link (link to .)
[1.043s] Installing turtlebot3_obstacle_detection script to /ros_ws/Aruco_tag_localization/install/turtlebot3_example/lib/turtlebot3_example
[1.043s] Installing turtlebot3_patrol_client script to /ros_ws/Aruco_tag_localization/install/turtlebot3_example/lib/turtlebot3_example
[1.043s] Installing turtlebot3_patrol_server script to /ros_ws/Aruco_tag_localization/install/turtlebot3_example/lib/turtlebot3_example
[1.043s] Installing turtlebot3_position_control script to /ros_ws/Aruco_tag_localization/install/turtlebot3_example/lib/turtlebot3_example
[1.043s] 
[1.043s] Installed /ros_ws/Aruco_tag_localization/build/turtlebot3_example
[1.044s] running symlink_data
[1.044s] creating /ros_ws/Aruco_tag_localization/install/turtlebot3_example/share/ament_index
[1.044s] creating /ros_ws/Aruco_tag_localization/install/turtlebot3_example/share/ament_index/resource_index
[1.044s] creating /ros_ws/Aruco_tag_localization/install/turtlebot3_example/share/ament_index/resource_index/packages
[1.044s] symbolically linking /ros_ws/Aruco_tag_localization/build/turtlebot3_example/resource/turtlebot3_example -> /ros_ws/Aruco_tag_localization/install/turtlebot3_example/share/ament_index/resource_index/packages
[1.044s] symbolically linking /ros_ws/Aruco_tag_localization/build/turtlebot3_example/package.xml -> /ros_ws/Aruco_tag_localization/install/turtlebot3_example/share/turtlebot3_example
[1.066s] Invoked command in '/ros_ws/Aruco_tag_localization/build/turtlebot3_example' returned '0': AMENT_PREFIX_PATH=/ros_ws/Aruco_tag_localization/install/turtlebot3_msgs:${AMENT_PREFIX_PATH} CMAKE_PREFIX_PATH=/ros_ws/Aruco_tag_localization/install/turtlebot3_msgs LD_LIBRARY_PATH=/ros_ws/Aruco_tag_localization/install/turtlebot3_msgs/lib:${LD_LIBRARY_PATH} PYTHONPATH=/ros_ws/Aruco_tag_localization/build/turtlebot3_example/prefix_override:/usr/lib/python3/dist-packages/colcon_core/task/python/colcon_distutils_commands:/ros_ws/Aruco_tag_localization/install/turtlebot3_example/lib/python3.8/site-packages:/ros_ws/Aruco_tag_localization/install/turtlebot3_msgs/lib/python3.8/site-packages:${PYTHONPATH} /usr/bin/python3 -W ignore:setup.py install is deprecated -W ignore:easy_install command is deprecated setup.py develop --editable --build-directory /ros_ws/Aruco_tag_localization/build/turtlebot3_example/build --no-deps symlink_data
