[0.484s] Invoking command in '/ros_ws/build/joy_to_motion': PYTHONPATH=/ros_ws/build/joy_to_motion/prefix_override:/usr/lib/python3/dist-packages/colcon_core/task/python/colcon_distutils_commands:/ros_ws/install/joy_to_motion/lib/python3.8/site-packages:${PYTHONPATH} /usr/bin/python3 -W ignore:setup.py install is deprecated -W ignore:easy_install command is deprecated setup.py develop --editable --build-directory /ros_ws/build/joy_to_motion/build --no-deps symlink_data
[0.606s] running develop
[0.661s] running egg_info
[0.661s] creating joy_to_motion.egg-info
[0.662s] writing joy_to_motion.egg-info/PKG-INFO
[0.662s] writing dependency_links to joy_to_motion.egg-info/dependency_links.txt
[0.662s] writing entry points to joy_to_motion.egg-info/entry_points.txt
[0.662s] writing requirements to joy_to_motion.egg-info/requires.txt
[0.662s] writing top-level names to joy_to_motion.egg-info/top_level.txt
[0.662s] writing manifest file 'joy_to_motion.egg-info/SOURCES.txt'
[0.680s] reading manifest file 'joy_to_motion.egg-info/SOURCES.txt'
[0.680s] writing manifest file 'joy_to_motion.egg-info/SOURCES.txt'
[0.699s] running build_ext
[0.699s] Creating /ros_ws/install/joy_to_motion/lib/python3.8/site-packages/site.py
[0.700s] Creating /ros_ws/install/joy_to_motion/lib/python3.8/site-packages/joy-to-motion.egg-link (link to .)
[0.701s] Installing joy_to_motion script to /ros_ws/install/joy_to_motion/lib/joy_to_motion
[0.701s] 
[0.701s] Installed /ros_ws/build/joy_to_motion
[0.701s] running symlink_data
[0.702s] creating /ros_ws/install/joy_to_motion/share/ament_index
[0.702s] creating /ros_ws/install/joy_to_motion/share/ament_index/resource_index
[0.702s] creating /ros_ws/install/joy_to_motion/share/ament_index/resource_index/packages
[0.702s] symbolically linking /ros_ws/build/joy_to_motion/resource/joy_to_motion -> /ros_ws/install/joy_to_motion/share/ament_index/resource_index/packages
[0.702s] symbolically linking /ros_ws/build/joy_to_motion/package.xml -> /ros_ws/install/joy_to_motion/share/joy_to_motion
[0.723s] Invoked command in '/ros_ws/build/joy_to_motion' returned '0': PYTHONPATH=/ros_ws/build/joy_to_motion/prefix_override:/usr/lib/python3/dist-packages/colcon_core/task/python/colcon_distutils_commands:/ros_ws/install/joy_to_motion/lib/python3.8/site-packages:${PYTHONPATH} /usr/bin/python3 -W ignore:setup.py install is deprecated -W ignore:easy_install command is deprecated setup.py develop --editable --build-directory /ros_ws/build/joy_to_motion/build --no-deps symlink_data
