[2.072s] Invoking command in '/ros_ws/joy_motion_ws/ros2_ws/build/examples_rclpy_executors': PYTHONPATH=/ros_ws/joy_motion_ws/ros2_ws/build/examples_rclpy_executors/prefix_override:/usr/lib/python3/dist-packages/colcon_core/task/python/colcon_distutils_commands:/ros_ws/joy_motion_ws/ros2_ws/install/examples_rclpy_executors/lib/python3.8/site-packages:${PYTHONPATH} /usr/bin/python3 -W ignore:setup.py install is deprecated -W ignore:easy_install command is deprecated setup.py develop --editable --build-directory /ros_ws/joy_motion_ws/ros2_ws/build/examples_rclpy_executors/build --no-deps symlink_data
[2.482s] running develop
[2.730s] running egg_info
[2.731s] creating examples_rclpy_executors.egg-info
[2.731s] writing examples_rclpy_executors.egg-info/PKG-INFO
[2.731s] writing dependency_links to examples_rclpy_executors.egg-info/dependency_links.txt
[2.731s] writing entry points to examples_rclpy_executors.egg-info/entry_points.txt
[2.731s] writing requirements to examples_rclpy_executors.egg-info/requires.txt
[2.733s] writing top-level names to examples_rclpy_executors.egg-info/top_level.txt
[2.733s] writing manifest file 'examples_rclpy_executors.egg-info/SOURCES.txt'
[2.808s] reading manifest file 'examples_rclpy_executors.egg-info/SOURCES.txt'
[2.814s] writing manifest file 'examples_rclpy_executors.egg-info/SOURCES.txt'
[2.905s] running build_ext
[2.905s] Creating /ros_ws/joy_motion_ws/ros2_ws/install/examples_rclpy_executors/lib/python3.8/site-packages/site.py
[2.918s] Creating /ros_ws/joy_motion_ws/ros2_ws/install/examples_rclpy_executors/lib/python3.8/site-packages/examples-rclpy-executors.egg-link (link to .)
[2.933s] Installing callback_group script to /ros_ws/joy_motion_ws/ros2_ws/install/examples_rclpy_executors/lib/examples_rclpy_executors
[2.934s] Installing composed script to /ros_ws/joy_motion_ws/ros2_ws/install/examples_rclpy_executors/lib/examples_rclpy_executors
[2.934s] Installing custom_callback_group script to /ros_ws/joy_motion_ws/ros2_ws/install/examples_rclpy_executors/lib/examples_rclpy_executors
[2.934s] Installing custom_executor script to /ros_ws/joy_motion_ws/ros2_ws/install/examples_rclpy_executors/lib/examples_rclpy_executors
[2.934s] Installing listener script to /ros_ws/joy_motion_ws/ros2_ws/install/examples_rclpy_executors/lib/examples_rclpy_executors
[2.934s] Installing talker script to /ros_ws/joy_motion_ws/ros2_ws/install/examples_rclpy_executors/lib/examples_rclpy_executors
[2.934s] 
[2.934s] Installed /ros_ws/joy_motion_ws/ros2_ws/build/examples_rclpy_executors
[2.934s] running symlink_data
[2.934s] creating /ros_ws/joy_motion_ws/ros2_ws/install/examples_rclpy_executors/share/ament_index
[2.934s] creating /ros_ws/joy_motion_ws/ros2_ws/install/examples_rclpy_executors/share/ament_index/resource_index
[2.935s] creating /ros_ws/joy_motion_ws/ros2_ws/install/examples_rclpy_executors/share/ament_index/resource_index/packages
[2.935s] symbolically linking /ros_ws/joy_motion_ws/ros2_ws/build/examples_rclpy_executors/resource/examples_rclpy_executors -> /ros_ws/joy_motion_ws/ros2_ws/install/examples_rclpy_executors/share/ament_index/resource_index/packages
[2.935s] symbolically linking /ros_ws/joy_motion_ws/ros2_ws/build/examples_rclpy_executors/package.xml -> /ros_ws/joy_motion_ws/ros2_ws/install/examples_rclpy_executors/share/examples_rclpy_executors
[3.000s] Invoked command in '/ros_ws/joy_motion_ws/ros2_ws/build/examples_rclpy_executors' returned '0': PYTHONPATH=/ros_ws/joy_motion_ws/ros2_ws/build/examples_rclpy_executors/prefix_override:/usr/lib/python3/dist-packages/colcon_core/task/python/colcon_distutils_commands:/ros_ws/joy_motion_ws/ros2_ws/install/examples_rclpy_executors/lib/python3.8/site-packages:${PYTHONPATH} /usr/bin/python3 -W ignore:setup.py install is deprecated -W ignore:easy_install command is deprecated setup.py develop --editable --build-directory /ros_ws/joy_motion_ws/ros2_ws/build/examples_rclpy_executors/build --no-deps symlink_data
