[0.489s] Invoking command in '/ros_ws/build/navigation': PYTHONPATH=/ros_ws/build/navigation/prefix_override:/usr/lib/python3/dist-packages/colcon_core/task/python/colcon_distutils_commands:/ros_ws/install/navigation/lib/python3.8/site-packages:${PYTHONPATH} /usr/bin/python3 -W ignore:setup.py install is deprecated -W ignore:easy_install command is deprecated setup.py develop --editable --build-directory /ros_ws/build/navigation/build --no-deps symlink_data
[0.607s] running develop
[0.664s] running egg_info
[0.664s] creating navigation.egg-info
[0.665s] writing navigation.egg-info/PKG-INFO
[0.665s] writing dependency_links to navigation.egg-info/dependency_links.txt
[0.665s] writing entry points to navigation.egg-info/entry_points.txt
[0.665s] writing requirements to navigation.egg-info/requires.txt
[0.665s] writing top-level names to navigation.egg-info/top_level.txt
[0.665s] writing manifest file 'navigation.egg-info/SOURCES.txt'
[0.682s] reading manifest file 'navigation.egg-info/SOURCES.txt'
[0.682s] writing manifest file 'navigation.egg-info/SOURCES.txt'
[0.701s] running build_ext
[0.701s] Creating /ros_ws/install/navigation/lib/python3.8/site-packages/site.py
[0.702s] Creating /ros_ws/install/navigation/lib/python3.8/site-packages/navigation.egg-link (link to .)
[0.703s] Installing mapping_aware script to /ros_ws/install/navigation/lib/navigation
[0.703s] 
[0.703s] Installed /ros_ws/build/navigation
[0.703s] running symlink_data
[0.703s] creating /ros_ws/install/navigation/share/ament_index
[0.703s] creating /ros_ws/install/navigation/share/ament_index/resource_index
[0.703s] creating /ros_ws/install/navigation/share/ament_index/resource_index/packages
[0.703s] symbolically linking /ros_ws/build/navigation/resource/navigation -> /ros_ws/install/navigation/share/ament_index/resource_index/packages
[0.703s] symbolically linking /ros_ws/build/navigation/package.xml -> /ros_ws/install/navigation/share/navigation
[0.724s] Invoked command in '/ros_ws/build/navigation' returned '0': PYTHONPATH=/ros_ws/build/navigation/prefix_override:/usr/lib/python3/dist-packages/colcon_core/task/python/colcon_distutils_commands:/ros_ws/install/navigation/lib/python3.8/site-packages:${PYTHONPATH} /usr/bin/python3 -W ignore:setup.py install is deprecated -W ignore:easy_install command is deprecated setup.py develop --editable --build-directory /ros_ws/build/navigation/build --no-deps symlink_data
