[1.519s] Invoking command in '/ros_ws/joy_motion_ws/ros2_ws/build/ros1_to_ros2_package': PYTHONPATH=/ros_ws/joy_motion_ws/ros2_ws/build/ros1_to_ros2_package/prefix_override:/usr/lib/python3/dist-packages/colcon_core/task/python/colcon_distutils_commands:/ros_ws/joy_motion_ws/ros2_ws/install/ros1_to_ros2_package/lib/python3.8/site-packages:${PYTHONPATH} /usr/bin/python3 -W ignore:setup.py install is deprecated -W ignore:easy_install command is deprecated setup.py develop --editable --build-directory /ros_ws/joy_motion_ws/ros2_ws/build/ros1_to_ros2_package/build --no-deps symlink_data
[1.645s] running develop
[1.704s] running egg_info
[1.704s] creating ros1_to_ros2_package.egg-info
[1.704s] writing ros1_to_ros2_package.egg-info/PKG-INFO
[1.705s] writing dependency_links to ros1_to_ros2_package.egg-info/dependency_links.txt
[1.705s] writing entry points to ros1_to_ros2_package.egg-info/entry_points.txt
[1.705s] writing requirements to ros1_to_ros2_package.egg-info/requires.txt
[1.705s] writing top-level names to ros1_to_ros2_package.egg-info/top_level.txt
[1.705s] writing manifest file 'ros1_to_ros2_package.egg-info/SOURCES.txt'
[1.724s] reading manifest file 'ros1_to_ros2_package.egg-info/SOURCES.txt'
[1.724s] writing manifest file 'ros1_to_ros2_package.egg-info/SOURCES.txt'
[1.745s] running build_ext
[1.745s] Creating /ros_ws/joy_motion_ws/ros2_ws/install/ros1_to_ros2_package/lib/python3.8/site-packages/site.py
[1.746s] Creating /ros_ws/joy_motion_ws/ros2_ws/install/ros1_to_ros2_package/lib/python3.8/site-packages/ros1-to-ros2-package.egg-link (link to .)
[1.747s] Installing ros1_ros2 script to /ros_ws/joy_motion_ws/ros2_ws/install/ros1_to_ros2_package/lib/ros1_to_ros2_package
[1.747s] 
[1.747s] Installed /ros_ws/joy_motion_ws/ros2_ws/build/ros1_to_ros2_package
[1.747s] running symlink_data
[1.747s] creating /ros_ws/joy_motion_ws/ros2_ws/install/ros1_to_ros2_package/share/ament_index
[1.747s] creating /ros_ws/joy_motion_ws/ros2_ws/install/ros1_to_ros2_package/share/ament_index/resource_index
[1.747s] creating /ros_ws/joy_motion_ws/ros2_ws/install/ros1_to_ros2_package/share/ament_index/resource_index/packages
[1.747s] symbolically linking /ros_ws/joy_motion_ws/ros2_ws/build/ros1_to_ros2_package/resource/ros1_to_ros2_package -> /ros_ws/joy_motion_ws/ros2_ws/install/ros1_to_ros2_package/share/ament_index/resource_index/packages
[1.747s] symbolically linking /ros_ws/joy_motion_ws/ros2_ws/build/ros1_to_ros2_package/package.xml -> /ros_ws/joy_motion_ws/ros2_ws/install/ros1_to_ros2_package/share/ros1_to_ros2_package
[1.765s] Invoked command in '/ros_ws/joy_motion_ws/ros2_ws/build/ros1_to_ros2_package' returned '0': PYTHONPATH=/ros_ws/joy_motion_ws/ros2_ws/build/ros1_to_ros2_package/prefix_override:/usr/lib/python3/dist-packages/colcon_core/task/python/colcon_distutils_commands:/ros_ws/joy_motion_ws/ros2_ws/install/ros1_to_ros2_package/lib/python3.8/site-packages:${PYTHONPATH} /usr/bin/python3 -W ignore:setup.py install is deprecated -W ignore:easy_install command is deprecated setup.py develop --editable --build-directory /ros_ws/joy_motion_ws/ros2_ws/build/ros1_to_ros2_package/build --no-deps symlink_data
