[1.587s] Invoking command in '/ros_ws/joy_motion_ws/ros2_ws/build/examples_rclpy_executors': PYTHONPATH=/ros_ws/joy_motion_ws/ros2_ws/build/examples_rclpy_executors/prefix_override:/usr/lib/python3/dist-packages/colcon_core/task/python/colcon_distutils_commands:/ros_ws/joy_motion_ws/ros2_ws/install/examples_rclpy_executors/lib/python3.8/site-packages:${PYTHONPATH} /usr/bin/python3 -W ignore:setup.py install is deprecated -W ignore:easy_install command is deprecated setup.py develop --editable --build-directory /ros_ws/joy_motion_ws/ros2_ws/build/examples_rclpy_executors/build --no-deps symlink_data
[1.743s] running develop
[1.811s] running egg_info
[1.811s] writing examples_rclpy_executors.egg-info/PKG-INFO
[1.811s] writing dependency_links to examples_rclpy_executors.egg-info/dependency_links.txt
[1.811s] writing entry points to examples_rclpy_executors.egg-info/entry_points.txt
[1.811s] writing requirements to examples_rclpy_executors.egg-info/requires.txt
[1.811s] writing top-level names to examples_rclpy_executors.egg-info/top_level.txt
[1.831s] reading manifest file 'examples_rclpy_executors.egg-info/SOURCES.txt'
[1.831s] writing manifest file 'examples_rclpy_executors.egg-info/SOURCES.txt'
[1.858s] running build_ext
[1.858s] Creating /ros_ws/joy_motion_ws/ros2_ws/install/examples_rclpy_executors/lib/python3.8/site-packages/examples-rclpy-executors.egg-link (link to .)
[1.859s] Installing callback_group script to /ros_ws/joy_motion_ws/ros2_ws/install/examples_rclpy_executors/lib/examples_rclpy_executors
[1.859s] Installing composed script to /ros_ws/joy_motion_ws/ros2_ws/install/examples_rclpy_executors/lib/examples_rclpy_executors
[1.859s] Installing custom_callback_group script to /ros_ws/joy_motion_ws/ros2_ws/install/examples_rclpy_executors/lib/examples_rclpy_executors
[1.859s] Installing custom_executor script to /ros_ws/joy_motion_ws/ros2_ws/install/examples_rclpy_executors/lib/examples_rclpy_executors
[1.860s] Installing listener script to /ros_ws/joy_motion_ws/ros2_ws/install/examples_rclpy_executors/lib/examples_rclpy_executors
[1.860s] Installing talker script to /ros_ws/joy_motion_ws/ros2_ws/install/examples_rclpy_executors/lib/examples_rclpy_executors
[1.860s] 
[1.860s] Installed /ros_ws/joy_motion_ws/ros2_ws/build/examples_rclpy_executors
[1.861s] running symlink_data
[1.877s] Invoked command in '/ros_ws/joy_motion_ws/ros2_ws/build/examples_rclpy_executors' returned '0': PYTHONPATH=/ros_ws/joy_motion_ws/ros2_ws/build/examples_rclpy_executors/prefix_override:/usr/lib/python3/dist-packages/colcon_core/task/python/colcon_distutils_commands:/ros_ws/joy_motion_ws/ros2_ws/install/examples_rclpy_executors/lib/python3.8/site-packages:${PYTHONPATH} /usr/bin/python3 -W ignore:setup.py install is deprecated -W ignore:easy_install command is deprecated setup.py develop --editable --build-directory /ros_ws/joy_motion_ws/ros2_ws/build/examples_rclpy_executors/build --no-deps symlink_data
