[0.455s] Invoking command in '/ros_ws/Aruco_tag_localization/build/turtlebot3_teleop': PYTHONPATH=/ros_ws/Aruco_tag_localization/build/turtlebot3_teleop/prefix_override:/usr/lib/python3/dist-packages/colcon_core/task/python/colcon_distutils_commands:/ros_ws/Aruco_tag_localization/install/turtlebot3_teleop/lib/python3.8/site-packages: /usr/bin/python3 -W ignore:setup.py install is deprecated -W ignore:easy_install command is deprecated setup.py develop --editable --build-directory /ros_ws/Aruco_tag_localization/build/turtlebot3_teleop/build --no-deps symlink_data
[0.568s] running develop
[0.609s] running egg_info
[0.610s] creating turtlebot3_teleop.egg-info
[0.610s] writing turtlebot3_teleop.egg-info/PKG-INFO
[0.610s] writing dependency_links to turtlebot3_teleop.egg-info/dependency_links.txt
[0.610s] writing entry points to turtlebot3_teleop.egg-info/entry_points.txt
[0.610s] writing requirements to turtlebot3_teleop.egg-info/requires.txt
[0.610s] writing top-level names to turtlebot3_teleop.egg-info/top_level.txt
[0.610s] writing manifest file 'turtlebot3_teleop.egg-info/SOURCES.txt'
[0.627s] reading manifest file 'turtlebot3_teleop.egg-info/SOURCES.txt'
[0.627s] writing manifest file 'turtlebot3_teleop.egg-info/SOURCES.txt'
[0.644s] running build_ext
[0.644s] Creating /ros_ws/Aruco_tag_localization/install/turtlebot3_teleop/lib/python3.8/site-packages/site.py
[0.646s] Creating /ros_ws/Aruco_tag_localization/install/turtlebot3_teleop/lib/python3.8/site-packages/turtlebot3-teleop.egg-link (link to .)
[0.646s] Installing teleop_keyboard script to /ros_ws/Aruco_tag_localization/install/turtlebot3_teleop/lib/turtlebot3_teleop
[0.646s] 
[0.646s] Installed /ros_ws/Aruco_tag_localization/build/turtlebot3_teleop
[0.646s] running symlink_data
[0.646s] creating /ros_ws/Aruco_tag_localization/install/turtlebot3_teleop/share/ament_index
[0.646s] creating /ros_ws/Aruco_tag_localization/install/turtlebot3_teleop/share/ament_index/resource_index
[0.646s] creating /ros_ws/Aruco_tag_localization/install/turtlebot3_teleop/share/ament_index/resource_index/packages
[0.646s] symbolically linking /ros_ws/Aruco_tag_localization/build/turtlebot3_teleop/resource/turtlebot3_teleop -> /ros_ws/Aruco_tag_localization/install/turtlebot3_teleop/share/ament_index/resource_index/packages
[0.646s] symbolically linking /ros_ws/Aruco_tag_localization/build/turtlebot3_teleop/package.xml -> /ros_ws/Aruco_tag_localization/install/turtlebot3_teleop/share/turtlebot3_teleop
