[0.082s] Invoking command in '/ros_ws/joy_motion_ws/ros2_ws/build/examples_rclcpp_minimal_composition': CMAKE_PREFIX_PATH=${CMAKE_PREFIX_PATH}:/ros_ws/joy_motion_ws/ros2_ws/install/ros1_to_ros2_package:/ros_ws/joy_motion_ws/ros2_ws/install/joy_to_motion:/ros_ws/joy_motion_ws/ros2_ws/install/examples_rclpy_minimal_subscriber:/ros_ws/joy_motion_ws/ros2_ws/install/examples_rclpy_minimal_service:/ros_ws/joy_motion_ws/ros2_ws/install/examples_rclpy_minimal_publisher:/ros_ws/joy_motion_ws/ros2_ws/install/examples_rclpy_minimal_client:/ros_ws/joy_motion_ws/ros2_ws/install/examples_rclpy_minimal_action_server:/ros_ws/joy_motion_ws/ros2_ws/install/examples_rclpy_minimal_action_client:/ros_ws/joy_motion_ws/ros2_ws/install/examples_rclpy_executors:/opt/ros/foxy /usr/bin/cmake --build /ros_ws/joy_motion_ws/ros2_ws/build/examples_rclcpp_minimal_composition -- -j20 -l20
[1.278s] [ 33%] Built target composition_nodes
[1.278s] [ 77%] Built target composition_composed
[1.278s] [ 77%] Built target composition_publisher
[1.278s] [100%] Built target composition_subscriber
[1.296s] Invoked command in '/ros_ws/joy_motion_ws/ros2_ws/build/examples_rclcpp_minimal_composition' returned '0': CMAKE_PREFIX_PATH=${CMAKE_PREFIX_PATH}:/ros_ws/joy_motion_ws/ros2_ws/install/ros1_to_ros2_package:/ros_ws/joy_motion_ws/ros2_ws/install/joy_to_motion:/ros_ws/joy_motion_ws/ros2_ws/install/examples_rclpy_minimal_subscriber:/ros_ws/joy_motion_ws/ros2_ws/install/examples_rclpy_minimal_service:/ros_ws/joy_motion_ws/ros2_ws/install/examples_rclpy_minimal_publisher:/ros_ws/joy_motion_ws/ros2_ws/install/examples_rclpy_minimal_client:/ros_ws/joy_motion_ws/ros2_ws/install/examples_rclpy_minimal_action_server:/ros_ws/joy_motion_ws/ros2_ws/install/examples_rclpy_minimal_action_client:/ros_ws/joy_motion_ws/ros2_ws/install/examples_rclpy_executors:/opt/ros/foxy /usr/bin/cmake --build /ros_ws/joy_motion_ws/ros2_ws/build/examples_rclcpp_minimal_composition -- -j20 -l20
[1.297s] Invoking command in '/ros_ws/joy_motion_ws/ros2_ws/build/examples_rclcpp_minimal_composition': CMAKE_PREFIX_PATH=${CMAKE_PREFIX_PATH}:/ros_ws/joy_motion_ws/ros2_ws/install/ros1_to_ros2_package:/ros_ws/joy_motion_ws/ros2_ws/install/joy_to_motion:/ros_ws/joy_motion_ws/ros2_ws/install/examples_rclpy_minimal_subscriber:/ros_ws/joy_motion_ws/ros2_ws/install/examples_rclpy_minimal_service:/ros_ws/joy_motion_ws/ros2_ws/install/examples_rclpy_minimal_publisher:/ros_ws/joy_motion_ws/ros2_ws/install/examples_rclpy_minimal_client:/ros_ws/joy_motion_ws/ros2_ws/install/examples_rclpy_minimal_action_server:/ros_ws/joy_motion_ws/ros2_ws/install/examples_rclpy_minimal_action_client:/ros_ws/joy_motion_ws/ros2_ws/install/examples_rclpy_executors:/opt/ros/foxy /usr/bin/cmake --install /ros_ws/joy_motion_ws/ros2_ws/build/examples_rclcpp_minimal_composition
[1.324s] -- Install configuration: ""
[1.324s] -- Execute custom install script
[1.324s] -- Up-to-date symlink: /ros_ws/joy_motion_ws/ros2_ws/install/examples_rclcpp_minimal_composition/share/examples_rclcpp_minimal_composition/environment/library_path.sh
[1.324s] -- Up-to-date symlink: /ros_ws/joy_motion_ws/ros2_ws/install/examples_rclcpp_minimal_composition/share/examples_rclcpp_minimal_composition/environment/library_path.dsv
[1.324s] -- Up-to-date symlink: /ros_ws/joy_motion_ws/ros2_ws/install/examples_rclcpp_minimal_composition/lib/libcomposition_nodes.so
[1.324s] -- Up-to-date symlink: /ros_ws/joy_motion_ws/ros2_ws/install/examples_rclcpp_minimal_composition/lib/examples_rclcpp_minimal_composition/composition_publisher
[1.324s] -- Up-to-date symlink: /ros_ws/joy_motion_ws/ros2_ws/install/examples_rclcpp_minimal_composition/lib/examples_rclcpp_minimal_composition/composition_subscriber
[1.325s] -- Up-to-date symlink: /ros_ws/joy_motion_ws/ros2_ws/install/examples_rclcpp_minimal_composition/lib/examples_rclcpp_minimal_composition/composition_composed
[1.325s] -- Up-to-date symlink: /ros_ws/joy_motion_ws/ros2_ws/install/examples_rclcpp_minimal_composition/share/ament_index/resource_index/package_run_dependencies/examples_rclcpp_minimal_composition
[1.325s] -- Up-to-date symlink: /ros_ws/joy_motion_ws/ros2_ws/install/examples_rclcpp_minimal_composition/share/ament_index/resource_index/parent_prefix_path/examples_rclcpp_minimal_composition
[1.325s] -- Up-to-date symlink: /ros_ws/joy_motion_ws/ros2_ws/install/examples_rclcpp_minimal_composition/share/examples_rclcpp_minimal_composition/environment/ament_prefix_path.sh
[1.326s] -- Up-to-date symlink: /ros_ws/joy_motion_ws/ros2_ws/install/examples_rclcpp_minimal_composition/share/examples_rclcpp_minimal_composition/environment/ament_prefix_path.dsv
[1.326s] -- Up-to-date symlink: /ros_ws/joy_motion_ws/ros2_ws/install/examples_rclcpp_minimal_composition/share/examples_rclcpp_minimal_composition/environment/path.sh
[1.326s] -- Up-to-date symlink: /ros_ws/joy_motion_ws/ros2_ws/install/examples_rclcpp_minimal_composition/share/examples_rclcpp_minimal_composition/environment/path.dsv
[1.326s] -- Up-to-date symlink: /ros_ws/joy_motion_ws/ros2_ws/install/examples_rclcpp_minimal_composition/share/examples_rclcpp_minimal_composition/local_setup.bash
[1.326s] -- Up-to-date symlink: /ros_ws/joy_motion_ws/ros2_ws/install/examples_rclcpp_minimal_composition/share/examples_rclcpp_minimal_composition/local_setup.sh
[1.326s] -- Up-to-date symlink: /ros_ws/joy_motion_ws/ros2_ws/install/examples_rclcpp_minimal_composition/share/examples_rclcpp_minimal_composition/local_setup.zsh
[1.326s] -- Up-to-date symlink: /ros_ws/joy_motion_ws/ros2_ws/install/examples_rclcpp_minimal_composition/share/examples_rclcpp_minimal_composition/local_setup.dsv
[1.326s] -- Symlinking: /ros_ws/joy_motion_ws/ros2_ws/install/examples_rclcpp_minimal_composition/share/examples_rclcpp_minimal_composition/package.dsv
[1.326s] -- Up-to-date symlink: /ros_ws/joy_motion_ws/ros2_ws/install/examples_rclcpp_minimal_composition/share/ament_index/resource_index/packages/examples_rclcpp_minimal_composition
[1.326s] -- Up-to-date symlink: /ros_ws/joy_motion_ws/ros2_ws/install/examples_rclcpp_minimal_composition/share/examples_rclcpp_minimal_composition/cmake/examples_rclcpp_minimal_compositionConfig.cmake
[1.326s] -- Up-to-date symlink: /ros_ws/joy_motion_ws/ros2_ws/install/examples_rclcpp_minimal_composition/share/examples_rclcpp_minimal_composition/cmake/examples_rclcpp_minimal_compositionConfig-version.cmake
[1.326s] -- Up-to-date symlink: /ros_ws/joy_motion_ws/ros2_ws/install/examples_rclcpp_minimal_composition/share/examples_rclcpp_minimal_composition/package.xml
[1.385s] Invoked command in '/ros_ws/joy_motion_ws/ros2_ws/build/examples_rclcpp_minimal_composition' returned '0': CMAKE_PREFIX_PATH=${CMAKE_PREFIX_PATH}:/ros_ws/joy_motion_ws/ros2_ws/install/ros1_to_ros2_package:/ros_ws/joy_motion_ws/ros2_ws/install/joy_to_motion:/ros_ws/joy_motion_ws/ros2_ws/install/examples_rclpy_minimal_subscriber:/ros_ws/joy_motion_ws/ros2_ws/install/examples_rclpy_minimal_service:/ros_ws/joy_motion_ws/ros2_ws/install/examples_rclpy_minimal_publisher:/ros_ws/joy_motion_ws/ros2_ws/install/examples_rclpy_minimal_client:/ros_ws/joy_motion_ws/ros2_ws/install/examples_rclpy_minimal_action_server:/ros_ws/joy_motion_ws/ros2_ws/install/examples_rclpy_minimal_action_client:/ros_ws/joy_motion_ws/ros2_ws/install/examples_rclpy_executors:/opt/ros/foxy /usr/bin/cmake --install /ros_ws/joy_motion_ws/ros2_ws/build/examples_rclcpp_minimal_composition
