[0.093s] Invoking command in '/ros_ws/joy_motion_ws/ros2_ws/build/examples_rclcpp_multithreaded_executor': CMAKE_PREFIX_PATH=/opt/ros/foxy /usr/bin/cmake /ros_ws/joy_motion_ws/ros2_ws/src/src/examples/rclcpp/executors/multithreaded_executor -DAMENT_CMAKE_SYMLINK_INSTALL=1 -DCMAKE_INSTALL_PREFIX=/ros_ws/joy_motion_ws/ros2_ws/install/examples_rclcpp_multithreaded_executor
[1.363s] -- The C compiler identification is GNU 9.4.0
[1.363s] -- The CXX compiler identification is GNU 9.4.0
[1.364s] -- Check for working C compiler: /usr/bin/cc
[1.364s] -- Check for working C compiler: /usr/bin/cc -- works
[1.364s] -- Detecting C compiler ABI info
[1.364s] -- Detecting C compiler ABI info - done
[1.365s] -- Detecting C compile features
[1.365s] -- Detecting C compile features - done
[1.365s] -- Check for working CXX compiler: /usr/bin/c++
[1.365s] -- Check for working CXX compiler: /usr/bin/c++ -- works
[1.365s] -- Detecting CXX compiler ABI info
[1.365s] -- Detecting CXX compiler ABI info - done
[1.365s] -- Detecting CXX compile features
[1.365s] -- Detecting CXX compile features - done
[1.365s] -- Found ament_cmake: 0.9.12 (/opt/ros/foxy/share/ament_cmake/cmake)
[1.365s] -- Found PythonInterp: /usr/bin/python3 (found suitable version "3.8.10", minimum required is "3") 
[1.365s] -- Using PYTHON_EXECUTABLE: /usr/bin/python3
[1.365s] -- Override CMake install command with custom implementation using symlinks instead of copying resources
[1.365s] -- Found rclcpp: 2.4.3 (/opt/ros/foxy/share/rclcpp/cmake)
[1.365s] -- Using all available rosidl_typesupport_c: rosidl_typesupport_fastrtps_c;rosidl_typesupport_introspection_c
[1.365s] -- Found rosidl_adapter: 1.3.1 (/opt/ros/foxy/share/rosidl_adapter/cmake)
[1.365s] -- Found OpenSSL: /usr/lib/x86_64-linux-gnu/libcrypto.so (found version "1.1.1f")  
[1.365s] -- Found FastRTPS: /opt/ros/foxy/include  
[1.365s] -- Using all available rosidl_typesupport_cpp: rosidl_typesupport_fastrtps_cpp;rosidl_typesupport_introspection_cpp
[1.365s] -- Found rmw_implementation_cmake: 1.0.4 (/opt/ros/foxy/share/rmw_implementation_cmake/cmake)
[1.365s] -- Using RMW implementation 'rmw_fastrtps_cpp' as default
[1.366s] -- Looking for pthread.h
[1.366s] -- Looking for pthread.h - found
[1.366s] -- Performing Test CMAKE_HAVE_LIBC_PTHREAD
[1.366s] -- Performing Test CMAKE_HAVE_LIBC_PTHREAD - Failed
[1.366s] -- Looking for pthread_create in pthreads
[1.366s] -- Looking for pthread_create in pthreads - not found
[1.366s] -- Looking for pthread_create in pthread
[1.366s] -- Looking for pthread_create in pthread - found
[1.366s] -- Found Threads: TRUE  
[1.366s] -- Found ament_lint_auto: 0.9.8 (/opt/ros/foxy/share/ament_lint_auto/cmake)
[1.366s] -- Added test 'copyright' to check source files copyright and LICENSE
[1.366s] -- Added test 'cppcheck' to perform static code analysis on C / C++ code
[1.366s] -- Configured cppcheck include dirs: 
[1.366s] -- Configured cppcheck exclude dirs and/or files: 
[1.366s] -- Added test 'cpplint' to check C / C++ code against the Google style
[1.366s] -- Configured cpplint exclude dirs and/or files: 
[1.366s] -- Added test 'lint_cmake' to check CMake code style
[1.366s] -- Added test 'uncrustify' to check C / C++ code style
[1.366s] -- Configured uncrustify additional arguments: 
[1.366s] -- Added test 'xmllint' to check XML markup files
[1.366s] -- Configuring done
[1.366s] -- Generating done
[1.366s] -- Build files have been written to: /ros_ws/joy_motion_ws/ros2_ws/build/examples_rclcpp_multithreaded_executor
[1.378s] Invoked command in '/ros_ws/joy_motion_ws/ros2_ws/build/examples_rclcpp_multithreaded_executor' returned '0': CMAKE_PREFIX_PATH=/opt/ros/foxy /usr/bin/cmake /ros_ws/joy_motion_ws/ros2_ws/src/src/examples/rclcpp/executors/multithreaded_executor -DAMENT_CMAKE_SYMLINK_INSTALL=1 -DCMAKE_INSTALL_PREFIX=/ros_ws/joy_motion_ws/ros2_ws/install/examples_rclcpp_multithreaded_executor
[1.379s] Invoking command in '/ros_ws/joy_motion_ws/ros2_ws/build/examples_rclcpp_multithreaded_executor': CMAKE_PREFIX_PATH=/opt/ros/foxy /usr/bin/cmake --build /ros_ws/joy_motion_ws/ros2_ws/build/examples_rclcpp_multithreaded_executor -- -j20 -l20
[1.415s] [35m[1mScanning dependencies of target multithreaded_executor[0m
[1.500s] [ 50%] [32mBuilding CXX object CMakeFiles/multithreaded_executor.dir/multithreaded_executor.cpp.o[0m
[6.492s] [100%] [32m[1mLinking CXX executable multithreaded_executor[0m
[6.640s] [100%] Built target multithreaded_executor
[6.652s] Invoked command in '/ros_ws/joy_motion_ws/ros2_ws/build/examples_rclcpp_multithreaded_executor' returned '0': CMAKE_PREFIX_PATH=/opt/ros/foxy /usr/bin/cmake --build /ros_ws/joy_motion_ws/ros2_ws/build/examples_rclcpp_multithreaded_executor -- -j20 -l20
[6.653s] Invoking command in '/ros_ws/joy_motion_ws/ros2_ws/build/examples_rclcpp_multithreaded_executor': CMAKE_PREFIX_PATH=/opt/ros/foxy /usr/bin/cmake --install /ros_ws/joy_motion_ws/ros2_ws/build/examples_rclcpp_multithreaded_executor
[6.658s] -- Install configuration: ""
[6.659s] -- Execute custom install script
[6.659s] -- Symlinking: /ros_ws/joy_motion_ws/ros2_ws/install/examples_rclcpp_multithreaded_executor/lib/examples_rclcpp_multithreaded_executor/multithreaded_executor
[6.667s] -- Symlinking: /ros_ws/joy_motion_ws/ros2_ws/install/examples_rclcpp_multithreaded_executor/share/ament_index/resource_index/package_run_dependencies/examples_rclcpp_multithreaded_executor
[6.674s] -- Symlinking: /ros_ws/joy_motion_ws/ros2_ws/install/examples_rclcpp_multithreaded_executor/share/ament_index/resource_index/parent_prefix_path/examples_rclcpp_multithreaded_executor
[6.683s] -- Symlinking: /ros_ws/joy_motion_ws/ros2_ws/install/examples_rclcpp_multithreaded_executor/share/examples_rclcpp_multithreaded_executor/environment/ament_prefix_path.sh
[6.691s] -- Symlinking: /ros_ws/joy_motion_ws/ros2_ws/install/examples_rclcpp_multithreaded_executor/share/examples_rclcpp_multithreaded_executor/environment/ament_prefix_path.dsv
[6.699s] -- Symlinking: /ros_ws/joy_motion_ws/ros2_ws/install/examples_rclcpp_multithreaded_executor/share/examples_rclcpp_multithreaded_executor/environment/path.sh
[6.707s] -- Symlinking: /ros_ws/joy_motion_ws/ros2_ws/install/examples_rclcpp_multithreaded_executor/share/examples_rclcpp_multithreaded_executor/environment/path.dsv
[6.714s] -- Symlinking: /ros_ws/joy_motion_ws/ros2_ws/install/examples_rclcpp_multithreaded_executor/share/examples_rclcpp_multithreaded_executor/local_setup.bash
[6.722s] -- Symlinking: /ros_ws/joy_motion_ws/ros2_ws/install/examples_rclcpp_multithreaded_executor/share/examples_rclcpp_multithreaded_executor/local_setup.sh
[6.728s] -- Symlinking: /ros_ws/joy_motion_ws/ros2_ws/install/examples_rclcpp_multithreaded_executor/share/examples_rclcpp_multithreaded_executor/local_setup.zsh
[6.737s] -- Symlinking: /ros_ws/joy_motion_ws/ros2_ws/install/examples_rclcpp_multithreaded_executor/share/examples_rclcpp_multithreaded_executor/local_setup.dsv
[6.745s] -- Symlinking: /ros_ws/joy_motion_ws/ros2_ws/install/examples_rclcpp_multithreaded_executor/share/examples_rclcpp_multithreaded_executor/package.dsv
[6.752s] -- Symlinking: /ros_ws/joy_motion_ws/ros2_ws/install/examples_rclcpp_multithreaded_executor/share/ament_index/resource_index/packages/examples_rclcpp_multithreaded_executor
[6.761s] -- Symlinking: /ros_ws/joy_motion_ws/ros2_ws/install/examples_rclcpp_multithreaded_executor/share/examples_rclcpp_multithreaded_executor/cmake/examples_rclcpp_multithreaded_executorConfig.cmake
[6.769s] -- Symlinking: /ros_ws/joy_motion_ws/ros2_ws/install/examples_rclcpp_multithreaded_executor/share/examples_rclcpp_multithreaded_executor/cmake/examples_rclcpp_multithreaded_executorConfig-version.cmake
[6.777s] -- Symlinking: /ros_ws/joy_motion_ws/ros2_ws/install/examples_rclcpp_multithreaded_executor/share/examples_rclcpp_multithreaded_executor/package.xml
[6.788s] Invoked command in '/ros_ws/joy_motion_ws/ros2_ws/build/examples_rclcpp_multithreaded_executor' returned '0': CMAKE_PREFIX_PATH=/opt/ros/foxy /usr/bin/cmake --install /ros_ws/joy_motion_ws/ros2_ws/build/examples_rclcpp_multithreaded_executor
